[2024-05-06 05:56:11,909] {taskinstance.py:1179} INFO - Dependencies all met for <TaskInstance: Lead_scoring_inference_pipeline.checking_input_features scheduled__2024-05-06T04:00:00+00:00 [queued]>
[2024-05-06 05:56:11,914] {taskinstance.py:1179} INFO - Dependencies all met for <TaskInstance: Lead_scoring_inference_pipeline.checking_input_features scheduled__2024-05-06T04:00:00+00:00 [queued]>
[2024-05-06 05:56:11,914] {taskinstance.py:1376} INFO - 
--------------------------------------------------------------------------------
[2024-05-06 05:56:11,914] {taskinstance.py:1377} INFO - Starting attempt 1 of 2
[2024-05-06 05:56:11,914] {taskinstance.py:1378} INFO - 
--------------------------------------------------------------------------------
[2024-05-06 05:56:11,933] {taskinstance.py:1397} INFO - Executing <Task(PythonOperator): checking_input_features> on 2024-05-06 04:00:00+00:00
[2024-05-06 05:56:11,938] {standard_task_runner.py:52} INFO - Started process 8867 to run task
[2024-05-06 05:56:11,941] {standard_task_runner.py:79} INFO - Running: ['airflow', 'tasks', 'run', 'Lead_scoring_inference_pipeline', 'checking_input_features', 'scheduled__2024-05-06T04:00:00+00:00', '--job-id', '53', '--raw', '--subdir', 'DAGS_FOLDER/Lead_scoring_inference_pipeline/lead_scoring_inference_pipeline.py', '--cfg-path', '/tmp/tmp0m00aw9v', '--error-file', '/tmp/tmp5eg10d5q']
[2024-05-06 05:56:11,942] {standard_task_runner.py:80} INFO - Job 53: Subtask checking_input_features
[2024-05-06 05:56:11,982] {task_command.py:371} INFO - Running <TaskInstance: Lead_scoring_inference_pipeline.checking_input_features scheduled__2024-05-06T04:00:00+00:00 [running]> on host 9eefda8bbe39
[2024-05-06 05:56:12,132] {taskinstance.py:1589} INFO - Exporting the following env vars:
AIRFLOW_CTX_DAG_OWNER=airflow
AIRFLOW_CTX_DAG_ID=Lead_scoring_inference_pipeline
AIRFLOW_CTX_TASK_ID=checking_input_features
AIRFLOW_CTX_EXECUTION_DATE=2024-05-06T04:00:00+00:00
AIRFLOW_CTX_TRY_NUMBER=1
AIRFLOW_CTX_DAG_RUN_ID=scheduled__2024-05-06T04:00:00+00:00
[2024-05-06 05:56:15,932] {logging_mixin.py:115} INFO - All the models input are present
[2024-05-06 05:56:15,933] {python.py:173} INFO - Done. Returned value was: None
[2024-05-06 05:56:15,938] {taskinstance.py:1415} INFO - Marking task as SUCCESS. dag_id=Lead_scoring_inference_pipeline, task_id=checking_input_features, execution_date=20240506T040000, start_date=20240506T055611, end_date=20240506T055615
[2024-05-06 05:56:15,968] {local_task_job.py:156} INFO - Task exited with return code 0
[2024-05-06 05:56:16,047] {local_task_job.py:273} INFO - 1 downstream tasks scheduled from follow-on schedule check
