[2024-05-06 06:20:35,603] {taskinstance.py:1179} INFO - Dependencies all met for <TaskInstance: Lead_Scoring_Data_Engineering_Pipeline.loading_data manual__2024-05-06T06:20:29.246132+00:00 [queued]>
[2024-05-06 06:20:35,609] {taskinstance.py:1179} INFO - Dependencies all met for <TaskInstance: Lead_Scoring_Data_Engineering_Pipeline.loading_data manual__2024-05-06T06:20:29.246132+00:00 [queued]>
[2024-05-06 06:20:35,609] {taskinstance.py:1376} INFO - 
--------------------------------------------------------------------------------
[2024-05-06 06:20:35,609] {taskinstance.py:1377} INFO - Starting attempt 1 of 2
[2024-05-06 06:20:35,609] {taskinstance.py:1378} INFO - 
--------------------------------------------------------------------------------
[2024-05-06 06:20:35,628] {taskinstance.py:1397} INFO - Executing <Task(PythonOperator): loading_data> on 2024-05-06 06:20:29.246132+00:00
[2024-05-06 06:20:35,634] {standard_task_runner.py:52} INFO - Started process 12008 to run task
[2024-05-06 06:20:35,638] {standard_task_runner.py:79} INFO - Running: ['airflow', 'tasks', 'run', 'Lead_Scoring_Data_Engineering_Pipeline', 'loading_data', 'manual__2024-05-06T06:20:29.246132+00:00', '--job-id', '74', '--raw', '--subdir', 'DAGS_FOLDER/Lead_scoring_data_pipeline/.ipynb_checkpoints/lead_scoring_data_pipeline-checkpoint.py', '--cfg-path', '/tmp/tmp57jfa9mu', '--error-file', '/tmp/tmpilrm3do1']
[2024-05-06 06:20:35,639] {standard_task_runner.py:80} INFO - Job 74: Subtask loading_data
[2024-05-06 06:20:35,690] {task_command.py:371} INFO - Running <TaskInstance: Lead_Scoring_Data_Engineering_Pipeline.loading_data manual__2024-05-06T06:20:29.246132+00:00 [running]> on host 9eefda8bbe39
[2024-05-06 06:20:35,749] {taskinstance.py:1589} INFO - Exporting the following env vars:
AIRFLOW_CTX_DAG_OWNER=airflow
AIRFLOW_CTX_DAG_ID=Lead_Scoring_Data_Engineering_Pipeline
AIRFLOW_CTX_TASK_ID=loading_data
AIRFLOW_CTX_EXECUTION_DATE=2024-05-06T06:20:29.246132+00:00
AIRFLOW_CTX_TRY_NUMBER=1
AIRFLOW_CTX_DAG_RUN_ID=manual__2024-05-06T06:20:29.246132+00:00
[2024-05-06 06:20:35,827] {python.py:173} INFO - Done. Returned value was: None
[2024-05-06 06:20:35,833] {taskinstance.py:1415} INFO - Marking task as SUCCESS. dag_id=Lead_Scoring_Data_Engineering_Pipeline, task_id=loading_data, execution_date=20240506T062029, start_date=20240506T062035, end_date=20240506T062035
[2024-05-06 06:20:35,889] {local_task_job.py:156} INFO - Task exited with return code 0
[2024-05-06 06:20:35,965] {local_task_job.py:273} INFO - 1 downstream tasks scheduled from follow-on schedule check
