[2024-05-06 05:55:56,407] {taskinstance.py:1179} INFO - Dependencies all met for <TaskInstance: Lead_scoring_inference_pipeline.encoding_categorical_variables scheduled__2024-05-06T04:00:00+00:00 [queued]>
[2024-05-06 05:55:56,411] {taskinstance.py:1179} INFO - Dependencies all met for <TaskInstance: Lead_scoring_inference_pipeline.encoding_categorical_variables scheduled__2024-05-06T04:00:00+00:00 [queued]>
[2024-05-06 05:55:56,411] {taskinstance.py:1376} INFO - 
--------------------------------------------------------------------------------
[2024-05-06 05:55:56,411] {taskinstance.py:1377} INFO - Starting attempt 1 of 2
[2024-05-06 05:55:56,411] {taskinstance.py:1378} INFO - 
--------------------------------------------------------------------------------
[2024-05-06 05:55:56,449] {taskinstance.py:1397} INFO - Executing <Task(PythonOperator): encoding_categorical_variables> on 2024-05-06 04:00:00+00:00
[2024-05-06 05:55:56,454] {standard_task_runner.py:52} INFO - Started process 8832 to run task
[2024-05-06 05:55:56,456] {standard_task_runner.py:79} INFO - Running: ['airflow', 'tasks', 'run', 'Lead_scoring_inference_pipeline', 'encoding_categorical_variables', 'scheduled__2024-05-06T04:00:00+00:00', '--job-id', '51', '--raw', '--subdir', 'DAGS_FOLDER/Lead_scoring_inference_pipeline/lead_scoring_inference_pipeline.py', '--cfg-path', '/tmp/tmp7g8bc0pl', '--error-file', '/tmp/tmpjdkc4rfa']
[2024-05-06 05:55:56,457] {standard_task_runner.py:80} INFO - Job 51: Subtask encoding_categorical_variables
[2024-05-06 05:55:56,591] {task_command.py:371} INFO - Running <TaskInstance: Lead_scoring_inference_pipeline.encoding_categorical_variables scheduled__2024-05-06T04:00:00+00:00 [running]> on host 9eefda8bbe39
[2024-05-06 05:55:56,874] {taskinstance.py:1589} INFO - Exporting the following env vars:
AIRFLOW_CTX_DAG_OWNER=airflow
AIRFLOW_CTX_DAG_ID=Lead_scoring_inference_pipeline
AIRFLOW_CTX_TASK_ID=encoding_categorical_variables
AIRFLOW_CTX_EXECUTION_DATE=2024-05-06T04:00:00+00:00
AIRFLOW_CTX_TRY_NUMBER=1
AIRFLOW_CTX_DAG_RUN_ID=scheduled__2024-05-06T04:00:00+00:00
[2024-05-06 05:56:01,236] {python.py:173} INFO - Done. Returned value was: None
[2024-05-06 05:56:01,244] {taskinstance.py:1415} INFO - Marking task as SUCCESS. dag_id=Lead_scoring_inference_pipeline, task_id=encoding_categorical_variables, execution_date=20240506T040000, start_date=20240506T055556, end_date=20240506T055601
[2024-05-06 05:56:01,289] {local_task_job.py:156} INFO - Task exited with return code 0
[2024-05-06 05:56:01,367] {local_task_job.py:273} INFO - 1 downstream tasks scheduled from follow-on schedule check
