[2024-05-05 09:50:52,061] {taskinstance.py:1179} INFO - Dependencies all met for <TaskInstance: Lead_Scoring_Data_Engineering_Pipeline.mapping_city_tier scheduled__2024-05-04T00:00:00+00:00 [queued]>
[2024-05-05 09:50:52,070] {taskinstance.py:1179} INFO - Dependencies all met for <TaskInstance: Lead_Scoring_Data_Engineering_Pipeline.mapping_city_tier scheduled__2024-05-04T00:00:00+00:00 [queued]>
[2024-05-05 09:50:52,070] {taskinstance.py:1376} INFO - 
--------------------------------------------------------------------------------
[2024-05-05 09:50:52,070] {taskinstance.py:1377} INFO - Starting attempt 1 of 2
[2024-05-05 09:50:52,070] {taskinstance.py:1378} INFO - 
--------------------------------------------------------------------------------
[2024-05-05 09:50:52,098] {taskinstance.py:1397} INFO - Executing <Task(PythonOperator): mapping_city_tier> on 2024-05-04 00:00:00+00:00
[2024-05-05 09:50:52,102] {standard_task_runner.py:52} INFO - Started process 1190 to run task
[2024-05-05 09:50:52,105] {standard_task_runner.py:79} INFO - Running: ['airflow', 'tasks', 'run', 'Lead_Scoring_Data_Engineering_Pipeline', 'mapping_city_tier', 'scheduled__2024-05-04T00:00:00+00:00', '--job-id', '8', '--raw', '--subdir', 'DAGS_FOLDER/Lead_scoring_data_pipeline/.ipynb_checkpoints/lead_scoring_data_pipeline-checkpoint.py', '--cfg-path', '/tmp/tmps89hlxka', '--error-file', '/tmp/tmpvi1i03yc']
[2024-05-05 09:50:52,105] {standard_task_runner.py:80} INFO - Job 8: Subtask mapping_city_tier
[2024-05-05 09:50:52,148] {task_command.py:371} INFO - Running <TaskInstance: Lead_Scoring_Data_Engineering_Pipeline.mapping_city_tier scheduled__2024-05-04T00:00:00+00:00 [running]> on host 95e735c85bd1
[2024-05-05 09:50:52,213] {taskinstance.py:1589} INFO - Exporting the following env vars:
AIRFLOW_CTX_DAG_OWNER=airflow
AIRFLOW_CTX_DAG_ID=Lead_Scoring_Data_Engineering_Pipeline
AIRFLOW_CTX_TASK_ID=mapping_city_tier
AIRFLOW_CTX_EXECUTION_DATE=2024-05-04T00:00:00+00:00
AIRFLOW_CTX_TRY_NUMBER=1
AIRFLOW_CTX_DAG_RUN_ID=scheduled__2024-05-04T00:00:00+00:00
[2024-05-05 09:51:00,848] {python.py:173} INFO - Done. Returned value was: None
[2024-05-05 09:51:00,854] {taskinstance.py:1415} INFO - Marking task as SUCCESS. dag_id=Lead_Scoring_Data_Engineering_Pipeline, task_id=mapping_city_tier, execution_date=20240504T000000, start_date=20240505T095052, end_date=20240505T095100
[2024-05-05 09:51:00,888] {local_task_job.py:156} INFO - Task exited with return code 0
[2024-05-05 09:51:00,952] {local_task_job.py:273} INFO - 1 downstream tasks scheduled from follow-on schedule check
