[2024-05-06 06:20:47,962] {taskinstance.py:1179} INFO - Dependencies all met for <TaskInstance: Lead_Scoring_Data_Engineering_Pipeline.mapping_categorical_vars manual__2024-05-06T06:20:29.246132+00:00 [queued]>
[2024-05-06 06:20:47,967] {taskinstance.py:1179} INFO - Dependencies all met for <TaskInstance: Lead_Scoring_Data_Engineering_Pipeline.mapping_categorical_vars manual__2024-05-06T06:20:29.246132+00:00 [queued]>
[2024-05-06 06:20:47,967] {taskinstance.py:1376} INFO - 
--------------------------------------------------------------------------------
[2024-05-06 06:20:47,967] {taskinstance.py:1377} INFO - Starting attempt 1 of 2
[2024-05-06 06:20:47,967] {taskinstance.py:1378} INFO - 
--------------------------------------------------------------------------------
[2024-05-06 06:20:47,986] {taskinstance.py:1397} INFO - Executing <Task(PythonOperator): mapping_categorical_vars> on 2024-05-06 06:20:29.246132+00:00
[2024-05-06 06:20:47,989] {standard_task_runner.py:52} INFO - Started process 12078 to run task
[2024-05-06 06:20:47,992] {standard_task_runner.py:79} INFO - Running: ['airflow', 'tasks', 'run', 'Lead_Scoring_Data_Engineering_Pipeline', 'mapping_categorical_vars', 'manual__2024-05-06T06:20:29.246132+00:00', '--job-id', '77', '--raw', '--subdir', 'DAGS_FOLDER/Lead_scoring_data_pipeline/.ipynb_checkpoints/lead_scoring_data_pipeline-checkpoint.py', '--cfg-path', '/tmp/tmp5gdmrxhl', '--error-file', '/tmp/tmptla5_kkw']
[2024-05-06 06:20:47,993] {standard_task_runner.py:80} INFO - Job 77: Subtask mapping_categorical_vars
[2024-05-06 06:20:48,032] {task_command.py:371} INFO - Running <TaskInstance: Lead_Scoring_Data_Engineering_Pipeline.mapping_categorical_vars manual__2024-05-06T06:20:29.246132+00:00 [running]> on host 9eefda8bbe39
[2024-05-06 06:20:48,087] {taskinstance.py:1589} INFO - Exporting the following env vars:
AIRFLOW_CTX_DAG_OWNER=airflow
AIRFLOW_CTX_DAG_ID=Lead_Scoring_Data_Engineering_Pipeline
AIRFLOW_CTX_TASK_ID=mapping_categorical_vars
AIRFLOW_CTX_EXECUTION_DATE=2024-05-06T06:20:29.246132+00:00
AIRFLOW_CTX_TRY_NUMBER=1
AIRFLOW_CTX_DAG_RUN_ID=manual__2024-05-06T06:20:29.246132+00:00
[2024-05-06 06:20:48,091] {python.py:173} INFO - Done. Returned value was: None
[2024-05-06 06:20:48,095] {taskinstance.py:1415} INFO - Marking task as SUCCESS. dag_id=Lead_Scoring_Data_Engineering_Pipeline, task_id=mapping_categorical_vars, execution_date=20240506T062029, start_date=20240506T062047, end_date=20240506T062048
[2024-05-06 06:20:48,124] {local_task_job.py:156} INFO - Task exited with return code 0
[2024-05-06 06:20:48,170] {local_task_job.py:273} INFO - 1 downstream tasks scheduled from follow-on schedule check
