[2024-05-06 06:21:36,335] {taskinstance.py:1179} INFO - Dependencies all met for <TaskInstance: Lead_scoring_inference_pipeline.checking_model_prediction_ratio manual__2024-05-06T06:21:06.646161+00:00 [queued]>
[2024-05-06 06:21:36,340] {taskinstance.py:1179} INFO - Dependencies all met for <TaskInstance: Lead_scoring_inference_pipeline.checking_model_prediction_ratio manual__2024-05-06T06:21:06.646161+00:00 [queued]>
[2024-05-06 06:21:36,340] {taskinstance.py:1376} INFO - 
--------------------------------------------------------------------------------
[2024-05-06 06:21:36,340] {taskinstance.py:1377} INFO - Starting attempt 1 of 2
[2024-05-06 06:21:36,340] {taskinstance.py:1378} INFO - 
--------------------------------------------------------------------------------
[2024-05-06 06:21:36,359] {taskinstance.py:1397} INFO - Executing <Task(PythonOperator): checking_model_prediction_ratio> on 2024-05-06 06:21:06.646161+00:00
[2024-05-06 06:21:36,364] {standard_task_runner.py:52} INFO - Started process 12242 to run task
[2024-05-06 06:21:36,366] {standard_task_runner.py:79} INFO - Running: ['airflow', 'tasks', 'run', 'Lead_scoring_inference_pipeline', 'checking_model_prediction_ratio', 'manual__2024-05-06T06:21:06.646161+00:00', '--job-id', '83', '--raw', '--subdir', 'DAGS_FOLDER/Lead_scoring_inference_pipeline/lead_scoring_inference_pipeline.py', '--cfg-path', '/tmp/tmp6mzkd2p6', '--error-file', '/tmp/tmpentkuef3']
[2024-05-06 06:21:36,367] {standard_task_runner.py:80} INFO - Job 83: Subtask checking_model_prediction_ratio
[2024-05-06 06:21:36,406] {task_command.py:371} INFO - Running <TaskInstance: Lead_scoring_inference_pipeline.checking_model_prediction_ratio manual__2024-05-06T06:21:06.646161+00:00 [running]> on host 9eefda8bbe39
[2024-05-06 06:21:36,563] {taskinstance.py:1589} INFO - Exporting the following env vars:
AIRFLOW_CTX_DAG_OWNER=airflow
AIRFLOW_CTX_DAG_ID=Lead_scoring_inference_pipeline
AIRFLOW_CTX_TASK_ID=checking_model_prediction_ratio
AIRFLOW_CTX_EXECUTION_DATE=2024-05-06T06:21:06.646161+00:00
AIRFLOW_CTX_TRY_NUMBER=1
AIRFLOW_CTX_DAG_RUN_ID=manual__2024-05-06T06:21:06.646161+00:00
[2024-05-06 06:21:40,673] {python.py:173} INFO - Done. Returned value was: None
[2024-05-06 06:21:40,678] {taskinstance.py:1415} INFO - Marking task as SUCCESS. dag_id=Lead_scoring_inference_pipeline, task_id=checking_model_prediction_ratio, execution_date=20240506T062106, start_date=20240506T062136, end_date=20240506T062140
[2024-05-06 06:21:40,716] {local_task_job.py:156} INFO - Task exited with return code 0
[2024-05-06 06:21:40,758] {local_task_job.py:273} INFO - 0 downstream tasks scheduled from follow-on schedule check
