[2024-05-06 06:21:24,871] {taskinstance.py:1179} INFO - Dependencies all met for <TaskInstance: Lead_scoring_inference_pipeline.generating_models_prediction manual__2024-05-06T06:21:06.646161+00:00 [queued]>
[2024-05-06 06:21:24,877] {taskinstance.py:1179} INFO - Dependencies all met for <TaskInstance: Lead_scoring_inference_pipeline.generating_models_prediction manual__2024-05-06T06:21:06.646161+00:00 [queued]>
[2024-05-06 06:21:24,877] {taskinstance.py:1376} INFO - 
--------------------------------------------------------------------------------
[2024-05-06 06:21:24,877] {taskinstance.py:1377} INFO - Starting attempt 1 of 2
[2024-05-06 06:21:24,877] {taskinstance.py:1378} INFO - 
--------------------------------------------------------------------------------
[2024-05-06 06:21:24,896] {taskinstance.py:1397} INFO - Executing <Task(PythonOperator): generating_models_prediction> on 2024-05-06 06:21:06.646161+00:00
[2024-05-06 06:21:24,903] {standard_task_runner.py:52} INFO - Started process 12210 to run task
[2024-05-06 06:21:24,906] {standard_task_runner.py:79} INFO - Running: ['airflow', 'tasks', 'run', 'Lead_scoring_inference_pipeline', 'generating_models_prediction', 'manual__2024-05-06T06:21:06.646161+00:00', '--job-id', '82', '--raw', '--subdir', 'DAGS_FOLDER/Lead_scoring_inference_pipeline/.ipynb_checkpoints/lead_scoring_inference_pipeline-checkpoint.py', '--cfg-path', '/tmp/tmpoqy75ze0', '--error-file', '/tmp/tmpw5wuashk']
[2024-05-06 06:21:24,908] {standard_task_runner.py:80} INFO - Job 82: Subtask generating_models_prediction
[2024-05-06 06:21:24,955] {task_command.py:371} INFO - Running <TaskInstance: Lead_scoring_inference_pipeline.generating_models_prediction manual__2024-05-06T06:21:06.646161+00:00 [running]> on host 9eefda8bbe39
[2024-05-06 06:21:25,124] {taskinstance.py:1589} INFO - Exporting the following env vars:
AIRFLOW_CTX_DAG_OWNER=airflow
AIRFLOW_CTX_DAG_ID=Lead_scoring_inference_pipeline
AIRFLOW_CTX_TASK_ID=generating_models_prediction
AIRFLOW_CTX_EXECUTION_DATE=2024-05-06T06:21:06.646161+00:00
AIRFLOW_CTX_TRY_NUMBER=1
AIRFLOW_CTX_DAG_RUN_ID=manual__2024-05-06T06:21:06.646161+00:00
[2024-05-06 06:21:32,389] {python.py:173} INFO - Done. Returned value was: None
[2024-05-06 06:21:32,395] {taskinstance.py:1415} INFO - Marking task as SUCCESS. dag_id=Lead_scoring_inference_pipeline, task_id=generating_models_prediction, execution_date=20240506T062106, start_date=20240506T062124, end_date=20240506T062132
[2024-05-06 06:21:32,445] {local_task_job.py:156} INFO - Task exited with return code 0
[2024-05-06 06:21:32,500] {local_task_job.py:273} INFO - 1 downstream tasks scheduled from follow-on schedule check
