[2024-05-06 06:19:36,214] {taskinstance.py:1179} INFO - Dependencies all met for <TaskInstance: Lead_Scoring_Data_Engineering_Pipeline.building_db manual__2024-05-06T06:19:32.024048+00:00 [queued]>
[2024-05-06 06:19:36,219] {taskinstance.py:1179} INFO - Dependencies all met for <TaskInstance: Lead_Scoring_Data_Engineering_Pipeline.building_db manual__2024-05-06T06:19:32.024048+00:00 [queued]>
[2024-05-06 06:19:36,219] {taskinstance.py:1376} INFO - 
--------------------------------------------------------------------------------
[2024-05-06 06:19:36,219] {taskinstance.py:1377} INFO - Starting attempt 1 of 2
[2024-05-06 06:19:36,219] {taskinstance.py:1378} INFO - 
--------------------------------------------------------------------------------
[2024-05-06 06:19:36,238] {taskinstance.py:1397} INFO - Executing <Task(PythonOperator): building_db> on 2024-05-06 06:19:32.024048+00:00
[2024-05-06 06:19:36,241] {standard_task_runner.py:52} INFO - Started process 11828 to run task
[2024-05-06 06:19:36,244] {standard_task_runner.py:79} INFO - Running: ['airflow', 'tasks', 'run', 'Lead_Scoring_Data_Engineering_Pipeline', 'building_db', 'manual__2024-05-06T06:19:32.024048+00:00', '--job-id', '70', '--raw', '--subdir', 'DAGS_FOLDER/Lead_scoring_data_pipeline/.ipynb_checkpoints/lead_scoring_data_pipeline-checkpoint.py', '--cfg-path', '/tmp/tmp3jst6j63', '--error-file', '/tmp/tmp7hnnc2kq']
[2024-05-06 06:19:36,245] {standard_task_runner.py:80} INFO - Job 70: Subtask building_db
[2024-05-06 06:19:36,291] {task_command.py:371} INFO - Running <TaskInstance: Lead_Scoring_Data_Engineering_Pipeline.building_db manual__2024-05-06T06:19:32.024048+00:00 [running]> on host 9eefda8bbe39
[2024-05-06 06:19:36,348] {taskinstance.py:1589} INFO - Exporting the following env vars:
AIRFLOW_CTX_DAG_OWNER=airflow
AIRFLOW_CTX_DAG_ID=Lead_Scoring_Data_Engineering_Pipeline
AIRFLOW_CTX_TASK_ID=building_db
AIRFLOW_CTX_EXECUTION_DATE=2024-05-06T06:19:32.024048+00:00
AIRFLOW_CTX_TRY_NUMBER=1
AIRFLOW_CTX_DAG_RUN_ID=manual__2024-05-06T06:19:32.024048+00:00
[2024-05-06 06:19:36,349] {logging_mixin.py:115} INFO - DB Already Exists
[2024-05-06 06:19:36,349] {python.py:173} INFO - Done. Returned value was: DB Exists
[2024-05-06 06:19:36,369] {taskinstance.py:1415} INFO - Marking task as SUCCESS. dag_id=Lead_Scoring_Data_Engineering_Pipeline, task_id=building_db, execution_date=20240506T061932, start_date=20240506T061936, end_date=20240506T061936
[2024-05-06 06:19:36,416] {local_task_job.py:156} INFO - Task exited with return code 0
[2024-05-06 06:19:36,468] {local_task_job.py:273} INFO - 1 downstream tasks scheduled from follow-on schedule check
