[2024-05-06 08:00:03,596] {taskinstance.py:1179} INFO - Dependencies all met for <TaskInstance: Lead_scoring_inference_pipeline.encoding_categorical_variables scheduled__2024-05-06T07:00:00+00:00 [queued]>
[2024-05-06 08:00:03,600] {taskinstance.py:1179} INFO - Dependencies all met for <TaskInstance: Lead_scoring_inference_pipeline.encoding_categorical_variables scheduled__2024-05-06T07:00:00+00:00 [queued]>
[2024-05-06 08:00:03,600] {taskinstance.py:1376} INFO - 
--------------------------------------------------------------------------------
[2024-05-06 08:00:03,600] {taskinstance.py:1377} INFO - Starting attempt 1 of 2
[2024-05-06 08:00:03,600] {taskinstance.py:1378} INFO - 
--------------------------------------------------------------------------------
[2024-05-06 08:00:03,646] {taskinstance.py:1397} INFO - Executing <Task(PythonOperator): encoding_categorical_variables> on 2024-05-06 07:00:00+00:00
[2024-05-06 08:00:03,651] {standard_task_runner.py:52} INFO - Started process 26263 to run task
[2024-05-06 08:00:03,654] {standard_task_runner.py:79} INFO - Running: ['airflow', 'tasks', 'run', 'Lead_scoring_inference_pipeline', 'encoding_categorical_variables', 'scheduled__2024-05-06T07:00:00+00:00', '--job-id', '88', '--raw', '--subdir', 'DAGS_FOLDER/Lead_scoring_inference_pipeline/.ipynb_checkpoints/lead_scoring_inference_pipeline-checkpoint.py', '--cfg-path', '/tmp/tmp9akjme9j', '--error-file', '/tmp/tmpz29q7sxt']
[2024-05-06 08:00:03,655] {standard_task_runner.py:80} INFO - Job 88: Subtask encoding_categorical_variables
[2024-05-06 08:00:03,714] {task_command.py:371} INFO - Running <TaskInstance: Lead_scoring_inference_pipeline.encoding_categorical_variables scheduled__2024-05-06T07:00:00+00:00 [running]> on host 9eefda8bbe39
[2024-05-06 08:00:03,889] {taskinstance.py:1589} INFO - Exporting the following env vars:
AIRFLOW_CTX_DAG_OWNER=airflow
AIRFLOW_CTX_DAG_ID=Lead_scoring_inference_pipeline
AIRFLOW_CTX_TASK_ID=encoding_categorical_variables
AIRFLOW_CTX_EXECUTION_DATE=2024-05-06T07:00:00+00:00
AIRFLOW_CTX_TRY_NUMBER=1
AIRFLOW_CTX_DAG_RUN_ID=scheduled__2024-05-06T07:00:00+00:00
[2024-05-06 08:00:11,435] {python.py:173} INFO - Done. Returned value was: None
[2024-05-06 08:00:11,440] {taskinstance.py:1415} INFO - Marking task as SUCCESS. dag_id=Lead_scoring_inference_pipeline, task_id=encoding_categorical_variables, execution_date=20240506T070000, start_date=20240506T080003, end_date=20240506T080011
[2024-05-06 08:00:11,510] {local_task_job.py:156} INFO - Task exited with return code 0
[2024-05-06 08:00:11,686] {local_task_job.py:273} INFO - 1 downstream tasks scheduled from follow-on schedule check
