[2024-05-06 05:09:30,706] {taskinstance.py:1179} INFO - Dependencies all met for <TaskInstance: Lead_Scoring_Data_Engineering_Pipeline.building_db manual__2024-05-06T05:09:28.085168+00:00 [queued]>
[2024-05-06 05:09:30,712] {taskinstance.py:1179} INFO - Dependencies all met for <TaskInstance: Lead_Scoring_Data_Engineering_Pipeline.building_db manual__2024-05-06T05:09:28.085168+00:00 [queued]>
[2024-05-06 05:09:30,712] {taskinstance.py:1376} INFO - 
--------------------------------------------------------------------------------
[2024-05-06 05:09:30,712] {taskinstance.py:1377} INFO - Starting attempt 1 of 2
[2024-05-06 05:09:30,712] {taskinstance.py:1378} INFO - 
--------------------------------------------------------------------------------
[2024-05-06 05:09:30,732] {taskinstance.py:1397} INFO - Executing <Task(PythonOperator): building_db> on 2024-05-06 05:09:28.085168+00:00
[2024-05-06 05:09:30,737] {standard_task_runner.py:52} INFO - Started process 3770 to run task
[2024-05-06 05:09:30,740] {standard_task_runner.py:79} INFO - Running: ['airflow', 'tasks', 'run', 'Lead_Scoring_Data_Engineering_Pipeline', 'building_db', 'manual__2024-05-06T05:09:28.085168+00:00', '--job-id', '40', '--raw', '--subdir', 'DAGS_FOLDER/Lead_scoring_data_pipeline/.ipynb_checkpoints/lead_scoring_data_pipeline-checkpoint.py', '--cfg-path', '/tmp/tmpw94iclwm', '--error-file', '/tmp/tmpm7o1hsgm']
[2024-05-06 05:09:30,741] {standard_task_runner.py:80} INFO - Job 40: Subtask building_db
[2024-05-06 05:09:30,789] {task_command.py:371} INFO - Running <TaskInstance: Lead_Scoring_Data_Engineering_Pipeline.building_db manual__2024-05-06T05:09:28.085168+00:00 [running]> on host 9eefda8bbe39
[2024-05-06 05:09:30,878] {taskinstance.py:1589} INFO - Exporting the following env vars:
AIRFLOW_CTX_DAG_OWNER=airflow
AIRFLOW_CTX_DAG_ID=Lead_Scoring_Data_Engineering_Pipeline
AIRFLOW_CTX_TASK_ID=building_db
AIRFLOW_CTX_EXECUTION_DATE=2024-05-06T05:09:28.085168+00:00
AIRFLOW_CTX_TRY_NUMBER=1
AIRFLOW_CTX_DAG_RUN_ID=manual__2024-05-06T05:09:28.085168+00:00
[2024-05-06 05:09:30,879] {logging_mixin.py:115} INFO - DB Already Exists
[2024-05-06 05:09:30,879] {python.py:173} INFO - Done. Returned value was: DB Exists
[2024-05-06 05:09:30,899] {taskinstance.py:1415} INFO - Marking task as SUCCESS. dag_id=Lead_Scoring_Data_Engineering_Pipeline, task_id=building_db, execution_date=20240506T050928, start_date=20240506T050930, end_date=20240506T050930
[2024-05-06 05:09:30,952] {local_task_job.py:156} INFO - Task exited with return code 0
[2024-05-06 05:09:31,020] {local_task_job.py:273} INFO - 1 downstream tasks scheduled from follow-on schedule check
