[2024-05-06 05:07:42,432] {taskinstance.py:1179} INFO - Dependencies all met for <TaskInstance: Lead_Scoring_Data_Engineering_Pipeline.mapping_city_tier manual__2024-05-06T05:07:23.797062+00:00 [queued]>
[2024-05-06 05:07:42,437] {taskinstance.py:1179} INFO - Dependencies all met for <TaskInstance: Lead_Scoring_Data_Engineering_Pipeline.mapping_city_tier manual__2024-05-06T05:07:23.797062+00:00 [queued]>
[2024-05-06 05:07:42,437] {taskinstance.py:1376} INFO - 
--------------------------------------------------------------------------------
[2024-05-06 05:07:42,437] {taskinstance.py:1377} INFO - Starting attempt 1 of 2
[2024-05-06 05:07:42,437] {taskinstance.py:1378} INFO - 
--------------------------------------------------------------------------------
[2024-05-06 05:07:42,455] {taskinstance.py:1397} INFO - Executing <Task(PythonOperator): mapping_city_tier> on 2024-05-06 05:07:23.797062+00:00
[2024-05-06 05:07:42,459] {standard_task_runner.py:52} INFO - Started process 3571 to run task
[2024-05-06 05:07:42,462] {standard_task_runner.py:79} INFO - Running: ['airflow', 'tasks', 'run', 'Lead_Scoring_Data_Engineering_Pipeline', 'mapping_city_tier', 'manual__2024-05-06T05:07:23.797062+00:00', '--job-id', '36', '--raw', '--subdir', 'DAGS_FOLDER/Lead_scoring_data_pipeline/.ipynb_checkpoints/lead_scoring_data_pipeline-checkpoint.py', '--cfg-path', '/tmp/tmp4h6l8xdq', '--error-file', '/tmp/tmplpwlsbis']
[2024-05-06 05:07:42,463] {standard_task_runner.py:80} INFO - Job 36: Subtask mapping_city_tier
[2024-05-06 05:07:42,507] {task_command.py:371} INFO - Running <TaskInstance: Lead_Scoring_Data_Engineering_Pipeline.mapping_city_tier manual__2024-05-06T05:07:23.797062+00:00 [running]> on host 9eefda8bbe39
[2024-05-06 05:07:42,564] {taskinstance.py:1589} INFO - Exporting the following env vars:
AIRFLOW_CTX_DAG_OWNER=airflow
AIRFLOW_CTX_DAG_ID=Lead_Scoring_Data_Engineering_Pipeline
AIRFLOW_CTX_TASK_ID=mapping_city_tier
AIRFLOW_CTX_EXECUTION_DATE=2024-05-06T05:07:23.797062+00:00
AIRFLOW_CTX_TRY_NUMBER=1
AIRFLOW_CTX_DAG_RUN_ID=manual__2024-05-06T05:07:23.797062+00:00
[2024-05-06 05:07:51,269] {python.py:173} INFO - Done. Returned value was: None
[2024-05-06 05:07:51,274] {taskinstance.py:1415} INFO - Marking task as SUCCESS. dag_id=Lead_Scoring_Data_Engineering_Pipeline, task_id=mapping_city_tier, execution_date=20240506T050723, start_date=20240506T050742, end_date=20240506T050751
[2024-05-06 05:07:51,320] {local_task_job.py:156} INFO - Task exited with return code 0
[2024-05-06 05:07:51,380] {local_task_job.py:273} INFO - 1 downstream tasks scheduled from follow-on schedule check
