[2024-05-06 06:14:21,953] {taskinstance.py:1179} INFO - Dependencies all met for <TaskInstance: Lead_scoring_inference_pipeline.encoding_categorical_variables manual__2024-05-06T06:14:18.815448+00:00 [queued]>
[2024-05-06 06:14:21,957] {taskinstance.py:1179} INFO - Dependencies all met for <TaskInstance: Lead_scoring_inference_pipeline.encoding_categorical_variables manual__2024-05-06T06:14:18.815448+00:00 [queued]>
[2024-05-06 06:14:21,957] {taskinstance.py:1376} INFO - 
--------------------------------------------------------------------------------
[2024-05-06 06:14:21,957] {taskinstance.py:1377} INFO - Starting attempt 1 of 2
[2024-05-06 06:14:21,957] {taskinstance.py:1378} INFO - 
--------------------------------------------------------------------------------
[2024-05-06 06:14:21,976] {taskinstance.py:1397} INFO - Executing <Task(PythonOperator): encoding_categorical_variables> on 2024-05-06 06:14:18.815448+00:00
[2024-05-06 06:14:21,981] {standard_task_runner.py:52} INFO - Started process 11114 to run task
[2024-05-06 06:14:21,984] {standard_task_runner.py:79} INFO - Running: ['airflow', 'tasks', 'run', 'Lead_scoring_inference_pipeline', 'encoding_categorical_variables', 'manual__2024-05-06T06:14:18.815448+00:00', '--job-id', '63', '--raw', '--subdir', 'DAGS_FOLDER/Lead_scoring_inference_pipeline/.ipynb_checkpoints/lead_scoring_inference_pipeline-checkpoint.py', '--cfg-path', '/tmp/tmpjry66z_3', '--error-file', '/tmp/tmpcu612usx']
[2024-05-06 06:14:21,985] {standard_task_runner.py:80} INFO - Job 63: Subtask encoding_categorical_variables
[2024-05-06 06:14:22,033] {task_command.py:371} INFO - Running <TaskInstance: Lead_scoring_inference_pipeline.encoding_categorical_variables manual__2024-05-06T06:14:18.815448+00:00 [running]> on host 9eefda8bbe39
[2024-05-06 06:14:22,204] {taskinstance.py:1589} INFO - Exporting the following env vars:
AIRFLOW_CTX_DAG_OWNER=airflow
AIRFLOW_CTX_DAG_ID=Lead_scoring_inference_pipeline
AIRFLOW_CTX_TASK_ID=encoding_categorical_variables
AIRFLOW_CTX_EXECUTION_DATE=2024-05-06T06:14:18.815448+00:00
AIRFLOW_CTX_TRY_NUMBER=1
AIRFLOW_CTX_DAG_RUN_ID=manual__2024-05-06T06:14:18.815448+00:00
[2024-05-06 06:14:26,638] {python.py:173} INFO - Done. Returned value was: None
[2024-05-06 06:14:26,643] {taskinstance.py:1415} INFO - Marking task as SUCCESS. dag_id=Lead_scoring_inference_pipeline, task_id=encoding_categorical_variables, execution_date=20240506T061418, start_date=20240506T061421, end_date=20240506T061426
[2024-05-06 06:14:26,694] {local_task_job.py:156} INFO - Task exited with return code 0
[2024-05-06 06:14:26,767] {local_task_job.py:273} INFO - 1 downstream tasks scheduled from follow-on schedule check
