[2024-05-06 07:00:20,939] {taskinstance.py:1179} INFO - Dependencies all met for <TaskInstance: Lead_scoring_inference_pipeline.generating_models_prediction scheduled__2024-05-06T06:00:00+00:00 [queued]>
[2024-05-06 07:00:20,943] {taskinstance.py:1179} INFO - Dependencies all met for <TaskInstance: Lead_scoring_inference_pipeline.generating_models_prediction scheduled__2024-05-06T06:00:00+00:00 [queued]>
[2024-05-06 07:00:20,943] {taskinstance.py:1376} INFO - 
--------------------------------------------------------------------------------
[2024-05-06 07:00:20,944] {taskinstance.py:1377} INFO - Starting attempt 1 of 2
[2024-05-06 07:00:20,944] {taskinstance.py:1378} INFO - 
--------------------------------------------------------------------------------
[2024-05-06 07:00:20,963] {taskinstance.py:1397} INFO - Executing <Task(PythonOperator): generating_models_prediction> on 2024-05-06 06:00:00+00:00
[2024-05-06 07:00:20,968] {standard_task_runner.py:52} INFO - Started process 19004 to run task
[2024-05-06 07:00:20,971] {standard_task_runner.py:79} INFO - Running: ['airflow', 'tasks', 'run', 'Lead_scoring_inference_pipeline', 'generating_models_prediction', 'scheduled__2024-05-06T06:00:00+00:00', '--job-id', '86', '--raw', '--subdir', 'DAGS_FOLDER/Lead_scoring_inference_pipeline/.ipynb_checkpoints/lead_scoring_inference_pipeline-checkpoint.py', '--cfg-path', '/tmp/tmpzd0zlqoi', '--error-file', '/tmp/tmpk6xutetm']
[2024-05-06 07:00:20,972] {standard_task_runner.py:80} INFO - Job 86: Subtask generating_models_prediction
[2024-05-06 07:00:21,016] {task_command.py:371} INFO - Running <TaskInstance: Lead_scoring_inference_pipeline.generating_models_prediction scheduled__2024-05-06T06:00:00+00:00 [running]> on host 9eefda8bbe39
[2024-05-06 07:00:21,178] {taskinstance.py:1589} INFO - Exporting the following env vars:
AIRFLOW_CTX_DAG_OWNER=airflow
AIRFLOW_CTX_DAG_ID=Lead_scoring_inference_pipeline
AIRFLOW_CTX_TASK_ID=generating_models_prediction
AIRFLOW_CTX_EXECUTION_DATE=2024-05-06T06:00:00+00:00
AIRFLOW_CTX_TRY_NUMBER=1
AIRFLOW_CTX_DAG_RUN_ID=scheduled__2024-05-06T06:00:00+00:00
[2024-05-06 07:00:29,920] {python.py:173} INFO - Done. Returned value was: None
[2024-05-06 07:00:29,926] {taskinstance.py:1415} INFO - Marking task as SUCCESS. dag_id=Lead_scoring_inference_pipeline, task_id=generating_models_prediction, execution_date=20240506T060000, start_date=20240506T070020, end_date=20240506T070029
[2024-05-06 07:00:29,988] {local_task_job.py:156} INFO - Task exited with return code 0
[2024-05-06 07:00:30,165] {local_task_job.py:273} INFO - 1 downstream tasks scheduled from follow-on schedule check
