[2024-05-06 05:09:32,972] {taskinstance.py:1179} INFO - Dependencies all met for <TaskInstance: Lead_Scoring_Data_Engineering_Pipeline.loading_data manual__2024-05-06T05:09:28.085168+00:00 [queued]>
[2024-05-06 05:09:32,976] {taskinstance.py:1179} INFO - Dependencies all met for <TaskInstance: Lead_Scoring_Data_Engineering_Pipeline.loading_data manual__2024-05-06T05:09:28.085168+00:00 [queued]>
[2024-05-06 05:09:32,976] {taskinstance.py:1376} INFO - 
--------------------------------------------------------------------------------
[2024-05-06 05:09:32,976] {taskinstance.py:1377} INFO - Starting attempt 1 of 2
[2024-05-06 05:09:32,976] {taskinstance.py:1378} INFO - 
--------------------------------------------------------------------------------
[2024-05-06 05:09:32,994] {taskinstance.py:1397} INFO - Executing <Task(PythonOperator): loading_data> on 2024-05-06 05:09:28.085168+00:00
[2024-05-06 05:09:32,998] {standard_task_runner.py:52} INFO - Started process 3788 to run task
[2024-05-06 05:09:33,002] {standard_task_runner.py:79} INFO - Running: ['airflow', 'tasks', 'run', 'Lead_Scoring_Data_Engineering_Pipeline', 'loading_data', 'manual__2024-05-06T05:09:28.085168+00:00', '--job-id', '41', '--raw', '--subdir', 'DAGS_FOLDER/Lead_scoring_data_pipeline/.ipynb_checkpoints/lead_scoring_data_pipeline-checkpoint.py', '--cfg-path', '/tmp/tmpibhj2ht8', '--error-file', '/tmp/tmpudoc3gak']
[2024-05-06 05:09:33,002] {standard_task_runner.py:80} INFO - Job 41: Subtask loading_data
[2024-05-06 05:09:33,062] {task_command.py:371} INFO - Running <TaskInstance: Lead_Scoring_Data_Engineering_Pipeline.loading_data manual__2024-05-06T05:09:28.085168+00:00 [running]> on host 9eefda8bbe39
[2024-05-06 05:09:33,127] {taskinstance.py:1589} INFO - Exporting the following env vars:
AIRFLOW_CTX_DAG_OWNER=airflow
AIRFLOW_CTX_DAG_ID=Lead_Scoring_Data_Engineering_Pipeline
AIRFLOW_CTX_TASK_ID=loading_data
AIRFLOW_CTX_EXECUTION_DATE=2024-05-06T05:09:28.085168+00:00
AIRFLOW_CTX_TRY_NUMBER=1
AIRFLOW_CTX_DAG_RUN_ID=manual__2024-05-06T05:09:28.085168+00:00
[2024-05-06 05:09:33,715] {python.py:173} INFO - Done. Returned value was: None
[2024-05-06 05:09:33,720] {taskinstance.py:1415} INFO - Marking task as SUCCESS. dag_id=Lead_Scoring_Data_Engineering_Pipeline, task_id=loading_data, execution_date=20240506T050928, start_date=20240506T050932, end_date=20240506T050933
[2024-05-06 05:09:33,775] {local_task_job.py:156} INFO - Task exited with return code 0
[2024-05-06 05:09:33,847] {local_task_job.py:273} INFO - 1 downstream tasks scheduled from follow-on schedule check
