[2024-05-06 08:00:14,357] {taskinstance.py:1179} INFO - Dependencies all met for <TaskInstance: Lead_scoring_inference_pipeline.checking_input_features scheduled__2024-05-06T07:00:00+00:00 [queued]>
[2024-05-06 08:00:14,362] {taskinstance.py:1179} INFO - Dependencies all met for <TaskInstance: Lead_scoring_inference_pipeline.checking_input_features scheduled__2024-05-06T07:00:00+00:00 [queued]>
[2024-05-06 08:00:14,362] {taskinstance.py:1376} INFO - 
--------------------------------------------------------------------------------
[2024-05-06 08:00:14,362] {taskinstance.py:1377} INFO - Starting attempt 1 of 2
[2024-05-06 08:00:14,362] {taskinstance.py:1378} INFO - 
--------------------------------------------------------------------------------
[2024-05-06 08:00:14,395] {taskinstance.py:1397} INFO - Executing <Task(PythonOperator): checking_input_features> on 2024-05-06 07:00:00+00:00
[2024-05-06 08:00:14,399] {standard_task_runner.py:52} INFO - Started process 26281 to run task
[2024-05-06 08:00:14,402] {standard_task_runner.py:79} INFO - Running: ['airflow', 'tasks', 'run', 'Lead_scoring_inference_pipeline', 'checking_input_features', 'scheduled__2024-05-06T07:00:00+00:00', '--job-id', '89', '--raw', '--subdir', 'DAGS_FOLDER/Lead_scoring_inference_pipeline/.ipynb_checkpoints/lead_scoring_inference_pipeline-checkpoint.py', '--cfg-path', '/tmp/tmp1es55eqt', '--error-file', '/tmp/tmpglbysca2']
[2024-05-06 08:00:14,403] {standard_task_runner.py:80} INFO - Job 89: Subtask checking_input_features
[2024-05-06 08:00:14,467] {task_command.py:371} INFO - Running <TaskInstance: Lead_scoring_inference_pipeline.checking_input_features scheduled__2024-05-06T07:00:00+00:00 [running]> on host 9eefda8bbe39
[2024-05-06 08:00:14,655] {taskinstance.py:1589} INFO - Exporting the following env vars:
AIRFLOW_CTX_DAG_OWNER=airflow
AIRFLOW_CTX_DAG_ID=Lead_scoring_inference_pipeline
AIRFLOW_CTX_TASK_ID=checking_input_features
AIRFLOW_CTX_EXECUTION_DATE=2024-05-06T07:00:00+00:00
AIRFLOW_CTX_TRY_NUMBER=1
AIRFLOW_CTX_DAG_RUN_ID=scheduled__2024-05-06T07:00:00+00:00
[2024-05-06 08:00:18,630] {logging_mixin.py:115} INFO - All the models input are present
[2024-05-06 08:00:18,631] {python.py:173} INFO - Done. Returned value was: None
[2024-05-06 08:00:18,636] {taskinstance.py:1415} INFO - Marking task as SUCCESS. dag_id=Lead_scoring_inference_pipeline, task_id=checking_input_features, execution_date=20240506T070000, start_date=20240506T080014, end_date=20240506T080018
[2024-05-06 08:00:18,671] {local_task_job.py:156} INFO - Task exited with return code 0
[2024-05-06 08:00:18,882] {local_task_job.py:273} INFO - 1 downstream tasks scheduled from follow-on schedule check
