[2024-05-05 09:51:17,015] {taskinstance.py:1179} INFO - Dependencies all met for <TaskInstance: Lead_Scoring_Data_Engineering_Pipeline.mapping_categorical_vars manual__2024-05-05T09:50:20.624720+00:00 [queued]>
[2024-05-05 09:51:17,020] {taskinstance.py:1179} INFO - Dependencies all met for <TaskInstance: Lead_Scoring_Data_Engineering_Pipeline.mapping_categorical_vars manual__2024-05-05T09:50:20.624720+00:00 [queued]>
[2024-05-05 09:51:17,020] {taskinstance.py:1376} INFO - 
--------------------------------------------------------------------------------
[2024-05-05 09:51:17,020] {taskinstance.py:1377} INFO - Starting attempt 1 of 2
[2024-05-05 09:51:17,020] {taskinstance.py:1378} INFO - 
--------------------------------------------------------------------------------
[2024-05-05 09:51:17,041] {taskinstance.py:1397} INFO - Executing <Task(PythonOperator): mapping_categorical_vars> on 2024-05-05 09:50:20.624720+00:00
[2024-05-05 09:51:17,046] {standard_task_runner.py:52} INFO - Started process 1242 to run task
[2024-05-05 09:51:17,050] {standard_task_runner.py:79} INFO - Running: ['airflow', 'tasks', 'run', 'Lead_Scoring_Data_Engineering_Pipeline', 'mapping_categorical_vars', 'manual__2024-05-05T09:50:20.624720+00:00', '--job-id', '11', '--raw', '--subdir', 'DAGS_FOLDER/Lead_scoring_data_pipeline/.ipynb_checkpoints/lead_scoring_data_pipeline-checkpoint.py', '--cfg-path', '/tmp/tmpxkyvxw1j', '--error-file', '/tmp/tmpdp2eemju']
[2024-05-05 09:51:17,051] {standard_task_runner.py:80} INFO - Job 11: Subtask mapping_categorical_vars
[2024-05-05 09:51:17,103] {task_command.py:371} INFO - Running <TaskInstance: Lead_Scoring_Data_Engineering_Pipeline.mapping_categorical_vars manual__2024-05-05T09:50:20.624720+00:00 [running]> on host 95e735c85bd1
[2024-05-05 09:51:17,158] {taskinstance.py:1589} INFO - Exporting the following env vars:
AIRFLOW_CTX_DAG_OWNER=airflow
AIRFLOW_CTX_DAG_ID=Lead_Scoring_Data_Engineering_Pipeline
AIRFLOW_CTX_TASK_ID=mapping_categorical_vars
AIRFLOW_CTX_EXECUTION_DATE=2024-05-05T09:50:20.624720+00:00
AIRFLOW_CTX_TRY_NUMBER=1
AIRFLOW_CTX_DAG_RUN_ID=manual__2024-05-05T09:50:20.624720+00:00
[2024-05-05 09:51:17,162] {python.py:173} INFO - Done. Returned value was: None
[2024-05-05 09:51:17,166] {taskinstance.py:1415} INFO - Marking task as SUCCESS. dag_id=Lead_Scoring_Data_Engineering_Pipeline, task_id=mapping_categorical_vars, execution_date=20240505T095020, start_date=20240505T095117, end_date=20240505T095117
[2024-05-05 09:51:17,220] {local_task_job.py:156} INFO - Task exited with return code 0
[2024-05-05 09:51:17,271] {local_task_job.py:273} INFO - 1 downstream tasks scheduled from follow-on schedule check
