[2024-05-06 06:14:36,740] {taskinstance.py:1179} INFO - Dependencies all met for <TaskInstance: Lead_scoring_inference_pipeline.generating_models_prediction manual__2024-05-06T06:14:18.815448+00:00 [queued]>
[2024-05-06 06:14:36,745] {taskinstance.py:1179} INFO - Dependencies all met for <TaskInstance: Lead_scoring_inference_pipeline.generating_models_prediction manual__2024-05-06T06:14:18.815448+00:00 [queued]>
[2024-05-06 06:14:36,745] {taskinstance.py:1376} INFO - 
--------------------------------------------------------------------------------
[2024-05-06 06:14:36,745] {taskinstance.py:1377} INFO - Starting attempt 1 of 2
[2024-05-06 06:14:36,745] {taskinstance.py:1378} INFO - 
--------------------------------------------------------------------------------
[2024-05-06 06:14:36,764] {taskinstance.py:1397} INFO - Executing <Task(PythonOperator): generating_models_prediction> on 2024-05-06 06:14:18.815448+00:00
[2024-05-06 06:14:36,770] {standard_task_runner.py:52} INFO - Started process 11150 to run task
[2024-05-06 06:14:36,773] {standard_task_runner.py:79} INFO - Running: ['airflow', 'tasks', 'run', 'Lead_scoring_inference_pipeline', 'generating_models_prediction', 'manual__2024-05-06T06:14:18.815448+00:00', '--job-id', '65', '--raw', '--subdir', 'DAGS_FOLDER/Lead_scoring_inference_pipeline/.ipynb_checkpoints/lead_scoring_inference_pipeline-checkpoint.py', '--cfg-path', '/tmp/tmpgnyr2qms', '--error-file', '/tmp/tmpvxwczpyv']
[2024-05-06 06:14:36,773] {standard_task_runner.py:80} INFO - Job 65: Subtask generating_models_prediction
[2024-05-06 06:14:36,812] {task_command.py:371} INFO - Running <TaskInstance: Lead_scoring_inference_pipeline.generating_models_prediction manual__2024-05-06T06:14:18.815448+00:00 [running]> on host 9eefda8bbe39
[2024-05-06 06:14:36,970] {taskinstance.py:1589} INFO - Exporting the following env vars:
AIRFLOW_CTX_DAG_OWNER=airflow
AIRFLOW_CTX_DAG_ID=Lead_scoring_inference_pipeline
AIRFLOW_CTX_TASK_ID=generating_models_prediction
AIRFLOW_CTX_EXECUTION_DATE=2024-05-06T06:14:18.815448+00:00
AIRFLOW_CTX_TRY_NUMBER=1
AIRFLOW_CTX_DAG_RUN_ID=manual__2024-05-06T06:14:18.815448+00:00
[2024-05-06 06:14:43,688] {python.py:173} INFO - Done. Returned value was: None
[2024-05-06 06:14:43,696] {taskinstance.py:1415} INFO - Marking task as SUCCESS. dag_id=Lead_scoring_inference_pipeline, task_id=generating_models_prediction, execution_date=20240506T061418, start_date=20240506T061436, end_date=20240506T061443
[2024-05-06 06:14:43,758] {local_task_job.py:156} INFO - Task exited with return code 0
[2024-05-06 06:14:43,785] {local_task_job.py:273} INFO - 1 downstream tasks scheduled from follow-on schedule check
