[2024-05-06 05:09:50,982] {taskinstance.py:1179} INFO - Dependencies all met for <TaskInstance: Lead_Scoring_Data_Engineering_Pipeline.checking_model_inputs_schema manual__2024-05-06T05:09:28.085168+00:00 [queued]>
[2024-05-06 05:09:50,989] {taskinstance.py:1179} INFO - Dependencies all met for <TaskInstance: Lead_Scoring_Data_Engineering_Pipeline.checking_model_inputs_schema manual__2024-05-06T05:09:28.085168+00:00 [queued]>
[2024-05-06 05:09:50,989] {taskinstance.py:1376} INFO - 
--------------------------------------------------------------------------------
[2024-05-06 05:09:50,989] {taskinstance.py:1377} INFO - Starting attempt 1 of 2
[2024-05-06 05:09:50,989] {taskinstance.py:1378} INFO - 
--------------------------------------------------------------------------------
[2024-05-06 05:09:51,010] {taskinstance.py:1397} INFO - Executing <Task(PythonOperator): checking_model_inputs_schema> on 2024-05-06 05:09:28.085168+00:00
[2024-05-06 05:09:51,016] {standard_task_runner.py:52} INFO - Started process 3894 to run task
[2024-05-06 05:09:51,019] {standard_task_runner.py:79} INFO - Running: ['airflow', 'tasks', 'run', 'Lead_Scoring_Data_Engineering_Pipeline', 'checking_model_inputs_schema', 'manual__2024-05-06T05:09:28.085168+00:00', '--job-id', '46', '--raw', '--subdir', 'DAGS_FOLDER/Lead_scoring_data_pipeline/.ipynb_checkpoints/lead_scoring_data_pipeline-checkpoint.py', '--cfg-path', '/tmp/tmp2o0s80sg', '--error-file', '/tmp/tmpo556t1lu']
[2024-05-06 05:09:51,020] {standard_task_runner.py:80} INFO - Job 46: Subtask checking_model_inputs_schema
[2024-05-06 05:09:51,066] {task_command.py:371} INFO - Running <TaskInstance: Lead_Scoring_Data_Engineering_Pipeline.checking_model_inputs_schema manual__2024-05-06T05:09:28.085168+00:00 [running]> on host 9eefda8bbe39
[2024-05-06 05:09:51,125] {taskinstance.py:1589} INFO - Exporting the following env vars:
AIRFLOW_CTX_DAG_OWNER=airflow
AIRFLOW_CTX_DAG_ID=Lead_Scoring_Data_Engineering_Pipeline
AIRFLOW_CTX_TASK_ID=checking_model_inputs_schema
AIRFLOW_CTX_EXECUTION_DATE=2024-05-06T05:09:28.085168+00:00
AIRFLOW_CTX_TRY_NUMBER=1
AIRFLOW_CTX_DAG_RUN_ID=manual__2024-05-06T05:09:28.085168+00:00
[2024-05-06 05:09:51,726] {logging_mixin.py:115} INFO - Models input schema is NOT in line with the schema present in schema.py
[2024-05-06 05:09:51,747] {python.py:173} INFO - Done. Returned value was: None
[2024-05-06 05:09:51,753] {taskinstance.py:1415} INFO - Marking task as SUCCESS. dag_id=Lead_Scoring_Data_Engineering_Pipeline, task_id=checking_model_inputs_schema, execution_date=20240506T050928, start_date=20240506T050950, end_date=20240506T050951
[2024-05-06 05:09:51,793] {local_task_job.py:156} INFO - Task exited with return code 0
[2024-05-06 05:09:51,838] {local_task_job.py:273} INFO - 0 downstream tasks scheduled from follow-on schedule check
