[2024-05-05 09:51:52,784] {taskinstance.py:1179} INFO - Dependencies all met for <TaskInstance: Lead_Scoring_Data_Engineering_Pipeline.mapping_interactions manual__2024-05-05T09:50:20.624720+00:00 [queued]>
[2024-05-05 09:51:52,789] {taskinstance.py:1179} INFO - Dependencies all met for <TaskInstance: Lead_Scoring_Data_Engineering_Pipeline.mapping_interactions manual__2024-05-05T09:50:20.624720+00:00 [queued]>
[2024-05-05 09:51:52,789] {taskinstance.py:1376} INFO - 
--------------------------------------------------------------------------------
[2024-05-05 09:51:52,789] {taskinstance.py:1377} INFO - Starting attempt 1 of 2
[2024-05-05 09:51:52,789] {taskinstance.py:1378} INFO - 
--------------------------------------------------------------------------------
[2024-05-05 09:51:52,893] {taskinstance.py:1397} INFO - Executing <Task(PythonOperator): mapping_interactions> on 2024-05-05 09:50:20.624720+00:00
[2024-05-05 09:51:52,898] {standard_task_runner.py:52} INFO - Started process 1285 to run task
[2024-05-05 09:51:52,900] {standard_task_runner.py:79} INFO - Running: ['airflow', 'tasks', 'run', 'Lead_Scoring_Data_Engineering_Pipeline', 'mapping_interactions', 'manual__2024-05-05T09:50:20.624720+00:00', '--job-id', '13', '--raw', '--subdir', 'DAGS_FOLDER/Lead_scoring_data_pipeline/lead_scoring_data_pipeline.py', '--cfg-path', '/tmp/tmp9nzk4cl4', '--error-file', '/tmp/tmpzwkleefd']
[2024-05-05 09:51:52,901] {standard_task_runner.py:80} INFO - Job 13: Subtask mapping_interactions
[2024-05-05 09:51:52,958] {task_command.py:371} INFO - Running <TaskInstance: Lead_Scoring_Data_Engineering_Pipeline.mapping_interactions manual__2024-05-05T09:50:20.624720+00:00 [running]> on host 95e735c85bd1
[2024-05-05 09:51:53,019] {taskinstance.py:1589} INFO - Exporting the following env vars:
AIRFLOW_CTX_DAG_OWNER=airflow
AIRFLOW_CTX_DAG_ID=Lead_Scoring_Data_Engineering_Pipeline
AIRFLOW_CTX_TASK_ID=mapping_interactions
AIRFLOW_CTX_EXECUTION_DATE=2024-05-05T09:50:20.624720+00:00
AIRFLOW_CTX_TRY_NUMBER=1
AIRFLOW_CTX_DAG_RUN_ID=manual__2024-05-05T09:50:20.624720+00:00
[2024-05-05 09:51:53,020] {logging_mixin.py:115} INFO - saving into model_input
[2024-05-05 09:51:53,023] {python.py:173} INFO - Done. Returned value was: None
[2024-05-05 09:51:53,027] {taskinstance.py:1415} INFO - Marking task as SUCCESS. dag_id=Lead_Scoring_Data_Engineering_Pipeline, task_id=mapping_interactions, execution_date=20240505T095020, start_date=20240505T095152, end_date=20240505T095153
[2024-05-05 09:51:53,072] {local_task_job.py:156} INFO - Task exited with return code 0
[2024-05-05 09:51:53,146] {local_task_job.py:273} INFO - 1 downstream tasks scheduled from follow-on schedule check
