[2024-05-05 09:50:45,161] {taskinstance.py:1179} INFO - Dependencies all met for <TaskInstance: Lead_Scoring_Data_Engineering_Pipeline.checking_raw_data_schema manual__2024-05-05T09:50:20.624720+00:00 [queued]>
[2024-05-05 09:50:45,165] {taskinstance.py:1179} INFO - Dependencies all met for <TaskInstance: Lead_Scoring_Data_Engineering_Pipeline.checking_raw_data_schema manual__2024-05-05T09:50:20.624720+00:00 [queued]>
[2024-05-05 09:50:45,166] {taskinstance.py:1376} INFO - 
--------------------------------------------------------------------------------
[2024-05-05 09:50:45,166] {taskinstance.py:1377} INFO - Starting attempt 1 of 2
[2024-05-05 09:50:45,166] {taskinstance.py:1378} INFO - 
--------------------------------------------------------------------------------
[2024-05-05 09:50:45,188] {taskinstance.py:1397} INFO - Executing <Task(PythonOperator): checking_raw_data_schema> on 2024-05-05 09:50:20.624720+00:00
[2024-05-05 09:50:45,191] {standard_task_runner.py:52} INFO - Started process 1172 to run task
[2024-05-05 09:50:45,195] {standard_task_runner.py:79} INFO - Running: ['airflow', 'tasks', 'run', 'Lead_Scoring_Data_Engineering_Pipeline', 'checking_raw_data_schema', 'manual__2024-05-05T09:50:20.624720+00:00', '--job-id', '7', '--raw', '--subdir', 'DAGS_FOLDER/Lead_scoring_data_pipeline/.ipynb_checkpoints/lead_scoring_data_pipeline-checkpoint.py', '--cfg-path', '/tmp/tmpxe7hh9si', '--error-file', '/tmp/tmpw20ne6uk']
[2024-05-05 09:50:45,196] {standard_task_runner.py:80} INFO - Job 7: Subtask checking_raw_data_schema
[2024-05-05 09:50:45,244] {task_command.py:371} INFO - Running <TaskInstance: Lead_Scoring_Data_Engineering_Pipeline.checking_raw_data_schema manual__2024-05-05T09:50:20.624720+00:00 [running]> on host 95e735c85bd1
[2024-05-05 09:50:45,341] {taskinstance.py:1589} INFO - Exporting the following env vars:
AIRFLOW_CTX_DAG_OWNER=airflow
AIRFLOW_CTX_DAG_ID=Lead_Scoring_Data_Engineering_Pipeline
AIRFLOW_CTX_TASK_ID=checking_raw_data_schema
AIRFLOW_CTX_EXECUTION_DATE=2024-05-05T09:50:20.624720+00:00
AIRFLOW_CTX_TRY_NUMBER=1
AIRFLOW_CTX_DAG_RUN_ID=manual__2024-05-05T09:50:20.624720+00:00
[2024-05-05 09:50:49,051] {logging_mixin.py:115} INFO - Raw datas schema is NOT in line with the schema present in schema.py
[2024-05-05 09:50:49,102] {python.py:173} INFO - Done. Returned value was: None
[2024-05-05 09:50:49,108] {taskinstance.py:1415} INFO - Marking task as SUCCESS. dag_id=Lead_Scoring_Data_Engineering_Pipeline, task_id=checking_raw_data_schema, execution_date=20240505T095020, start_date=20240505T095045, end_date=20240505T095049
[2024-05-05 09:50:49,313] {local_task_job.py:156} INFO - Task exited with return code 0
[2024-05-05 09:50:49,618] {local_task_job.py:273} INFO - 1 downstream tasks scheduled from follow-on schedule check
