[2024-05-06 06:20:32,717] {taskinstance.py:1179} INFO - Dependencies all met for <TaskInstance: Lead_Scoring_Data_Engineering_Pipeline.building_db manual__2024-05-06T06:20:29.246132+00:00 [queued]>
[2024-05-06 06:20:32,722] {taskinstance.py:1179} INFO - Dependencies all met for <TaskInstance: Lead_Scoring_Data_Engineering_Pipeline.building_db manual__2024-05-06T06:20:29.246132+00:00 [queued]>
[2024-05-06 06:20:32,722] {taskinstance.py:1376} INFO - 
--------------------------------------------------------------------------------
[2024-05-06 06:20:32,722] {taskinstance.py:1377} INFO - Starting attempt 1 of 2
[2024-05-06 06:20:32,722] {taskinstance.py:1378} INFO - 
--------------------------------------------------------------------------------
[2024-05-06 06:20:32,739] {taskinstance.py:1397} INFO - Executing <Task(PythonOperator): building_db> on 2024-05-06 06:20:29.246132+00:00
[2024-05-06 06:20:32,743] {standard_task_runner.py:52} INFO - Started process 11982 to run task
[2024-05-06 06:20:32,746] {standard_task_runner.py:79} INFO - Running: ['airflow', 'tasks', 'run', 'Lead_Scoring_Data_Engineering_Pipeline', 'building_db', 'manual__2024-05-06T06:20:29.246132+00:00', '--job-id', '73', '--raw', '--subdir', 'DAGS_FOLDER/Lead_scoring_data_pipeline/.ipynb_checkpoints/lead_scoring_data_pipeline-checkpoint.py', '--cfg-path', '/tmp/tmpxe2meyz1', '--error-file', '/tmp/tmpti8d4ud1']
[2024-05-06 06:20:32,747] {standard_task_runner.py:80} INFO - Job 73: Subtask building_db
[2024-05-06 06:20:32,786] {task_command.py:371} INFO - Running <TaskInstance: Lead_Scoring_Data_Engineering_Pipeline.building_db manual__2024-05-06T06:20:29.246132+00:00 [running]> on host 9eefda8bbe39
[2024-05-06 06:20:32,839] {taskinstance.py:1589} INFO - Exporting the following env vars:
AIRFLOW_CTX_DAG_OWNER=airflow
AIRFLOW_CTX_DAG_ID=Lead_Scoring_Data_Engineering_Pipeline
AIRFLOW_CTX_TASK_ID=building_db
AIRFLOW_CTX_EXECUTION_DATE=2024-05-06T06:20:29.246132+00:00
AIRFLOW_CTX_TRY_NUMBER=1
AIRFLOW_CTX_DAG_RUN_ID=manual__2024-05-06T06:20:29.246132+00:00
[2024-05-06 06:20:32,839] {logging_mixin.py:115} INFO - DB Already Exists
[2024-05-06 06:20:32,839] {python.py:173} INFO - Done. Returned value was: DB Exists
[2024-05-06 06:20:32,858] {taskinstance.py:1415} INFO - Marking task as SUCCESS. dag_id=Lead_Scoring_Data_Engineering_Pipeline, task_id=building_db, execution_date=20240506T062029, start_date=20240506T062032, end_date=20240506T062032
[2024-05-06 06:20:32,877] {local_task_job.py:156} INFO - Task exited with return code 0
[2024-05-06 06:20:32,920] {local_task_job.py:273} INFO - 1 downstream tasks scheduled from follow-on schedule check
