[2024-05-05 09:50:27,765] {taskinstance.py:1179} INFO - Dependencies all met for <TaskInstance: Lead_Scoring_Data_Engineering_Pipeline.loading_data scheduled__2024-05-04T00:00:00+00:00 [queued]>
[2024-05-05 09:50:27,769] {taskinstance.py:1179} INFO - Dependencies all met for <TaskInstance: Lead_Scoring_Data_Engineering_Pipeline.loading_data scheduled__2024-05-04T00:00:00+00:00 [queued]>
[2024-05-05 09:50:27,770] {taskinstance.py:1376} INFO - 
--------------------------------------------------------------------------------
[2024-05-05 09:50:27,770] {taskinstance.py:1377} INFO - Starting attempt 1 of 2
[2024-05-05 09:50:27,770] {taskinstance.py:1378} INFO - 
--------------------------------------------------------------------------------
[2024-05-05 09:50:27,803] {taskinstance.py:1397} INFO - Executing <Task(PythonOperator): loading_data> on 2024-05-04 00:00:00+00:00
[2024-05-05 09:50:27,806] {standard_task_runner.py:52} INFO - Started process 1120 to run task
[2024-05-05 09:50:27,809] {standard_task_runner.py:79} INFO - Running: ['airflow', 'tasks', 'run', 'Lead_Scoring_Data_Engineering_Pipeline', 'loading_data', 'scheduled__2024-05-04T00:00:00+00:00', '--job-id', '4', '--raw', '--subdir', 'DAGS_FOLDER/Lead_scoring_data_pipeline/.ipynb_checkpoints/lead_scoring_data_pipeline-checkpoint.py', '--cfg-path', '/tmp/tmpgwdtyfpk', '--error-file', '/tmp/tmpfkk8rpu8']
[2024-05-05 09:50:27,810] {standard_task_runner.py:80} INFO - Job 4: Subtask loading_data
[2024-05-05 09:50:27,862] {task_command.py:371} INFO - Running <TaskInstance: Lead_Scoring_Data_Engineering_Pipeline.loading_data scheduled__2024-05-04T00:00:00+00:00 [running]> on host 95e735c85bd1
[2024-05-05 09:50:27,930] {taskinstance.py:1589} INFO - Exporting the following env vars:
AIRFLOW_CTX_DAG_OWNER=airflow
AIRFLOW_CTX_DAG_ID=Lead_Scoring_Data_Engineering_Pipeline
AIRFLOW_CTX_TASK_ID=loading_data
AIRFLOW_CTX_EXECUTION_DATE=2024-05-04T00:00:00+00:00
AIRFLOW_CTX_TRY_NUMBER=1
AIRFLOW_CTX_DAG_RUN_ID=scheduled__2024-05-04T00:00:00+00:00
[2024-05-05 09:50:28,543] {logging_mixin.py:115} INFO - test
[2024-05-05 09:50:34,198] {python.py:173} INFO - Done. Returned value was: None
[2024-05-05 09:50:34,206] {taskinstance.py:1415} INFO - Marking task as SUCCESS. dag_id=Lead_Scoring_Data_Engineering_Pipeline, task_id=loading_data, execution_date=20240504T000000, start_date=20240505T095027, end_date=20240505T095034
[2024-05-05 09:50:34,271] {local_task_job.py:156} INFO - Task exited with return code 0
[2024-05-05 09:50:34,351] {local_task_job.py:273} INFO - 1 downstream tasks scheduled from follow-on schedule check
