[2024-05-05 09:48:45,494] {processor.py:153} INFO - Started process (PID=942) to work on /opt/conda/lib/python3.8/site-packages/airflow/example_dags/example_time_delta_sensor_async.py
[2024-05-05 09:48:45,494] {processor.py:641} INFO - Processing file /opt/conda/lib/python3.8/site-packages/airflow/example_dags/example_time_delta_sensor_async.py for tasks to queue
[2024-05-05 09:48:45,495] {logging_mixin.py:115} INFO - [2024-05-05 09:48:45,495] {dagbag.py:508} INFO - Filling up the DagBag from /opt/conda/lib/python3.8/site-packages/airflow/example_dags/example_time_delta_sensor_async.py
[2024-05-05 09:48:45,500] {processor.py:651} INFO - DAG(s) dict_keys(['example_time_delta_sensor_async']) retrieved from /opt/conda/lib/python3.8/site-packages/airflow/example_dags/example_time_delta_sensor_async.py
[2024-05-05 09:48:45,723] {logging_mixin.py:115} INFO - [2024-05-05 09:48:45,723] {manager.py:508} INFO - Created Permission View: can read on DAG:example_time_delta_sensor_async
[2024-05-05 09:48:45,761] {logging_mixin.py:115} INFO - [2024-05-05 09:48:45,761] {manager.py:508} INFO - Created Permission View: can edit on DAG:example_time_delta_sensor_async
[2024-05-05 09:48:45,780] {logging_mixin.py:115} INFO - [2024-05-05 09:48:45,780] {manager.py:508} INFO - Created Permission View: can delete on DAG:example_time_delta_sensor_async
[2024-05-05 09:48:45,780] {logging_mixin.py:115} INFO - [2024-05-05 09:48:45,780] {dag.py:2420} INFO - Sync 1 DAGs
[2024-05-05 09:48:45,788] {logging_mixin.py:115} INFO - [2024-05-05 09:48:45,788] {dag.py:2439} INFO - Creating ORM DAG for example_time_delta_sensor_async
[2024-05-05 09:48:45,801] {logging_mixin.py:115} INFO - [2024-05-05 09:48:45,801] {dag.py:2968} INFO - Setting next_dagrun for example_time_delta_sensor_async to None, run_after=None
[2024-05-05 09:48:45,836] {processor.py:161} INFO - Processing /opt/conda/lib/python3.8/site-packages/airflow/example_dags/example_time_delta_sensor_async.py took 0.345 seconds
[2024-05-05 09:49:36,061] {processor.py:153} INFO - Started process (PID=1012) to work on /opt/conda/lib/python3.8/site-packages/airflow/example_dags/example_time_delta_sensor_async.py
[2024-05-05 09:49:36,062] {processor.py:641} INFO - Processing file /opt/conda/lib/python3.8/site-packages/airflow/example_dags/example_time_delta_sensor_async.py for tasks to queue
[2024-05-05 09:49:36,063] {logging_mixin.py:115} INFO - [2024-05-05 09:49:36,063] {dagbag.py:508} INFO - Filling up the DagBag from /opt/conda/lib/python3.8/site-packages/airflow/example_dags/example_time_delta_sensor_async.py
[2024-05-05 09:49:36,068] {processor.py:651} INFO - DAG(s) dict_keys(['example_time_delta_sensor_async']) retrieved from /opt/conda/lib/python3.8/site-packages/airflow/example_dags/example_time_delta_sensor_async.py
[2024-05-05 09:49:36,205] {logging_mixin.py:115} INFO - [2024-05-05 09:49:36,205] {dag.py:2420} INFO - Sync 1 DAGs
[2024-05-05 09:49:36,216] {logging_mixin.py:115} INFO - [2024-05-05 09:49:36,216] {dag.py:2968} INFO - Setting next_dagrun for example_time_delta_sensor_async to None, run_after=None
[2024-05-05 09:49:36,245] {processor.py:161} INFO - Processing /opt/conda/lib/python3.8/site-packages/airflow/example_dags/example_time_delta_sensor_async.py took 0.187 seconds
[2024-05-05 09:50:16,470] {processor.py:153} INFO - Started process (PID=1064) to work on /opt/conda/lib/python3.8/site-packages/airflow/example_dags/example_time_delta_sensor_async.py
[2024-05-05 09:50:16,472] {processor.py:641} INFO - Processing file /opt/conda/lib/python3.8/site-packages/airflow/example_dags/example_time_delta_sensor_async.py for tasks to queue
[2024-05-05 09:50:16,472] {logging_mixin.py:115} INFO - [2024-05-05 09:50:16,472] {dagbag.py:508} INFO - Filling up the DagBag from /opt/conda/lib/python3.8/site-packages/airflow/example_dags/example_time_delta_sensor_async.py
[2024-05-05 09:50:16,478] {processor.py:651} INFO - DAG(s) dict_keys(['example_time_delta_sensor_async']) retrieved from /opt/conda/lib/python3.8/site-packages/airflow/example_dags/example_time_delta_sensor_async.py
[2024-05-05 09:50:16,651] {logging_mixin.py:115} INFO - [2024-05-05 09:50:16,651] {dag.py:2420} INFO - Sync 1 DAGs
[2024-05-05 09:50:16,666] {logging_mixin.py:115} INFO - [2024-05-05 09:50:16,666] {dag.py:2968} INFO - Setting next_dagrun for example_time_delta_sensor_async to None, run_after=None
[2024-05-05 09:50:16,686] {processor.py:161} INFO - Processing /opt/conda/lib/python3.8/site-packages/airflow/example_dags/example_time_delta_sensor_async.py took 0.219 seconds
[2024-05-05 09:52:25,534] {processor.py:153} INFO - Started process (PID=1351) to work on /opt/conda/lib/python3.8/site-packages/airflow/example_dags/example_time_delta_sensor_async.py
[2024-05-05 09:52:25,535] {processor.py:641} INFO - Processing file /opt/conda/lib/python3.8/site-packages/airflow/example_dags/example_time_delta_sensor_async.py for tasks to queue
[2024-05-05 09:52:25,536] {logging_mixin.py:115} INFO - [2024-05-05 09:52:25,536] {dagbag.py:508} INFO - Filling up the DagBag from /opt/conda/lib/python3.8/site-packages/airflow/example_dags/example_time_delta_sensor_async.py
[2024-05-05 09:52:25,540] {processor.py:651} INFO - DAG(s) dict_keys(['example_time_delta_sensor_async']) retrieved from /opt/conda/lib/python3.8/site-packages/airflow/example_dags/example_time_delta_sensor_async.py
[2024-05-05 09:52:25,680] {logging_mixin.py:115} INFO - [2024-05-05 09:52:25,680] {dag.py:2420} INFO - Sync 1 DAGs
[2024-05-05 09:52:25,691] {logging_mixin.py:115} INFO - [2024-05-05 09:52:25,691] {dag.py:2968} INFO - Setting next_dagrun for example_time_delta_sensor_async to None, run_after=None
[2024-05-05 09:52:25,709] {processor.py:161} INFO - Processing /opt/conda/lib/python3.8/site-packages/airflow/example_dags/example_time_delta_sensor_async.py took 0.178 seconds
[2024-05-05 09:53:12,902] {processor.py:153} INFO - Started process (PID=1412) to work on /opt/conda/lib/python3.8/site-packages/airflow/example_dags/example_time_delta_sensor_async.py
[2024-05-05 09:53:12,903] {processor.py:641} INFO - Processing file /opt/conda/lib/python3.8/site-packages/airflow/example_dags/example_time_delta_sensor_async.py for tasks to queue
[2024-05-05 09:53:12,904] {logging_mixin.py:115} INFO - [2024-05-05 09:53:12,904] {dagbag.py:508} INFO - Filling up the DagBag from /opt/conda/lib/python3.8/site-packages/airflow/example_dags/example_time_delta_sensor_async.py
[2024-05-05 09:53:12,908] {processor.py:651} INFO - DAG(s) dict_keys(['example_time_delta_sensor_async']) retrieved from /opt/conda/lib/python3.8/site-packages/airflow/example_dags/example_time_delta_sensor_async.py
[2024-05-05 09:53:13,049] {logging_mixin.py:115} INFO - [2024-05-05 09:53:13,049] {dag.py:2420} INFO - Sync 1 DAGs
[2024-05-05 09:53:13,060] {logging_mixin.py:115} INFO - [2024-05-05 09:53:13,060] {dag.py:2968} INFO - Setting next_dagrun for example_time_delta_sensor_async to None, run_after=None
[2024-05-05 09:53:13,866] {processor.py:161} INFO - Processing /opt/conda/lib/python3.8/site-packages/airflow/example_dags/example_time_delta_sensor_async.py took 0.966 seconds
[2024-05-05 09:53:57,790] {processor.py:153} INFO - Started process (PID=1464) to work on /opt/conda/lib/python3.8/site-packages/airflow/example_dags/example_time_delta_sensor_async.py
[2024-05-05 09:53:57,792] {processor.py:641} INFO - Processing file /opt/conda/lib/python3.8/site-packages/airflow/example_dags/example_time_delta_sensor_async.py for tasks to queue
[2024-05-05 09:53:57,792] {logging_mixin.py:115} INFO - [2024-05-05 09:53:57,792] {dagbag.py:508} INFO - Filling up the DagBag from /opt/conda/lib/python3.8/site-packages/airflow/example_dags/example_time_delta_sensor_async.py
[2024-05-05 09:53:57,797] {processor.py:651} INFO - DAG(s) dict_keys(['example_time_delta_sensor_async']) retrieved from /opt/conda/lib/python3.8/site-packages/airflow/example_dags/example_time_delta_sensor_async.py
[2024-05-05 09:53:57,944] {logging_mixin.py:115} INFO - [2024-05-05 09:53:57,944] {dag.py:2420} INFO - Sync 1 DAGs
[2024-05-05 09:53:57,956] {logging_mixin.py:115} INFO - [2024-05-05 09:53:57,956] {dag.py:2968} INFO - Setting next_dagrun for example_time_delta_sensor_async to None, run_after=None
[2024-05-05 09:53:57,976] {processor.py:161} INFO - Processing /opt/conda/lib/python3.8/site-packages/airflow/example_dags/example_time_delta_sensor_async.py took 0.188 seconds
[2024-05-05 09:54:38,339] {processor.py:153} INFO - Started process (PID=1516) to work on /opt/conda/lib/python3.8/site-packages/airflow/example_dags/example_time_delta_sensor_async.py
[2024-05-05 09:54:38,340] {processor.py:641} INFO - Processing file /opt/conda/lib/python3.8/site-packages/airflow/example_dags/example_time_delta_sensor_async.py for tasks to queue
[2024-05-05 09:54:38,340] {logging_mixin.py:115} INFO - [2024-05-05 09:54:38,340] {dagbag.py:508} INFO - Filling up the DagBag from /opt/conda/lib/python3.8/site-packages/airflow/example_dags/example_time_delta_sensor_async.py
[2024-05-05 09:54:38,345] {processor.py:651} INFO - DAG(s) dict_keys(['example_time_delta_sensor_async']) retrieved from /opt/conda/lib/python3.8/site-packages/airflow/example_dags/example_time_delta_sensor_async.py
[2024-05-05 09:54:38,479] {logging_mixin.py:115} INFO - [2024-05-05 09:54:38,479] {dag.py:2420} INFO - Sync 1 DAGs
[2024-05-05 09:54:38,491] {logging_mixin.py:115} INFO - [2024-05-05 09:54:38,491] {dag.py:2968} INFO - Setting next_dagrun for example_time_delta_sensor_async to None, run_after=None
[2024-05-05 09:54:38,508] {processor.py:161} INFO - Processing /opt/conda/lib/python3.8/site-packages/airflow/example_dags/example_time_delta_sensor_async.py took 0.172 seconds
[2024-05-05 09:55:22,074] {processor.py:153} INFO - Started process (PID=1568) to work on /opt/conda/lib/python3.8/site-packages/airflow/example_dags/example_time_delta_sensor_async.py
[2024-05-05 09:55:22,075] {processor.py:641} INFO - Processing file /opt/conda/lib/python3.8/site-packages/airflow/example_dags/example_time_delta_sensor_async.py for tasks to queue
[2024-05-05 09:55:22,076] {logging_mixin.py:115} INFO - [2024-05-05 09:55:22,076] {dagbag.py:508} INFO - Filling up the DagBag from /opt/conda/lib/python3.8/site-packages/airflow/example_dags/example_time_delta_sensor_async.py
[2024-05-05 09:55:22,081] {processor.py:651} INFO - DAG(s) dict_keys(['example_time_delta_sensor_async']) retrieved from /opt/conda/lib/python3.8/site-packages/airflow/example_dags/example_time_delta_sensor_async.py
[2024-05-05 09:55:22,219] {logging_mixin.py:115} INFO - [2024-05-05 09:55:22,219] {dag.py:2420} INFO - Sync 1 DAGs
[2024-05-05 09:55:22,230] {logging_mixin.py:115} INFO - [2024-05-05 09:55:22,230] {dag.py:2968} INFO - Setting next_dagrun for example_time_delta_sensor_async to None, run_after=None
[2024-05-05 09:55:22,251] {processor.py:161} INFO - Processing /opt/conda/lib/python3.8/site-packages/airflow/example_dags/example_time_delta_sensor_async.py took 0.180 seconds
[2024-05-05 09:56:11,450] {processor.py:153} INFO - Started process (PID=1633) to work on /opt/conda/lib/python3.8/site-packages/airflow/example_dags/example_time_delta_sensor_async.py
[2024-05-05 09:56:11,451] {processor.py:641} INFO - Processing file /opt/conda/lib/python3.8/site-packages/airflow/example_dags/example_time_delta_sensor_async.py for tasks to queue
[2024-05-05 09:56:11,452] {logging_mixin.py:115} INFO - [2024-05-05 09:56:11,452] {dagbag.py:508} INFO - Filling up the DagBag from /opt/conda/lib/python3.8/site-packages/airflow/example_dags/example_time_delta_sensor_async.py
[2024-05-05 09:56:11,457] {processor.py:651} INFO - DAG(s) dict_keys(['example_time_delta_sensor_async']) retrieved from /opt/conda/lib/python3.8/site-packages/airflow/example_dags/example_time_delta_sensor_async.py
[2024-05-05 09:56:11,592] {logging_mixin.py:115} INFO - [2024-05-05 09:56:11,592] {dag.py:2420} INFO - Sync 1 DAGs
[2024-05-05 09:56:11,603] {logging_mixin.py:115} INFO - [2024-05-05 09:56:11,603] {dag.py:2968} INFO - Setting next_dagrun for example_time_delta_sensor_async to None, run_after=None
[2024-05-05 09:56:11,621] {processor.py:161} INFO - Processing /opt/conda/lib/python3.8/site-packages/airflow/example_dags/example_time_delta_sensor_async.py took 0.174 seconds
[2024-05-05 09:56:59,401] {processor.py:153} INFO - Started process (PID=1691) to work on /opt/conda/lib/python3.8/site-packages/airflow/example_dags/example_time_delta_sensor_async.py
[2024-05-05 09:56:59,402] {processor.py:641} INFO - Processing file /opt/conda/lib/python3.8/site-packages/airflow/example_dags/example_time_delta_sensor_async.py for tasks to queue
[2024-05-05 09:56:59,403] {logging_mixin.py:115} INFO - [2024-05-05 09:56:59,402] {dagbag.py:508} INFO - Filling up the DagBag from /opt/conda/lib/python3.8/site-packages/airflow/example_dags/example_time_delta_sensor_async.py
[2024-05-05 09:56:59,407] {processor.py:651} INFO - DAG(s) dict_keys(['example_time_delta_sensor_async']) retrieved from /opt/conda/lib/python3.8/site-packages/airflow/example_dags/example_time_delta_sensor_async.py
[2024-05-05 09:56:59,542] {logging_mixin.py:115} INFO - [2024-05-05 09:56:59,542] {dag.py:2420} INFO - Sync 1 DAGs
[2024-05-05 09:56:59,553] {logging_mixin.py:115} INFO - [2024-05-05 09:56:59,553] {dag.py:2968} INFO - Setting next_dagrun for example_time_delta_sensor_async to None, run_after=None
[2024-05-05 09:56:59,572] {processor.py:161} INFO - Processing /opt/conda/lib/python3.8/site-packages/airflow/example_dags/example_time_delta_sensor_async.py took 0.175 seconds
[2024-05-05 09:57:44,579] {processor.py:153} INFO - Started process (PID=1755) to work on /opt/conda/lib/python3.8/site-packages/airflow/example_dags/example_time_delta_sensor_async.py
[2024-05-05 09:57:44,580] {processor.py:641} INFO - Processing file /opt/conda/lib/python3.8/site-packages/airflow/example_dags/example_time_delta_sensor_async.py for tasks to queue
[2024-05-05 09:57:44,581] {logging_mixin.py:115} INFO - [2024-05-05 09:57:44,581] {dagbag.py:508} INFO - Filling up the DagBag from /opt/conda/lib/python3.8/site-packages/airflow/example_dags/example_time_delta_sensor_async.py
[2024-05-05 09:57:44,587] {processor.py:651} INFO - DAG(s) dict_keys(['example_time_delta_sensor_async']) retrieved from /opt/conda/lib/python3.8/site-packages/airflow/example_dags/example_time_delta_sensor_async.py
[2024-05-05 09:57:44,752] {logging_mixin.py:115} INFO - [2024-05-05 09:57:44,752] {dag.py:2420} INFO - Sync 1 DAGs
[2024-05-05 09:57:44,763] {logging_mixin.py:115} INFO - [2024-05-05 09:57:44,763] {dag.py:2968} INFO - Setting next_dagrun for example_time_delta_sensor_async to None, run_after=None
[2024-05-05 09:57:44,859] {processor.py:161} INFO - Processing /opt/conda/lib/python3.8/site-packages/airflow/example_dags/example_time_delta_sensor_async.py took 0.284 seconds
[2024-05-05 09:58:31,533] {processor.py:153} INFO - Started process (PID=1820) to work on /opt/conda/lib/python3.8/site-packages/airflow/example_dags/example_time_delta_sensor_async.py
[2024-05-05 09:58:31,535] {processor.py:641} INFO - Processing file /opt/conda/lib/python3.8/site-packages/airflow/example_dags/example_time_delta_sensor_async.py for tasks to queue
[2024-05-05 09:58:31,535] {logging_mixin.py:115} INFO - [2024-05-05 09:58:31,535] {dagbag.py:508} INFO - Filling up the DagBag from /opt/conda/lib/python3.8/site-packages/airflow/example_dags/example_time_delta_sensor_async.py
[2024-05-05 09:58:31,540] {processor.py:651} INFO - DAG(s) dict_keys(['example_time_delta_sensor_async']) retrieved from /opt/conda/lib/python3.8/site-packages/airflow/example_dags/example_time_delta_sensor_async.py
[2024-05-05 09:58:31,568] {logging_mixin.py:115} INFO - [2024-05-05 09:58:31,568] {dag.py:2420} INFO - Sync 1 DAGs
[2024-05-05 09:58:31,581] {logging_mixin.py:115} INFO - [2024-05-05 09:58:31,581] {dag.py:2968} INFO - Setting next_dagrun for example_time_delta_sensor_async to None, run_after=None
[2024-05-05 09:58:31,599] {processor.py:161} INFO - Processing /opt/conda/lib/python3.8/site-packages/airflow/example_dags/example_time_delta_sensor_async.py took 0.069 seconds
[2024-05-05 09:59:09,283] {processor.py:153} INFO - Started process (PID=1872) to work on /opt/conda/lib/python3.8/site-packages/airflow/example_dags/example_time_delta_sensor_async.py
[2024-05-05 09:59:09,285] {processor.py:641} INFO - Processing file /opt/conda/lib/python3.8/site-packages/airflow/example_dags/example_time_delta_sensor_async.py for tasks to queue
[2024-05-05 09:59:09,285] {logging_mixin.py:115} INFO - [2024-05-05 09:59:09,285] {dagbag.py:508} INFO - Filling up the DagBag from /opt/conda/lib/python3.8/site-packages/airflow/example_dags/example_time_delta_sensor_async.py
[2024-05-05 09:59:09,291] {processor.py:651} INFO - DAG(s) dict_keys(['example_time_delta_sensor_async']) retrieved from /opt/conda/lib/python3.8/site-packages/airflow/example_dags/example_time_delta_sensor_async.py
[2024-05-05 09:59:09,327] {logging_mixin.py:115} INFO - [2024-05-05 09:59:09,327] {dag.py:2420} INFO - Sync 1 DAGs
[2024-05-05 09:59:09,345] {logging_mixin.py:115} INFO - [2024-05-05 09:59:09,345] {dag.py:2968} INFO - Setting next_dagrun for example_time_delta_sensor_async to None, run_after=None
[2024-05-05 09:59:09,369] {processor.py:161} INFO - Processing /opt/conda/lib/python3.8/site-packages/airflow/example_dags/example_time_delta_sensor_async.py took 0.089 seconds
[2024-05-05 09:59:46,266] {processor.py:153} INFO - Started process (PID=1924) to work on /opt/conda/lib/python3.8/site-packages/airflow/example_dags/example_time_delta_sensor_async.py
[2024-05-05 09:59:46,267] {processor.py:641} INFO - Processing file /opt/conda/lib/python3.8/site-packages/airflow/example_dags/example_time_delta_sensor_async.py for tasks to queue
[2024-05-05 09:59:46,267] {logging_mixin.py:115} INFO - [2024-05-05 09:59:46,267] {dagbag.py:508} INFO - Filling up the DagBag from /opt/conda/lib/python3.8/site-packages/airflow/example_dags/example_time_delta_sensor_async.py
[2024-05-05 09:59:46,272] {processor.py:651} INFO - DAG(s) dict_keys(['example_time_delta_sensor_async']) retrieved from /opt/conda/lib/python3.8/site-packages/airflow/example_dags/example_time_delta_sensor_async.py
[2024-05-05 09:59:46,301] {logging_mixin.py:115} INFO - [2024-05-05 09:59:46,301] {dag.py:2420} INFO - Sync 1 DAGs
[2024-05-05 09:59:46,314] {logging_mixin.py:115} INFO - [2024-05-05 09:59:46,314] {dag.py:2968} INFO - Setting next_dagrun for example_time_delta_sensor_async to None, run_after=None
[2024-05-05 09:59:46,334] {processor.py:161} INFO - Processing /opt/conda/lib/python3.8/site-packages/airflow/example_dags/example_time_delta_sensor_async.py took 0.071 seconds
[2024-05-05 10:00:24,998] {processor.py:153} INFO - Started process (PID=1978) to work on /opt/conda/lib/python3.8/site-packages/airflow/example_dags/example_time_delta_sensor_async.py
[2024-05-05 10:00:25,000] {processor.py:641} INFO - Processing file /opt/conda/lib/python3.8/site-packages/airflow/example_dags/example_time_delta_sensor_async.py for tasks to queue
[2024-05-05 10:00:25,000] {logging_mixin.py:115} INFO - [2024-05-05 10:00:25,000] {dagbag.py:508} INFO - Filling up the DagBag from /opt/conda/lib/python3.8/site-packages/airflow/example_dags/example_time_delta_sensor_async.py
[2024-05-05 10:00:25,005] {processor.py:651} INFO - DAG(s) dict_keys(['example_time_delta_sensor_async']) retrieved from /opt/conda/lib/python3.8/site-packages/airflow/example_dags/example_time_delta_sensor_async.py
[2024-05-05 10:00:25,039] {logging_mixin.py:115} INFO - [2024-05-05 10:00:25,038] {dag.py:2420} INFO - Sync 1 DAGs
[2024-05-05 10:00:25,056] {logging_mixin.py:115} INFO - [2024-05-05 10:00:25,056] {dag.py:2968} INFO - Setting next_dagrun for example_time_delta_sensor_async to None, run_after=None
[2024-05-05 10:00:25,077] {processor.py:161} INFO - Processing /opt/conda/lib/python3.8/site-packages/airflow/example_dags/example_time_delta_sensor_async.py took 0.081 seconds
[2024-05-05 10:01:03,182] {processor.py:153} INFO - Started process (PID=2040) to work on /opt/conda/lib/python3.8/site-packages/airflow/example_dags/example_time_delta_sensor_async.py
[2024-05-05 10:01:03,183] {processor.py:641} INFO - Processing file /opt/conda/lib/python3.8/site-packages/airflow/example_dags/example_time_delta_sensor_async.py for tasks to queue
[2024-05-05 10:01:03,184] {logging_mixin.py:115} INFO - [2024-05-05 10:01:03,184] {dagbag.py:508} INFO - Filling up the DagBag from /opt/conda/lib/python3.8/site-packages/airflow/example_dags/example_time_delta_sensor_async.py
[2024-05-05 10:01:03,189] {processor.py:651} INFO - DAG(s) dict_keys(['example_time_delta_sensor_async']) retrieved from /opt/conda/lib/python3.8/site-packages/airflow/example_dags/example_time_delta_sensor_async.py
[2024-05-05 10:01:03,217] {logging_mixin.py:115} INFO - [2024-05-05 10:01:03,217] {dag.py:2420} INFO - Sync 1 DAGs
[2024-05-05 10:01:03,230] {logging_mixin.py:115} INFO - [2024-05-05 10:01:03,230] {dag.py:2968} INFO - Setting next_dagrun for example_time_delta_sensor_async to None, run_after=None
[2024-05-05 10:01:03,250] {processor.py:161} INFO - Processing /opt/conda/lib/python3.8/site-packages/airflow/example_dags/example_time_delta_sensor_async.py took 0.071 seconds
[2024-05-05 10:01:41,357] {processor.py:153} INFO - Started process (PID=2094) to work on /opt/conda/lib/python3.8/site-packages/airflow/example_dags/example_time_delta_sensor_async.py
[2024-05-05 10:01:41,358] {processor.py:641} INFO - Processing file /opt/conda/lib/python3.8/site-packages/airflow/example_dags/example_time_delta_sensor_async.py for tasks to queue
[2024-05-05 10:01:41,359] {logging_mixin.py:115} INFO - [2024-05-05 10:01:41,359] {dagbag.py:508} INFO - Filling up the DagBag from /opt/conda/lib/python3.8/site-packages/airflow/example_dags/example_time_delta_sensor_async.py
[2024-05-05 10:01:41,364] {processor.py:651} INFO - DAG(s) dict_keys(['example_time_delta_sensor_async']) retrieved from /opt/conda/lib/python3.8/site-packages/airflow/example_dags/example_time_delta_sensor_async.py
[2024-05-05 10:01:41,393] {logging_mixin.py:115} INFO - [2024-05-05 10:01:41,393] {dag.py:2420} INFO - Sync 1 DAGs
[2024-05-05 10:01:41,406] {logging_mixin.py:115} INFO - [2024-05-05 10:01:41,406] {dag.py:2968} INFO - Setting next_dagrun for example_time_delta_sensor_async to None, run_after=None
[2024-05-05 10:01:41,425] {processor.py:161} INFO - Processing /opt/conda/lib/python3.8/site-packages/airflow/example_dags/example_time_delta_sensor_async.py took 0.071 seconds
[2024-05-05 10:02:16,337] {processor.py:153} INFO - Started process (PID=2145) to work on /opt/conda/lib/python3.8/site-packages/airflow/example_dags/example_time_delta_sensor_async.py
[2024-05-05 10:02:16,339] {processor.py:641} INFO - Processing file /opt/conda/lib/python3.8/site-packages/airflow/example_dags/example_time_delta_sensor_async.py for tasks to queue
[2024-05-05 10:02:16,340] {logging_mixin.py:115} INFO - [2024-05-05 10:02:16,340] {dagbag.py:508} INFO - Filling up the DagBag from /opt/conda/lib/python3.8/site-packages/airflow/example_dags/example_time_delta_sensor_async.py
[2024-05-05 10:02:16,345] {processor.py:651} INFO - DAG(s) dict_keys(['example_time_delta_sensor_async']) retrieved from /opt/conda/lib/python3.8/site-packages/airflow/example_dags/example_time_delta_sensor_async.py
[2024-05-05 10:02:16,379] {logging_mixin.py:115} INFO - [2024-05-05 10:02:16,379] {dag.py:2420} INFO - Sync 1 DAGs
[2024-05-05 10:02:16,396] {logging_mixin.py:115} INFO - [2024-05-05 10:02:16,396] {dag.py:2968} INFO - Setting next_dagrun for example_time_delta_sensor_async to None, run_after=None
[2024-05-05 10:02:16,418] {processor.py:161} INFO - Processing /opt/conda/lib/python3.8/site-packages/airflow/example_dags/example_time_delta_sensor_async.py took 0.084 seconds
[2024-05-05 10:02:49,527] {processor.py:153} INFO - Started process (PID=2196) to work on /opt/conda/lib/python3.8/site-packages/airflow/example_dags/example_time_delta_sensor_async.py
[2024-05-05 10:02:49,528] {processor.py:641} INFO - Processing file /opt/conda/lib/python3.8/site-packages/airflow/example_dags/example_time_delta_sensor_async.py for tasks to queue
[2024-05-05 10:02:49,529] {logging_mixin.py:115} INFO - [2024-05-05 10:02:49,529] {dagbag.py:508} INFO - Filling up the DagBag from /opt/conda/lib/python3.8/site-packages/airflow/example_dags/example_time_delta_sensor_async.py
[2024-05-05 10:02:49,534] {processor.py:651} INFO - DAG(s) dict_keys(['example_time_delta_sensor_async']) retrieved from /opt/conda/lib/python3.8/site-packages/airflow/example_dags/example_time_delta_sensor_async.py
[2024-05-05 10:02:49,568] {logging_mixin.py:115} INFO - [2024-05-05 10:02:49,568] {dag.py:2420} INFO - Sync 1 DAGs
[2024-05-05 10:02:49,585] {logging_mixin.py:115} INFO - [2024-05-05 10:02:49,585] {dag.py:2968} INFO - Setting next_dagrun for example_time_delta_sensor_async to None, run_after=None
[2024-05-05 10:02:49,609] {processor.py:161} INFO - Processing /opt/conda/lib/python3.8/site-packages/airflow/example_dags/example_time_delta_sensor_async.py took 0.085 seconds
[2024-05-05 10:03:24,776] {processor.py:153} INFO - Started process (PID=2247) to work on /opt/conda/lib/python3.8/site-packages/airflow/example_dags/example_time_delta_sensor_async.py
[2024-05-05 10:03:24,778] {processor.py:641} INFO - Processing file /opt/conda/lib/python3.8/site-packages/airflow/example_dags/example_time_delta_sensor_async.py for tasks to queue
[2024-05-05 10:03:24,778] {logging_mixin.py:115} INFO - [2024-05-05 10:03:24,778] {dagbag.py:508} INFO - Filling up the DagBag from /opt/conda/lib/python3.8/site-packages/airflow/example_dags/example_time_delta_sensor_async.py
[2024-05-05 10:03:24,783] {processor.py:651} INFO - DAG(s) dict_keys(['example_time_delta_sensor_async']) retrieved from /opt/conda/lib/python3.8/site-packages/airflow/example_dags/example_time_delta_sensor_async.py
[2024-05-05 10:03:24,810] {logging_mixin.py:115} INFO - [2024-05-05 10:03:24,810] {dag.py:2420} INFO - Sync 1 DAGs
[2024-05-05 10:03:24,823] {logging_mixin.py:115} INFO - [2024-05-05 10:03:24,823] {dag.py:2968} INFO - Setting next_dagrun for example_time_delta_sensor_async to None, run_after=None
[2024-05-05 10:03:24,841] {processor.py:161} INFO - Processing /opt/conda/lib/python3.8/site-packages/airflow/example_dags/example_time_delta_sensor_async.py took 0.068 seconds
[2024-05-05 10:04:00,325] {processor.py:153} INFO - Started process (PID=2298) to work on /opt/conda/lib/python3.8/site-packages/airflow/example_dags/example_time_delta_sensor_async.py
[2024-05-05 10:04:00,326] {processor.py:641} INFO - Processing file /opt/conda/lib/python3.8/site-packages/airflow/example_dags/example_time_delta_sensor_async.py for tasks to queue
[2024-05-05 10:04:00,327] {logging_mixin.py:115} INFO - [2024-05-05 10:04:00,327] {dagbag.py:508} INFO - Filling up the DagBag from /opt/conda/lib/python3.8/site-packages/airflow/example_dags/example_time_delta_sensor_async.py
[2024-05-05 10:04:00,332] {processor.py:651} INFO - DAG(s) dict_keys(['example_time_delta_sensor_async']) retrieved from /opt/conda/lib/python3.8/site-packages/airflow/example_dags/example_time_delta_sensor_async.py
[2024-05-05 10:04:00,361] {logging_mixin.py:115} INFO - [2024-05-05 10:04:00,361] {dag.py:2420} INFO - Sync 1 DAGs
[2024-05-05 10:04:00,374] {logging_mixin.py:115} INFO - [2024-05-05 10:04:00,374] {dag.py:2968} INFO - Setting next_dagrun for example_time_delta_sensor_async to None, run_after=None
[2024-05-05 10:04:00,393] {processor.py:161} INFO - Processing /opt/conda/lib/python3.8/site-packages/airflow/example_dags/example_time_delta_sensor_async.py took 0.071 seconds
[2024-05-05 10:04:34,699] {processor.py:153} INFO - Started process (PID=2350) to work on /opt/conda/lib/python3.8/site-packages/airflow/example_dags/example_time_delta_sensor_async.py
[2024-05-05 10:04:34,700] {processor.py:641} INFO - Processing file /opt/conda/lib/python3.8/site-packages/airflow/example_dags/example_time_delta_sensor_async.py for tasks to queue
[2024-05-05 10:04:34,701] {logging_mixin.py:115} INFO - [2024-05-05 10:04:34,701] {dagbag.py:508} INFO - Filling up the DagBag from /opt/conda/lib/python3.8/site-packages/airflow/example_dags/example_time_delta_sensor_async.py
[2024-05-05 10:04:34,706] {processor.py:651} INFO - DAG(s) dict_keys(['example_time_delta_sensor_async']) retrieved from /opt/conda/lib/python3.8/site-packages/airflow/example_dags/example_time_delta_sensor_async.py
[2024-05-05 10:04:34,739] {logging_mixin.py:115} INFO - [2024-05-05 10:04:34,739] {dag.py:2420} INFO - Sync 1 DAGs
[2024-05-05 10:04:34,757] {logging_mixin.py:115} INFO - [2024-05-05 10:04:34,757] {dag.py:2968} INFO - Setting next_dagrun for example_time_delta_sensor_async to None, run_after=None
[2024-05-05 10:04:34,778] {processor.py:161} INFO - Processing /opt/conda/lib/python3.8/site-packages/airflow/example_dags/example_time_delta_sensor_async.py took 0.082 seconds
[2024-05-05 10:05:10,456] {processor.py:153} INFO - Started process (PID=2402) to work on /opt/conda/lib/python3.8/site-packages/airflow/example_dags/example_time_delta_sensor_async.py
[2024-05-05 10:05:10,457] {processor.py:641} INFO - Processing file /opt/conda/lib/python3.8/site-packages/airflow/example_dags/example_time_delta_sensor_async.py for tasks to queue
[2024-05-05 10:05:10,458] {logging_mixin.py:115} INFO - [2024-05-05 10:05:10,458] {dagbag.py:508} INFO - Filling up the DagBag from /opt/conda/lib/python3.8/site-packages/airflow/example_dags/example_time_delta_sensor_async.py
[2024-05-05 10:05:10,463] {processor.py:651} INFO - DAG(s) dict_keys(['example_time_delta_sensor_async']) retrieved from /opt/conda/lib/python3.8/site-packages/airflow/example_dags/example_time_delta_sensor_async.py
[2024-05-05 10:05:10,498] {logging_mixin.py:115} INFO - [2024-05-05 10:05:10,498] {dag.py:2420} INFO - Sync 1 DAGs
[2024-05-05 10:05:10,512] {logging_mixin.py:115} INFO - [2024-05-05 10:05:10,511] {dag.py:2968} INFO - Setting next_dagrun for example_time_delta_sensor_async to None, run_after=None
[2024-05-05 10:05:10,530] {processor.py:161} INFO - Processing /opt/conda/lib/python3.8/site-packages/airflow/example_dags/example_time_delta_sensor_async.py took 0.078 seconds
[2024-05-05 10:05:46,834] {processor.py:153} INFO - Started process (PID=2453) to work on /opt/conda/lib/python3.8/site-packages/airflow/example_dags/example_time_delta_sensor_async.py
[2024-05-05 10:05:46,835] {processor.py:641} INFO - Processing file /opt/conda/lib/python3.8/site-packages/airflow/example_dags/example_time_delta_sensor_async.py for tasks to queue
[2024-05-05 10:05:46,836] {logging_mixin.py:115} INFO - [2024-05-05 10:05:46,836] {dagbag.py:508} INFO - Filling up the DagBag from /opt/conda/lib/python3.8/site-packages/airflow/example_dags/example_time_delta_sensor_async.py
[2024-05-05 10:05:46,841] {processor.py:651} INFO - DAG(s) dict_keys(['example_time_delta_sensor_async']) retrieved from /opt/conda/lib/python3.8/site-packages/airflow/example_dags/example_time_delta_sensor_async.py
[2024-05-05 10:05:46,869] {logging_mixin.py:115} INFO - [2024-05-05 10:05:46,869] {dag.py:2420} INFO - Sync 1 DAGs
[2024-05-05 10:05:46,883] {logging_mixin.py:115} INFO - [2024-05-05 10:05:46,882] {dag.py:2968} INFO - Setting next_dagrun for example_time_delta_sensor_async to None, run_after=None
[2024-05-05 10:05:46,906] {processor.py:161} INFO - Processing /opt/conda/lib/python3.8/site-packages/airflow/example_dags/example_time_delta_sensor_async.py took 0.076 seconds
[2024-05-05 10:06:25,314] {processor.py:153} INFO - Started process (PID=2515) to work on /opt/conda/lib/python3.8/site-packages/airflow/example_dags/example_time_delta_sensor_async.py
[2024-05-05 10:06:25,316] {processor.py:641} INFO - Processing file /opt/conda/lib/python3.8/site-packages/airflow/example_dags/example_time_delta_sensor_async.py for tasks to queue
[2024-05-05 10:06:25,316] {logging_mixin.py:115} INFO - [2024-05-05 10:06:25,316] {dagbag.py:508} INFO - Filling up the DagBag from /opt/conda/lib/python3.8/site-packages/airflow/example_dags/example_time_delta_sensor_async.py
[2024-05-05 10:06:25,321] {processor.py:651} INFO - DAG(s) dict_keys(['example_time_delta_sensor_async']) retrieved from /opt/conda/lib/python3.8/site-packages/airflow/example_dags/example_time_delta_sensor_async.py
[2024-05-05 10:06:25,350] {logging_mixin.py:115} INFO - [2024-05-05 10:06:25,349] {dag.py:2420} INFO - Sync 1 DAGs
[2024-05-05 10:06:25,362] {logging_mixin.py:115} INFO - [2024-05-05 10:06:25,362] {dag.py:2968} INFO - Setting next_dagrun for example_time_delta_sensor_async to None, run_after=None
[2024-05-05 10:06:25,381] {processor.py:161} INFO - Processing /opt/conda/lib/python3.8/site-packages/airflow/example_dags/example_time_delta_sensor_async.py took 0.070 seconds
[2024-05-05 10:07:01,150] {processor.py:153} INFO - Started process (PID=2567) to work on /opt/conda/lib/python3.8/site-packages/airflow/example_dags/example_time_delta_sensor_async.py
[2024-05-05 10:07:01,151] {processor.py:641} INFO - Processing file /opt/conda/lib/python3.8/site-packages/airflow/example_dags/example_time_delta_sensor_async.py for tasks to queue
[2024-05-05 10:07:01,152] {logging_mixin.py:115} INFO - [2024-05-05 10:07:01,152] {dagbag.py:508} INFO - Filling up the DagBag from /opt/conda/lib/python3.8/site-packages/airflow/example_dags/example_time_delta_sensor_async.py
[2024-05-05 10:07:01,157] {processor.py:651} INFO - DAG(s) dict_keys(['example_time_delta_sensor_async']) retrieved from /opt/conda/lib/python3.8/site-packages/airflow/example_dags/example_time_delta_sensor_async.py
[2024-05-05 10:07:01,185] {logging_mixin.py:115} INFO - [2024-05-05 10:07:01,185] {dag.py:2420} INFO - Sync 1 DAGs
[2024-05-05 10:07:01,198] {logging_mixin.py:115} INFO - [2024-05-05 10:07:01,198] {dag.py:2968} INFO - Setting next_dagrun for example_time_delta_sensor_async to None, run_after=None
[2024-05-05 10:07:01,216] {processor.py:161} INFO - Processing /opt/conda/lib/python3.8/site-packages/airflow/example_dags/example_time_delta_sensor_async.py took 0.069 seconds
[2024-05-05 10:07:36,069] {processor.py:153} INFO - Started process (PID=2638) to work on /opt/conda/lib/python3.8/site-packages/airflow/example_dags/example_time_delta_sensor_async.py
[2024-05-05 10:07:36,071] {processor.py:641} INFO - Processing file /opt/conda/lib/python3.8/site-packages/airflow/example_dags/example_time_delta_sensor_async.py for tasks to queue
[2024-05-05 10:07:36,071] {logging_mixin.py:115} INFO - [2024-05-05 10:07:36,071] {dagbag.py:508} INFO - Filling up the DagBag from /opt/conda/lib/python3.8/site-packages/airflow/example_dags/example_time_delta_sensor_async.py
[2024-05-05 10:07:36,076] {processor.py:651} INFO - DAG(s) dict_keys(['example_time_delta_sensor_async']) retrieved from /opt/conda/lib/python3.8/site-packages/airflow/example_dags/example_time_delta_sensor_async.py
[2024-05-05 10:07:36,105] {logging_mixin.py:115} INFO - [2024-05-05 10:07:36,105] {dag.py:2420} INFO - Sync 1 DAGs
[2024-05-05 10:07:36,118] {logging_mixin.py:115} INFO - [2024-05-05 10:07:36,118] {dag.py:2968} INFO - Setting next_dagrun for example_time_delta_sensor_async to None, run_after=None
[2024-05-05 10:07:36,136] {processor.py:161} INFO - Processing /opt/conda/lib/python3.8/site-packages/airflow/example_dags/example_time_delta_sensor_async.py took 0.070 seconds
[2024-05-05 10:08:12,917] {processor.py:153} INFO - Started process (PID=2691) to work on /opt/conda/lib/python3.8/site-packages/airflow/example_dags/example_time_delta_sensor_async.py
[2024-05-05 10:08:12,919] {processor.py:641} INFO - Processing file /opt/conda/lib/python3.8/site-packages/airflow/example_dags/example_time_delta_sensor_async.py for tasks to queue
[2024-05-05 10:08:12,919] {logging_mixin.py:115} INFO - [2024-05-05 10:08:12,919] {dagbag.py:508} INFO - Filling up the DagBag from /opt/conda/lib/python3.8/site-packages/airflow/example_dags/example_time_delta_sensor_async.py
[2024-05-05 10:08:12,924] {processor.py:651} INFO - DAG(s) dict_keys(['example_time_delta_sensor_async']) retrieved from /opt/conda/lib/python3.8/site-packages/airflow/example_dags/example_time_delta_sensor_async.py
[2024-05-05 10:08:12,953] {logging_mixin.py:115} INFO - [2024-05-05 10:08:12,953] {dag.py:2420} INFO - Sync 1 DAGs
[2024-05-05 10:08:12,966] {logging_mixin.py:115} INFO - [2024-05-05 10:08:12,966] {dag.py:2968} INFO - Setting next_dagrun for example_time_delta_sensor_async to None, run_after=None
[2024-05-05 10:08:12,984] {processor.py:161} INFO - Processing /opt/conda/lib/python3.8/site-packages/airflow/example_dags/example_time_delta_sensor_async.py took 0.070 seconds
[2024-05-05 10:08:53,063] {processor.py:153} INFO - Started process (PID=2753) to work on /opt/conda/lib/python3.8/site-packages/airflow/example_dags/example_time_delta_sensor_async.py
[2024-05-05 10:08:53,064] {processor.py:641} INFO - Processing file /opt/conda/lib/python3.8/site-packages/airflow/example_dags/example_time_delta_sensor_async.py for tasks to queue
[2024-05-05 10:08:53,065] {logging_mixin.py:115} INFO - [2024-05-05 10:08:53,065] {dagbag.py:508} INFO - Filling up the DagBag from /opt/conda/lib/python3.8/site-packages/airflow/example_dags/example_time_delta_sensor_async.py
[2024-05-05 10:08:53,070] {processor.py:651} INFO - DAG(s) dict_keys(['example_time_delta_sensor_async']) retrieved from /opt/conda/lib/python3.8/site-packages/airflow/example_dags/example_time_delta_sensor_async.py
[2024-05-05 10:08:53,103] {logging_mixin.py:115} INFO - [2024-05-05 10:08:53,103] {dag.py:2420} INFO - Sync 1 DAGs
[2024-05-05 10:08:53,120] {logging_mixin.py:115} INFO - [2024-05-05 10:08:53,120] {dag.py:2968} INFO - Setting next_dagrun for example_time_delta_sensor_async to None, run_after=None
[2024-05-05 10:08:53,143] {processor.py:161} INFO - Processing /opt/conda/lib/python3.8/site-packages/airflow/example_dags/example_time_delta_sensor_async.py took 0.083 seconds
[2024-05-05 10:09:33,618] {processor.py:153} INFO - Started process (PID=2807) to work on /opt/conda/lib/python3.8/site-packages/airflow/example_dags/example_time_delta_sensor_async.py
[2024-05-05 10:09:33,619] {processor.py:641} INFO - Processing file /opt/conda/lib/python3.8/site-packages/airflow/example_dags/example_time_delta_sensor_async.py for tasks to queue
[2024-05-05 10:09:33,620] {logging_mixin.py:115} INFO - [2024-05-05 10:09:33,620] {dagbag.py:508} INFO - Filling up the DagBag from /opt/conda/lib/python3.8/site-packages/airflow/example_dags/example_time_delta_sensor_async.py
[2024-05-05 10:09:33,626] {processor.py:651} INFO - DAG(s) dict_keys(['example_time_delta_sensor_async']) retrieved from /opt/conda/lib/python3.8/site-packages/airflow/example_dags/example_time_delta_sensor_async.py
[2024-05-05 10:09:33,659] {logging_mixin.py:115} INFO - [2024-05-05 10:09:33,659] {dag.py:2420} INFO - Sync 1 DAGs
[2024-05-05 10:09:33,677] {logging_mixin.py:115} INFO - [2024-05-05 10:09:33,677] {dag.py:2968} INFO - Setting next_dagrun for example_time_delta_sensor_async to None, run_after=None
[2024-05-05 10:09:33,698] {processor.py:161} INFO - Processing /opt/conda/lib/python3.8/site-packages/airflow/example_dags/example_time_delta_sensor_async.py took 0.083 seconds
[2024-05-05 10:10:13,674] {processor.py:153} INFO - Started process (PID=2863) to work on /opt/conda/lib/python3.8/site-packages/airflow/example_dags/example_time_delta_sensor_async.py
[2024-05-05 10:10:13,675] {processor.py:641} INFO - Processing file /opt/conda/lib/python3.8/site-packages/airflow/example_dags/example_time_delta_sensor_async.py for tasks to queue
[2024-05-05 10:10:13,676] {logging_mixin.py:115} INFO - [2024-05-05 10:10:13,676] {dagbag.py:508} INFO - Filling up the DagBag from /opt/conda/lib/python3.8/site-packages/airflow/example_dags/example_time_delta_sensor_async.py
[2024-05-05 10:10:13,681] {processor.py:651} INFO - DAG(s) dict_keys(['example_time_delta_sensor_async']) retrieved from /opt/conda/lib/python3.8/site-packages/airflow/example_dags/example_time_delta_sensor_async.py
[2024-05-05 10:10:13,709] {logging_mixin.py:115} INFO - [2024-05-05 10:10:13,709] {dag.py:2420} INFO - Sync 1 DAGs
[2024-05-05 10:10:13,722] {logging_mixin.py:115} INFO - [2024-05-05 10:10:13,722] {dag.py:2968} INFO - Setting next_dagrun for example_time_delta_sensor_async to None, run_after=None
[2024-05-05 10:10:13,743] {processor.py:161} INFO - Processing /opt/conda/lib/python3.8/site-packages/airflow/example_dags/example_time_delta_sensor_async.py took 0.071 seconds
[2024-05-05 10:10:50,903] {processor.py:153} INFO - Started process (PID=2924) to work on /opt/conda/lib/python3.8/site-packages/airflow/example_dags/example_time_delta_sensor_async.py
[2024-05-05 10:10:50,904] {processor.py:641} INFO - Processing file /opt/conda/lib/python3.8/site-packages/airflow/example_dags/example_time_delta_sensor_async.py for tasks to queue
[2024-05-05 10:10:50,905] {logging_mixin.py:115} INFO - [2024-05-05 10:10:50,904] {dagbag.py:508} INFO - Filling up the DagBag from /opt/conda/lib/python3.8/site-packages/airflow/example_dags/example_time_delta_sensor_async.py
[2024-05-05 10:10:50,910] {processor.py:651} INFO - DAG(s) dict_keys(['example_time_delta_sensor_async']) retrieved from /opt/conda/lib/python3.8/site-packages/airflow/example_dags/example_time_delta_sensor_async.py
[2024-05-05 10:10:50,942] {logging_mixin.py:115} INFO - [2024-05-05 10:10:50,942] {dag.py:2420} INFO - Sync 1 DAGs
[2024-05-05 10:10:50,955] {logging_mixin.py:115} INFO - [2024-05-05 10:10:50,955] {dag.py:2968} INFO - Setting next_dagrun for example_time_delta_sensor_async to None, run_after=None
[2024-05-05 10:10:50,975] {processor.py:161} INFO - Processing /opt/conda/lib/python3.8/site-packages/airflow/example_dags/example_time_delta_sensor_async.py took 0.076 seconds
[2024-05-05 10:11:25,283] {processor.py:153} INFO - Started process (PID=2975) to work on /opt/conda/lib/python3.8/site-packages/airflow/example_dags/example_time_delta_sensor_async.py
[2024-05-05 10:11:25,284] {processor.py:641} INFO - Processing file /opt/conda/lib/python3.8/site-packages/airflow/example_dags/example_time_delta_sensor_async.py for tasks to queue
[2024-05-05 10:11:25,285] {logging_mixin.py:115} INFO - [2024-05-05 10:11:25,285] {dagbag.py:508} INFO - Filling up the DagBag from /opt/conda/lib/python3.8/site-packages/airflow/example_dags/example_time_delta_sensor_async.py
[2024-05-05 10:11:25,290] {processor.py:651} INFO - DAG(s) dict_keys(['example_time_delta_sensor_async']) retrieved from /opt/conda/lib/python3.8/site-packages/airflow/example_dags/example_time_delta_sensor_async.py
[2024-05-05 10:11:25,318] {logging_mixin.py:115} INFO - [2024-05-05 10:11:25,318] {dag.py:2420} INFO - Sync 1 DAGs
[2024-05-05 10:11:25,331] {logging_mixin.py:115} INFO - [2024-05-05 10:11:25,331] {dag.py:2968} INFO - Setting next_dagrun for example_time_delta_sensor_async to None, run_after=None
[2024-05-05 10:11:25,350] {processor.py:161} INFO - Processing /opt/conda/lib/python3.8/site-packages/airflow/example_dags/example_time_delta_sensor_async.py took 0.070 seconds
[2024-05-05 10:12:03,151] {processor.py:153} INFO - Started process (PID=3027) to work on /opt/conda/lib/python3.8/site-packages/airflow/example_dags/example_time_delta_sensor_async.py
[2024-05-05 10:12:03,152] {processor.py:641} INFO - Processing file /opt/conda/lib/python3.8/site-packages/airflow/example_dags/example_time_delta_sensor_async.py for tasks to queue
[2024-05-05 10:12:03,153] {logging_mixin.py:115} INFO - [2024-05-05 10:12:03,152] {dagbag.py:508} INFO - Filling up the DagBag from /opt/conda/lib/python3.8/site-packages/airflow/example_dags/example_time_delta_sensor_async.py
[2024-05-05 10:12:03,158] {processor.py:651} INFO - DAG(s) dict_keys(['example_time_delta_sensor_async']) retrieved from /opt/conda/lib/python3.8/site-packages/airflow/example_dags/example_time_delta_sensor_async.py
[2024-05-05 10:12:03,191] {logging_mixin.py:115} INFO - [2024-05-05 10:12:03,191] {dag.py:2420} INFO - Sync 1 DAGs
[2024-05-05 10:12:03,209] {logging_mixin.py:115} INFO - [2024-05-05 10:12:03,209] {dag.py:2968} INFO - Setting next_dagrun for example_time_delta_sensor_async to None, run_after=None
[2024-05-05 10:12:03,229] {processor.py:161} INFO - Processing /opt/conda/lib/python3.8/site-packages/airflow/example_dags/example_time_delta_sensor_async.py took 0.082 seconds
[2024-05-05 10:12:42,783] {processor.py:153} INFO - Started process (PID=3091) to work on /opt/conda/lib/python3.8/site-packages/airflow/example_dags/example_time_delta_sensor_async.py
[2024-05-05 10:12:42,784] {processor.py:641} INFO - Processing file /opt/conda/lib/python3.8/site-packages/airflow/example_dags/example_time_delta_sensor_async.py for tasks to queue
[2024-05-05 10:12:42,785] {logging_mixin.py:115} INFO - [2024-05-05 10:12:42,785] {dagbag.py:508} INFO - Filling up the DagBag from /opt/conda/lib/python3.8/site-packages/airflow/example_dags/example_time_delta_sensor_async.py
[2024-05-05 10:12:42,790] {processor.py:651} INFO - DAG(s) dict_keys(['example_time_delta_sensor_async']) retrieved from /opt/conda/lib/python3.8/site-packages/airflow/example_dags/example_time_delta_sensor_async.py
[2024-05-05 10:12:42,824] {logging_mixin.py:115} INFO - [2024-05-05 10:12:42,824] {dag.py:2420} INFO - Sync 1 DAGs
[2024-05-05 10:12:42,841] {logging_mixin.py:115} INFO - [2024-05-05 10:12:42,841] {dag.py:2968} INFO - Setting next_dagrun for example_time_delta_sensor_async to None, run_after=None
[2024-05-05 10:12:42,860] {processor.py:161} INFO - Processing /opt/conda/lib/python3.8/site-packages/airflow/example_dags/example_time_delta_sensor_async.py took 0.080 seconds
[2024-05-05 10:13:23,768] {processor.py:153} INFO - Started process (PID=3146) to work on /opt/conda/lib/python3.8/site-packages/airflow/example_dags/example_time_delta_sensor_async.py
[2024-05-05 10:13:23,769] {processor.py:641} INFO - Processing file /opt/conda/lib/python3.8/site-packages/airflow/example_dags/example_time_delta_sensor_async.py for tasks to queue
[2024-05-05 10:13:23,770] {logging_mixin.py:115} INFO - [2024-05-05 10:13:23,770] {dagbag.py:508} INFO - Filling up the DagBag from /opt/conda/lib/python3.8/site-packages/airflow/example_dags/example_time_delta_sensor_async.py
[2024-05-05 10:13:23,775] {processor.py:651} INFO - DAG(s) dict_keys(['example_time_delta_sensor_async']) retrieved from /opt/conda/lib/python3.8/site-packages/airflow/example_dags/example_time_delta_sensor_async.py
[2024-05-05 10:13:23,809] {logging_mixin.py:115} INFO - [2024-05-05 10:13:23,809] {dag.py:2420} INFO - Sync 1 DAGs
[2024-05-05 10:13:23,823] {logging_mixin.py:115} INFO - [2024-05-05 10:13:23,823] {dag.py:2968} INFO - Setting next_dagrun for example_time_delta_sensor_async to None, run_after=None
[2024-05-05 10:13:23,842] {processor.py:161} INFO - Processing /opt/conda/lib/python3.8/site-packages/airflow/example_dags/example_time_delta_sensor_async.py took 0.078 seconds
[2024-05-05 10:14:02,547] {processor.py:153} INFO - Started process (PID=3198) to work on /opt/conda/lib/python3.8/site-packages/airflow/example_dags/example_time_delta_sensor_async.py
[2024-05-05 10:14:02,548] {processor.py:641} INFO - Processing file /opt/conda/lib/python3.8/site-packages/airflow/example_dags/example_time_delta_sensor_async.py for tasks to queue
[2024-05-05 10:14:02,549] {logging_mixin.py:115} INFO - [2024-05-05 10:14:02,549] {dagbag.py:508} INFO - Filling up the DagBag from /opt/conda/lib/python3.8/site-packages/airflow/example_dags/example_time_delta_sensor_async.py
[2024-05-05 10:14:02,554] {processor.py:651} INFO - DAG(s) dict_keys(['example_time_delta_sensor_async']) retrieved from /opt/conda/lib/python3.8/site-packages/airflow/example_dags/example_time_delta_sensor_async.py
[2024-05-05 10:14:02,584] {logging_mixin.py:115} INFO - [2024-05-05 10:14:02,584] {dag.py:2420} INFO - Sync 1 DAGs
[2024-05-05 10:14:02,598] {logging_mixin.py:115} INFO - [2024-05-05 10:14:02,598] {dag.py:2968} INFO - Setting next_dagrun for example_time_delta_sensor_async to None, run_after=None
[2024-05-05 10:14:02,633] {processor.py:161} INFO - Processing /opt/conda/lib/python3.8/site-packages/airflow/example_dags/example_time_delta_sensor_async.py took 0.089 seconds
[2024-05-05 10:14:44,796] {processor.py:153} INFO - Started process (PID=3255) to work on /opt/conda/lib/python3.8/site-packages/airflow/example_dags/example_time_delta_sensor_async.py
[2024-05-05 10:14:44,797] {processor.py:641} INFO - Processing file /opt/conda/lib/python3.8/site-packages/airflow/example_dags/example_time_delta_sensor_async.py for tasks to queue
[2024-05-05 10:14:44,798] {logging_mixin.py:115} INFO - [2024-05-05 10:14:44,797] {dagbag.py:508} INFO - Filling up the DagBag from /opt/conda/lib/python3.8/site-packages/airflow/example_dags/example_time_delta_sensor_async.py
[2024-05-05 10:14:44,803] {processor.py:651} INFO - DAG(s) dict_keys(['example_time_delta_sensor_async']) retrieved from /opt/conda/lib/python3.8/site-packages/airflow/example_dags/example_time_delta_sensor_async.py
[2024-05-05 10:14:44,837] {logging_mixin.py:115} INFO - [2024-05-05 10:14:44,837] {dag.py:2420} INFO - Sync 1 DAGs
[2024-05-05 10:14:44,854] {logging_mixin.py:115} INFO - [2024-05-05 10:14:44,854] {dag.py:2968} INFO - Setting next_dagrun for example_time_delta_sensor_async to None, run_after=None
[2024-05-05 10:14:44,874] {processor.py:161} INFO - Processing /opt/conda/lib/python3.8/site-packages/airflow/example_dags/example_time_delta_sensor_async.py took 0.082 seconds
[2024-05-05 10:15:24,885] {processor.py:153} INFO - Started process (PID=3317) to work on /opt/conda/lib/python3.8/site-packages/airflow/example_dags/example_time_delta_sensor_async.py
[2024-05-05 10:15:24,887] {processor.py:641} INFO - Processing file /opt/conda/lib/python3.8/site-packages/airflow/example_dags/example_time_delta_sensor_async.py for tasks to queue
[2024-05-05 10:15:24,888] {logging_mixin.py:115} INFO - [2024-05-05 10:15:24,887] {dagbag.py:508} INFO - Filling up the DagBag from /opt/conda/lib/python3.8/site-packages/airflow/example_dags/example_time_delta_sensor_async.py
[2024-05-05 10:15:24,893] {processor.py:651} INFO - DAG(s) dict_keys(['example_time_delta_sensor_async']) retrieved from /opt/conda/lib/python3.8/site-packages/airflow/example_dags/example_time_delta_sensor_async.py
[2024-05-05 10:15:24,926] {logging_mixin.py:115} INFO - [2024-05-05 10:15:24,926] {dag.py:2420} INFO - Sync 1 DAGs
[2024-05-05 10:15:24,943] {logging_mixin.py:115} INFO - [2024-05-05 10:15:24,943] {dag.py:2968} INFO - Setting next_dagrun for example_time_delta_sensor_async to None, run_after=None
[2024-05-05 10:15:24,965] {processor.py:161} INFO - Processing /opt/conda/lib/python3.8/site-packages/airflow/example_dags/example_time_delta_sensor_async.py took 0.083 seconds
[2024-05-05 10:16:02,727] {processor.py:153} INFO - Started process (PID=3378) to work on /opt/conda/lib/python3.8/site-packages/airflow/example_dags/example_time_delta_sensor_async.py
[2024-05-05 10:16:02,728] {processor.py:641} INFO - Processing file /opt/conda/lib/python3.8/site-packages/airflow/example_dags/example_time_delta_sensor_async.py for tasks to queue
[2024-05-05 10:16:02,729] {logging_mixin.py:115} INFO - [2024-05-05 10:16:02,729] {dagbag.py:508} INFO - Filling up the DagBag from /opt/conda/lib/python3.8/site-packages/airflow/example_dags/example_time_delta_sensor_async.py
[2024-05-05 10:16:02,734] {processor.py:651} INFO - DAG(s) dict_keys(['example_time_delta_sensor_async']) retrieved from /opt/conda/lib/python3.8/site-packages/airflow/example_dags/example_time_delta_sensor_async.py
[2024-05-05 10:16:02,764] {logging_mixin.py:115} INFO - [2024-05-05 10:16:02,764] {dag.py:2420} INFO - Sync 1 DAGs
[2024-05-05 10:16:02,778] {logging_mixin.py:115} INFO - [2024-05-05 10:16:02,778] {dag.py:2968} INFO - Setting next_dagrun for example_time_delta_sensor_async to None, run_after=None
[2024-05-05 10:16:02,798] {processor.py:161} INFO - Processing /opt/conda/lib/python3.8/site-packages/airflow/example_dags/example_time_delta_sensor_async.py took 0.074 seconds
[2024-05-05 10:16:38,298] {processor.py:153} INFO - Started process (PID=3430) to work on /opt/conda/lib/python3.8/site-packages/airflow/example_dags/example_time_delta_sensor_async.py
[2024-05-05 10:16:38,299] {processor.py:641} INFO - Processing file /opt/conda/lib/python3.8/site-packages/airflow/example_dags/example_time_delta_sensor_async.py for tasks to queue
[2024-05-05 10:16:38,300] {logging_mixin.py:115} INFO - [2024-05-05 10:16:38,300] {dagbag.py:508} INFO - Filling up the DagBag from /opt/conda/lib/python3.8/site-packages/airflow/example_dags/example_time_delta_sensor_async.py
[2024-05-05 10:16:38,305] {processor.py:651} INFO - DAG(s) dict_keys(['example_time_delta_sensor_async']) retrieved from /opt/conda/lib/python3.8/site-packages/airflow/example_dags/example_time_delta_sensor_async.py
[2024-05-05 10:16:38,339] {logging_mixin.py:115} INFO - [2024-05-05 10:16:38,339] {dag.py:2420} INFO - Sync 1 DAGs
[2024-05-05 10:16:38,354] {logging_mixin.py:115} INFO - [2024-05-05 10:16:38,354] {dag.py:2968} INFO - Setting next_dagrun for example_time_delta_sensor_async to None, run_after=None
[2024-05-05 10:16:38,374] {processor.py:161} INFO - Processing /opt/conda/lib/python3.8/site-packages/airflow/example_dags/example_time_delta_sensor_async.py took 0.080 seconds
[2024-05-05 10:17:15,045] {processor.py:153} INFO - Started process (PID=3483) to work on /opt/conda/lib/python3.8/site-packages/airflow/example_dags/example_time_delta_sensor_async.py
[2024-05-05 10:17:15,046] {processor.py:641} INFO - Processing file /opt/conda/lib/python3.8/site-packages/airflow/example_dags/example_time_delta_sensor_async.py for tasks to queue
[2024-05-05 10:17:15,047] {logging_mixin.py:115} INFO - [2024-05-05 10:17:15,047] {dagbag.py:508} INFO - Filling up the DagBag from /opt/conda/lib/python3.8/site-packages/airflow/example_dags/example_time_delta_sensor_async.py
[2024-05-05 10:17:15,052] {processor.py:651} INFO - DAG(s) dict_keys(['example_time_delta_sensor_async']) retrieved from /opt/conda/lib/python3.8/site-packages/airflow/example_dags/example_time_delta_sensor_async.py
[2024-05-05 10:17:15,079] {logging_mixin.py:115} INFO - [2024-05-05 10:17:15,079] {dag.py:2420} INFO - Sync 1 DAGs
[2024-05-05 10:17:15,092] {logging_mixin.py:115} INFO - [2024-05-05 10:17:15,092] {dag.py:2968} INFO - Setting next_dagrun for example_time_delta_sensor_async to None, run_after=None
[2024-05-05 10:17:15,115] {processor.py:161} INFO - Processing /opt/conda/lib/python3.8/site-packages/airflow/example_dags/example_time_delta_sensor_async.py took 0.073 seconds
[2024-05-05 10:17:56,463] {processor.py:153} INFO - Started process (PID=3538) to work on /opt/conda/lib/python3.8/site-packages/airflow/example_dags/example_time_delta_sensor_async.py
[2024-05-05 10:17:56,464] {processor.py:641} INFO - Processing file /opt/conda/lib/python3.8/site-packages/airflow/example_dags/example_time_delta_sensor_async.py for tasks to queue
[2024-05-05 10:17:56,465] {logging_mixin.py:115} INFO - [2024-05-05 10:17:56,465] {dagbag.py:508} INFO - Filling up the DagBag from /opt/conda/lib/python3.8/site-packages/airflow/example_dags/example_time_delta_sensor_async.py
[2024-05-05 10:17:56,470] {processor.py:651} INFO - DAG(s) dict_keys(['example_time_delta_sensor_async']) retrieved from /opt/conda/lib/python3.8/site-packages/airflow/example_dags/example_time_delta_sensor_async.py
[2024-05-05 10:17:56,504] {logging_mixin.py:115} INFO - [2024-05-05 10:17:56,503] {dag.py:2420} INFO - Sync 1 DAGs
[2024-05-05 10:17:56,521] {logging_mixin.py:115} INFO - [2024-05-05 10:17:56,521] {dag.py:2968} INFO - Setting next_dagrun for example_time_delta_sensor_async to None, run_after=None
[2024-05-05 10:17:56,546] {processor.py:161} INFO - Processing /opt/conda/lib/python3.8/site-packages/airflow/example_dags/example_time_delta_sensor_async.py took 0.087 seconds
[2024-05-05 10:18:35,586] {processor.py:153} INFO - Started process (PID=3595) to work on /opt/conda/lib/python3.8/site-packages/airflow/example_dags/example_time_delta_sensor_async.py
[2024-05-05 10:18:35,587] {processor.py:641} INFO - Processing file /opt/conda/lib/python3.8/site-packages/airflow/example_dags/example_time_delta_sensor_async.py for tasks to queue
[2024-05-05 10:18:35,588] {logging_mixin.py:115} INFO - [2024-05-05 10:18:35,588] {dagbag.py:508} INFO - Filling up the DagBag from /opt/conda/lib/python3.8/site-packages/airflow/example_dags/example_time_delta_sensor_async.py
[2024-05-05 10:18:35,593] {processor.py:651} INFO - DAG(s) dict_keys(['example_time_delta_sensor_async']) retrieved from /opt/conda/lib/python3.8/site-packages/airflow/example_dags/example_time_delta_sensor_async.py
[2024-05-05 10:18:35,626] {logging_mixin.py:115} INFO - [2024-05-05 10:18:35,626] {dag.py:2420} INFO - Sync 1 DAGs
[2024-05-05 10:18:35,641] {logging_mixin.py:115} INFO - [2024-05-05 10:18:35,640] {dag.py:2968} INFO - Setting next_dagrun for example_time_delta_sensor_async to None, run_after=None
[2024-05-05 10:18:35,660] {processor.py:161} INFO - Processing /opt/conda/lib/python3.8/site-packages/airflow/example_dags/example_time_delta_sensor_async.py took 0.077 seconds
