[2024-05-05 09:48:40,223] {processor.py:153} INFO - Started process (PID=938) to work on /opt/conda/lib/python3.8/site-packages/airflow/example_dags/example_trigger_controller_dag.py
[2024-05-05 09:48:40,223] {processor.py:641} INFO - Processing file /opt/conda/lib/python3.8/site-packages/airflow/example_dags/example_trigger_controller_dag.py for tasks to queue
[2024-05-05 09:48:40,224] {logging_mixin.py:115} INFO - [2024-05-05 09:48:40,224] {dagbag.py:508} INFO - Filling up the DagBag from /opt/conda/lib/python3.8/site-packages/airflow/example_dags/example_trigger_controller_dag.py
[2024-05-05 09:48:40,227] {processor.py:651} INFO - DAG(s) dict_keys(['example_trigger_controller_dag']) retrieved from /opt/conda/lib/python3.8/site-packages/airflow/example_dags/example_trigger_controller_dag.py
[2024-05-05 09:48:40,418] {logging_mixin.py:115} INFO - [2024-05-05 09:48:40,418] {manager.py:508} INFO - Created Permission View: can read on DAG:example_trigger_controller_dag
[2024-05-05 09:48:40,445] {logging_mixin.py:115} INFO - [2024-05-05 09:48:40,445] {manager.py:508} INFO - Created Permission View: can edit on DAG:example_trigger_controller_dag
[2024-05-05 09:48:40,461] {logging_mixin.py:115} INFO - [2024-05-05 09:48:40,461] {manager.py:508} INFO - Created Permission View: can delete on DAG:example_trigger_controller_dag
[2024-05-05 09:48:40,461] {logging_mixin.py:115} INFO - [2024-05-05 09:48:40,461] {dag.py:2420} INFO - Sync 1 DAGs
[2024-05-05 09:48:40,469] {logging_mixin.py:115} INFO - [2024-05-05 09:48:40,469] {dag.py:2439} INFO - Creating ORM DAG for example_trigger_controller_dag
[2024-05-05 09:48:40,479] {logging_mixin.py:115} INFO - [2024-05-05 09:48:40,479] {dag.py:2968} INFO - Setting next_dagrun for example_trigger_controller_dag to 2021-01-01T00:00:00+00:00, run_after=2021-01-01T00:00:00+00:00
[2024-05-05 09:48:40,505] {processor.py:161} INFO - Processing /opt/conda/lib/python3.8/site-packages/airflow/example_dags/example_trigger_controller_dag.py took 0.285 seconds
[2024-05-05 09:49:25,907] {processor.py:153} INFO - Started process (PID=990) to work on /opt/conda/lib/python3.8/site-packages/airflow/example_dags/example_trigger_controller_dag.py
[2024-05-05 09:49:25,908] {processor.py:641} INFO - Processing file /opt/conda/lib/python3.8/site-packages/airflow/example_dags/example_trigger_controller_dag.py for tasks to queue
[2024-05-05 09:49:25,909] {logging_mixin.py:115} INFO - [2024-05-05 09:49:25,909] {dagbag.py:508} INFO - Filling up the DagBag from /opt/conda/lib/python3.8/site-packages/airflow/example_dags/example_trigger_controller_dag.py
[2024-05-05 09:49:25,912] {processor.py:651} INFO - DAG(s) dict_keys(['example_trigger_controller_dag']) retrieved from /opt/conda/lib/python3.8/site-packages/airflow/example_dags/example_trigger_controller_dag.py
[2024-05-05 09:49:27,171] {logging_mixin.py:115} INFO - [2024-05-05 09:49:27,171] {dag.py:2420} INFO - Sync 1 DAGs
[2024-05-05 09:49:27,739] {logging_mixin.py:115} INFO - [2024-05-05 09:49:27,739] {dag.py:2968} INFO - Setting next_dagrun for example_trigger_controller_dag to 2021-01-01T00:00:00+00:00, run_after=2021-01-01T00:00:00+00:00
[2024-05-05 09:49:27,798] {processor.py:161} INFO - Processing /opt/conda/lib/python3.8/site-packages/airflow/example_dags/example_trigger_controller_dag.py took 1.894 seconds
[2024-05-05 09:50:09,866] {processor.py:153} INFO - Started process (PID=1042) to work on /opt/conda/lib/python3.8/site-packages/airflow/example_dags/example_trigger_controller_dag.py
[2024-05-05 09:50:09,867] {processor.py:641} INFO - Processing file /opt/conda/lib/python3.8/site-packages/airflow/example_dags/example_trigger_controller_dag.py for tasks to queue
[2024-05-05 09:50:09,868] {logging_mixin.py:115} INFO - [2024-05-05 09:50:09,867] {dagbag.py:508} INFO - Filling up the DagBag from /opt/conda/lib/python3.8/site-packages/airflow/example_dags/example_trigger_controller_dag.py
[2024-05-05 09:50:09,871] {processor.py:651} INFO - DAG(s) dict_keys(['example_trigger_controller_dag']) retrieved from /opt/conda/lib/python3.8/site-packages/airflow/example_dags/example_trigger_controller_dag.py
[2024-05-05 09:50:09,888] {logging_mixin.py:115} INFO - [2024-05-05 09:50:09,888] {dag.py:2420} INFO - Sync 1 DAGs
[2024-05-05 09:50:10,008] {logging_mixin.py:115} INFO - [2024-05-05 09:50:10,008] {dag.py:2968} INFO - Setting next_dagrun for example_trigger_controller_dag to 2021-01-01T00:00:00+00:00, run_after=2021-01-01T00:00:00+00:00
[2024-05-05 09:50:10,030] {processor.py:161} INFO - Processing /opt/conda/lib/python3.8/site-packages/airflow/example_dags/example_trigger_controller_dag.py took 0.167 seconds
[2024-05-05 09:52:21,534] {processor.py:153} INFO - Started process (PID=1347) to work on /opt/conda/lib/python3.8/site-packages/airflow/example_dags/example_trigger_controller_dag.py
[2024-05-05 09:52:21,536] {processor.py:641} INFO - Processing file /opt/conda/lib/python3.8/site-packages/airflow/example_dags/example_trigger_controller_dag.py for tasks to queue
[2024-05-05 09:52:21,536] {logging_mixin.py:115} INFO - [2024-05-05 09:52:21,536] {dagbag.py:508} INFO - Filling up the DagBag from /opt/conda/lib/python3.8/site-packages/airflow/example_dags/example_trigger_controller_dag.py
[2024-05-05 09:52:21,539] {processor.py:651} INFO - DAG(s) dict_keys(['example_trigger_controller_dag']) retrieved from /opt/conda/lib/python3.8/site-packages/airflow/example_dags/example_trigger_controller_dag.py
[2024-05-05 09:52:21,556] {logging_mixin.py:115} INFO - [2024-05-05 09:52:21,556] {dag.py:2420} INFO - Sync 1 DAGs
[2024-05-05 09:52:21,675] {logging_mixin.py:115} INFO - [2024-05-05 09:52:21,675] {dag.py:2968} INFO - Setting next_dagrun for example_trigger_controller_dag to 2021-01-01T00:00:00+00:00, run_after=2021-01-01T00:00:00+00:00
[2024-05-05 09:52:21,695] {processor.py:161} INFO - Processing /opt/conda/lib/python3.8/site-packages/airflow/example_dags/example_trigger_controller_dag.py took 0.163 seconds
[2024-05-05 09:53:06,490] {processor.py:153} INFO - Started process (PID=1399) to work on /opt/conda/lib/python3.8/site-packages/airflow/example_dags/example_trigger_controller_dag.py
[2024-05-05 09:53:06,492] {processor.py:641} INFO - Processing file /opt/conda/lib/python3.8/site-packages/airflow/example_dags/example_trigger_controller_dag.py for tasks to queue
[2024-05-05 09:53:06,492] {logging_mixin.py:115} INFO - [2024-05-05 09:53:06,492] {dagbag.py:508} INFO - Filling up the DagBag from /opt/conda/lib/python3.8/site-packages/airflow/example_dags/example_trigger_controller_dag.py
[2024-05-05 09:53:06,495] {processor.py:651} INFO - DAG(s) dict_keys(['example_trigger_controller_dag']) retrieved from /opt/conda/lib/python3.8/site-packages/airflow/example_dags/example_trigger_controller_dag.py
[2024-05-05 09:53:06,514] {logging_mixin.py:115} INFO - [2024-05-05 09:53:06,514] {dag.py:2420} INFO - Sync 1 DAGs
[2024-05-05 09:53:06,654] {logging_mixin.py:115} INFO - [2024-05-05 09:53:06,654] {dag.py:2968} INFO - Setting next_dagrun for example_trigger_controller_dag to 2021-01-01T00:00:00+00:00, run_after=2021-01-01T00:00:00+00:00
[2024-05-05 09:53:06,679] {processor.py:161} INFO - Processing /opt/conda/lib/python3.8/site-packages/airflow/example_dags/example_trigger_controller_dag.py took 0.192 seconds
[2024-05-05 09:53:51,139] {processor.py:153} INFO - Started process (PID=1451) to work on /opt/conda/lib/python3.8/site-packages/airflow/example_dags/example_trigger_controller_dag.py
[2024-05-05 09:53:51,140] {processor.py:641} INFO - Processing file /opt/conda/lib/python3.8/site-packages/airflow/example_dags/example_trigger_controller_dag.py for tasks to queue
[2024-05-05 09:53:51,140] {logging_mixin.py:115} INFO - [2024-05-05 09:53:51,140] {dagbag.py:508} INFO - Filling up the DagBag from /opt/conda/lib/python3.8/site-packages/airflow/example_dags/example_trigger_controller_dag.py
[2024-05-05 09:53:51,143] {processor.py:651} INFO - DAG(s) dict_keys(['example_trigger_controller_dag']) retrieved from /opt/conda/lib/python3.8/site-packages/airflow/example_dags/example_trigger_controller_dag.py
[2024-05-05 09:53:51,269] {logging_mixin.py:115} INFO - [2024-05-05 09:53:51,269] {dag.py:2420} INFO - Sync 1 DAGs
[2024-05-05 09:53:51,280] {logging_mixin.py:115} INFO - [2024-05-05 09:53:51,279] {dag.py:2968} INFO - Setting next_dagrun for example_trigger_controller_dag to 2021-01-01T00:00:00+00:00, run_after=2021-01-01T00:00:00+00:00
[2024-05-05 09:53:51,366] {processor.py:161} INFO - Processing /opt/conda/lib/python3.8/site-packages/airflow/example_dags/example_trigger_controller_dag.py took 0.231 seconds
[2024-05-05 09:54:33,086] {processor.py:153} INFO - Started process (PID=1503) to work on /opt/conda/lib/python3.8/site-packages/airflow/example_dags/example_trigger_controller_dag.py
[2024-05-05 09:54:33,088] {processor.py:641} INFO - Processing file /opt/conda/lib/python3.8/site-packages/airflow/example_dags/example_trigger_controller_dag.py for tasks to queue
[2024-05-05 09:54:33,088] {logging_mixin.py:115} INFO - [2024-05-05 09:54:33,088] {dagbag.py:508} INFO - Filling up the DagBag from /opt/conda/lib/python3.8/site-packages/airflow/example_dags/example_trigger_controller_dag.py
[2024-05-05 09:54:33,091] {processor.py:651} INFO - DAG(s) dict_keys(['example_trigger_controller_dag']) retrieved from /opt/conda/lib/python3.8/site-packages/airflow/example_dags/example_trigger_controller_dag.py
[2024-05-05 09:54:33,242] {logging_mixin.py:115} INFO - [2024-05-05 09:54:33,242] {dag.py:2420} INFO - Sync 1 DAGs
[2024-05-05 09:54:33,254] {logging_mixin.py:115} INFO - [2024-05-05 09:54:33,254] {dag.py:2968} INFO - Setting next_dagrun for example_trigger_controller_dag to 2021-01-01T00:00:00+00:00, run_after=2021-01-01T00:00:00+00:00
[2024-05-05 09:54:33,271] {processor.py:161} INFO - Processing /opt/conda/lib/python3.8/site-packages/airflow/example_dags/example_trigger_controller_dag.py took 0.188 seconds
[2024-05-05 09:55:18,183] {processor.py:153} INFO - Started process (PID=1564) to work on /opt/conda/lib/python3.8/site-packages/airflow/example_dags/example_trigger_controller_dag.py
[2024-05-05 09:55:18,184] {processor.py:641} INFO - Processing file /opt/conda/lib/python3.8/site-packages/airflow/example_dags/example_trigger_controller_dag.py for tasks to queue
[2024-05-05 09:55:18,185] {logging_mixin.py:115} INFO - [2024-05-05 09:55:18,185] {dagbag.py:508} INFO - Filling up the DagBag from /opt/conda/lib/python3.8/site-packages/airflow/example_dags/example_trigger_controller_dag.py
[2024-05-05 09:55:18,188] {processor.py:651} INFO - DAG(s) dict_keys(['example_trigger_controller_dag']) retrieved from /opt/conda/lib/python3.8/site-packages/airflow/example_dags/example_trigger_controller_dag.py
[2024-05-05 09:55:18,309] {logging_mixin.py:115} INFO - [2024-05-05 09:55:18,309] {dag.py:2420} INFO - Sync 1 DAGs
[2024-05-05 09:55:18,320] {logging_mixin.py:115} INFO - [2024-05-05 09:55:18,320] {dag.py:2968} INFO - Setting next_dagrun for example_trigger_controller_dag to 2021-01-01T00:00:00+00:00, run_after=2021-01-01T00:00:00+00:00
[2024-05-05 09:55:18,340] {processor.py:161} INFO - Processing /opt/conda/lib/python3.8/site-packages/airflow/example_dags/example_trigger_controller_dag.py took 0.160 seconds
[2024-05-05 09:56:06,570] {processor.py:153} INFO - Started process (PID=1629) to work on /opt/conda/lib/python3.8/site-packages/airflow/example_dags/example_trigger_controller_dag.py
[2024-05-05 09:56:06,572] {processor.py:641} INFO - Processing file /opt/conda/lib/python3.8/site-packages/airflow/example_dags/example_trigger_controller_dag.py for tasks to queue
[2024-05-05 09:56:06,572] {logging_mixin.py:115} INFO - [2024-05-05 09:56:06,572] {dagbag.py:508} INFO - Filling up the DagBag from /opt/conda/lib/python3.8/site-packages/airflow/example_dags/example_trigger_controller_dag.py
[2024-05-05 09:56:06,575] {processor.py:651} INFO - DAG(s) dict_keys(['example_trigger_controller_dag']) retrieved from /opt/conda/lib/python3.8/site-packages/airflow/example_dags/example_trigger_controller_dag.py
[2024-05-05 09:56:06,699] {logging_mixin.py:115} INFO - [2024-05-05 09:56:06,698] {dag.py:2420} INFO - Sync 1 DAGs
[2024-05-05 09:56:06,710] {logging_mixin.py:115} INFO - [2024-05-05 09:56:06,710] {dag.py:2968} INFO - Setting next_dagrun for example_trigger_controller_dag to 2021-01-01T00:00:00+00:00, run_after=2021-01-01T00:00:00+00:00
[2024-05-05 09:56:06,729] {processor.py:161} INFO - Processing /opt/conda/lib/python3.8/site-packages/airflow/example_dags/example_trigger_controller_dag.py took 0.161 seconds
[2024-05-05 09:56:44,149] {processor.py:153} INFO - Started process (PID=1678) to work on /opt/conda/lib/python3.8/site-packages/airflow/example_dags/example_trigger_controller_dag.py
[2024-05-05 09:56:44,151] {processor.py:641} INFO - Processing file /opt/conda/lib/python3.8/site-packages/airflow/example_dags/example_trigger_controller_dag.py for tasks to queue
[2024-05-05 09:56:44,151] {logging_mixin.py:115} INFO - [2024-05-05 09:56:44,151] {dagbag.py:508} INFO - Filling up the DagBag from /opt/conda/lib/python3.8/site-packages/airflow/example_dags/example_trigger_controller_dag.py
[2024-05-05 09:56:44,154] {processor.py:651} INFO - DAG(s) dict_keys(['example_trigger_controller_dag']) retrieved from /opt/conda/lib/python3.8/site-packages/airflow/example_dags/example_trigger_controller_dag.py
[2024-05-05 09:56:44,302] {logging_mixin.py:115} INFO - [2024-05-05 09:56:44,302] {dag.py:2420} INFO - Sync 1 DAGs
[2024-05-05 09:56:44,317] {logging_mixin.py:115} INFO - [2024-05-05 09:56:44,317] {dag.py:2968} INFO - Setting next_dagrun for example_trigger_controller_dag to 2021-01-01T00:00:00+00:00, run_after=2021-01-01T00:00:00+00:00
[2024-05-05 09:56:44,340] {processor.py:161} INFO - Processing /opt/conda/lib/python3.8/site-packages/airflow/example_dags/example_trigger_controller_dag.py took 0.193 seconds
[2024-05-05 09:57:30,906] {processor.py:153} INFO - Started process (PID=1735) to work on /opt/conda/lib/python3.8/site-packages/airflow/example_dags/example_trigger_controller_dag.py
[2024-05-05 09:57:30,909] {processor.py:641} INFO - Processing file /opt/conda/lib/python3.8/site-packages/airflow/example_dags/example_trigger_controller_dag.py for tasks to queue
[2024-05-05 09:57:30,909] {logging_mixin.py:115} INFO - [2024-05-05 09:57:30,909] {dagbag.py:508} INFO - Filling up the DagBag from /opt/conda/lib/python3.8/site-packages/airflow/example_dags/example_trigger_controller_dag.py
[2024-05-05 09:57:30,912] {processor.py:651} INFO - DAG(s) dict_keys(['example_trigger_controller_dag']) retrieved from /opt/conda/lib/python3.8/site-packages/airflow/example_dags/example_trigger_controller_dag.py
[2024-05-05 09:57:31,035] {logging_mixin.py:115} INFO - [2024-05-05 09:57:31,035] {dag.py:2420} INFO - Sync 1 DAGs
[2024-05-05 09:57:31,046] {logging_mixin.py:115} INFO - [2024-05-05 09:57:31,046] {dag.py:2968} INFO - Setting next_dagrun for example_trigger_controller_dag to 2021-01-01T00:00:00+00:00, run_after=2021-01-01T00:00:00+00:00
[2024-05-05 09:57:31,066] {processor.py:161} INFO - Processing /opt/conda/lib/python3.8/site-packages/airflow/example_dags/example_trigger_controller_dag.py took 0.162 seconds
[2024-05-05 09:58:19,711] {processor.py:153} INFO - Started process (PID=1800) to work on /opt/conda/lib/python3.8/site-packages/airflow/example_dags/example_trigger_controller_dag.py
[2024-05-05 09:58:19,712] {processor.py:641} INFO - Processing file /opt/conda/lib/python3.8/site-packages/airflow/example_dags/example_trigger_controller_dag.py for tasks to queue
[2024-05-05 09:58:19,712] {logging_mixin.py:115} INFO - [2024-05-05 09:58:19,712] {dagbag.py:508} INFO - Filling up the DagBag from /opt/conda/lib/python3.8/site-packages/airflow/example_dags/example_trigger_controller_dag.py
[2024-05-05 09:58:19,716] {processor.py:651} INFO - DAG(s) dict_keys(['example_trigger_controller_dag']) retrieved from /opt/conda/lib/python3.8/site-packages/airflow/example_dags/example_trigger_controller_dag.py
[2024-05-05 09:58:19,732] {logging_mixin.py:115} INFO - [2024-05-05 09:58:19,732] {dag.py:2420} INFO - Sync 1 DAGs
[2024-05-05 09:58:19,750] {logging_mixin.py:115} INFO - [2024-05-05 09:58:19,750] {dag.py:2968} INFO - Setting next_dagrun for example_trigger_controller_dag to 2021-01-01T00:00:00+00:00, run_after=2021-01-01T00:00:00+00:00
[2024-05-05 09:58:19,771] {processor.py:161} INFO - Processing /opt/conda/lib/python3.8/site-packages/airflow/example_dags/example_trigger_controller_dag.py took 0.064 seconds
[2024-05-05 09:58:56,442] {processor.py:153} INFO - Started process (PID=1852) to work on /opt/conda/lib/python3.8/site-packages/airflow/example_dags/example_trigger_controller_dag.py
[2024-05-05 09:58:56,443] {processor.py:641} INFO - Processing file /opt/conda/lib/python3.8/site-packages/airflow/example_dags/example_trigger_controller_dag.py for tasks to queue
[2024-05-05 09:58:56,444] {logging_mixin.py:115} INFO - [2024-05-05 09:58:56,444] {dagbag.py:508} INFO - Filling up the DagBag from /opt/conda/lib/python3.8/site-packages/airflow/example_dags/example_trigger_controller_dag.py
[2024-05-05 09:58:56,447] {processor.py:651} INFO - DAG(s) dict_keys(['example_trigger_controller_dag']) retrieved from /opt/conda/lib/python3.8/site-packages/airflow/example_dags/example_trigger_controller_dag.py
[2024-05-05 09:58:56,463] {logging_mixin.py:115} INFO - [2024-05-05 09:58:56,463] {dag.py:2420} INFO - Sync 1 DAGs
[2024-05-05 09:58:56,480] {logging_mixin.py:115} INFO - [2024-05-05 09:58:56,480] {dag.py:2968} INFO - Setting next_dagrun for example_trigger_controller_dag to 2021-01-01T00:00:00+00:00, run_after=2021-01-01T00:00:00+00:00
[2024-05-05 09:58:56,501] {processor.py:161} INFO - Processing /opt/conda/lib/python3.8/site-packages/airflow/example_dags/example_trigger_controller_dag.py took 0.062 seconds
[2024-05-05 09:59:33,018] {processor.py:153} INFO - Started process (PID=1904) to work on /opt/conda/lib/python3.8/site-packages/airflow/example_dags/example_trigger_controller_dag.py
[2024-05-05 09:59:33,020] {processor.py:641} INFO - Processing file /opt/conda/lib/python3.8/site-packages/airflow/example_dags/example_trigger_controller_dag.py for tasks to queue
[2024-05-05 09:59:33,020] {logging_mixin.py:115} INFO - [2024-05-05 09:59:33,020] {dagbag.py:508} INFO - Filling up the DagBag from /opt/conda/lib/python3.8/site-packages/airflow/example_dags/example_trigger_controller_dag.py
[2024-05-05 09:59:33,023] {processor.py:651} INFO - DAG(s) dict_keys(['example_trigger_controller_dag']) retrieved from /opt/conda/lib/python3.8/site-packages/airflow/example_dags/example_trigger_controller_dag.py
[2024-05-05 09:59:33,038] {logging_mixin.py:115} INFO - [2024-05-05 09:59:33,038] {dag.py:2420} INFO - Sync 1 DAGs
[2024-05-05 09:59:33,052] {logging_mixin.py:115} INFO - [2024-05-05 09:59:33,052] {dag.py:2968} INFO - Setting next_dagrun for example_trigger_controller_dag to 2021-01-01T00:00:00+00:00, run_after=2021-01-01T00:00:00+00:00
[2024-05-05 09:59:33,072] {processor.py:161} INFO - Processing /opt/conda/lib/python3.8/site-packages/airflow/example_dags/example_trigger_controller_dag.py took 0.056 seconds
[2024-05-05 10:00:12,991] {processor.py:153} INFO - Started process (PID=1965) to work on /opt/conda/lib/python3.8/site-packages/airflow/example_dags/example_trigger_controller_dag.py
[2024-05-05 10:00:12,992] {processor.py:641} INFO - Processing file /opt/conda/lib/python3.8/site-packages/airflow/example_dags/example_trigger_controller_dag.py for tasks to queue
[2024-05-05 10:00:12,992] {logging_mixin.py:115} INFO - [2024-05-05 10:00:12,992] {dagbag.py:508} INFO - Filling up the DagBag from /opt/conda/lib/python3.8/site-packages/airflow/example_dags/example_trigger_controller_dag.py
[2024-05-05 10:00:12,995] {processor.py:651} INFO - DAG(s) dict_keys(['example_trigger_controller_dag']) retrieved from /opt/conda/lib/python3.8/site-packages/airflow/example_dags/example_trigger_controller_dag.py
[2024-05-05 10:00:13,012] {logging_mixin.py:115} INFO - [2024-05-05 10:00:13,012] {dag.py:2420} INFO - Sync 1 DAGs
[2024-05-05 10:00:13,029] {logging_mixin.py:115} INFO - [2024-05-05 10:00:13,029] {dag.py:2968} INFO - Setting next_dagrun for example_trigger_controller_dag to 2021-01-01T00:00:00+00:00, run_after=2021-01-01T00:00:00+00:00
[2024-05-05 10:00:13,051] {processor.py:161} INFO - Processing /opt/conda/lib/python3.8/site-packages/airflow/example_dags/example_trigger_controller_dag.py took 0.063 seconds
[2024-05-05 10:00:50,898] {processor.py:153} INFO - Started process (PID=2020) to work on /opt/conda/lib/python3.8/site-packages/airflow/example_dags/example_trigger_controller_dag.py
[2024-05-05 10:00:50,899] {processor.py:641} INFO - Processing file /opt/conda/lib/python3.8/site-packages/airflow/example_dags/example_trigger_controller_dag.py for tasks to queue
[2024-05-05 10:00:50,900] {logging_mixin.py:115} INFO - [2024-05-05 10:00:50,900] {dagbag.py:508} INFO - Filling up the DagBag from /opt/conda/lib/python3.8/site-packages/airflow/example_dags/example_trigger_controller_dag.py
[2024-05-05 10:00:50,903] {processor.py:651} INFO - DAG(s) dict_keys(['example_trigger_controller_dag']) retrieved from /opt/conda/lib/python3.8/site-packages/airflow/example_dags/example_trigger_controller_dag.py
[2024-05-05 10:00:50,919] {logging_mixin.py:115} INFO - [2024-05-05 10:00:50,919] {dag.py:2420} INFO - Sync 1 DAGs
[2024-05-05 10:00:50,937] {logging_mixin.py:115} INFO - [2024-05-05 10:00:50,937] {dag.py:2968} INFO - Setting next_dagrun for example_trigger_controller_dag to 2021-01-01T00:00:00+00:00, run_after=2021-01-01T00:00:00+00:00
[2024-05-05 10:00:50,957] {processor.py:161} INFO - Processing /opt/conda/lib/python3.8/site-packages/airflow/example_dags/example_trigger_controller_dag.py took 0.062 seconds
[2024-05-05 10:01:25,814] {processor.py:153} INFO - Started process (PID=2071) to work on /opt/conda/lib/python3.8/site-packages/airflow/example_dags/example_trigger_controller_dag.py
[2024-05-05 10:01:25,815] {processor.py:641} INFO - Processing file /opt/conda/lib/python3.8/site-packages/airflow/example_dags/example_trigger_controller_dag.py for tasks to queue
[2024-05-05 10:01:25,815] {logging_mixin.py:115} INFO - [2024-05-05 10:01:25,815] {dagbag.py:508} INFO - Filling up the DagBag from /opt/conda/lib/python3.8/site-packages/airflow/example_dags/example_trigger_controller_dag.py
[2024-05-05 10:01:25,818] {processor.py:651} INFO - DAG(s) dict_keys(['example_trigger_controller_dag']) retrieved from /opt/conda/lib/python3.8/site-packages/airflow/example_dags/example_trigger_controller_dag.py
[2024-05-05 10:01:25,833] {logging_mixin.py:115} INFO - [2024-05-05 10:01:25,833] {dag.py:2420} INFO - Sync 1 DAGs
[2024-05-05 10:01:25,848] {logging_mixin.py:115} INFO - [2024-05-05 10:01:25,847] {dag.py:2968} INFO - Setting next_dagrun for example_trigger_controller_dag to 2021-01-01T00:00:00+00:00, run_after=2021-01-01T00:00:00+00:00
[2024-05-05 10:01:25,868] {processor.py:161} INFO - Processing /opt/conda/lib/python3.8/site-packages/airflow/example_dags/example_trigger_controller_dag.py took 0.057 seconds
[2024-05-05 10:02:03,666] {processor.py:153} INFO - Started process (PID=2125) to work on /opt/conda/lib/python3.8/site-packages/airflow/example_dags/example_trigger_controller_dag.py
[2024-05-05 10:02:03,667] {processor.py:641} INFO - Processing file /opt/conda/lib/python3.8/site-packages/airflow/example_dags/example_trigger_controller_dag.py for tasks to queue
[2024-05-05 10:02:03,668] {logging_mixin.py:115} INFO - [2024-05-05 10:02:03,668] {dagbag.py:508} INFO - Filling up the DagBag from /opt/conda/lib/python3.8/site-packages/airflow/example_dags/example_trigger_controller_dag.py
[2024-05-05 10:02:03,671] {processor.py:651} INFO - DAG(s) dict_keys(['example_trigger_controller_dag']) retrieved from /opt/conda/lib/python3.8/site-packages/airflow/example_dags/example_trigger_controller_dag.py
[2024-05-05 10:02:03,686] {logging_mixin.py:115} INFO - [2024-05-05 10:02:03,686] {dag.py:2420} INFO - Sync 1 DAGs
[2024-05-05 10:02:03,701] {logging_mixin.py:115} INFO - [2024-05-05 10:02:03,701] {dag.py:2968} INFO - Setting next_dagrun for example_trigger_controller_dag to 2021-01-01T00:00:00+00:00, run_after=2021-01-01T00:00:00+00:00
[2024-05-05 10:02:03,723] {processor.py:161} INFO - Processing /opt/conda/lib/python3.8/site-packages/airflow/example_dags/example_trigger_controller_dag.py took 0.061 seconds
[2024-05-05 10:02:39,106] {processor.py:153} INFO - Started process (PID=2177) to work on /opt/conda/lib/python3.8/site-packages/airflow/example_dags/example_trigger_controller_dag.py
[2024-05-05 10:02:39,108] {processor.py:641} INFO - Processing file /opt/conda/lib/python3.8/site-packages/airflow/example_dags/example_trigger_controller_dag.py for tasks to queue
[2024-05-05 10:02:39,108] {logging_mixin.py:115} INFO - [2024-05-05 10:02:39,108] {dagbag.py:508} INFO - Filling up the DagBag from /opt/conda/lib/python3.8/site-packages/airflow/example_dags/example_trigger_controller_dag.py
[2024-05-05 10:02:39,111] {processor.py:651} INFO - DAG(s) dict_keys(['example_trigger_controller_dag']) retrieved from /opt/conda/lib/python3.8/site-packages/airflow/example_dags/example_trigger_controller_dag.py
[2024-05-05 10:02:39,126] {logging_mixin.py:115} INFO - [2024-05-05 10:02:39,126] {dag.py:2420} INFO - Sync 1 DAGs
[2024-05-05 10:02:39,140] {logging_mixin.py:115} INFO - [2024-05-05 10:02:39,140] {dag.py:2968} INFO - Setting next_dagrun for example_trigger_controller_dag to 2021-01-01T00:00:00+00:00, run_after=2021-01-01T00:00:00+00:00
[2024-05-05 10:02:39,164] {processor.py:161} INFO - Processing /opt/conda/lib/python3.8/site-packages/airflow/example_dags/example_trigger_controller_dag.py took 0.061 seconds
[2024-05-05 10:03:12,990] {processor.py:153} INFO - Started process (PID=2227) to work on /opt/conda/lib/python3.8/site-packages/airflow/example_dags/example_trigger_controller_dag.py
[2024-05-05 10:03:12,991] {processor.py:641} INFO - Processing file /opt/conda/lib/python3.8/site-packages/airflow/example_dags/example_trigger_controller_dag.py for tasks to queue
[2024-05-05 10:03:12,992] {logging_mixin.py:115} INFO - [2024-05-05 10:03:12,992] {dagbag.py:508} INFO - Filling up the DagBag from /opt/conda/lib/python3.8/site-packages/airflow/example_dags/example_trigger_controller_dag.py
[2024-05-05 10:03:12,995] {processor.py:651} INFO - DAG(s) dict_keys(['example_trigger_controller_dag']) retrieved from /opt/conda/lib/python3.8/site-packages/airflow/example_dags/example_trigger_controller_dag.py
[2024-05-05 10:03:13,010] {logging_mixin.py:115} INFO - [2024-05-05 10:03:13,010] {dag.py:2420} INFO - Sync 1 DAGs
[2024-05-05 10:03:13,024] {logging_mixin.py:115} INFO - [2024-05-05 10:03:13,024] {dag.py:2968} INFO - Setting next_dagrun for example_trigger_controller_dag to 2021-01-01T00:00:00+00:00, run_after=2021-01-01T00:00:00+00:00
[2024-05-05 10:03:13,043] {processor.py:161} INFO - Processing /opt/conda/lib/python3.8/site-packages/airflow/example_dags/example_trigger_controller_dag.py took 0.056 seconds
[2024-05-05 10:03:52,448] {processor.py:153} INFO - Started process (PID=2290) to work on /opt/conda/lib/python3.8/site-packages/airflow/example_dags/example_trigger_controller_dag.py
[2024-05-05 10:03:52,449] {processor.py:641} INFO - Processing file /opt/conda/lib/python3.8/site-packages/airflow/example_dags/example_trigger_controller_dag.py for tasks to queue
[2024-05-05 10:03:52,450] {logging_mixin.py:115} INFO - [2024-05-05 10:03:52,450] {dagbag.py:508} INFO - Filling up the DagBag from /opt/conda/lib/python3.8/site-packages/airflow/example_dags/example_trigger_controller_dag.py
[2024-05-05 10:03:52,453] {processor.py:651} INFO - DAG(s) dict_keys(['example_trigger_controller_dag']) retrieved from /opt/conda/lib/python3.8/site-packages/airflow/example_dags/example_trigger_controller_dag.py
[2024-05-05 10:03:52,470] {logging_mixin.py:115} INFO - [2024-05-05 10:03:52,470] {dag.py:2420} INFO - Sync 1 DAGs
[2024-05-05 10:03:52,485] {logging_mixin.py:115} INFO - [2024-05-05 10:03:52,485] {dag.py:2968} INFO - Setting next_dagrun for example_trigger_controller_dag to 2021-01-01T00:00:00+00:00, run_after=2021-01-01T00:00:00+00:00
[2024-05-05 10:03:52,506] {processor.py:161} INFO - Processing /opt/conda/lib/python3.8/site-packages/airflow/example_dags/example_trigger_controller_dag.py took 0.062 seconds
[2024-05-05 10:04:28,262] {processor.py:153} INFO - Started process (PID=2342) to work on /opt/conda/lib/python3.8/site-packages/airflow/example_dags/example_trigger_controller_dag.py
[2024-05-05 10:04:28,264] {processor.py:641} INFO - Processing file /opt/conda/lib/python3.8/site-packages/airflow/example_dags/example_trigger_controller_dag.py for tasks to queue
[2024-05-05 10:04:28,265] {logging_mixin.py:115} INFO - [2024-05-05 10:04:28,264] {dagbag.py:508} INFO - Filling up the DagBag from /opt/conda/lib/python3.8/site-packages/airflow/example_dags/example_trigger_controller_dag.py
[2024-05-05 10:04:28,268] {processor.py:651} INFO - DAG(s) dict_keys(['example_trigger_controller_dag']) retrieved from /opt/conda/lib/python3.8/site-packages/airflow/example_dags/example_trigger_controller_dag.py
[2024-05-05 10:04:28,283] {logging_mixin.py:115} INFO - [2024-05-05 10:04:28,282] {dag.py:2420} INFO - Sync 1 DAGs
[2024-05-05 10:04:28,297] {logging_mixin.py:115} INFO - [2024-05-05 10:04:28,297] {dag.py:2968} INFO - Setting next_dagrun for example_trigger_controller_dag to 2021-01-01T00:00:00+00:00, run_after=2021-01-01T00:00:00+00:00
[2024-05-05 10:04:28,319] {processor.py:161} INFO - Processing /opt/conda/lib/python3.8/site-packages/airflow/example_dags/example_trigger_controller_dag.py took 0.059 seconds
[2024-05-05 10:05:05,266] {processor.py:153} INFO - Started process (PID=2396) to work on /opt/conda/lib/python3.8/site-packages/airflow/example_dags/example_trigger_controller_dag.py
[2024-05-05 10:05:05,267] {processor.py:641} INFO - Processing file /opt/conda/lib/python3.8/site-packages/airflow/example_dags/example_trigger_controller_dag.py for tasks to queue
[2024-05-05 10:05:05,268] {logging_mixin.py:115} INFO - [2024-05-05 10:05:05,268] {dagbag.py:508} INFO - Filling up the DagBag from /opt/conda/lib/python3.8/site-packages/airflow/example_dags/example_trigger_controller_dag.py
[2024-05-05 10:05:05,271] {processor.py:651} INFO - DAG(s) dict_keys(['example_trigger_controller_dag']) retrieved from /opt/conda/lib/python3.8/site-packages/airflow/example_dags/example_trigger_controller_dag.py
[2024-05-05 10:05:05,289] {logging_mixin.py:115} INFO - [2024-05-05 10:05:05,289] {dag.py:2420} INFO - Sync 1 DAGs
[2024-05-05 10:05:05,307] {logging_mixin.py:115} INFO - [2024-05-05 10:05:05,307] {dag.py:2968} INFO - Setting next_dagrun for example_trigger_controller_dag to 2021-01-01T00:00:00+00:00, run_after=2021-01-01T00:00:00+00:00
[2024-05-05 10:05:05,326] {processor.py:161} INFO - Processing /opt/conda/lib/python3.8/site-packages/airflow/example_dags/example_trigger_controller_dag.py took 0.063 seconds
[2024-05-05 10:05:42,835] {processor.py:153} INFO - Started process (PID=2449) to work on /opt/conda/lib/python3.8/site-packages/airflow/example_dags/example_trigger_controller_dag.py
[2024-05-05 10:05:42,836] {processor.py:641} INFO - Processing file /opt/conda/lib/python3.8/site-packages/airflow/example_dags/example_trigger_controller_dag.py for tasks to queue
[2024-05-05 10:05:42,837] {logging_mixin.py:115} INFO - [2024-05-05 10:05:42,836] {dagbag.py:508} INFO - Filling up the DagBag from /opt/conda/lib/python3.8/site-packages/airflow/example_dags/example_trigger_controller_dag.py
[2024-05-05 10:05:42,840] {processor.py:651} INFO - DAG(s) dict_keys(['example_trigger_controller_dag']) retrieved from /opt/conda/lib/python3.8/site-packages/airflow/example_dags/example_trigger_controller_dag.py
[2024-05-05 10:05:42,856] {logging_mixin.py:115} INFO - [2024-05-05 10:05:42,856] {dag.py:2420} INFO - Sync 1 DAGs
[2024-05-05 10:05:42,874] {logging_mixin.py:115} INFO - [2024-05-05 10:05:42,874] {dag.py:2968} INFO - Setting next_dagrun for example_trigger_controller_dag to 2021-01-01T00:00:00+00:00, run_after=2021-01-01T00:00:00+00:00
[2024-05-05 10:05:42,895] {processor.py:161} INFO - Processing /opt/conda/lib/python3.8/site-packages/airflow/example_dags/example_trigger_controller_dag.py took 0.063 seconds
[2024-05-05 10:06:17,865] {processor.py:153} INFO - Started process (PID=2500) to work on /opt/conda/lib/python3.8/site-packages/airflow/example_dags/example_trigger_controller_dag.py
[2024-05-05 10:06:17,866] {processor.py:641} INFO - Processing file /opt/conda/lib/python3.8/site-packages/airflow/example_dags/example_trigger_controller_dag.py for tasks to queue
[2024-05-05 10:06:17,867] {logging_mixin.py:115} INFO - [2024-05-05 10:06:17,867] {dagbag.py:508} INFO - Filling up the DagBag from /opt/conda/lib/python3.8/site-packages/airflow/example_dags/example_trigger_controller_dag.py
[2024-05-05 10:06:17,870] {processor.py:651} INFO - DAG(s) dict_keys(['example_trigger_controller_dag']) retrieved from /opt/conda/lib/python3.8/site-packages/airflow/example_dags/example_trigger_controller_dag.py
[2024-05-05 10:06:17,885] {logging_mixin.py:115} INFO - [2024-05-05 10:06:17,885] {dag.py:2420} INFO - Sync 1 DAGs
[2024-05-05 10:06:17,900] {logging_mixin.py:115} INFO - [2024-05-05 10:06:17,900] {dag.py:2968} INFO - Setting next_dagrun for example_trigger_controller_dag to 2021-01-01T00:00:00+00:00, run_after=2021-01-01T00:00:00+00:00
[2024-05-05 10:06:17,918] {processor.py:161} INFO - Processing /opt/conda/lib/python3.8/site-packages/airflow/example_dags/example_trigger_controller_dag.py took 0.056 seconds
[2024-05-05 10:06:55,167] {processor.py:153} INFO - Started process (PID=2561) to work on /opt/conda/lib/python3.8/site-packages/airflow/example_dags/example_trigger_controller_dag.py
[2024-05-05 10:06:55,168] {processor.py:641} INFO - Processing file /opt/conda/lib/python3.8/site-packages/airflow/example_dags/example_trigger_controller_dag.py for tasks to queue
[2024-05-05 10:06:55,169] {logging_mixin.py:115} INFO - [2024-05-05 10:06:55,169] {dagbag.py:508} INFO - Filling up the DagBag from /opt/conda/lib/python3.8/site-packages/airflow/example_dags/example_trigger_controller_dag.py
[2024-05-05 10:06:55,172] {processor.py:651} INFO - DAG(s) dict_keys(['example_trigger_controller_dag']) retrieved from /opt/conda/lib/python3.8/site-packages/airflow/example_dags/example_trigger_controller_dag.py
[2024-05-05 10:06:55,188] {logging_mixin.py:115} INFO - [2024-05-05 10:06:55,188] {dag.py:2420} INFO - Sync 1 DAGs
[2024-05-05 10:06:55,206] {logging_mixin.py:115} INFO - [2024-05-05 10:06:55,206] {dag.py:2968} INFO - Setting next_dagrun for example_trigger_controller_dag to 2021-01-01T00:00:00+00:00, run_after=2021-01-01T00:00:00+00:00
[2024-05-05 10:06:55,227] {processor.py:161} INFO - Processing /opt/conda/lib/python3.8/site-packages/airflow/example_dags/example_trigger_controller_dag.py took 0.063 seconds
[2024-05-05 10:07:30,882] {processor.py:153} INFO - Started process (PID=2633) to work on /opt/conda/lib/python3.8/site-packages/airflow/example_dags/example_trigger_controller_dag.py
[2024-05-05 10:07:30,883] {processor.py:641} INFO - Processing file /opt/conda/lib/python3.8/site-packages/airflow/example_dags/example_trigger_controller_dag.py for tasks to queue
[2024-05-05 10:07:30,884] {logging_mixin.py:115} INFO - [2024-05-05 10:07:30,884] {dagbag.py:508} INFO - Filling up the DagBag from /opt/conda/lib/python3.8/site-packages/airflow/example_dags/example_trigger_controller_dag.py
[2024-05-05 10:07:30,887] {processor.py:651} INFO - DAG(s) dict_keys(['example_trigger_controller_dag']) retrieved from /opt/conda/lib/python3.8/site-packages/airflow/example_dags/example_trigger_controller_dag.py
[2024-05-05 10:07:30,902] {logging_mixin.py:115} INFO - [2024-05-05 10:07:30,902] {dag.py:2420} INFO - Sync 1 DAGs
[2024-05-05 10:07:30,916] {logging_mixin.py:115} INFO - [2024-05-05 10:07:30,916] {dag.py:2968} INFO - Setting next_dagrun for example_trigger_controller_dag to 2021-01-01T00:00:00+00:00, run_after=2021-01-01T00:00:00+00:00
[2024-05-05 10:07:30,934] {processor.py:161} INFO - Processing /opt/conda/lib/python3.8/site-packages/airflow/example_dags/example_trigger_controller_dag.py took 0.055 seconds
[2024-05-05 10:08:07,726] {processor.py:153} INFO - Started process (PID=2686) to work on /opt/conda/lib/python3.8/site-packages/airflow/example_dags/example_trigger_controller_dag.py
[2024-05-05 10:08:07,727] {processor.py:641} INFO - Processing file /opt/conda/lib/python3.8/site-packages/airflow/example_dags/example_trigger_controller_dag.py for tasks to queue
[2024-05-05 10:08:07,727] {logging_mixin.py:115} INFO - [2024-05-05 10:08:07,727] {dagbag.py:508} INFO - Filling up the DagBag from /opt/conda/lib/python3.8/site-packages/airflow/example_dags/example_trigger_controller_dag.py
[2024-05-05 10:08:07,730] {processor.py:651} INFO - DAG(s) dict_keys(['example_trigger_controller_dag']) retrieved from /opt/conda/lib/python3.8/site-packages/airflow/example_dags/example_trigger_controller_dag.py
[2024-05-05 10:08:07,745] {logging_mixin.py:115} INFO - [2024-05-05 10:08:07,745] {dag.py:2420} INFO - Sync 1 DAGs
[2024-05-05 10:08:07,760] {logging_mixin.py:115} INFO - [2024-05-05 10:08:07,760] {dag.py:2968} INFO - Setting next_dagrun for example_trigger_controller_dag to 2021-01-01T00:00:00+00:00, run_after=2021-01-01T00:00:00+00:00
[2024-05-05 10:08:07,778] {processor.py:161} INFO - Processing /opt/conda/lib/python3.8/site-packages/airflow/example_dags/example_trigger_controller_dag.py took 0.056 seconds
[2024-05-05 10:08:45,858] {processor.py:153} INFO - Started process (PID=2738) to work on /opt/conda/lib/python3.8/site-packages/airflow/example_dags/example_trigger_controller_dag.py
[2024-05-05 10:08:45,859] {processor.py:641} INFO - Processing file /opt/conda/lib/python3.8/site-packages/airflow/example_dags/example_trigger_controller_dag.py for tasks to queue
[2024-05-05 10:08:45,860] {logging_mixin.py:115} INFO - [2024-05-05 10:08:45,860] {dagbag.py:508} INFO - Filling up the DagBag from /opt/conda/lib/python3.8/site-packages/airflow/example_dags/example_trigger_controller_dag.py
[2024-05-05 10:08:45,863] {processor.py:651} INFO - DAG(s) dict_keys(['example_trigger_controller_dag']) retrieved from /opt/conda/lib/python3.8/site-packages/airflow/example_dags/example_trigger_controller_dag.py
[2024-05-05 10:08:45,879] {logging_mixin.py:115} INFO - [2024-05-05 10:08:45,879] {dag.py:2420} INFO - Sync 1 DAGs
[2024-05-05 10:08:45,897] {logging_mixin.py:115} INFO - [2024-05-05 10:08:45,897] {dag.py:2968} INFO - Setting next_dagrun for example_trigger_controller_dag to 2021-01-01T00:00:00+00:00, run_after=2021-01-01T00:00:00+00:00
[2024-05-05 10:08:45,918] {processor.py:161} INFO - Processing /opt/conda/lib/python3.8/site-packages/airflow/example_dags/example_trigger_controller_dag.py took 0.064 seconds
[2024-05-05 10:09:23,535] {processor.py:153} INFO - Started process (PID=2797) to work on /opt/conda/lib/python3.8/site-packages/airflow/example_dags/example_trigger_controller_dag.py
[2024-05-05 10:09:23,536] {processor.py:641} INFO - Processing file /opt/conda/lib/python3.8/site-packages/airflow/example_dags/example_trigger_controller_dag.py for tasks to queue
[2024-05-05 10:09:23,537] {logging_mixin.py:115} INFO - [2024-05-05 10:09:23,537] {dagbag.py:508} INFO - Filling up the DagBag from /opt/conda/lib/python3.8/site-packages/airflow/example_dags/example_trigger_controller_dag.py
[2024-05-05 10:09:23,540] {processor.py:651} INFO - DAG(s) dict_keys(['example_trigger_controller_dag']) retrieved from /opt/conda/lib/python3.8/site-packages/airflow/example_dags/example_trigger_controller_dag.py
[2024-05-05 10:09:23,556] {logging_mixin.py:115} INFO - [2024-05-05 10:09:23,556] {dag.py:2420} INFO - Sync 1 DAGs
[2024-05-05 10:09:23,573] {logging_mixin.py:115} INFO - [2024-05-05 10:09:23,573] {dag.py:2968} INFO - Setting next_dagrun for example_trigger_controller_dag to 2021-01-01T00:00:00+00:00, run_after=2021-01-01T00:00:00+00:00
[2024-05-05 10:09:23,593] {processor.py:161} INFO - Processing /opt/conda/lib/python3.8/site-packages/airflow/example_dags/example_trigger_controller_dag.py took 0.062 seconds
[2024-05-05 10:10:00,499] {processor.py:153} INFO - Started process (PID=2849) to work on /opt/conda/lib/python3.8/site-packages/airflow/example_dags/example_trigger_controller_dag.py
[2024-05-05 10:10:00,500] {processor.py:641} INFO - Processing file /opt/conda/lib/python3.8/site-packages/airflow/example_dags/example_trigger_controller_dag.py for tasks to queue
[2024-05-05 10:10:00,501] {logging_mixin.py:115} INFO - [2024-05-05 10:10:00,501] {dagbag.py:508} INFO - Filling up the DagBag from /opt/conda/lib/python3.8/site-packages/airflow/example_dags/example_trigger_controller_dag.py
[2024-05-05 10:10:00,504] {processor.py:651} INFO - DAG(s) dict_keys(['example_trigger_controller_dag']) retrieved from /opt/conda/lib/python3.8/site-packages/airflow/example_dags/example_trigger_controller_dag.py
[2024-05-05 10:10:00,520] {logging_mixin.py:115} INFO - [2024-05-05 10:10:00,520] {dag.py:2420} INFO - Sync 1 DAGs
[2024-05-05 10:10:00,538] {logging_mixin.py:115} INFO - [2024-05-05 10:10:00,538] {dag.py:2968} INFO - Setting next_dagrun for example_trigger_controller_dag to 2021-01-01T00:00:00+00:00, run_after=2021-01-01T00:00:00+00:00
[2024-05-05 10:10:00,559] {processor.py:161} INFO - Processing /opt/conda/lib/python3.8/site-packages/airflow/example_dags/example_trigger_controller_dag.py took 0.063 seconds
[2024-05-05 10:10:39,405] {processor.py:153} INFO - Started process (PID=2905) to work on /opt/conda/lib/python3.8/site-packages/airflow/example_dags/example_trigger_controller_dag.py
[2024-05-05 10:10:39,407] {processor.py:641} INFO - Processing file /opt/conda/lib/python3.8/site-packages/airflow/example_dags/example_trigger_controller_dag.py for tasks to queue
[2024-05-05 10:10:39,407] {logging_mixin.py:115} INFO - [2024-05-05 10:10:39,407] {dagbag.py:508} INFO - Filling up the DagBag from /opt/conda/lib/python3.8/site-packages/airflow/example_dags/example_trigger_controller_dag.py
[2024-05-05 10:10:39,410] {processor.py:651} INFO - DAG(s) dict_keys(['example_trigger_controller_dag']) retrieved from /opt/conda/lib/python3.8/site-packages/airflow/example_dags/example_trigger_controller_dag.py
[2024-05-05 10:10:39,427] {logging_mixin.py:115} INFO - [2024-05-05 10:10:39,427] {dag.py:2420} INFO - Sync 1 DAGs
[2024-05-05 10:10:39,444] {logging_mixin.py:115} INFO - [2024-05-05 10:10:39,444] {dag.py:2968} INFO - Setting next_dagrun for example_trigger_controller_dag to 2021-01-01T00:00:00+00:00, run_after=2021-01-01T00:00:00+00:00
[2024-05-05 10:10:39,465] {processor.py:161} INFO - Processing /opt/conda/lib/python3.8/site-packages/airflow/example_dags/example_trigger_controller_dag.py took 0.063 seconds
[2024-05-05 10:11:15,115] {processor.py:153} INFO - Started process (PID=2957) to work on /opt/conda/lib/python3.8/site-packages/airflow/example_dags/example_trigger_controller_dag.py
[2024-05-05 10:11:15,116] {processor.py:641} INFO - Processing file /opt/conda/lib/python3.8/site-packages/airflow/example_dags/example_trigger_controller_dag.py for tasks to queue
[2024-05-05 10:11:15,117] {logging_mixin.py:115} INFO - [2024-05-05 10:11:15,117] {dagbag.py:508} INFO - Filling up the DagBag from /opt/conda/lib/python3.8/site-packages/airflow/example_dags/example_trigger_controller_dag.py
[2024-05-05 10:11:15,120] {processor.py:651} INFO - DAG(s) dict_keys(['example_trigger_controller_dag']) retrieved from /opt/conda/lib/python3.8/site-packages/airflow/example_dags/example_trigger_controller_dag.py
[2024-05-05 10:11:15,136] {logging_mixin.py:115} INFO - [2024-05-05 10:11:15,136] {dag.py:2420} INFO - Sync 1 DAGs
[2024-05-05 10:11:15,154] {logging_mixin.py:115} INFO - [2024-05-05 10:11:15,154] {dag.py:2968} INFO - Setting next_dagrun for example_trigger_controller_dag to 2021-01-01T00:00:00+00:00, run_after=2021-01-01T00:00:00+00:00
[2024-05-05 10:11:15,175] {processor.py:161} INFO - Processing /opt/conda/lib/python3.8/site-packages/airflow/example_dags/example_trigger_controller_dag.py took 0.063 seconds
[2024-05-05 10:11:52,807] {processor.py:153} INFO - Started process (PID=3009) to work on /opt/conda/lib/python3.8/site-packages/airflow/example_dags/example_trigger_controller_dag.py
[2024-05-05 10:11:52,808] {processor.py:641} INFO - Processing file /opt/conda/lib/python3.8/site-packages/airflow/example_dags/example_trigger_controller_dag.py for tasks to queue
[2024-05-05 10:11:52,809] {logging_mixin.py:115} INFO - [2024-05-05 10:11:52,809] {dagbag.py:508} INFO - Filling up the DagBag from /opt/conda/lib/python3.8/site-packages/airflow/example_dags/example_trigger_controller_dag.py
[2024-05-05 10:11:52,812] {processor.py:651} INFO - DAG(s) dict_keys(['example_trigger_controller_dag']) retrieved from /opt/conda/lib/python3.8/site-packages/airflow/example_dags/example_trigger_controller_dag.py
[2024-05-05 10:11:52,829] {logging_mixin.py:115} INFO - [2024-05-05 10:11:52,829] {dag.py:2420} INFO - Sync 1 DAGs
[2024-05-05 10:11:52,845] {logging_mixin.py:115} INFO - [2024-05-05 10:11:52,845] {dag.py:2968} INFO - Setting next_dagrun for example_trigger_controller_dag to 2021-01-01T00:00:00+00:00, run_after=2021-01-01T00:00:00+00:00
[2024-05-05 10:11:52,863] {processor.py:161} INFO - Processing /opt/conda/lib/python3.8/site-packages/airflow/example_dags/example_trigger_controller_dag.py took 0.060 seconds
[2024-05-05 10:12:29,086] {processor.py:153} INFO - Started process (PID=3061) to work on /opt/conda/lib/python3.8/site-packages/airflow/example_dags/example_trigger_controller_dag.py
[2024-05-05 10:12:29,088] {processor.py:641} INFO - Processing file /opt/conda/lib/python3.8/site-packages/airflow/example_dags/example_trigger_controller_dag.py for tasks to queue
[2024-05-05 10:12:29,089] {logging_mixin.py:115} INFO - [2024-05-05 10:12:29,088] {dagbag.py:508} INFO - Filling up the DagBag from /opt/conda/lib/python3.8/site-packages/airflow/example_dags/example_trigger_controller_dag.py
[2024-05-05 10:12:29,092] {processor.py:651} INFO - DAG(s) dict_keys(['example_trigger_controller_dag']) retrieved from /opt/conda/lib/python3.8/site-packages/airflow/example_dags/example_trigger_controller_dag.py
[2024-05-05 10:12:29,107] {logging_mixin.py:115} INFO - [2024-05-05 10:12:29,107] {dag.py:2420} INFO - Sync 1 DAGs
[2024-05-05 10:12:29,125] {logging_mixin.py:115} INFO - [2024-05-05 10:12:29,125] {dag.py:2968} INFO - Setting next_dagrun for example_trigger_controller_dag to 2021-01-01T00:00:00+00:00, run_after=2021-01-01T00:00:00+00:00
[2024-05-05 10:12:29,146] {processor.py:161} INFO - Processing /opt/conda/lib/python3.8/site-packages/airflow/example_dags/example_trigger_controller_dag.py took 0.063 seconds
[2024-05-05 10:13:08,592] {processor.py:153} INFO - Started process (PID=3123) to work on /opt/conda/lib/python3.8/site-packages/airflow/example_dags/example_trigger_controller_dag.py
[2024-05-05 10:13:08,593] {processor.py:641} INFO - Processing file /opt/conda/lib/python3.8/site-packages/airflow/example_dags/example_trigger_controller_dag.py for tasks to queue
[2024-05-05 10:13:08,594] {logging_mixin.py:115} INFO - [2024-05-05 10:13:08,594] {dagbag.py:508} INFO - Filling up the DagBag from /opt/conda/lib/python3.8/site-packages/airflow/example_dags/example_trigger_controller_dag.py
[2024-05-05 10:13:08,597] {processor.py:651} INFO - DAG(s) dict_keys(['example_trigger_controller_dag']) retrieved from /opt/conda/lib/python3.8/site-packages/airflow/example_dags/example_trigger_controller_dag.py
[2024-05-05 10:13:08,615] {logging_mixin.py:115} INFO - [2024-05-05 10:13:08,615] {dag.py:2420} INFO - Sync 1 DAGs
[2024-05-05 10:13:08,633] {logging_mixin.py:115} INFO - [2024-05-05 10:13:08,633] {dag.py:2968} INFO - Setting next_dagrun for example_trigger_controller_dag to 2021-01-01T00:00:00+00:00, run_after=2021-01-01T00:00:00+00:00
[2024-05-05 10:13:08,655] {processor.py:161} INFO - Processing /opt/conda/lib/python3.8/site-packages/airflow/example_dags/example_trigger_controller_dag.py took 0.067 seconds
[2024-05-05 10:13:44,787] {processor.py:153} INFO - Started process (PID=3175) to work on /opt/conda/lib/python3.8/site-packages/airflow/example_dags/example_trigger_controller_dag.py
[2024-05-05 10:13:44,788] {processor.py:641} INFO - Processing file /opt/conda/lib/python3.8/site-packages/airflow/example_dags/example_trigger_controller_dag.py for tasks to queue
[2024-05-05 10:13:44,789] {logging_mixin.py:115} INFO - [2024-05-05 10:13:44,789] {dagbag.py:508} INFO - Filling up the DagBag from /opt/conda/lib/python3.8/site-packages/airflow/example_dags/example_trigger_controller_dag.py
[2024-05-05 10:13:44,792] {processor.py:651} INFO - DAG(s) dict_keys(['example_trigger_controller_dag']) retrieved from /opt/conda/lib/python3.8/site-packages/airflow/example_dags/example_trigger_controller_dag.py
[2024-05-05 10:13:44,807] {logging_mixin.py:115} INFO - [2024-05-05 10:13:44,807] {dag.py:2420} INFO - Sync 1 DAGs
[2024-05-05 10:13:44,821] {logging_mixin.py:115} INFO - [2024-05-05 10:13:44,821] {dag.py:2968} INFO - Setting next_dagrun for example_trigger_controller_dag to 2021-01-01T00:00:00+00:00, run_after=2021-01-01T00:00:00+00:00
[2024-05-05 10:13:44,840] {processor.py:161} INFO - Processing /opt/conda/lib/python3.8/site-packages/airflow/example_dags/example_trigger_controller_dag.py took 0.056 seconds
[2024-05-05 10:14:28,494] {processor.py:153} INFO - Started process (PID=3239) to work on /opt/conda/lib/python3.8/site-packages/airflow/example_dags/example_trigger_controller_dag.py
[2024-05-05 10:14:28,495] {processor.py:641} INFO - Processing file /opt/conda/lib/python3.8/site-packages/airflow/example_dags/example_trigger_controller_dag.py for tasks to queue
[2024-05-05 10:14:28,496] {logging_mixin.py:115} INFO - [2024-05-05 10:14:28,496] {dagbag.py:508} INFO - Filling up the DagBag from /opt/conda/lib/python3.8/site-packages/airflow/example_dags/example_trigger_controller_dag.py
[2024-05-05 10:14:28,499] {processor.py:651} INFO - DAG(s) dict_keys(['example_trigger_controller_dag']) retrieved from /opt/conda/lib/python3.8/site-packages/airflow/example_dags/example_trigger_controller_dag.py
[2024-05-05 10:14:28,515] {logging_mixin.py:115} INFO - [2024-05-05 10:14:28,515] {dag.py:2420} INFO - Sync 1 DAGs
[2024-05-05 10:14:28,533] {logging_mixin.py:115} INFO - [2024-05-05 10:14:28,533] {dag.py:2968} INFO - Setting next_dagrun for example_trigger_controller_dag to 2021-01-01T00:00:00+00:00, run_after=2021-01-01T00:00:00+00:00
[2024-05-05 10:14:28,553] {processor.py:161} INFO - Processing /opt/conda/lib/python3.8/site-packages/airflow/example_dags/example_trigger_controller_dag.py took 0.062 seconds
[2024-05-05 10:15:08,227] {processor.py:153} INFO - Started process (PID=3293) to work on /opt/conda/lib/python3.8/site-packages/airflow/example_dags/example_trigger_controller_dag.py
[2024-05-05 10:15:08,228] {processor.py:641} INFO - Processing file /opt/conda/lib/python3.8/site-packages/airflow/example_dags/example_trigger_controller_dag.py for tasks to queue
[2024-05-05 10:15:08,229] {logging_mixin.py:115} INFO - [2024-05-05 10:15:08,229] {dagbag.py:508} INFO - Filling up the DagBag from /opt/conda/lib/python3.8/site-packages/airflow/example_dags/example_trigger_controller_dag.py
[2024-05-05 10:15:08,232] {processor.py:651} INFO - DAG(s) dict_keys(['example_trigger_controller_dag']) retrieved from /opt/conda/lib/python3.8/site-packages/airflow/example_dags/example_trigger_controller_dag.py
[2024-05-05 10:15:08,246] {logging_mixin.py:115} INFO - [2024-05-05 10:15:08,246] {dag.py:2420} INFO - Sync 1 DAGs
[2024-05-05 10:15:08,260] {logging_mixin.py:115} INFO - [2024-05-05 10:15:08,260] {dag.py:2968} INFO - Setting next_dagrun for example_trigger_controller_dag to 2021-01-01T00:00:00+00:00, run_after=2021-01-01T00:00:00+00:00
[2024-05-05 10:15:08,278] {processor.py:161} INFO - Processing /opt/conda/lib/python3.8/site-packages/airflow/example_dags/example_trigger_controller_dag.py took 0.054 seconds
[2024-05-05 10:15:47,085] {processor.py:153} INFO - Started process (PID=3347) to work on /opt/conda/lib/python3.8/site-packages/airflow/example_dags/example_trigger_controller_dag.py
[2024-05-05 10:15:47,087] {processor.py:641} INFO - Processing file /opt/conda/lib/python3.8/site-packages/airflow/example_dags/example_trigger_controller_dag.py for tasks to queue
[2024-05-05 10:15:47,088] {logging_mixin.py:115} INFO - [2024-05-05 10:15:47,088] {dagbag.py:508} INFO - Filling up the DagBag from /opt/conda/lib/python3.8/site-packages/airflow/example_dags/example_trigger_controller_dag.py
[2024-05-05 10:15:47,091] {processor.py:651} INFO - DAG(s) dict_keys(['example_trigger_controller_dag']) retrieved from /opt/conda/lib/python3.8/site-packages/airflow/example_dags/example_trigger_controller_dag.py
[2024-05-05 10:15:47,107] {logging_mixin.py:115} INFO - [2024-05-05 10:15:47,107] {dag.py:2420} INFO - Sync 1 DAGs
[2024-05-05 10:15:47,125] {logging_mixin.py:115} INFO - [2024-05-05 10:15:47,125] {dag.py:2968} INFO - Setting next_dagrun for example_trigger_controller_dag to 2021-01-01T00:00:00+00:00, run_after=2021-01-01T00:00:00+00:00
[2024-05-05 10:15:47,146] {processor.py:161} INFO - Processing /opt/conda/lib/python3.8/site-packages/airflow/example_dags/example_trigger_controller_dag.py took 0.064 seconds
[2024-05-05 10:16:24,574] {processor.py:153} INFO - Started process (PID=3408) to work on /opt/conda/lib/python3.8/site-packages/airflow/example_dags/example_trigger_controller_dag.py
[2024-05-05 10:16:24,575] {processor.py:641} INFO - Processing file /opt/conda/lib/python3.8/site-packages/airflow/example_dags/example_trigger_controller_dag.py for tasks to queue
[2024-05-05 10:16:24,576] {logging_mixin.py:115} INFO - [2024-05-05 10:16:24,576] {dagbag.py:508} INFO - Filling up the DagBag from /opt/conda/lib/python3.8/site-packages/airflow/example_dags/example_trigger_controller_dag.py
[2024-05-05 10:16:24,579] {processor.py:651} INFO - DAG(s) dict_keys(['example_trigger_controller_dag']) retrieved from /opt/conda/lib/python3.8/site-packages/airflow/example_dags/example_trigger_controller_dag.py
[2024-05-05 10:16:24,594] {logging_mixin.py:115} INFO - [2024-05-05 10:16:24,594] {dag.py:2420} INFO - Sync 1 DAGs
[2024-05-05 10:16:24,608] {logging_mixin.py:115} INFO - [2024-05-05 10:16:24,608] {dag.py:2968} INFO - Setting next_dagrun for example_trigger_controller_dag to 2021-01-01T00:00:00+00:00, run_after=2021-01-01T00:00:00+00:00
[2024-05-05 10:16:24,628] {processor.py:161} INFO - Processing /opt/conda/lib/python3.8/site-packages/airflow/example_dags/example_trigger_controller_dag.py took 0.057 seconds
[2024-05-05 10:17:00,731] {processor.py:153} INFO - Started process (PID=3460) to work on /opt/conda/lib/python3.8/site-packages/airflow/example_dags/example_trigger_controller_dag.py
[2024-05-05 10:17:00,732] {processor.py:641} INFO - Processing file /opt/conda/lib/python3.8/site-packages/airflow/example_dags/example_trigger_controller_dag.py for tasks to queue
[2024-05-05 10:17:00,733] {logging_mixin.py:115} INFO - [2024-05-05 10:17:00,733] {dagbag.py:508} INFO - Filling up the DagBag from /opt/conda/lib/python3.8/site-packages/airflow/example_dags/example_trigger_controller_dag.py
[2024-05-05 10:17:00,736] {processor.py:651} INFO - DAG(s) dict_keys(['example_trigger_controller_dag']) retrieved from /opt/conda/lib/python3.8/site-packages/airflow/example_dags/example_trigger_controller_dag.py
[2024-05-05 10:17:00,751] {logging_mixin.py:115} INFO - [2024-05-05 10:17:00,750] {dag.py:2420} INFO - Sync 1 DAGs
[2024-05-05 10:17:00,765] {logging_mixin.py:115} INFO - [2024-05-05 10:17:00,765] {dag.py:2968} INFO - Setting next_dagrun for example_trigger_controller_dag to 2021-01-01T00:00:00+00:00, run_after=2021-01-01T00:00:00+00:00
[2024-05-05 10:17:00,783] {processor.py:161} INFO - Processing /opt/conda/lib/python3.8/site-packages/airflow/example_dags/example_trigger_controller_dag.py took 0.055 seconds
[2024-05-05 10:17:40,310] {processor.py:153} INFO - Started process (PID=3523) to work on /opt/conda/lib/python3.8/site-packages/airflow/example_dags/example_trigger_controller_dag.py
[2024-05-05 10:17:40,311] {processor.py:641} INFO - Processing file /opt/conda/lib/python3.8/site-packages/airflow/example_dags/example_trigger_controller_dag.py for tasks to queue
[2024-05-05 10:17:40,312] {logging_mixin.py:115} INFO - [2024-05-05 10:17:40,312] {dagbag.py:508} INFO - Filling up the DagBag from /opt/conda/lib/python3.8/site-packages/airflow/example_dags/example_trigger_controller_dag.py
[2024-05-05 10:17:40,315] {processor.py:651} INFO - DAG(s) dict_keys(['example_trigger_controller_dag']) retrieved from /opt/conda/lib/python3.8/site-packages/airflow/example_dags/example_trigger_controller_dag.py
[2024-05-05 10:17:40,329] {logging_mixin.py:115} INFO - [2024-05-05 10:17:40,329] {dag.py:2420} INFO - Sync 1 DAGs
[2024-05-05 10:17:40,344] {logging_mixin.py:115} INFO - [2024-05-05 10:17:40,344] {dag.py:2968} INFO - Setting next_dagrun for example_trigger_controller_dag to 2021-01-01T00:00:00+00:00, run_after=2021-01-01T00:00:00+00:00
[2024-05-05 10:17:40,363] {processor.py:161} INFO - Processing /opt/conda/lib/python3.8/site-packages/airflow/example_dags/example_trigger_controller_dag.py took 0.056 seconds
[2024-05-05 10:18:21,030] {processor.py:153} INFO - Started process (PID=3578) to work on /opt/conda/lib/python3.8/site-packages/airflow/example_dags/example_trigger_controller_dag.py
[2024-05-05 10:18:21,032] {processor.py:641} INFO - Processing file /opt/conda/lib/python3.8/site-packages/airflow/example_dags/example_trigger_controller_dag.py for tasks to queue
[2024-05-05 10:18:21,032] {logging_mixin.py:115} INFO - [2024-05-05 10:18:21,032] {dagbag.py:508} INFO - Filling up the DagBag from /opt/conda/lib/python3.8/site-packages/airflow/example_dags/example_trigger_controller_dag.py
[2024-05-05 10:18:21,035] {processor.py:651} INFO - DAG(s) dict_keys(['example_trigger_controller_dag']) retrieved from /opt/conda/lib/python3.8/site-packages/airflow/example_dags/example_trigger_controller_dag.py
[2024-05-05 10:18:21,052] {logging_mixin.py:115} INFO - [2024-05-05 10:18:21,052] {dag.py:2420} INFO - Sync 1 DAGs
[2024-05-05 10:18:21,070] {logging_mixin.py:115} INFO - [2024-05-05 10:18:21,070] {dag.py:2968} INFO - Setting next_dagrun for example_trigger_controller_dag to 2021-01-01T00:00:00+00:00, run_after=2021-01-01T00:00:00+00:00
[2024-05-05 10:18:21,091] {processor.py:161} INFO - Processing /opt/conda/lib/python3.8/site-packages/airflow/example_dags/example_trigger_controller_dag.py took 0.064 seconds
