[2024-05-05 09:48:29,711] {processor.py:153} INFO - Started process (PID=930) to work on /opt/conda/lib/python3.8/site-packages/airflow/example_dags/example_dag_decorator.py
[2024-05-05 09:48:29,711] {processor.py:641} INFO - Processing file /opt/conda/lib/python3.8/site-packages/airflow/example_dags/example_dag_decorator.py for tasks to queue
[2024-05-05 09:48:29,712] {logging_mixin.py:115} INFO - [2024-05-05 09:48:29,712] {dagbag.py:508} INFO - Filling up the DagBag from /opt/conda/lib/python3.8/site-packages/airflow/example_dags/example_dag_decorator.py
[2024-05-05 09:48:29,859] {processor.py:651} INFO - DAG(s) dict_keys(['example_dag_decorator']) retrieved from /opt/conda/lib/python3.8/site-packages/airflow/example_dags/example_dag_decorator.py
[2024-05-05 09:48:29,948] {logging_mixin.py:115} INFO - [2024-05-05 09:48:29,948] {manager.py:508} INFO - Created Permission View: can read on DAG:example_dag_decorator
[2024-05-05 09:48:29,966] {logging_mixin.py:115} INFO - [2024-05-05 09:48:29,966] {manager.py:508} INFO - Created Permission View: can edit on DAG:example_dag_decorator
[2024-05-05 09:48:29,982] {logging_mixin.py:115} INFO - [2024-05-05 09:48:29,982] {manager.py:508} INFO - Created Permission View: can delete on DAG:example_dag_decorator
[2024-05-05 09:48:29,982] {logging_mixin.py:115} INFO - [2024-05-05 09:48:29,982] {dag.py:2420} INFO - Sync 1 DAGs
[2024-05-05 09:48:29,989] {logging_mixin.py:115} INFO - [2024-05-05 09:48:29,989] {dag.py:2439} INFO - Creating ORM DAG for example_dag_decorator
[2024-05-05 09:48:29,996] {logging_mixin.py:115} INFO - [2024-05-05 09:48:29,996] {dag.py:2968} INFO - Setting next_dagrun for example_dag_decorator to None, run_after=None
[2024-05-05 09:48:30,026] {processor.py:161} INFO - Processing /opt/conda/lib/python3.8/site-packages/airflow/example_dags/example_dag_decorator.py took 0.318 seconds
[2024-05-05 09:49:15,534] {processor.py:153} INFO - Started process (PID=982) to work on /opt/conda/lib/python3.8/site-packages/airflow/example_dags/example_dag_decorator.py
[2024-05-05 09:49:15,536] {processor.py:641} INFO - Processing file /opt/conda/lib/python3.8/site-packages/airflow/example_dags/example_dag_decorator.py for tasks to queue
[2024-05-05 09:49:15,536] {logging_mixin.py:115} INFO - [2024-05-05 09:49:15,536] {dagbag.py:508} INFO - Filling up the DagBag from /opt/conda/lib/python3.8/site-packages/airflow/example_dags/example_dag_decorator.py
[2024-05-05 09:49:15,704] {processor.py:651} INFO - DAG(s) dict_keys(['example_dag_decorator']) retrieved from /opt/conda/lib/python3.8/site-packages/airflow/example_dags/example_dag_decorator.py
[2024-05-05 09:49:15,716] {logging_mixin.py:115} INFO - [2024-05-05 09:49:15,716] {dag.py:2420} INFO - Sync 1 DAGs
[2024-05-05 09:49:15,731] {logging_mixin.py:115} INFO - [2024-05-05 09:49:15,731] {dag.py:2968} INFO - Setting next_dagrun for example_dag_decorator to None, run_after=None
[2024-05-05 09:49:15,762] {processor.py:161} INFO - Processing /opt/conda/lib/python3.8/site-packages/airflow/example_dags/example_dag_decorator.py took 0.231 seconds
[2024-05-05 09:49:59,623] {processor.py:153} INFO - Started process (PID=1034) to work on /opt/conda/lib/python3.8/site-packages/airflow/example_dags/example_dag_decorator.py
[2024-05-05 09:49:59,624] {processor.py:641} INFO - Processing file /opt/conda/lib/python3.8/site-packages/airflow/example_dags/example_dag_decorator.py for tasks to queue
[2024-05-05 09:49:59,625] {logging_mixin.py:115} INFO - [2024-05-05 09:49:59,625] {dagbag.py:508} INFO - Filling up the DagBag from /opt/conda/lib/python3.8/site-packages/airflow/example_dags/example_dag_decorator.py
[2024-05-05 09:49:59,785] {processor.py:651} INFO - DAG(s) dict_keys(['example_dag_decorator']) retrieved from /opt/conda/lib/python3.8/site-packages/airflow/example_dags/example_dag_decorator.py
[2024-05-05 09:49:59,794] {logging_mixin.py:115} INFO - [2024-05-05 09:49:59,794] {dag.py:2420} INFO - Sync 1 DAGs
[2024-05-05 09:49:59,805] {logging_mixin.py:115} INFO - [2024-05-05 09:49:59,805] {dag.py:2968} INFO - Setting next_dagrun for example_dag_decorator to None, run_after=None
[2024-05-05 09:49:59,844] {processor.py:161} INFO - Processing /opt/conda/lib/python3.8/site-packages/airflow/example_dags/example_dag_decorator.py took 0.224 seconds
[2024-05-05 09:52:11,318] {processor.py:153} INFO - Started process (PID=1339) to work on /opt/conda/lib/python3.8/site-packages/airflow/example_dags/example_dag_decorator.py
[2024-05-05 09:52:11,319] {processor.py:641} INFO - Processing file /opt/conda/lib/python3.8/site-packages/airflow/example_dags/example_dag_decorator.py for tasks to queue
[2024-05-05 09:52:11,320] {logging_mixin.py:115} INFO - [2024-05-05 09:52:11,319] {dagbag.py:508} INFO - Filling up the DagBag from /opt/conda/lib/python3.8/site-packages/airflow/example_dags/example_dag_decorator.py
[2024-05-05 09:52:11,451] {processor.py:651} INFO - DAG(s) dict_keys(['example_dag_decorator']) retrieved from /opt/conda/lib/python3.8/site-packages/airflow/example_dags/example_dag_decorator.py
[2024-05-05 09:52:11,460] {logging_mixin.py:115} INFO - [2024-05-05 09:52:11,460] {dag.py:2420} INFO - Sync 1 DAGs
[2024-05-05 09:52:11,471] {logging_mixin.py:115} INFO - [2024-05-05 09:52:11,471] {dag.py:2968} INFO - Setting next_dagrun for example_dag_decorator to None, run_after=None
[2024-05-05 09:52:11,490] {processor.py:161} INFO - Processing /opt/conda/lib/python3.8/site-packages/airflow/example_dags/example_dag_decorator.py took 0.175 seconds
[2024-05-05 09:52:56,117] {processor.py:153} INFO - Started process (PID=1391) to work on /opt/conda/lib/python3.8/site-packages/airflow/example_dags/example_dag_decorator.py
[2024-05-05 09:52:56,119] {processor.py:641} INFO - Processing file /opt/conda/lib/python3.8/site-packages/airflow/example_dags/example_dag_decorator.py for tasks to queue
[2024-05-05 09:52:56,119] {logging_mixin.py:115} INFO - [2024-05-05 09:52:56,119] {dagbag.py:508} INFO - Filling up the DagBag from /opt/conda/lib/python3.8/site-packages/airflow/example_dags/example_dag_decorator.py
[2024-05-05 09:52:56,258] {processor.py:651} INFO - DAG(s) dict_keys(['example_dag_decorator']) retrieved from /opt/conda/lib/python3.8/site-packages/airflow/example_dags/example_dag_decorator.py
[2024-05-05 09:52:56,267] {logging_mixin.py:115} INFO - [2024-05-05 09:52:56,267] {dag.py:2420} INFO - Sync 1 DAGs
[2024-05-05 09:52:56,278] {logging_mixin.py:115} INFO - [2024-05-05 09:52:56,278] {dag.py:2968} INFO - Setting next_dagrun for example_dag_decorator to None, run_after=None
[2024-05-05 09:52:56,847] {processor.py:161} INFO - Processing /opt/conda/lib/python3.8/site-packages/airflow/example_dags/example_dag_decorator.py took 0.732 seconds
[2024-05-05 09:53:41,143] {processor.py:153} INFO - Started process (PID=1443) to work on /opt/conda/lib/python3.8/site-packages/airflow/example_dags/example_dag_decorator.py
[2024-05-05 09:53:41,144] {processor.py:641} INFO - Processing file /opt/conda/lib/python3.8/site-packages/airflow/example_dags/example_dag_decorator.py for tasks to queue
[2024-05-05 09:53:41,145] {logging_mixin.py:115} INFO - [2024-05-05 09:53:41,145] {dagbag.py:508} INFO - Filling up the DagBag from /opt/conda/lib/python3.8/site-packages/airflow/example_dags/example_dag_decorator.py
[2024-05-05 09:53:41,295] {processor.py:651} INFO - DAG(s) dict_keys(['example_dag_decorator']) retrieved from /opt/conda/lib/python3.8/site-packages/airflow/example_dags/example_dag_decorator.py
[2024-05-05 09:53:41,331] {logging_mixin.py:115} INFO - [2024-05-05 09:53:41,330] {dag.py:2420} INFO - Sync 1 DAGs
[2024-05-05 09:53:41,342] {logging_mixin.py:115} INFO - [2024-05-05 09:53:41,341] {dag.py:2968} INFO - Setting next_dagrun for example_dag_decorator to None, run_after=None
[2024-05-05 09:53:41,361] {processor.py:161} INFO - Processing /opt/conda/lib/python3.8/site-packages/airflow/example_dags/example_dag_decorator.py took 0.222 seconds
[2024-05-05 09:54:25,205] {processor.py:153} INFO - Started process (PID=1495) to work on /opt/conda/lib/python3.8/site-packages/airflow/example_dags/example_dag_decorator.py
[2024-05-05 09:54:25,207] {processor.py:641} INFO - Processing file /opt/conda/lib/python3.8/site-packages/airflow/example_dags/example_dag_decorator.py for tasks to queue
[2024-05-05 09:54:25,208] {logging_mixin.py:115} INFO - [2024-05-05 09:54:25,208] {dagbag.py:508} INFO - Filling up the DagBag from /opt/conda/lib/python3.8/site-packages/airflow/example_dags/example_dag_decorator.py
[2024-05-05 09:54:25,386] {processor.py:651} INFO - DAG(s) dict_keys(['example_dag_decorator']) retrieved from /opt/conda/lib/python3.8/site-packages/airflow/example_dags/example_dag_decorator.py
[2024-05-05 09:54:25,428] {logging_mixin.py:115} INFO - [2024-05-05 09:54:25,427] {dag.py:2420} INFO - Sync 1 DAGs
[2024-05-05 09:54:25,444] {logging_mixin.py:115} INFO - [2024-05-05 09:54:25,444] {dag.py:2968} INFO - Setting next_dagrun for example_dag_decorator to None, run_after=None
[2024-05-05 09:54:25,465] {processor.py:161} INFO - Processing /opt/conda/lib/python3.8/site-packages/airflow/example_dags/example_dag_decorator.py took 0.263 seconds
[2024-05-05 09:55:03,555] {processor.py:153} INFO - Started process (PID=1544) to work on /opt/conda/lib/python3.8/site-packages/airflow/example_dags/example_dag_decorator.py
[2024-05-05 09:55:03,556] {processor.py:641} INFO - Processing file /opt/conda/lib/python3.8/site-packages/airflow/example_dags/example_dag_decorator.py for tasks to queue
[2024-05-05 09:55:03,557] {logging_mixin.py:115} INFO - [2024-05-05 09:55:03,556] {dagbag.py:508} INFO - Filling up the DagBag from /opt/conda/lib/python3.8/site-packages/airflow/example_dags/example_dag_decorator.py
[2024-05-05 09:55:03,697] {processor.py:651} INFO - DAG(s) dict_keys(['example_dag_decorator']) retrieved from /opt/conda/lib/python3.8/site-packages/airflow/example_dags/example_dag_decorator.py
[2024-05-05 09:55:03,706] {logging_mixin.py:115} INFO - [2024-05-05 09:55:03,706] {dag.py:2420} INFO - Sync 1 DAGs
[2024-05-05 09:55:03,717] {logging_mixin.py:115} INFO - [2024-05-05 09:55:03,717] {dag.py:2968} INFO - Setting next_dagrun for example_dag_decorator to None, run_after=None
[2024-05-05 09:55:03,736] {processor.py:161} INFO - Processing /opt/conda/lib/python3.8/site-packages/airflow/example_dags/example_dag_decorator.py took 0.184 seconds
[2024-05-05 09:55:41,846] {processor.py:153} INFO - Started process (PID=1594) to work on /opt/conda/lib/python3.8/site-packages/airflow/example_dags/example_dag_decorator.py
[2024-05-05 09:55:41,848] {processor.py:641} INFO - Processing file /opt/conda/lib/python3.8/site-packages/airflow/example_dags/example_dag_decorator.py for tasks to queue
[2024-05-05 09:55:41,848] {logging_mixin.py:115} INFO - [2024-05-05 09:55:41,848] {dagbag.py:508} INFO - Filling up the DagBag from /opt/conda/lib/python3.8/site-packages/airflow/example_dags/example_dag_decorator.py
[2024-05-05 09:55:41,983] {processor.py:651} INFO - DAG(s) dict_keys(['example_dag_decorator']) retrieved from /opt/conda/lib/python3.8/site-packages/airflow/example_dags/example_dag_decorator.py
[2024-05-05 09:55:41,992] {logging_mixin.py:115} INFO - [2024-05-05 09:55:41,992] {dag.py:2420} INFO - Sync 1 DAGs
[2024-05-05 09:55:42,003] {logging_mixin.py:115} INFO - [2024-05-05 09:55:42,003] {dag.py:2968} INFO - Setting next_dagrun for example_dag_decorator to None, run_after=None
[2024-05-05 09:55:42,030] {processor.py:161} INFO - Processing /opt/conda/lib/python3.8/site-packages/airflow/example_dags/example_dag_decorator.py took 0.186 seconds
[2024-05-05 09:56:19,747] {processor.py:153} INFO - Started process (PID=1641) to work on /opt/conda/lib/python3.8/site-packages/airflow/example_dags/example_dag_decorator.py
[2024-05-05 09:56:19,748] {processor.py:641} INFO - Processing file /opt/conda/lib/python3.8/site-packages/airflow/example_dags/example_dag_decorator.py for tasks to queue
[2024-05-05 09:56:19,749] {logging_mixin.py:115} INFO - [2024-05-05 09:56:19,749] {dagbag.py:508} INFO - Filling up the DagBag from /opt/conda/lib/python3.8/site-packages/airflow/example_dags/example_dag_decorator.py
[2024-05-05 09:56:19,893] {processor.py:651} INFO - DAG(s) dict_keys(['example_dag_decorator']) retrieved from /opt/conda/lib/python3.8/site-packages/airflow/example_dags/example_dag_decorator.py
[2024-05-05 09:56:19,902] {logging_mixin.py:115} INFO - [2024-05-05 09:56:19,902] {dag.py:2420} INFO - Sync 1 DAGs
[2024-05-05 09:56:19,913] {logging_mixin.py:115} INFO - [2024-05-05 09:56:19,913] {dag.py:2968} INFO - Setting next_dagrun for example_dag_decorator to None, run_after=None
[2024-05-05 09:56:19,930] {processor.py:161} INFO - Processing /opt/conda/lib/python3.8/site-packages/airflow/example_dags/example_dag_decorator.py took 0.186 seconds
[2024-05-05 09:57:01,526] {processor.py:153} INFO - Started process (PID=1702) to work on /opt/conda/lib/python3.8/site-packages/airflow/example_dags/example_dag_decorator.py
[2024-05-05 09:57:01,527] {processor.py:641} INFO - Processing file /opt/conda/lib/python3.8/site-packages/airflow/example_dags/example_dag_decorator.py for tasks to queue
[2024-05-05 09:57:01,528] {logging_mixin.py:115} INFO - [2024-05-05 09:57:01,528] {dagbag.py:508} INFO - Filling up the DagBag from /opt/conda/lib/python3.8/site-packages/airflow/example_dags/example_dag_decorator.py
[2024-05-05 09:57:01,658] {processor.py:651} INFO - DAG(s) dict_keys(['example_dag_decorator']) retrieved from /opt/conda/lib/python3.8/site-packages/airflow/example_dags/example_dag_decorator.py
[2024-05-05 09:57:01,667] {logging_mixin.py:115} INFO - [2024-05-05 09:57:01,667] {dag.py:2420} INFO - Sync 1 DAGs
[2024-05-05 09:57:01,678] {logging_mixin.py:115} INFO - [2024-05-05 09:57:01,678] {dag.py:2968} INFO - Setting next_dagrun for example_dag_decorator to None, run_after=None
[2024-05-05 09:57:01,698] {processor.py:161} INFO - Processing /opt/conda/lib/python3.8/site-packages/airflow/example_dags/example_dag_decorator.py took 0.174 seconds
[2024-05-05 09:57:37,927] {processor.py:153} INFO - Started process (PID=1749) to work on /opt/conda/lib/python3.8/site-packages/airflow/example_dags/example_dag_decorator.py
[2024-05-05 09:57:37,928] {processor.py:641} INFO - Processing file /opt/conda/lib/python3.8/site-packages/airflow/example_dags/example_dag_decorator.py for tasks to queue
[2024-05-05 09:57:37,929] {logging_mixin.py:115} INFO - [2024-05-05 09:57:37,928] {dagbag.py:508} INFO - Filling up the DagBag from /opt/conda/lib/python3.8/site-packages/airflow/example_dags/example_dag_decorator.py
[2024-05-05 09:57:38,058] {processor.py:651} INFO - DAG(s) dict_keys(['example_dag_decorator']) retrieved from /opt/conda/lib/python3.8/site-packages/airflow/example_dags/example_dag_decorator.py
[2024-05-05 09:57:38,067] {logging_mixin.py:115} INFO - [2024-05-05 09:57:38,067] {dag.py:2420} INFO - Sync 1 DAGs
[2024-05-05 09:57:38,078] {logging_mixin.py:115} INFO - [2024-05-05 09:57:38,078] {dag.py:2968} INFO - Setting next_dagrun for example_dag_decorator to None, run_after=None
[2024-05-05 09:57:38,097] {processor.py:161} INFO - Processing /opt/conda/lib/python3.8/site-packages/airflow/example_dags/example_dag_decorator.py took 0.173 seconds
[2024-05-05 09:58:16,394] {processor.py:153} INFO - Started process (PID=1797) to work on /opt/conda/lib/python3.8/site-packages/airflow/example_dags/example_dag_decorator.py
[2024-05-05 09:58:16,395] {processor.py:641} INFO - Processing file /opt/conda/lib/python3.8/site-packages/airflow/example_dags/example_dag_decorator.py for tasks to queue
[2024-05-05 09:58:16,396] {logging_mixin.py:115} INFO - [2024-05-05 09:58:16,396] {dagbag.py:508} INFO - Filling up the DagBag from /opt/conda/lib/python3.8/site-packages/airflow/example_dags/example_dag_decorator.py
[2024-05-05 09:58:16,420] {processor.py:651} INFO - DAG(s) dict_keys(['example_dag_decorator']) retrieved from /opt/conda/lib/python3.8/site-packages/airflow/example_dags/example_dag_decorator.py
[2024-05-05 09:58:16,464] {logging_mixin.py:115} INFO - [2024-05-05 09:58:16,464] {dag.py:2420} INFO - Sync 1 DAGs
[2024-05-05 09:58:16,480] {logging_mixin.py:115} INFO - [2024-05-05 09:58:16,480] {dag.py:2968} INFO - Setting next_dagrun for example_dag_decorator to None, run_after=None
[2024-05-05 09:58:16,499] {processor.py:161} INFO - Processing /opt/conda/lib/python3.8/site-packages/airflow/example_dags/example_dag_decorator.py took 0.108 seconds
[2024-05-05 09:58:53,477] {processor.py:153} INFO - Started process (PID=1849) to work on /opt/conda/lib/python3.8/site-packages/airflow/example_dags/example_dag_decorator.py
[2024-05-05 09:58:53,479] {processor.py:641} INFO - Processing file /opt/conda/lib/python3.8/site-packages/airflow/example_dags/example_dag_decorator.py for tasks to queue
[2024-05-05 09:58:53,479] {logging_mixin.py:115} INFO - [2024-05-05 09:58:53,479] {dagbag.py:508} INFO - Filling up the DagBag from /opt/conda/lib/python3.8/site-packages/airflow/example_dags/example_dag_decorator.py
[2024-05-05 09:58:53,503] {processor.py:651} INFO - DAG(s) dict_keys(['example_dag_decorator']) retrieved from /opt/conda/lib/python3.8/site-packages/airflow/example_dags/example_dag_decorator.py
[2024-05-05 09:58:53,548] {logging_mixin.py:115} INFO - [2024-05-05 09:58:53,548] {dag.py:2420} INFO - Sync 1 DAGs
[2024-05-05 09:58:53,564] {logging_mixin.py:115} INFO - [2024-05-05 09:58:53,564] {dag.py:2968} INFO - Setting next_dagrun for example_dag_decorator to None, run_after=None
[2024-05-05 09:58:53,589] {processor.py:161} INFO - Processing /opt/conda/lib/python3.8/site-packages/airflow/example_dags/example_dag_decorator.py took 0.115 seconds
[2024-05-05 09:59:30,186] {processor.py:153} INFO - Started process (PID=1901) to work on /opt/conda/lib/python3.8/site-packages/airflow/example_dags/example_dag_decorator.py
[2024-05-05 09:59:30,187] {processor.py:641} INFO - Processing file /opt/conda/lib/python3.8/site-packages/airflow/example_dags/example_dag_decorator.py for tasks to queue
[2024-05-05 09:59:30,188] {logging_mixin.py:115} INFO - [2024-05-05 09:59:30,188] {dagbag.py:508} INFO - Filling up the DagBag from /opt/conda/lib/python3.8/site-packages/airflow/example_dags/example_dag_decorator.py
[2024-05-05 09:59:30,212] {processor.py:651} INFO - DAG(s) dict_keys(['example_dag_decorator']) retrieved from /opt/conda/lib/python3.8/site-packages/airflow/example_dags/example_dag_decorator.py
[2024-05-05 09:59:30,255] {logging_mixin.py:115} INFO - [2024-05-05 09:59:30,255] {dag.py:2420} INFO - Sync 1 DAGs
[2024-05-05 09:59:30,271] {logging_mixin.py:115} INFO - [2024-05-05 09:59:30,271] {dag.py:2968} INFO - Setting next_dagrun for example_dag_decorator to None, run_after=None
[2024-05-05 09:59:30,294] {processor.py:161} INFO - Processing /opt/conda/lib/python3.8/site-packages/airflow/example_dags/example_dag_decorator.py took 0.111 seconds
[2024-05-05 10:00:09,430] {processor.py:153} INFO - Started process (PID=1962) to work on /opt/conda/lib/python3.8/site-packages/airflow/example_dags/example_dag_decorator.py
[2024-05-05 10:00:09,431] {processor.py:641} INFO - Processing file /opt/conda/lib/python3.8/site-packages/airflow/example_dags/example_dag_decorator.py for tasks to queue
[2024-05-05 10:00:09,432] {logging_mixin.py:115} INFO - [2024-05-05 10:00:09,432] {dagbag.py:508} INFO - Filling up the DagBag from /opt/conda/lib/python3.8/site-packages/airflow/example_dags/example_dag_decorator.py
[2024-05-05 10:00:09,456] {processor.py:651} INFO - DAG(s) dict_keys(['example_dag_decorator']) retrieved from /opt/conda/lib/python3.8/site-packages/airflow/example_dags/example_dag_decorator.py
[2024-05-05 10:00:09,500] {logging_mixin.py:115} INFO - [2024-05-05 10:00:09,500] {dag.py:2420} INFO - Sync 1 DAGs
[2024-05-05 10:00:09,516] {logging_mixin.py:115} INFO - [2024-05-05 10:00:09,516] {dag.py:2968} INFO - Setting next_dagrun for example_dag_decorator to None, run_after=None
[2024-05-05 10:00:09,539] {processor.py:161} INFO - Processing /opt/conda/lib/python3.8/site-packages/airflow/example_dags/example_dag_decorator.py took 0.112 seconds
[2024-05-05 10:00:44,398] {processor.py:153} INFO - Started process (PID=2013) to work on /opt/conda/lib/python3.8/site-packages/airflow/example_dags/example_dag_decorator.py
[2024-05-05 10:00:44,399] {processor.py:641} INFO - Processing file /opt/conda/lib/python3.8/site-packages/airflow/example_dags/example_dag_decorator.py for tasks to queue
[2024-05-05 10:00:44,400] {logging_mixin.py:115} INFO - [2024-05-05 10:00:44,400] {dagbag.py:508} INFO - Filling up the DagBag from /opt/conda/lib/python3.8/site-packages/airflow/example_dags/example_dag_decorator.py
[2024-05-05 10:00:44,422] {processor.py:651} INFO - DAG(s) dict_keys(['example_dag_decorator']) retrieved from /opt/conda/lib/python3.8/site-packages/airflow/example_dags/example_dag_decorator.py
[2024-05-05 10:00:44,434] {logging_mixin.py:115} INFO - [2024-05-05 10:00:44,434] {dag.py:2420} INFO - Sync 1 DAGs
[2024-05-05 10:00:44,446] {logging_mixin.py:115} INFO - [2024-05-05 10:00:44,446] {dag.py:2968} INFO - Setting next_dagrun for example_dag_decorator to None, run_after=None
[2024-05-05 10:00:44,465] {processor.py:161} INFO - Processing /opt/conda/lib/python3.8/site-packages/airflow/example_dags/example_dag_decorator.py took 0.070 seconds
[2024-05-05 10:01:16,814] {processor.py:153} INFO - Started process (PID=2061) to work on /opt/conda/lib/python3.8/site-packages/airflow/example_dags/example_dag_decorator.py
[2024-05-05 10:01:16,815] {processor.py:641} INFO - Processing file /opt/conda/lib/python3.8/site-packages/airflow/example_dags/example_dag_decorator.py for tasks to queue
[2024-05-05 10:01:16,816] {logging_mixin.py:115} INFO - [2024-05-05 10:01:16,816] {dagbag.py:508} INFO - Filling up the DagBag from /opt/conda/lib/python3.8/site-packages/airflow/example_dags/example_dag_decorator.py
[2024-05-05 10:01:16,838] {processor.py:651} INFO - DAG(s) dict_keys(['example_dag_decorator']) retrieved from /opt/conda/lib/python3.8/site-packages/airflow/example_dags/example_dag_decorator.py
[2024-05-05 10:01:16,851] {logging_mixin.py:115} INFO - [2024-05-05 10:01:16,850] {dag.py:2420} INFO - Sync 1 DAGs
[2024-05-05 10:01:16,863] {logging_mixin.py:115} INFO - [2024-05-05 10:01:16,863] {dag.py:2968} INFO - Setting next_dagrun for example_dag_decorator to None, run_after=None
[2024-05-05 10:01:16,882] {processor.py:161} INFO - Processing /opt/conda/lib/python3.8/site-packages/airflow/example_dags/example_dag_decorator.py took 0.071 seconds
[2024-05-05 10:01:51,983] {processor.py:153} INFO - Started process (PID=2113) to work on /opt/conda/lib/python3.8/site-packages/airflow/example_dags/example_dag_decorator.py
[2024-05-05 10:01:51,984] {processor.py:641} INFO - Processing file /opt/conda/lib/python3.8/site-packages/airflow/example_dags/example_dag_decorator.py for tasks to queue
[2024-05-05 10:01:51,984] {logging_mixin.py:115} INFO - [2024-05-05 10:01:51,984] {dagbag.py:508} INFO - Filling up the DagBag from /opt/conda/lib/python3.8/site-packages/airflow/example_dags/example_dag_decorator.py
[2024-05-05 10:01:52,006] {processor.py:651} INFO - DAG(s) dict_keys(['example_dag_decorator']) retrieved from /opt/conda/lib/python3.8/site-packages/airflow/example_dags/example_dag_decorator.py
[2024-05-05 10:01:52,019] {logging_mixin.py:115} INFO - [2024-05-05 10:01:52,019] {dag.py:2420} INFO - Sync 1 DAGs
[2024-05-05 10:01:52,031] {logging_mixin.py:115} INFO - [2024-05-05 10:01:52,031] {dag.py:2968} INFO - Setting next_dagrun for example_dag_decorator to None, run_after=None
[2024-05-05 10:01:52,049] {processor.py:161} INFO - Processing /opt/conda/lib/python3.8/site-packages/airflow/example_dags/example_dag_decorator.py took 0.070 seconds
[2024-05-05 10:02:28,959] {processor.py:153} INFO - Started process (PID=2166) to work on /opt/conda/lib/python3.8/site-packages/airflow/example_dags/example_dag_decorator.py
[2024-05-05 10:02:28,961] {processor.py:641} INFO - Processing file /opt/conda/lib/python3.8/site-packages/airflow/example_dags/example_dag_decorator.py for tasks to queue
[2024-05-05 10:02:28,961] {logging_mixin.py:115} INFO - [2024-05-05 10:02:28,961] {dagbag.py:508} INFO - Filling up the DagBag from /opt/conda/lib/python3.8/site-packages/airflow/example_dags/example_dag_decorator.py
[2024-05-05 10:02:28,983] {processor.py:651} INFO - DAG(s) dict_keys(['example_dag_decorator']) retrieved from /opt/conda/lib/python3.8/site-packages/airflow/example_dags/example_dag_decorator.py
[2024-05-05 10:02:28,996] {logging_mixin.py:115} INFO - [2024-05-05 10:02:28,996] {dag.py:2420} INFO - Sync 1 DAGs
[2024-05-05 10:02:29,008] {logging_mixin.py:115} INFO - [2024-05-05 10:02:29,008] {dag.py:2968} INFO - Setting next_dagrun for example_dag_decorator to None, run_after=None
[2024-05-05 10:02:29,027] {processor.py:161} INFO - Processing /opt/conda/lib/python3.8/site-packages/airflow/example_dags/example_dag_decorator.py took 0.071 seconds
[2024-05-05 10:03:06,826] {processor.py:153} INFO - Started process (PID=2221) to work on /opt/conda/lib/python3.8/site-packages/airflow/example_dags/example_dag_decorator.py
[2024-05-05 10:03:06,828] {processor.py:641} INFO - Processing file /opt/conda/lib/python3.8/site-packages/airflow/example_dags/example_dag_decorator.py for tasks to queue
[2024-05-05 10:03:06,828] {logging_mixin.py:115} INFO - [2024-05-05 10:03:06,828] {dagbag.py:508} INFO - Filling up the DagBag from /opt/conda/lib/python3.8/site-packages/airflow/example_dags/example_dag_decorator.py
[2024-05-05 10:03:06,853] {processor.py:651} INFO - DAG(s) dict_keys(['example_dag_decorator']) retrieved from /opt/conda/lib/python3.8/site-packages/airflow/example_dags/example_dag_decorator.py
[2024-05-05 10:03:06,869] {logging_mixin.py:115} INFO - [2024-05-05 10:03:06,868] {dag.py:2420} INFO - Sync 1 DAGs
[2024-05-05 10:03:06,885] {logging_mixin.py:115} INFO - [2024-05-05 10:03:06,885] {dag.py:2968} INFO - Setting next_dagrun for example_dag_decorator to None, run_after=None
[2024-05-05 10:03:06,907] {processor.py:161} INFO - Processing /opt/conda/lib/python3.8/site-packages/airflow/example_dags/example_dag_decorator.py took 0.083 seconds
[2024-05-05 10:03:44,435] {processor.py:153} INFO - Started process (PID=2274) to work on /opt/conda/lib/python3.8/site-packages/airflow/example_dags/example_dag_decorator.py
[2024-05-05 10:03:44,436] {processor.py:641} INFO - Processing file /opt/conda/lib/python3.8/site-packages/airflow/example_dags/example_dag_decorator.py for tasks to queue
[2024-05-05 10:03:44,437] {logging_mixin.py:115} INFO - [2024-05-05 10:03:44,437] {dagbag.py:508} INFO - Filling up the DagBag from /opt/conda/lib/python3.8/site-packages/airflow/example_dags/example_dag_decorator.py
[2024-05-05 10:03:44,460] {processor.py:651} INFO - DAG(s) dict_keys(['example_dag_decorator']) retrieved from /opt/conda/lib/python3.8/site-packages/airflow/example_dags/example_dag_decorator.py
[2024-05-05 10:03:44,493] {logging_mixin.py:115} INFO - [2024-05-05 10:03:44,493] {dag.py:2420} INFO - Sync 1 DAGs
[2024-05-05 10:03:44,505] {logging_mixin.py:115} INFO - [2024-05-05 10:03:44,505] {dag.py:2968} INFO - Setting next_dagrun for example_dag_decorator to None, run_after=None
[2024-05-05 10:03:44,525] {processor.py:161} INFO - Processing /opt/conda/lib/python3.8/site-packages/airflow/example_dags/example_dag_decorator.py took 0.094 seconds
[2024-05-05 10:04:18,454] {processor.py:153} INFO - Started process (PID=2325) to work on /opt/conda/lib/python3.8/site-packages/airflow/example_dags/example_dag_decorator.py
[2024-05-05 10:04:18,456] {processor.py:641} INFO - Processing file /opt/conda/lib/python3.8/site-packages/airflow/example_dags/example_dag_decorator.py for tasks to queue
[2024-05-05 10:04:18,456] {logging_mixin.py:115} INFO - [2024-05-05 10:04:18,456] {dagbag.py:508} INFO - Filling up the DagBag from /opt/conda/lib/python3.8/site-packages/airflow/example_dags/example_dag_decorator.py
[2024-05-05 10:04:18,480] {processor.py:651} INFO - DAG(s) dict_keys(['example_dag_decorator']) retrieved from /opt/conda/lib/python3.8/site-packages/airflow/example_dags/example_dag_decorator.py
[2024-05-05 10:04:18,496] {logging_mixin.py:115} INFO - [2024-05-05 10:04:18,496] {dag.py:2420} INFO - Sync 1 DAGs
[2024-05-05 10:04:18,513] {logging_mixin.py:115} INFO - [2024-05-05 10:04:18,512] {dag.py:2968} INFO - Setting next_dagrun for example_dag_decorator to None, run_after=None
[2024-05-05 10:04:18,531] {processor.py:161} INFO - Processing /opt/conda/lib/python3.8/site-packages/airflow/example_dags/example_dag_decorator.py took 0.080 seconds
[2024-05-05 10:04:53,444] {processor.py:153} INFO - Started process (PID=2376) to work on /opt/conda/lib/python3.8/site-packages/airflow/example_dags/example_dag_decorator.py
[2024-05-05 10:04:53,445] {processor.py:641} INFO - Processing file /opt/conda/lib/python3.8/site-packages/airflow/example_dags/example_dag_decorator.py for tasks to queue
[2024-05-05 10:04:53,446] {logging_mixin.py:115} INFO - [2024-05-05 10:04:53,446] {dagbag.py:508} INFO - Filling up the DagBag from /opt/conda/lib/python3.8/site-packages/airflow/example_dags/example_dag_decorator.py
[2024-05-05 10:04:53,471] {processor.py:651} INFO - DAG(s) dict_keys(['example_dag_decorator']) retrieved from /opt/conda/lib/python3.8/site-packages/airflow/example_dags/example_dag_decorator.py
[2024-05-05 10:04:53,485] {logging_mixin.py:115} INFO - [2024-05-05 10:04:53,485] {dag.py:2420} INFO - Sync 1 DAGs
[2024-05-05 10:04:53,498] {logging_mixin.py:115} INFO - [2024-05-05 10:04:53,498] {dag.py:2968} INFO - Setting next_dagrun for example_dag_decorator to None, run_after=None
[2024-05-05 10:04:53,517] {processor.py:161} INFO - Processing /opt/conda/lib/python3.8/site-packages/airflow/example_dags/example_dag_decorator.py took 0.076 seconds
[2024-05-05 10:05:31,490] {processor.py:153} INFO - Started process (PID=2438) to work on /opt/conda/lib/python3.8/site-packages/airflow/example_dags/example_dag_decorator.py
[2024-05-05 10:05:31,492] {processor.py:641} INFO - Processing file /opt/conda/lib/python3.8/site-packages/airflow/example_dags/example_dag_decorator.py for tasks to queue
[2024-05-05 10:05:31,492] {logging_mixin.py:115} INFO - [2024-05-05 10:05:31,492] {dagbag.py:508} INFO - Filling up the DagBag from /opt/conda/lib/python3.8/site-packages/airflow/example_dags/example_dag_decorator.py
[2024-05-05 10:05:31,514] {processor.py:651} INFO - DAG(s) dict_keys(['example_dag_decorator']) retrieved from /opt/conda/lib/python3.8/site-packages/airflow/example_dags/example_dag_decorator.py
[2024-05-05 10:05:31,527] {logging_mixin.py:115} INFO - [2024-05-05 10:05:31,527] {dag.py:2420} INFO - Sync 1 DAGs
[2024-05-05 10:05:31,539] {logging_mixin.py:115} INFO - [2024-05-05 10:05:31,539] {dag.py:2968} INFO - Setting next_dagrun for example_dag_decorator to None, run_after=None
[2024-05-05 10:05:31,558] {processor.py:161} INFO - Processing /opt/conda/lib/python3.8/site-packages/airflow/example_dags/example_dag_decorator.py took 0.071 seconds
[2024-05-05 10:06:09,814] {processor.py:153} INFO - Started process (PID=2492) to work on /opt/conda/lib/python3.8/site-packages/airflow/example_dags/example_dag_decorator.py
[2024-05-05 10:06:09,816] {processor.py:641} INFO - Processing file /opt/conda/lib/python3.8/site-packages/airflow/example_dags/example_dag_decorator.py for tasks to queue
[2024-05-05 10:06:09,816] {logging_mixin.py:115} INFO - [2024-05-05 10:06:09,816] {dagbag.py:508} INFO - Filling up the DagBag from /opt/conda/lib/python3.8/site-packages/airflow/example_dags/example_dag_decorator.py
[2024-05-05 10:06:09,839] {processor.py:651} INFO - DAG(s) dict_keys(['example_dag_decorator']) retrieved from /opt/conda/lib/python3.8/site-packages/airflow/example_dags/example_dag_decorator.py
[2024-05-05 10:06:09,852] {logging_mixin.py:115} INFO - [2024-05-05 10:06:09,852] {dag.py:2420} INFO - Sync 1 DAGs
[2024-05-05 10:06:09,864] {logging_mixin.py:115} INFO - [2024-05-05 10:06:09,864] {dag.py:2968} INFO - Setting next_dagrun for example_dag_decorator to None, run_after=None
[2024-05-05 10:06:09,882] {processor.py:161} INFO - Processing /opt/conda/lib/python3.8/site-packages/airflow/example_dags/example_dag_decorator.py took 0.071 seconds
[2024-05-05 10:06:46,005] {processor.py:153} INFO - Started process (PID=2543) to work on /opt/conda/lib/python3.8/site-packages/airflow/example_dags/example_dag_decorator.py
[2024-05-05 10:06:46,007] {processor.py:641} INFO - Processing file /opt/conda/lib/python3.8/site-packages/airflow/example_dags/example_dag_decorator.py for tasks to queue
[2024-05-05 10:06:46,007] {logging_mixin.py:115} INFO - [2024-05-05 10:06:46,007] {dagbag.py:508} INFO - Filling up the DagBag from /opt/conda/lib/python3.8/site-packages/airflow/example_dags/example_dag_decorator.py
[2024-05-05 10:06:46,029] {processor.py:651} INFO - DAG(s) dict_keys(['example_dag_decorator']) retrieved from /opt/conda/lib/python3.8/site-packages/airflow/example_dags/example_dag_decorator.py
[2024-05-05 10:06:46,042] {logging_mixin.py:115} INFO - [2024-05-05 10:06:46,042] {dag.py:2420} INFO - Sync 1 DAGs
[2024-05-05 10:06:46,054] {logging_mixin.py:115} INFO - [2024-05-05 10:06:46,054] {dag.py:2968} INFO - Setting next_dagrun for example_dag_decorator to None, run_after=None
[2024-05-05 10:06:46,073] {processor.py:161} INFO - Processing /opt/conda/lib/python3.8/site-packages/airflow/example_dags/example_dag_decorator.py took 0.070 seconds
[2024-05-05 10:07:21,291] {processor.py:153} INFO - Started process (PID=2615) to work on /opt/conda/lib/python3.8/site-packages/airflow/example_dags/example_dag_decorator.py
[2024-05-05 10:07:21,292] {processor.py:641} INFO - Processing file /opt/conda/lib/python3.8/site-packages/airflow/example_dags/example_dag_decorator.py for tasks to queue
[2024-05-05 10:07:21,292] {logging_mixin.py:115} INFO - [2024-05-05 10:07:21,292] {dagbag.py:508} INFO - Filling up the DagBag from /opt/conda/lib/python3.8/site-packages/airflow/example_dags/example_dag_decorator.py
[2024-05-05 10:07:21,316] {processor.py:651} INFO - DAG(s) dict_keys(['example_dag_decorator']) retrieved from /opt/conda/lib/python3.8/site-packages/airflow/example_dags/example_dag_decorator.py
[2024-05-05 10:07:21,332] {logging_mixin.py:115} INFO - [2024-05-05 10:07:21,332] {dag.py:2420} INFO - Sync 1 DAGs
[2024-05-05 10:07:21,349] {logging_mixin.py:115} INFO - [2024-05-05 10:07:21,348] {dag.py:2968} INFO - Setting next_dagrun for example_dag_decorator to None, run_after=None
[2024-05-05 10:07:21,367] {processor.py:161} INFO - Processing /opt/conda/lib/python3.8/site-packages/airflow/example_dags/example_dag_decorator.py took 0.080 seconds
[2024-05-05 10:07:58,431] {processor.py:153} INFO - Started process (PID=2676) to work on /opt/conda/lib/python3.8/site-packages/airflow/example_dags/example_dag_decorator.py
[2024-05-05 10:07:58,432] {processor.py:641} INFO - Processing file /opt/conda/lib/python3.8/site-packages/airflow/example_dags/example_dag_decorator.py for tasks to queue
[2024-05-05 10:07:58,433] {logging_mixin.py:115} INFO - [2024-05-05 10:07:58,432] {dagbag.py:508} INFO - Filling up the DagBag from /opt/conda/lib/python3.8/site-packages/airflow/example_dags/example_dag_decorator.py
[2024-05-05 10:07:58,454] {processor.py:651} INFO - DAG(s) dict_keys(['example_dag_decorator']) retrieved from /opt/conda/lib/python3.8/site-packages/airflow/example_dags/example_dag_decorator.py
[2024-05-05 10:07:58,488] {logging_mixin.py:115} INFO - [2024-05-05 10:07:58,488] {dag.py:2420} INFO - Sync 1 DAGs
[2024-05-05 10:07:58,500] {logging_mixin.py:115} INFO - [2024-05-05 10:07:58,500] {dag.py:2968} INFO - Setting next_dagrun for example_dag_decorator to None, run_after=None
[2024-05-05 10:07:58,519] {processor.py:161} INFO - Processing /opt/conda/lib/python3.8/site-packages/airflow/example_dags/example_dag_decorator.py took 0.091 seconds
[2024-05-05 10:08:33,537] {processor.py:153} INFO - Started process (PID=2728) to work on /opt/conda/lib/python3.8/site-packages/airflow/example_dags/example_dag_decorator.py
[2024-05-05 10:08:33,539] {processor.py:641} INFO - Processing file /opt/conda/lib/python3.8/site-packages/airflow/example_dags/example_dag_decorator.py for tasks to queue
[2024-05-05 10:08:33,539] {logging_mixin.py:115} INFO - [2024-05-05 10:08:33,539] {dagbag.py:508} INFO - Filling up the DagBag from /opt/conda/lib/python3.8/site-packages/airflow/example_dags/example_dag_decorator.py
[2024-05-05 10:08:33,565] {processor.py:651} INFO - DAG(s) dict_keys(['example_dag_decorator']) retrieved from /opt/conda/lib/python3.8/site-packages/airflow/example_dags/example_dag_decorator.py
[2024-05-05 10:08:33,612] {logging_mixin.py:115} INFO - [2024-05-05 10:08:33,612] {dag.py:2420} INFO - Sync 1 DAGs
[2024-05-05 10:08:33,627] {logging_mixin.py:115} INFO - [2024-05-05 10:08:33,627] {dag.py:2968} INFO - Setting next_dagrun for example_dag_decorator to None, run_after=None
[2024-05-05 10:08:33,650] {processor.py:161} INFO - Processing /opt/conda/lib/python3.8/site-packages/airflow/example_dags/example_dag_decorator.py took 0.115 seconds
[2024-05-05 10:09:09,754] {processor.py:153} INFO - Started process (PID=2775) to work on /opt/conda/lib/python3.8/site-packages/airflow/example_dags/example_dag_decorator.py
[2024-05-05 10:09:09,756] {processor.py:641} INFO - Processing file /opt/conda/lib/python3.8/site-packages/airflow/example_dags/example_dag_decorator.py for tasks to queue
[2024-05-05 10:09:09,757] {logging_mixin.py:115} INFO - [2024-05-05 10:09:09,757] {dagbag.py:508} INFO - Filling up the DagBag from /opt/conda/lib/python3.8/site-packages/airflow/example_dags/example_dag_decorator.py
[2024-05-05 10:09:09,781] {processor.py:651} INFO - DAG(s) dict_keys(['example_dag_decorator']) retrieved from /opt/conda/lib/python3.8/site-packages/airflow/example_dags/example_dag_decorator.py
[2024-05-05 10:09:09,827] {logging_mixin.py:115} INFO - [2024-05-05 10:09:09,827] {dag.py:2420} INFO - Sync 1 DAGs
[2024-05-05 10:09:09,843] {logging_mixin.py:115} INFO - [2024-05-05 10:09:09,843] {dag.py:2968} INFO - Setting next_dagrun for example_dag_decorator to None, run_after=None
[2024-05-05 10:09:09,867] {processor.py:161} INFO - Processing /opt/conda/lib/python3.8/site-packages/airflow/example_dags/example_dag_decorator.py took 0.116 seconds
[2024-05-05 10:09:46,082] {processor.py:153} INFO - Started process (PID=2827) to work on /opt/conda/lib/python3.8/site-packages/airflow/example_dags/example_dag_decorator.py
[2024-05-05 10:09:46,083] {processor.py:641} INFO - Processing file /opt/conda/lib/python3.8/site-packages/airflow/example_dags/example_dag_decorator.py for tasks to queue
[2024-05-05 10:09:46,084] {logging_mixin.py:115} INFO - [2024-05-05 10:09:46,084] {dagbag.py:508} INFO - Filling up the DagBag from /opt/conda/lib/python3.8/site-packages/airflow/example_dags/example_dag_decorator.py
[2024-05-05 10:09:46,109] {processor.py:651} INFO - DAG(s) dict_keys(['example_dag_decorator']) retrieved from /opt/conda/lib/python3.8/site-packages/airflow/example_dags/example_dag_decorator.py
[2024-05-05 10:09:46,125] {logging_mixin.py:115} INFO - [2024-05-05 10:09:46,125] {dag.py:2420} INFO - Sync 1 DAGs
[2024-05-05 10:09:46,138] {logging_mixin.py:115} INFO - [2024-05-05 10:09:46,138] {dag.py:2968} INFO - Setting next_dagrun for example_dag_decorator to None, run_after=None
[2024-05-05 10:09:46,157] {processor.py:161} INFO - Processing /opt/conda/lib/python3.8/site-packages/airflow/example_dags/example_dag_decorator.py took 0.078 seconds
[2024-05-05 10:10:20,019] {processor.py:153} INFO - Started process (PID=2877) to work on /opt/conda/lib/python3.8/site-packages/airflow/example_dags/example_dag_decorator.py
[2024-05-05 10:10:20,020] {processor.py:641} INFO - Processing file /opt/conda/lib/python3.8/site-packages/airflow/example_dags/example_dag_decorator.py for tasks to queue
[2024-05-05 10:10:20,020] {logging_mixin.py:115} INFO - [2024-05-05 10:10:20,020] {dagbag.py:508} INFO - Filling up the DagBag from /opt/conda/lib/python3.8/site-packages/airflow/example_dags/example_dag_decorator.py
[2024-05-05 10:10:20,044] {processor.py:651} INFO - DAG(s) dict_keys(['example_dag_decorator']) retrieved from /opt/conda/lib/python3.8/site-packages/airflow/example_dags/example_dag_decorator.py
[2024-05-05 10:10:20,060] {logging_mixin.py:115} INFO - [2024-05-05 10:10:20,060] {dag.py:2420} INFO - Sync 1 DAGs
[2024-05-05 10:10:20,077] {logging_mixin.py:115} INFO - [2024-05-05 10:10:20,077] {dag.py:2968} INFO - Setting next_dagrun for example_dag_decorator to None, run_after=None
[2024-05-05 10:10:20,096] {processor.py:161} INFO - Processing /opt/conda/lib/python3.8/site-packages/airflow/example_dags/example_dag_decorator.py took 0.079 seconds
[2024-05-05 10:10:57,115] {processor.py:153} INFO - Started process (PID=2938) to work on /opt/conda/lib/python3.8/site-packages/airflow/example_dags/example_dag_decorator.py
[2024-05-05 10:10:57,117] {processor.py:641} INFO - Processing file /opt/conda/lib/python3.8/site-packages/airflow/example_dags/example_dag_decorator.py for tasks to queue
[2024-05-05 10:10:57,117] {logging_mixin.py:115} INFO - [2024-05-05 10:10:57,117] {dagbag.py:508} INFO - Filling up the DagBag from /opt/conda/lib/python3.8/site-packages/airflow/example_dags/example_dag_decorator.py
[2024-05-05 10:10:57,141] {processor.py:651} INFO - DAG(s) dict_keys(['example_dag_decorator']) retrieved from /opt/conda/lib/python3.8/site-packages/airflow/example_dags/example_dag_decorator.py
[2024-05-05 10:10:57,154] {logging_mixin.py:115} INFO - [2024-05-05 10:10:57,154] {dag.py:2420} INFO - Sync 1 DAGs
[2024-05-05 10:10:57,167] {logging_mixin.py:115} INFO - [2024-05-05 10:10:57,167] {dag.py:2968} INFO - Setting next_dagrun for example_dag_decorator to None, run_after=None
[2024-05-05 10:10:57,186] {processor.py:161} INFO - Processing /opt/conda/lib/python3.8/site-packages/airflow/example_dags/example_dag_decorator.py took 0.074 seconds
[2024-05-05 10:11:33,274] {processor.py:153} INFO - Started process (PID=2990) to work on /opt/conda/lib/python3.8/site-packages/airflow/example_dags/example_dag_decorator.py
[2024-05-05 10:11:33,275] {processor.py:641} INFO - Processing file /opt/conda/lib/python3.8/site-packages/airflow/example_dags/example_dag_decorator.py for tasks to queue
[2024-05-05 10:11:33,276] {logging_mixin.py:115} INFO - [2024-05-05 10:11:33,276] {dagbag.py:508} INFO - Filling up the DagBag from /opt/conda/lib/python3.8/site-packages/airflow/example_dags/example_dag_decorator.py
[2024-05-05 10:11:33,300] {processor.py:651} INFO - DAG(s) dict_keys(['example_dag_decorator']) retrieved from /opt/conda/lib/python3.8/site-packages/airflow/example_dags/example_dag_decorator.py
[2024-05-05 10:11:33,316] {logging_mixin.py:115} INFO - [2024-05-05 10:11:33,316] {dag.py:2420} INFO - Sync 1 DAGs
[2024-05-05 10:11:33,333] {logging_mixin.py:115} INFO - [2024-05-05 10:11:33,333] {dag.py:2968} INFO - Setting next_dagrun for example_dag_decorator to None, run_after=None
[2024-05-05 10:11:33,448] {processor.py:161} INFO - Processing /opt/conda/lib/python3.8/site-packages/airflow/example_dags/example_dag_decorator.py took 0.178 seconds
[2024-05-05 10:12:07,151] {processor.py:153} INFO - Started process (PID=3039) to work on /opt/conda/lib/python3.8/site-packages/airflow/example_dags/example_dag_decorator.py
[2024-05-05 10:12:07,151] {processor.py:641} INFO - Processing file /opt/conda/lib/python3.8/site-packages/airflow/example_dags/example_dag_decorator.py for tasks to queue
[2024-05-05 10:12:07,152] {logging_mixin.py:115} INFO - [2024-05-05 10:12:07,151] {dagbag.py:508} INFO - Filling up the DagBag from /opt/conda/lib/python3.8/site-packages/airflow/example_dags/example_dag_decorator.py
[2024-05-05 10:12:07,175] {processor.py:651} INFO - DAG(s) dict_keys(['example_dag_decorator']) retrieved from /opt/conda/lib/python3.8/site-packages/airflow/example_dags/example_dag_decorator.py
[2024-05-05 10:12:07,188] {logging_mixin.py:115} INFO - [2024-05-05 10:12:07,188] {dag.py:2420} INFO - Sync 1 DAGs
[2024-05-05 10:12:07,202] {logging_mixin.py:115} INFO - [2024-05-05 10:12:07,202] {dag.py:2968} INFO - Setting next_dagrun for example_dag_decorator to None, run_after=None
[2024-05-05 10:12:07,221] {processor.py:161} INFO - Processing /opt/conda/lib/python3.8/site-packages/airflow/example_dags/example_dag_decorator.py took 0.074 seconds
[2024-05-05 10:12:41,619] {processor.py:153} INFO - Started process (PID=3090) to work on /opt/conda/lib/python3.8/site-packages/airflow/example_dags/example_dag_decorator.py
[2024-05-05 10:12:41,621] {processor.py:641} INFO - Processing file /opt/conda/lib/python3.8/site-packages/airflow/example_dags/example_dag_decorator.py for tasks to queue
[2024-05-05 10:12:41,621] {logging_mixin.py:115} INFO - [2024-05-05 10:12:41,621] {dagbag.py:508} INFO - Filling up the DagBag from /opt/conda/lib/python3.8/site-packages/airflow/example_dags/example_dag_decorator.py
[2024-05-05 10:12:41,645] {processor.py:651} INFO - DAG(s) dict_keys(['example_dag_decorator']) retrieved from /opt/conda/lib/python3.8/site-packages/airflow/example_dags/example_dag_decorator.py
[2024-05-05 10:12:41,658] {logging_mixin.py:115} INFO - [2024-05-05 10:12:41,658] {dag.py:2420} INFO - Sync 1 DAGs
[2024-05-05 10:12:41,671] {logging_mixin.py:115} INFO - [2024-05-05 10:12:41,671] {dag.py:2968} INFO - Setting next_dagrun for example_dag_decorator to None, run_after=None
[2024-05-05 10:12:41,688] {processor.py:161} INFO - Processing /opt/conda/lib/python3.8/site-packages/airflow/example_dags/example_dag_decorator.py took 0.072 seconds
[2024-05-05 10:13:15,379] {processor.py:153} INFO - Started process (PID=3138) to work on /opt/conda/lib/python3.8/site-packages/airflow/example_dags/example_dag_decorator.py
[2024-05-05 10:13:15,380] {processor.py:641} INFO - Processing file /opt/conda/lib/python3.8/site-packages/airflow/example_dags/example_dag_decorator.py for tasks to queue
[2024-05-05 10:13:15,381] {logging_mixin.py:115} INFO - [2024-05-05 10:13:15,381] {dagbag.py:508} INFO - Filling up the DagBag from /opt/conda/lib/python3.8/site-packages/airflow/example_dags/example_dag_decorator.py
[2024-05-05 10:13:15,405] {processor.py:651} INFO - DAG(s) dict_keys(['example_dag_decorator']) retrieved from /opt/conda/lib/python3.8/site-packages/airflow/example_dags/example_dag_decorator.py
[2024-05-05 10:13:15,452] {logging_mixin.py:115} INFO - [2024-05-05 10:13:15,451] {dag.py:2420} INFO - Sync 1 DAGs
[2024-05-05 10:13:15,468] {logging_mixin.py:115} INFO - [2024-05-05 10:13:15,468] {dag.py:2968} INFO - Setting next_dagrun for example_dag_decorator to None, run_after=None
[2024-05-05 10:13:15,492] {processor.py:161} INFO - Processing /opt/conda/lib/python3.8/site-packages/airflow/example_dags/example_dag_decorator.py took 0.116 seconds
[2024-05-05 10:13:53,979] {processor.py:153} INFO - Started process (PID=3190) to work on /opt/conda/lib/python3.8/site-packages/airflow/example_dags/example_dag_decorator.py
[2024-05-05 10:13:53,981] {processor.py:641} INFO - Processing file /opt/conda/lib/python3.8/site-packages/airflow/example_dags/example_dag_decorator.py for tasks to queue
[2024-05-05 10:13:53,981] {logging_mixin.py:115} INFO - [2024-05-05 10:13:53,981] {dagbag.py:508} INFO - Filling up the DagBag from /opt/conda/lib/python3.8/site-packages/airflow/example_dags/example_dag_decorator.py
[2024-05-05 10:13:54,005] {processor.py:651} INFO - DAG(s) dict_keys(['example_dag_decorator']) retrieved from /opt/conda/lib/python3.8/site-packages/airflow/example_dags/example_dag_decorator.py
[2024-05-05 10:13:54,044] {logging_mixin.py:115} INFO - [2024-05-05 10:13:54,044] {dag.py:2420} INFO - Sync 1 DAGs
[2024-05-05 10:13:54,055] {logging_mixin.py:115} INFO - [2024-05-05 10:13:54,055] {dag.py:2968} INFO - Setting next_dagrun for example_dag_decorator to None, run_after=None
[2024-05-05 10:13:54,074] {processor.py:161} INFO - Processing /opt/conda/lib/python3.8/site-packages/airflow/example_dags/example_dag_decorator.py took 0.099 seconds
[2024-05-05 10:14:32,786] {processor.py:153} INFO - Started process (PID=3243) to work on /opt/conda/lib/python3.8/site-packages/airflow/example_dags/example_dag_decorator.py
[2024-05-05 10:14:32,788] {processor.py:641} INFO - Processing file /opt/conda/lib/python3.8/site-packages/airflow/example_dags/example_dag_decorator.py for tasks to queue
[2024-05-05 10:14:32,788] {logging_mixin.py:115} INFO - [2024-05-05 10:14:32,788] {dagbag.py:508} INFO - Filling up the DagBag from /opt/conda/lib/python3.8/site-packages/airflow/example_dags/example_dag_decorator.py
[2024-05-05 10:14:32,813] {processor.py:651} INFO - DAG(s) dict_keys(['example_dag_decorator']) retrieved from /opt/conda/lib/python3.8/site-packages/airflow/example_dags/example_dag_decorator.py
[2024-05-05 10:14:32,826] {logging_mixin.py:115} INFO - [2024-05-05 10:14:32,826] {dag.py:2420} INFO - Sync 1 DAGs
[2024-05-05 10:14:32,838] {logging_mixin.py:115} INFO - [2024-05-05 10:14:32,838] {dag.py:2968} INFO - Setting next_dagrun for example_dag_decorator to None, run_after=None
[2024-05-05 10:14:32,857] {processor.py:161} INFO - Processing /opt/conda/lib/python3.8/site-packages/airflow/example_dags/example_dag_decorator.py took 0.074 seconds
[2024-05-05 10:15:07,091] {processor.py:153} INFO - Started process (PID=3292) to work on /opt/conda/lib/python3.8/site-packages/airflow/example_dags/example_dag_decorator.py
[2024-05-05 10:15:07,092] {processor.py:641} INFO - Processing file /opt/conda/lib/python3.8/site-packages/airflow/example_dags/example_dag_decorator.py for tasks to queue
[2024-05-05 10:15:07,092] {logging_mixin.py:115} INFO - [2024-05-05 10:15:07,092] {dagbag.py:508} INFO - Filling up the DagBag from /opt/conda/lib/python3.8/site-packages/airflow/example_dags/example_dag_decorator.py
[2024-05-05 10:15:07,117] {processor.py:651} INFO - DAG(s) dict_keys(['example_dag_decorator']) retrieved from /opt/conda/lib/python3.8/site-packages/airflow/example_dags/example_dag_decorator.py
[2024-05-05 10:15:07,133] {logging_mixin.py:115} INFO - [2024-05-05 10:15:07,133] {dag.py:2420} INFO - Sync 1 DAGs
[2024-05-05 10:15:07,150] {logging_mixin.py:115} INFO - [2024-05-05 10:15:07,150] {dag.py:2968} INFO - Setting next_dagrun for example_dag_decorator to None, run_after=None
[2024-05-05 10:15:07,171] {processor.py:161} INFO - Processing /opt/conda/lib/python3.8/site-packages/airflow/example_dags/example_dag_decorator.py took 0.084 seconds
[2024-05-05 10:15:45,919] {processor.py:153} INFO - Started process (PID=3346) to work on /opt/conda/lib/python3.8/site-packages/airflow/example_dags/example_dag_decorator.py
[2024-05-05 10:15:45,921] {processor.py:641} INFO - Processing file /opt/conda/lib/python3.8/site-packages/airflow/example_dags/example_dag_decorator.py for tasks to queue
[2024-05-05 10:15:45,921] {logging_mixin.py:115} INFO - [2024-05-05 10:15:45,921] {dagbag.py:508} INFO - Filling up the DagBag from /opt/conda/lib/python3.8/site-packages/airflow/example_dags/example_dag_decorator.py
[2024-05-05 10:15:45,945] {processor.py:651} INFO - DAG(s) dict_keys(['example_dag_decorator']) retrieved from /opt/conda/lib/python3.8/site-packages/airflow/example_dags/example_dag_decorator.py
[2024-05-05 10:15:45,961] {logging_mixin.py:115} INFO - [2024-05-05 10:15:45,961] {dag.py:2420} INFO - Sync 1 DAGs
[2024-05-05 10:15:45,974] {logging_mixin.py:115} INFO - [2024-05-05 10:15:45,974] {dag.py:2968} INFO - Setting next_dagrun for example_dag_decorator to None, run_after=None
[2024-05-05 10:15:45,992] {processor.py:161} INFO - Processing /opt/conda/lib/python3.8/site-packages/airflow/example_dags/example_dag_decorator.py took 0.076 seconds
[2024-05-05 10:16:23,420] {processor.py:153} INFO - Started process (PID=3407) to work on /opt/conda/lib/python3.8/site-packages/airflow/example_dags/example_dag_decorator.py
[2024-05-05 10:16:23,422] {processor.py:641} INFO - Processing file /opt/conda/lib/python3.8/site-packages/airflow/example_dags/example_dag_decorator.py for tasks to queue
[2024-05-05 10:16:23,422] {logging_mixin.py:115} INFO - [2024-05-05 10:16:23,422] {dagbag.py:508} INFO - Filling up the DagBag from /opt/conda/lib/python3.8/site-packages/airflow/example_dags/example_dag_decorator.py
[2024-05-05 10:16:23,444] {processor.py:651} INFO - DAG(s) dict_keys(['example_dag_decorator']) retrieved from /opt/conda/lib/python3.8/site-packages/airflow/example_dags/example_dag_decorator.py
[2024-05-05 10:16:23,456] {logging_mixin.py:115} INFO - [2024-05-05 10:16:23,456] {dag.py:2420} INFO - Sync 1 DAGs
[2024-05-05 10:16:23,468] {logging_mixin.py:115} INFO - [2024-05-05 10:16:23,468] {dag.py:2968} INFO - Setting next_dagrun for example_dag_decorator to None, run_after=None
[2024-05-05 10:16:23,490] {processor.py:161} INFO - Processing /opt/conda/lib/python3.8/site-packages/airflow/example_dags/example_dag_decorator.py took 0.073 seconds
[2024-05-05 10:16:59,578] {processor.py:153} INFO - Started process (PID=3459) to work on /opt/conda/lib/python3.8/site-packages/airflow/example_dags/example_dag_decorator.py
[2024-05-05 10:16:59,580] {processor.py:641} INFO - Processing file /opt/conda/lib/python3.8/site-packages/airflow/example_dags/example_dag_decorator.py for tasks to queue
[2024-05-05 10:16:59,580] {logging_mixin.py:115} INFO - [2024-05-05 10:16:59,580] {dagbag.py:508} INFO - Filling up the DagBag from /opt/conda/lib/python3.8/site-packages/airflow/example_dags/example_dag_decorator.py
[2024-05-05 10:16:59,602] {processor.py:651} INFO - DAG(s) dict_keys(['example_dag_decorator']) retrieved from /opt/conda/lib/python3.8/site-packages/airflow/example_dags/example_dag_decorator.py
[2024-05-05 10:16:59,614] {logging_mixin.py:115} INFO - [2024-05-05 10:16:59,614] {dag.py:2420} INFO - Sync 1 DAGs
[2024-05-05 10:16:59,627] {logging_mixin.py:115} INFO - [2024-05-05 10:16:59,627] {dag.py:2968} INFO - Setting next_dagrun for example_dag_decorator to None, run_after=None
[2024-05-05 10:16:59,646] {processor.py:161} INFO - Processing /opt/conda/lib/python3.8/site-packages/airflow/example_dags/example_dag_decorator.py took 0.071 seconds
[2024-05-05 10:17:36,895] {processor.py:153} INFO - Started process (PID=3520) to work on /opt/conda/lib/python3.8/site-packages/airflow/example_dags/example_dag_decorator.py
[2024-05-05 10:17:36,896] {processor.py:641} INFO - Processing file /opt/conda/lib/python3.8/site-packages/airflow/example_dags/example_dag_decorator.py for tasks to queue
[2024-05-05 10:17:36,897] {logging_mixin.py:115} INFO - [2024-05-05 10:17:36,897] {dagbag.py:508} INFO - Filling up the DagBag from /opt/conda/lib/python3.8/site-packages/airflow/example_dags/example_dag_decorator.py
[2024-05-05 10:17:36,918] {processor.py:651} INFO - DAG(s) dict_keys(['example_dag_decorator']) retrieved from /opt/conda/lib/python3.8/site-packages/airflow/example_dags/example_dag_decorator.py
[2024-05-05 10:17:36,931] {logging_mixin.py:115} INFO - [2024-05-05 10:17:36,931] {dag.py:2420} INFO - Sync 1 DAGs
[2024-05-05 10:17:36,943] {logging_mixin.py:115} INFO - [2024-05-05 10:17:36,943] {dag.py:2968} INFO - Setting next_dagrun for example_dag_decorator to None, run_after=None
[2024-05-05 10:17:36,961] {processor.py:161} INFO - Processing /opt/conda/lib/python3.8/site-packages/airflow/example_dags/example_dag_decorator.py took 0.070 seconds
[2024-05-05 10:18:17,431] {processor.py:153} INFO - Started process (PID=3575) to work on /opt/conda/lib/python3.8/site-packages/airflow/example_dags/example_dag_decorator.py
[2024-05-05 10:18:17,432] {processor.py:641} INFO - Processing file /opt/conda/lib/python3.8/site-packages/airflow/example_dags/example_dag_decorator.py for tasks to queue
[2024-05-05 10:18:17,433] {logging_mixin.py:115} INFO - [2024-05-05 10:18:17,433] {dagbag.py:508} INFO - Filling up the DagBag from /opt/conda/lib/python3.8/site-packages/airflow/example_dags/example_dag_decorator.py
[2024-05-05 10:18:17,457] {processor.py:651} INFO - DAG(s) dict_keys(['example_dag_decorator']) retrieved from /opt/conda/lib/python3.8/site-packages/airflow/example_dags/example_dag_decorator.py
[2024-05-05 10:18:17,504] {logging_mixin.py:115} INFO - [2024-05-05 10:18:17,503] {dag.py:2420} INFO - Sync 1 DAGs
[2024-05-05 10:18:17,518] {logging_mixin.py:115} INFO - [2024-05-05 10:18:17,518] {dag.py:2968} INFO - Setting next_dagrun for example_dag_decorator to None, run_after=None
[2024-05-05 10:18:17,540] {processor.py:161} INFO - Processing /opt/conda/lib/python3.8/site-packages/airflow/example_dags/example_dag_decorator.py took 0.113 seconds
