[2024-05-05 09:48:37,697] {processor.py:153} INFO - Started process (PID=936) to work on /opt/conda/lib/python3.8/site-packages/airflow/example_dags/example_task_group.py
[2024-05-05 09:48:37,698] {processor.py:641} INFO - Processing file /opt/conda/lib/python3.8/site-packages/airflow/example_dags/example_task_group.py for tasks to queue
[2024-05-05 09:48:37,699] {logging_mixin.py:115} INFO - [2024-05-05 09:48:37,698] {dagbag.py:508} INFO - Filling up the DagBag from /opt/conda/lib/python3.8/site-packages/airflow/example_dags/example_task_group.py
[2024-05-05 09:48:37,709] {processor.py:651} INFO - DAG(s) dict_keys(['example_task_group']) retrieved from /opt/conda/lib/python3.8/site-packages/airflow/example_dags/example_task_group.py
[2024-05-05 09:48:37,905] {logging_mixin.py:115} INFO - [2024-05-05 09:48:37,904] {manager.py:508} INFO - Created Permission View: can read on DAG:example_task_group
[2024-05-05 09:48:37,923] {logging_mixin.py:115} INFO - [2024-05-05 09:48:37,923] {manager.py:508} INFO - Created Permission View: can edit on DAG:example_task_group
[2024-05-05 09:48:37,945] {logging_mixin.py:115} INFO - [2024-05-05 09:48:37,945] {manager.py:508} INFO - Created Permission View: can delete on DAG:example_task_group
[2024-05-05 09:48:37,945] {logging_mixin.py:115} INFO - [2024-05-05 09:48:37,945] {dag.py:2420} INFO - Sync 1 DAGs
[2024-05-05 09:48:37,950] {logging_mixin.py:115} INFO - [2024-05-05 09:48:37,950] {dag.py:2439} INFO - Creating ORM DAG for example_task_group
[2024-05-05 09:48:37,957] {logging_mixin.py:115} INFO - [2024-05-05 09:48:37,957] {dag.py:2968} INFO - Setting next_dagrun for example_task_group to 2024-05-04T09:48:37.957061+00:00, run_after=2024-05-05T09:48:37.957061+00:00
[2024-05-05 09:48:37,985] {processor.py:161} INFO - Processing /opt/conda/lib/python3.8/site-packages/airflow/example_dags/example_task_group.py took 0.290 seconds
[2024-05-05 09:49:23,298] {processor.py:153} INFO - Started process (PID=988) to work on /opt/conda/lib/python3.8/site-packages/airflow/example_dags/example_task_group.py
[2024-05-05 09:49:23,300] {processor.py:641} INFO - Processing file /opt/conda/lib/python3.8/site-packages/airflow/example_dags/example_task_group.py for tasks to queue
[2024-05-05 09:49:23,300] {logging_mixin.py:115} INFO - [2024-05-05 09:49:23,300] {dagbag.py:508} INFO - Filling up the DagBag from /opt/conda/lib/python3.8/site-packages/airflow/example_dags/example_task_group.py
[2024-05-05 09:49:23,311] {processor.py:651} INFO - DAG(s) dict_keys(['example_task_group']) retrieved from /opt/conda/lib/python3.8/site-packages/airflow/example_dags/example_task_group.py
[2024-05-05 09:49:23,450] {logging_mixin.py:115} INFO - [2024-05-05 09:49:23,450] {dag.py:2420} INFO - Sync 1 DAGs
[2024-05-05 09:49:23,462] {logging_mixin.py:115} INFO - [2024-05-05 09:49:23,462] {dag.py:2968} INFO - Setting next_dagrun for example_task_group to 2024-05-04T09:49:23.462554+00:00, run_after=2024-05-05T09:49:23.462554+00:00
[2024-05-05 09:49:23,513] {processor.py:161} INFO - Processing /opt/conda/lib/python3.8/site-packages/airflow/example_dags/example_task_group.py took 0.218 seconds
[2024-05-05 09:50:07,838] {processor.py:153} INFO - Started process (PID=1040) to work on /opt/conda/lib/python3.8/site-packages/airflow/example_dags/example_task_group.py
[2024-05-05 09:50:07,839] {processor.py:641} INFO - Processing file /opt/conda/lib/python3.8/site-packages/airflow/example_dags/example_task_group.py for tasks to queue
[2024-05-05 09:50:07,840] {logging_mixin.py:115} INFO - [2024-05-05 09:50:07,840] {dagbag.py:508} INFO - Filling up the DagBag from /opt/conda/lib/python3.8/site-packages/airflow/example_dags/example_task_group.py
[2024-05-05 09:50:07,850] {processor.py:651} INFO - DAG(s) dict_keys(['example_task_group']) retrieved from /opt/conda/lib/python3.8/site-packages/airflow/example_dags/example_task_group.py
[2024-05-05 09:50:07,997] {logging_mixin.py:115} INFO - [2024-05-05 09:50:07,997] {dag.py:2420} INFO - Sync 1 DAGs
[2024-05-05 09:50:08,009] {logging_mixin.py:115} INFO - [2024-05-05 09:50:08,009] {dag.py:2968} INFO - Setting next_dagrun for example_task_group to 2024-05-04T09:50:08.009152+00:00, run_after=2024-05-05T09:50:08.009152+00:00
[2024-05-05 09:50:08,034] {processor.py:161} INFO - Processing /opt/conda/lib/python3.8/site-packages/airflow/example_dags/example_task_group.py took 0.199 seconds
[2024-05-05 09:52:19,031] {processor.py:153} INFO - Started process (PID=1345) to work on /opt/conda/lib/python3.8/site-packages/airflow/example_dags/example_task_group.py
[2024-05-05 09:52:19,032] {processor.py:641} INFO - Processing file /opt/conda/lib/python3.8/site-packages/airflow/example_dags/example_task_group.py for tasks to queue
[2024-05-05 09:52:19,033] {logging_mixin.py:115} INFO - [2024-05-05 09:52:19,033] {dagbag.py:508} INFO - Filling up the DagBag from /opt/conda/lib/python3.8/site-packages/airflow/example_dags/example_task_group.py
[2024-05-05 09:52:19,042] {processor.py:651} INFO - DAG(s) dict_keys(['example_task_group']) retrieved from /opt/conda/lib/python3.8/site-packages/airflow/example_dags/example_task_group.py
[2024-05-05 09:52:19,170] {logging_mixin.py:115} INFO - [2024-05-05 09:52:19,170] {dag.py:2420} INFO - Sync 1 DAGs
[2024-05-05 09:52:19,181] {logging_mixin.py:115} INFO - [2024-05-05 09:52:19,181] {dag.py:2968} INFO - Setting next_dagrun for example_task_group to 2024-05-04T09:52:19.181605+00:00, run_after=2024-05-05T09:52:19.181605+00:00
[2024-05-05 09:52:19,201] {processor.py:161} INFO - Processing /opt/conda/lib/python3.8/site-packages/airflow/example_dags/example_task_group.py took 0.173 seconds
[2024-05-05 09:53:03,887] {processor.py:153} INFO - Started process (PID=1397) to work on /opt/conda/lib/python3.8/site-packages/airflow/example_dags/example_task_group.py
[2024-05-05 09:53:03,889] {processor.py:641} INFO - Processing file /opt/conda/lib/python3.8/site-packages/airflow/example_dags/example_task_group.py for tasks to queue
[2024-05-05 09:53:03,889] {logging_mixin.py:115} INFO - [2024-05-05 09:53:03,889] {dagbag.py:508} INFO - Filling up the DagBag from /opt/conda/lib/python3.8/site-packages/airflow/example_dags/example_task_group.py
[2024-05-05 09:53:03,901] {processor.py:651} INFO - DAG(s) dict_keys(['example_task_group']) retrieved from /opt/conda/lib/python3.8/site-packages/airflow/example_dags/example_task_group.py
[2024-05-05 09:53:04,045] {logging_mixin.py:115} INFO - [2024-05-05 09:53:04,045] {dag.py:2420} INFO - Sync 1 DAGs
[2024-05-05 09:53:04,057] {logging_mixin.py:115} INFO - [2024-05-05 09:53:04,056] {dag.py:2968} INFO - Setting next_dagrun for example_task_group to 2024-05-04T09:53:04.056752+00:00, run_after=2024-05-05T09:53:04.056752+00:00
[2024-05-05 09:53:04,089] {processor.py:161} INFO - Processing /opt/conda/lib/python3.8/site-packages/airflow/example_dags/example_task_group.py took 0.205 seconds
[2024-05-05 09:53:47,782] {processor.py:153} INFO - Started process (PID=1449) to work on /opt/conda/lib/python3.8/site-packages/airflow/example_dags/example_task_group.py
[2024-05-05 09:53:47,783] {processor.py:641} INFO - Processing file /opt/conda/lib/python3.8/site-packages/airflow/example_dags/example_task_group.py for tasks to queue
[2024-05-05 09:53:47,784] {logging_mixin.py:115} INFO - [2024-05-05 09:53:47,784] {dagbag.py:508} INFO - Filling up the DagBag from /opt/conda/lib/python3.8/site-packages/airflow/example_dags/example_task_group.py
[2024-05-05 09:53:47,790] {processor.py:651} INFO - DAG(s) dict_keys(['example_task_group']) retrieved from /opt/conda/lib/python3.8/site-packages/airflow/example_dags/example_task_group.py
[2024-05-05 09:53:47,919] {logging_mixin.py:115} INFO - [2024-05-05 09:53:47,919] {dag.py:2420} INFO - Sync 1 DAGs
[2024-05-05 09:53:47,931] {logging_mixin.py:115} INFO - [2024-05-05 09:53:47,930] {dag.py:2968} INFO - Setting next_dagrun for example_task_group to 2024-05-04T09:53:47.930750+00:00, run_after=2024-05-05T09:53:47.930750+00:00
[2024-05-05 09:53:47,953] {processor.py:161} INFO - Processing /opt/conda/lib/python3.8/site-packages/airflow/example_dags/example_task_group.py took 0.174 seconds
[2024-05-05 09:54:30,609] {processor.py:153} INFO - Started process (PID=1501) to work on /opt/conda/lib/python3.8/site-packages/airflow/example_dags/example_task_group.py
[2024-05-05 09:54:30,611] {processor.py:641} INFO - Processing file /opt/conda/lib/python3.8/site-packages/airflow/example_dags/example_task_group.py for tasks to queue
[2024-05-05 09:54:30,612] {logging_mixin.py:115} INFO - [2024-05-05 09:54:30,611] {dagbag.py:508} INFO - Filling up the DagBag from /opt/conda/lib/python3.8/site-packages/airflow/example_dags/example_task_group.py
[2024-05-05 09:54:30,618] {processor.py:651} INFO - DAG(s) dict_keys(['example_task_group']) retrieved from /opt/conda/lib/python3.8/site-packages/airflow/example_dags/example_task_group.py
[2024-05-05 09:54:30,743] {logging_mixin.py:115} INFO - [2024-05-05 09:54:30,743] {dag.py:2420} INFO - Sync 1 DAGs
[2024-05-05 09:54:30,755] {logging_mixin.py:115} INFO - [2024-05-05 09:54:30,755] {dag.py:2968} INFO - Setting next_dagrun for example_task_group to 2024-05-04T09:54:30.755399+00:00, run_after=2024-05-05T09:54:30.755399+00:00
[2024-05-05 09:54:30,774] {processor.py:161} INFO - Processing /opt/conda/lib/python3.8/site-packages/airflow/example_dags/example_task_group.py took 0.168 seconds
[2024-05-05 09:55:15,523] {processor.py:153} INFO - Started process (PID=1562) to work on /opt/conda/lib/python3.8/site-packages/airflow/example_dags/example_task_group.py
[2024-05-05 09:55:15,524] {processor.py:641} INFO - Processing file /opt/conda/lib/python3.8/site-packages/airflow/example_dags/example_task_group.py for tasks to queue
[2024-05-05 09:55:15,525] {logging_mixin.py:115} INFO - [2024-05-05 09:55:15,525] {dagbag.py:508} INFO - Filling up the DagBag from /opt/conda/lib/python3.8/site-packages/airflow/example_dags/example_task_group.py
[2024-05-05 09:55:15,532] {processor.py:651} INFO - DAG(s) dict_keys(['example_task_group']) retrieved from /opt/conda/lib/python3.8/site-packages/airflow/example_dags/example_task_group.py
[2024-05-05 09:55:15,675] {logging_mixin.py:115} INFO - [2024-05-05 09:55:15,675] {dag.py:2420} INFO - Sync 1 DAGs
[2024-05-05 09:55:15,686] {logging_mixin.py:115} INFO - [2024-05-05 09:55:15,686] {dag.py:2968} INFO - Setting next_dagrun for example_task_group to 2024-05-04T09:55:15.686251+00:00, run_after=2024-05-05T09:55:15.686251+00:00
[2024-05-05 09:55:15,705] {processor.py:161} INFO - Processing /opt/conda/lib/python3.8/site-packages/airflow/example_dags/example_task_group.py took 0.186 seconds
[2024-05-05 09:55:53,435] {processor.py:153} INFO - Started process (PID=1611) to work on /opt/conda/lib/python3.8/site-packages/airflow/example_dags/example_task_group.py
[2024-05-05 09:55:53,436] {processor.py:641} INFO - Processing file /opt/conda/lib/python3.8/site-packages/airflow/example_dags/example_task_group.py for tasks to queue
[2024-05-05 09:55:53,437] {logging_mixin.py:115} INFO - [2024-05-05 09:55:53,437] {dagbag.py:508} INFO - Filling up the DagBag from /opt/conda/lib/python3.8/site-packages/airflow/example_dags/example_task_group.py
[2024-05-05 09:55:53,443] {processor.py:651} INFO - DAG(s) dict_keys(['example_task_group']) retrieved from /opt/conda/lib/python3.8/site-packages/airflow/example_dags/example_task_group.py
[2024-05-05 09:55:53,562] {logging_mixin.py:115} INFO - [2024-05-05 09:55:53,562] {dag.py:2420} INFO - Sync 1 DAGs
[2024-05-05 09:55:53,573] {logging_mixin.py:115} INFO - [2024-05-05 09:55:53,573] {dag.py:2968} INFO - Setting next_dagrun for example_task_group to 2024-05-04T09:55:53.573517+00:00, run_after=2024-05-05T09:55:53.573517+00:00
[2024-05-05 09:55:53,591] {processor.py:161} INFO - Processing /opt/conda/lib/python3.8/site-packages/airflow/example_dags/example_task_group.py took 0.159 seconds
[2024-05-05 09:56:33,299] {processor.py:153} INFO - Started process (PID=1661) to work on /opt/conda/lib/python3.8/site-packages/airflow/example_dags/example_task_group.py
[2024-05-05 09:56:33,300] {processor.py:641} INFO - Processing file /opt/conda/lib/python3.8/site-packages/airflow/example_dags/example_task_group.py for tasks to queue
[2024-05-05 09:56:33,301] {logging_mixin.py:115} INFO - [2024-05-05 09:56:33,301] {dagbag.py:508} INFO - Filling up the DagBag from /opt/conda/lib/python3.8/site-packages/airflow/example_dags/example_task_group.py
[2024-05-05 09:56:33,307] {processor.py:651} INFO - DAG(s) dict_keys(['example_task_group']) retrieved from /opt/conda/lib/python3.8/site-packages/airflow/example_dags/example_task_group.py
[2024-05-05 09:56:33,427] {logging_mixin.py:115} INFO - [2024-05-05 09:56:33,427] {dag.py:2420} INFO - Sync 1 DAGs
[2024-05-05 09:56:33,438] {logging_mixin.py:115} INFO - [2024-05-05 09:56:33,438] {dag.py:2968} INFO - Setting next_dagrun for example_task_group to 2024-05-04T09:56:33.437907+00:00, run_after=2024-05-05T09:56:33.437907+00:00
[2024-05-05 09:56:33,457] {processor.py:161} INFO - Processing /opt/conda/lib/python3.8/site-packages/airflow/example_dags/example_task_group.py took 0.161 seconds
[2024-05-05 09:57:20,660] {processor.py:153} INFO - Started process (PID=1725) to work on /opt/conda/lib/python3.8/site-packages/airflow/example_dags/example_task_group.py
[2024-05-05 09:57:20,661] {processor.py:641} INFO - Processing file /opt/conda/lib/python3.8/site-packages/airflow/example_dags/example_task_group.py for tasks to queue
[2024-05-05 09:57:20,662] {logging_mixin.py:115} INFO - [2024-05-05 09:57:20,662] {dagbag.py:508} INFO - Filling up the DagBag from /opt/conda/lib/python3.8/site-packages/airflow/example_dags/example_task_group.py
[2024-05-05 09:57:20,668] {processor.py:651} INFO - DAG(s) dict_keys(['example_task_group']) retrieved from /opt/conda/lib/python3.8/site-packages/airflow/example_dags/example_task_group.py
[2024-05-05 09:57:20,790] {logging_mixin.py:115} INFO - [2024-05-05 09:57:20,790] {dag.py:2420} INFO - Sync 1 DAGs
[2024-05-05 09:57:20,801] {logging_mixin.py:115} INFO - [2024-05-05 09:57:20,801] {dag.py:2968} INFO - Setting next_dagrun for example_task_group to 2024-05-04T09:57:20.801491+00:00, run_after=2024-05-05T09:57:20.801491+00:00
[2024-05-05 09:57:20,821] {processor.py:161} INFO - Processing /opt/conda/lib/python3.8/site-packages/airflow/example_dags/example_task_group.py took 0.164 seconds
[2024-05-05 09:58:09,218] {processor.py:153} INFO - Started process (PID=1783) to work on /opt/conda/lib/python3.8/site-packages/airflow/example_dags/example_task_group.py
[2024-05-05 09:58:09,219] {processor.py:641} INFO - Processing file /opt/conda/lib/python3.8/site-packages/airflow/example_dags/example_task_group.py for tasks to queue
[2024-05-05 09:58:09,219] {logging_mixin.py:115} INFO - [2024-05-05 09:58:09,219] {dagbag.py:508} INFO - Filling up the DagBag from /opt/conda/lib/python3.8/site-packages/airflow/example_dags/example_task_group.py
[2024-05-05 09:58:09,226] {processor.py:651} INFO - DAG(s) dict_keys(['example_task_group']) retrieved from /opt/conda/lib/python3.8/site-packages/airflow/example_dags/example_task_group.py
[2024-05-05 09:58:09,348] {logging_mixin.py:115} INFO - [2024-05-05 09:58:09,348] {dag.py:2420} INFO - Sync 1 DAGs
[2024-05-05 09:58:09,360] {logging_mixin.py:115} INFO - [2024-05-05 09:58:09,360] {dag.py:2968} INFO - Setting next_dagrun for example_task_group to 2024-05-04T09:58:09.360031+00:00, run_after=2024-05-05T09:58:09.360031+00:00
[2024-05-05 09:58:09,378] {processor.py:161} INFO - Processing /opt/conda/lib/python3.8/site-packages/airflow/example_dags/example_task_group.py took 0.163 seconds
[2024-05-05 09:58:46,843] {processor.py:153} INFO - Started process (PID=1835) to work on /opt/conda/lib/python3.8/site-packages/airflow/example_dags/example_task_group.py
[2024-05-05 09:58:46,844] {processor.py:641} INFO - Processing file /opt/conda/lib/python3.8/site-packages/airflow/example_dags/example_task_group.py for tasks to queue
[2024-05-05 09:58:46,845] {logging_mixin.py:115} INFO - [2024-05-05 09:58:46,845] {dagbag.py:508} INFO - Filling up the DagBag from /opt/conda/lib/python3.8/site-packages/airflow/example_dags/example_task_group.py
[2024-05-05 09:58:46,852] {processor.py:651} INFO - DAG(s) dict_keys(['example_task_group']) retrieved from /opt/conda/lib/python3.8/site-packages/airflow/example_dags/example_task_group.py
[2024-05-05 09:58:46,869] {logging_mixin.py:115} INFO - [2024-05-05 09:58:46,869] {dag.py:2420} INFO - Sync 1 DAGs
[2024-05-05 09:58:46,887] {logging_mixin.py:115} INFO - [2024-05-05 09:58:46,887] {dag.py:2968} INFO - Setting next_dagrun for example_task_group to 2024-05-04T09:58:46.887374+00:00, run_after=2024-05-05T09:58:46.887374+00:00
[2024-05-05 09:58:46,915] {processor.py:161} INFO - Processing /opt/conda/lib/python3.8/site-packages/airflow/example_dags/example_task_group.py took 0.075 seconds
[2024-05-05 09:59:22,451] {processor.py:153} INFO - Started process (PID=1886) to work on /opt/conda/lib/python3.8/site-packages/airflow/example_dags/example_task_group.py
[2024-05-05 09:59:22,452] {processor.py:641} INFO - Processing file /opt/conda/lib/python3.8/site-packages/airflow/example_dags/example_task_group.py for tasks to queue
[2024-05-05 09:59:22,453] {logging_mixin.py:115} INFO - [2024-05-05 09:59:22,453] {dagbag.py:508} INFO - Filling up the DagBag from /opt/conda/lib/python3.8/site-packages/airflow/example_dags/example_task_group.py
[2024-05-05 09:59:22,460] {processor.py:651} INFO - DAG(s) dict_keys(['example_task_group']) retrieved from /opt/conda/lib/python3.8/site-packages/airflow/example_dags/example_task_group.py
[2024-05-05 09:59:22,477] {logging_mixin.py:115} INFO - [2024-05-05 09:59:22,476] {dag.py:2420} INFO - Sync 1 DAGs
[2024-05-05 09:59:22,494] {logging_mixin.py:115} INFO - [2024-05-05 09:59:22,494] {dag.py:2968} INFO - Setting next_dagrun for example_task_group to 2024-05-04T09:59:22.494253+00:00, run_after=2024-05-05T09:59:22.494253+00:00
[2024-05-05 09:59:22,516] {processor.py:161} INFO - Processing /opt/conda/lib/python3.8/site-packages/airflow/example_dags/example_task_group.py took 0.068 seconds
[2024-05-05 10:00:02,545] {processor.py:153} INFO - Started process (PID=1947) to work on /opt/conda/lib/python3.8/site-packages/airflow/example_dags/example_task_group.py
[2024-05-05 10:00:02,547] {processor.py:641} INFO - Processing file /opt/conda/lib/python3.8/site-packages/airflow/example_dags/example_task_group.py for tasks to queue
[2024-05-05 10:00:02,547] {logging_mixin.py:115} INFO - [2024-05-05 10:00:02,547] {dagbag.py:508} INFO - Filling up the DagBag from /opt/conda/lib/python3.8/site-packages/airflow/example_dags/example_task_group.py
[2024-05-05 10:00:02,554] {processor.py:651} INFO - DAG(s) dict_keys(['example_task_group']) retrieved from /opt/conda/lib/python3.8/site-packages/airflow/example_dags/example_task_group.py
[2024-05-05 10:00:02,570] {logging_mixin.py:115} INFO - [2024-05-05 10:00:02,569] {dag.py:2420} INFO - Sync 1 DAGs
[2024-05-05 10:00:02,584] {logging_mixin.py:115} INFO - [2024-05-05 10:00:02,584] {dag.py:2968} INFO - Setting next_dagrun for example_task_group to 2024-05-04T10:00:02.583855+00:00, run_after=2024-05-05T10:00:02.583855+00:00
[2024-05-05 10:00:02,605] {processor.py:161} INFO - Processing /opt/conda/lib/python3.8/site-packages/airflow/example_dags/example_task_group.py took 0.062 seconds
[2024-05-05 10:00:37,639] {processor.py:153} INFO - Started process (PID=1999) to work on /opt/conda/lib/python3.8/site-packages/airflow/example_dags/example_task_group.py
[2024-05-05 10:00:37,640] {processor.py:641} INFO - Processing file /opt/conda/lib/python3.8/site-packages/airflow/example_dags/example_task_group.py for tasks to queue
[2024-05-05 10:00:37,641] {logging_mixin.py:115} INFO - [2024-05-05 10:00:37,641] {dagbag.py:508} INFO - Filling up the DagBag from /opt/conda/lib/python3.8/site-packages/airflow/example_dags/example_task_group.py
[2024-05-05 10:00:37,648] {processor.py:651} INFO - DAG(s) dict_keys(['example_task_group']) retrieved from /opt/conda/lib/python3.8/site-packages/airflow/example_dags/example_task_group.py
[2024-05-05 10:00:37,663] {logging_mixin.py:115} INFO - [2024-05-05 10:00:37,663] {dag.py:2420} INFO - Sync 1 DAGs
[2024-05-05 10:00:37,677] {logging_mixin.py:115} INFO - [2024-05-05 10:00:37,677] {dag.py:2968} INFO - Setting next_dagrun for example_task_group to 2024-05-04T10:00:37.676931+00:00, run_after=2024-05-05T10:00:37.676931+00:00
[2024-05-05 10:00:37,698] {processor.py:161} INFO - Processing /opt/conda/lib/python3.8/site-packages/airflow/example_dags/example_task_group.py took 0.062 seconds
[2024-05-05 10:01:17,181] {processor.py:153} INFO - Started process (PID=2062) to work on /opt/conda/lib/python3.8/site-packages/airflow/example_dags/example_task_group.py
[2024-05-05 10:01:17,182] {processor.py:641} INFO - Processing file /opt/conda/lib/python3.8/site-packages/airflow/example_dags/example_task_group.py for tasks to queue
[2024-05-05 10:01:17,183] {logging_mixin.py:115} INFO - [2024-05-05 10:01:17,183] {dagbag.py:508} INFO - Filling up the DagBag from /opt/conda/lib/python3.8/site-packages/airflow/example_dags/example_task_group.py
[2024-05-05 10:01:17,190] {processor.py:651} INFO - DAG(s) dict_keys(['example_task_group']) retrieved from /opt/conda/lib/python3.8/site-packages/airflow/example_dags/example_task_group.py
[2024-05-05 10:01:17,205] {logging_mixin.py:115} INFO - [2024-05-05 10:01:17,205] {dag.py:2420} INFO - Sync 1 DAGs
[2024-05-05 10:01:17,219] {logging_mixin.py:115} INFO - [2024-05-05 10:01:17,219] {dag.py:2968} INFO - Setting next_dagrun for example_task_group to 2024-05-04T10:01:17.219135+00:00, run_after=2024-05-05T10:01:17.219135+00:00
[2024-05-05 10:01:17,240] {processor.py:161} INFO - Processing /opt/conda/lib/python3.8/site-packages/airflow/example_dags/example_task_group.py took 0.062 seconds
[2024-05-05 10:01:53,121] {processor.py:153} INFO - Started process (PID=2114) to work on /opt/conda/lib/python3.8/site-packages/airflow/example_dags/example_task_group.py
[2024-05-05 10:01:53,123] {processor.py:641} INFO - Processing file /opt/conda/lib/python3.8/site-packages/airflow/example_dags/example_task_group.py for tasks to queue
[2024-05-05 10:01:53,123] {logging_mixin.py:115} INFO - [2024-05-05 10:01:53,123] {dagbag.py:508} INFO - Filling up the DagBag from /opt/conda/lib/python3.8/site-packages/airflow/example_dags/example_task_group.py
[2024-05-05 10:01:53,130] {processor.py:651} INFO - DAG(s) dict_keys(['example_task_group']) retrieved from /opt/conda/lib/python3.8/site-packages/airflow/example_dags/example_task_group.py
[2024-05-05 10:01:53,146] {logging_mixin.py:115} INFO - [2024-05-05 10:01:53,145] {dag.py:2420} INFO - Sync 1 DAGs
[2024-05-05 10:01:53,160] {logging_mixin.py:115} INFO - [2024-05-05 10:01:53,160] {dag.py:2968} INFO - Setting next_dagrun for example_task_group to 2024-05-04T10:01:53.159905+00:00, run_after=2024-05-05T10:01:53.159905+00:00
[2024-05-05 10:01:53,188] {processor.py:161} INFO - Processing /opt/conda/lib/python3.8/site-packages/airflow/example_dags/example_task_group.py took 0.069 seconds
[2024-05-05 10:02:29,522] {processor.py:153} INFO - Started process (PID=2167) to work on /opt/conda/lib/python3.8/site-packages/airflow/example_dags/example_task_group.py
[2024-05-05 10:02:29,523] {processor.py:641} INFO - Processing file /opt/conda/lib/python3.8/site-packages/airflow/example_dags/example_task_group.py for tasks to queue
[2024-05-05 10:02:29,523] {logging_mixin.py:115} INFO - [2024-05-05 10:02:29,523] {dagbag.py:508} INFO - Filling up the DagBag from /opt/conda/lib/python3.8/site-packages/airflow/example_dags/example_task_group.py
[2024-05-05 10:02:29,531] {processor.py:651} INFO - DAG(s) dict_keys(['example_task_group']) retrieved from /opt/conda/lib/python3.8/site-packages/airflow/example_dags/example_task_group.py
[2024-05-05 10:02:29,546] {logging_mixin.py:115} INFO - [2024-05-05 10:02:29,546] {dag.py:2420} INFO - Sync 1 DAGs
[2024-05-05 10:02:29,560] {logging_mixin.py:115} INFO - [2024-05-05 10:02:29,560] {dag.py:2968} INFO - Setting next_dagrun for example_task_group to 2024-05-04T10:02:29.559892+00:00, run_after=2024-05-05T10:02:29.559892+00:00
[2024-05-05 10:02:29,579] {processor.py:161} INFO - Processing /opt/conda/lib/python3.8/site-packages/airflow/example_dags/example_task_group.py took 0.060 seconds
[2024-05-05 10:03:07,281] {processor.py:153} INFO - Started process (PID=2222) to work on /opt/conda/lib/python3.8/site-packages/airflow/example_dags/example_task_group.py
[2024-05-05 10:03:07,283] {processor.py:641} INFO - Processing file /opt/conda/lib/python3.8/site-packages/airflow/example_dags/example_task_group.py for tasks to queue
[2024-05-05 10:03:07,283] {logging_mixin.py:115} INFO - [2024-05-05 10:03:07,283] {dagbag.py:508} INFO - Filling up the DagBag from /opt/conda/lib/python3.8/site-packages/airflow/example_dags/example_task_group.py
[2024-05-05 10:03:07,290] {processor.py:651} INFO - DAG(s) dict_keys(['example_task_group']) retrieved from /opt/conda/lib/python3.8/site-packages/airflow/example_dags/example_task_group.py
[2024-05-05 10:03:07,305] {logging_mixin.py:115} INFO - [2024-05-05 10:03:07,305] {dag.py:2420} INFO - Sync 1 DAGs
[2024-05-05 10:03:07,320] {logging_mixin.py:115} INFO - [2024-05-05 10:03:07,320] {dag.py:2968} INFO - Setting next_dagrun for example_task_group to 2024-05-04T10:03:07.319785+00:00, run_after=2024-05-05T10:03:07.319785+00:00
[2024-05-05 10:03:07,338] {processor.py:161} INFO - Processing /opt/conda/lib/python3.8/site-packages/airflow/example_dags/example_task_group.py took 0.060 seconds
[2024-05-05 10:03:47,293] {processor.py:153} INFO - Started process (PID=2277) to work on /opt/conda/lib/python3.8/site-packages/airflow/example_dags/example_task_group.py
[2024-05-05 10:03:47,295] {processor.py:641} INFO - Processing file /opt/conda/lib/python3.8/site-packages/airflow/example_dags/example_task_group.py for tasks to queue
[2024-05-05 10:03:47,295] {logging_mixin.py:115} INFO - [2024-05-05 10:03:47,295] {dagbag.py:508} INFO - Filling up the DagBag from /opt/conda/lib/python3.8/site-packages/airflow/example_dags/example_task_group.py
[2024-05-05 10:03:47,302] {processor.py:651} INFO - DAG(s) dict_keys(['example_task_group']) retrieved from /opt/conda/lib/python3.8/site-packages/airflow/example_dags/example_task_group.py
[2024-05-05 10:03:47,317] {logging_mixin.py:115} INFO - [2024-05-05 10:03:47,317] {dag.py:2420} INFO - Sync 1 DAGs
[2024-05-05 10:03:47,331] {logging_mixin.py:115} INFO - [2024-05-05 10:03:47,331] {dag.py:2968} INFO - Setting next_dagrun for example_task_group to 2024-05-04T10:03:47.331443+00:00, run_after=2024-05-05T10:03:47.331443+00:00
[2024-05-05 10:03:47,350] {processor.py:161} INFO - Processing /opt/conda/lib/python3.8/site-packages/airflow/example_dags/example_task_group.py took 0.060 seconds
[2024-05-05 10:04:21,866] {processor.py:153} INFO - Started process (PID=2328) to work on /opt/conda/lib/python3.8/site-packages/airflow/example_dags/example_task_group.py
[2024-05-05 10:04:21,867] {processor.py:641} INFO - Processing file /opt/conda/lib/python3.8/site-packages/airflow/example_dags/example_task_group.py for tasks to queue
[2024-05-05 10:04:21,868] {logging_mixin.py:115} INFO - [2024-05-05 10:04:21,868] {dagbag.py:508} INFO - Filling up the DagBag from /opt/conda/lib/python3.8/site-packages/airflow/example_dags/example_task_group.py
[2024-05-05 10:04:21,875] {processor.py:651} INFO - DAG(s) dict_keys(['example_task_group']) retrieved from /opt/conda/lib/python3.8/site-packages/airflow/example_dags/example_task_group.py
[2024-05-05 10:04:21,893] {logging_mixin.py:115} INFO - [2024-05-05 10:04:21,893] {dag.py:2420} INFO - Sync 1 DAGs
[2024-05-05 10:04:21,911] {logging_mixin.py:115} INFO - [2024-05-05 10:04:21,910] {dag.py:2968} INFO - Setting next_dagrun for example_task_group to 2024-05-04T10:04:21.910712+00:00, run_after=2024-05-05T10:04:21.910712+00:00
[2024-05-05 10:04:21,934] {processor.py:161} INFO - Processing /opt/conda/lib/python3.8/site-packages/airflow/example_dags/example_task_group.py took 0.071 seconds
[2024-05-05 10:05:01,266] {processor.py:153} INFO - Started process (PID=2391) to work on /opt/conda/lib/python3.8/site-packages/airflow/example_dags/example_task_group.py
[2024-05-05 10:05:01,268] {processor.py:641} INFO - Processing file /opt/conda/lib/python3.8/site-packages/airflow/example_dags/example_task_group.py for tasks to queue
[2024-05-05 10:05:01,268] {logging_mixin.py:115} INFO - [2024-05-05 10:05:01,268] {dagbag.py:508} INFO - Filling up the DagBag from /opt/conda/lib/python3.8/site-packages/airflow/example_dags/example_task_group.py
[2024-05-05 10:05:01,276] {processor.py:651} INFO - DAG(s) dict_keys(['example_task_group']) retrieved from /opt/conda/lib/python3.8/site-packages/airflow/example_dags/example_task_group.py
[2024-05-05 10:05:01,293] {logging_mixin.py:115} INFO - [2024-05-05 10:05:01,293] {dag.py:2420} INFO - Sync 1 DAGs
[2024-05-05 10:05:01,312] {logging_mixin.py:115} INFO - [2024-05-05 10:05:01,311] {dag.py:2968} INFO - Setting next_dagrun for example_task_group to 2024-05-04T10:05:01.311651+00:00, run_after=2024-05-05T10:05:01.311651+00:00
[2024-05-05 10:05:01,333] {processor.py:161} INFO - Processing /opt/conda/lib/python3.8/site-packages/airflow/example_dags/example_task_group.py took 0.070 seconds
[2024-05-05 10:05:38,819] {processor.py:153} INFO - Started process (PID=2445) to work on /opt/conda/lib/python3.8/site-packages/airflow/example_dags/example_task_group.py
[2024-05-05 10:05:38,821] {processor.py:641} INFO - Processing file /opt/conda/lib/python3.8/site-packages/airflow/example_dags/example_task_group.py for tasks to queue
[2024-05-05 10:05:38,821] {logging_mixin.py:115} INFO - [2024-05-05 10:05:38,821] {dagbag.py:508} INFO - Filling up the DagBag from /opt/conda/lib/python3.8/site-packages/airflow/example_dags/example_task_group.py
[2024-05-05 10:05:38,829] {processor.py:651} INFO - DAG(s) dict_keys(['example_task_group']) retrieved from /opt/conda/lib/python3.8/site-packages/airflow/example_dags/example_task_group.py
[2024-05-05 10:05:38,847] {logging_mixin.py:115} INFO - [2024-05-05 10:05:38,847] {dag.py:2420} INFO - Sync 1 DAGs
[2024-05-05 10:05:38,862] {logging_mixin.py:115} INFO - [2024-05-05 10:05:38,862] {dag.py:2968} INFO - Setting next_dagrun for example_task_group to 2024-05-04T10:05:38.861778+00:00, run_after=2024-05-05T10:05:38.861778+00:00
[2024-05-05 10:05:38,881] {processor.py:161} INFO - Processing /opt/conda/lib/python3.8/site-packages/airflow/example_dags/example_task_group.py took 0.066 seconds
[2024-05-05 10:06:16,170] {processor.py:153} INFO - Started process (PID=2498) to work on /opt/conda/lib/python3.8/site-packages/airflow/example_dags/example_task_group.py
[2024-05-05 10:06:16,172] {processor.py:641} INFO - Processing file /opt/conda/lib/python3.8/site-packages/airflow/example_dags/example_task_group.py for tasks to queue
[2024-05-05 10:06:16,172] {logging_mixin.py:115} INFO - [2024-05-05 10:06:16,172] {dagbag.py:508} INFO - Filling up the DagBag from /opt/conda/lib/python3.8/site-packages/airflow/example_dags/example_task_group.py
[2024-05-05 10:06:16,180] {processor.py:651} INFO - DAG(s) dict_keys(['example_task_group']) retrieved from /opt/conda/lib/python3.8/site-packages/airflow/example_dags/example_task_group.py
[2024-05-05 10:06:16,196] {logging_mixin.py:115} INFO - [2024-05-05 10:06:16,196] {dag.py:2420} INFO - Sync 1 DAGs
[2024-05-05 10:06:16,211] {logging_mixin.py:115} INFO - [2024-05-05 10:06:16,210] {dag.py:2968} INFO - Setting next_dagrun for example_task_group to 2024-05-04T10:06:16.210734+00:00, run_after=2024-05-05T10:06:16.210734+00:00
[2024-05-05 10:06:16,229] {processor.py:161} INFO - Processing /opt/conda/lib/python3.8/site-packages/airflow/example_dags/example_task_group.py took 0.062 seconds
[2024-05-05 10:06:53,494] {processor.py:153} INFO - Started process (PID=2559) to work on /opt/conda/lib/python3.8/site-packages/airflow/example_dags/example_task_group.py
[2024-05-05 10:06:53,496] {processor.py:641} INFO - Processing file /opt/conda/lib/python3.8/site-packages/airflow/example_dags/example_task_group.py for tasks to queue
[2024-05-05 10:06:53,496] {logging_mixin.py:115} INFO - [2024-05-05 10:06:53,496] {dagbag.py:508} INFO - Filling up the DagBag from /opt/conda/lib/python3.8/site-packages/airflow/example_dags/example_task_group.py
[2024-05-05 10:06:53,504] {processor.py:651} INFO - DAG(s) dict_keys(['example_task_group']) retrieved from /opt/conda/lib/python3.8/site-packages/airflow/example_dags/example_task_group.py
[2024-05-05 10:06:53,521] {logging_mixin.py:115} INFO - [2024-05-05 10:06:53,521] {dag.py:2420} INFO - Sync 1 DAGs
[2024-05-05 10:06:53,539] {logging_mixin.py:115} INFO - [2024-05-05 10:06:53,539] {dag.py:2968} INFO - Setting next_dagrun for example_task_group to 2024-05-04T10:06:53.539625+00:00, run_after=2024-05-05T10:06:53.539625+00:00
[2024-05-05 10:06:53,562] {processor.py:161} INFO - Processing /opt/conda/lib/python3.8/site-packages/airflow/example_dags/example_task_group.py took 0.071 seconds
[2024-05-05 10:07:29,169] {processor.py:153} INFO - Started process (PID=2631) to work on /opt/conda/lib/python3.8/site-packages/airflow/example_dags/example_task_group.py
[2024-05-05 10:07:29,171] {processor.py:641} INFO - Processing file /opt/conda/lib/python3.8/site-packages/airflow/example_dags/example_task_group.py for tasks to queue
[2024-05-05 10:07:29,171] {logging_mixin.py:115} INFO - [2024-05-05 10:07:29,171] {dagbag.py:508} INFO - Filling up the DagBag from /opt/conda/lib/python3.8/site-packages/airflow/example_dags/example_task_group.py
[2024-05-05 10:07:29,178] {processor.py:651} INFO - DAG(s) dict_keys(['example_task_group']) retrieved from /opt/conda/lib/python3.8/site-packages/airflow/example_dags/example_task_group.py
[2024-05-05 10:07:29,195] {logging_mixin.py:115} INFO - [2024-05-05 10:07:29,195] {dag.py:2420} INFO - Sync 1 DAGs
[2024-05-05 10:07:29,213] {logging_mixin.py:115} INFO - [2024-05-05 10:07:29,213] {dag.py:2968} INFO - Setting next_dagrun for example_task_group to 2024-05-04T10:07:29.213087+00:00, run_after=2024-05-05T10:07:29.213087+00:00
[2024-05-05 10:07:29,233] {processor.py:161} INFO - Processing /opt/conda/lib/python3.8/site-packages/airflow/example_dags/example_task_group.py took 0.067 seconds
[2024-05-05 10:08:06,031] {processor.py:153} INFO - Started process (PID=2684) to work on /opt/conda/lib/python3.8/site-packages/airflow/example_dags/example_task_group.py
[2024-05-05 10:08:06,033] {processor.py:641} INFO - Processing file /opt/conda/lib/python3.8/site-packages/airflow/example_dags/example_task_group.py for tasks to queue
[2024-05-05 10:08:06,033] {logging_mixin.py:115} INFO - [2024-05-05 10:08:06,033] {dagbag.py:508} INFO - Filling up the DagBag from /opt/conda/lib/python3.8/site-packages/airflow/example_dags/example_task_group.py
[2024-05-05 10:08:06,040] {processor.py:651} INFO - DAG(s) dict_keys(['example_task_group']) retrieved from /opt/conda/lib/python3.8/site-packages/airflow/example_dags/example_task_group.py
[2024-05-05 10:08:06,057] {logging_mixin.py:115} INFO - [2024-05-05 10:08:06,057] {dag.py:2420} INFO - Sync 1 DAGs
[2024-05-05 10:08:06,075] {logging_mixin.py:115} INFO - [2024-05-05 10:08:06,075] {dag.py:2968} INFO - Setting next_dagrun for example_task_group to 2024-05-04T10:08:06.075178+00:00, run_after=2024-05-05T10:08:06.075178+00:00
[2024-05-05 10:08:06,096] {processor.py:161} INFO - Processing /opt/conda/lib/python3.8/site-packages/airflow/example_dags/example_task_group.py took 0.068 seconds
[2024-05-05 10:08:42,903] {processor.py:153} INFO - Started process (PID=2736) to work on /opt/conda/lib/python3.8/site-packages/airflow/example_dags/example_task_group.py
[2024-05-05 10:08:42,914] {processor.py:641} INFO - Processing file /opt/conda/lib/python3.8/site-packages/airflow/example_dags/example_task_group.py for tasks to queue
[2024-05-05 10:08:42,915] {logging_mixin.py:115} INFO - [2024-05-05 10:08:42,915] {dagbag.py:508} INFO - Filling up the DagBag from /opt/conda/lib/python3.8/site-packages/airflow/example_dags/example_task_group.py
[2024-05-05 10:08:42,922] {processor.py:651} INFO - DAG(s) dict_keys(['example_task_group']) retrieved from /opt/conda/lib/python3.8/site-packages/airflow/example_dags/example_task_group.py
[2024-05-05 10:08:42,940] {logging_mixin.py:115} INFO - [2024-05-05 10:08:42,940] {dag.py:2420} INFO - Sync 1 DAGs
[2024-05-05 10:08:42,959] {logging_mixin.py:115} INFO - [2024-05-05 10:08:42,959] {dag.py:2968} INFO - Setting next_dagrun for example_task_group to 2024-05-04T10:08:42.958712+00:00, run_after=2024-05-05T10:08:42.958712+00:00
[2024-05-05 10:08:42,980] {processor.py:161} INFO - Processing /opt/conda/lib/python3.8/site-packages/airflow/example_dags/example_task_group.py took 0.080 seconds
[2024-05-05 10:09:22,044] {processor.py:153} INFO - Started process (PID=2795) to work on /opt/conda/lib/python3.8/site-packages/airflow/example_dags/example_task_group.py
[2024-05-05 10:09:22,045] {processor.py:641} INFO - Processing file /opt/conda/lib/python3.8/site-packages/airflow/example_dags/example_task_group.py for tasks to queue
[2024-05-05 10:09:22,046] {logging_mixin.py:115} INFO - [2024-05-05 10:09:22,045] {dagbag.py:508} INFO - Filling up the DagBag from /opt/conda/lib/python3.8/site-packages/airflow/example_dags/example_task_group.py
[2024-05-05 10:09:22,053] {processor.py:651} INFO - DAG(s) dict_keys(['example_task_group']) retrieved from /opt/conda/lib/python3.8/site-packages/airflow/example_dags/example_task_group.py
[2024-05-05 10:09:22,071] {logging_mixin.py:115} INFO - [2024-05-05 10:09:22,071] {dag.py:2420} INFO - Sync 1 DAGs
[2024-05-05 10:09:22,091] {logging_mixin.py:115} INFO - [2024-05-05 10:09:22,090] {dag.py:2968} INFO - Setting next_dagrun for example_task_group to 2024-05-04T10:09:22.090623+00:00, run_after=2024-05-05T10:09:22.090623+00:00
[2024-05-05 10:09:22,111] {processor.py:161} INFO - Processing /opt/conda/lib/python3.8/site-packages/airflow/example_dags/example_task_group.py took 0.070 seconds
[2024-05-05 10:09:58,181] {processor.py:153} INFO - Started process (PID=2847) to work on /opt/conda/lib/python3.8/site-packages/airflow/example_dags/example_task_group.py
[2024-05-05 10:09:58,183] {processor.py:641} INFO - Processing file /opt/conda/lib/python3.8/site-packages/airflow/example_dags/example_task_group.py for tasks to queue
[2024-05-05 10:09:58,184] {logging_mixin.py:115} INFO - [2024-05-05 10:09:58,184] {dagbag.py:508} INFO - Filling up the DagBag from /opt/conda/lib/python3.8/site-packages/airflow/example_dags/example_task_group.py
[2024-05-05 10:09:58,190] {processor.py:651} INFO - DAG(s) dict_keys(['example_task_group']) retrieved from /opt/conda/lib/python3.8/site-packages/airflow/example_dags/example_task_group.py
[2024-05-05 10:09:58,206] {logging_mixin.py:115} INFO - [2024-05-05 10:09:58,206] {dag.py:2420} INFO - Sync 1 DAGs
[2024-05-05 10:09:58,220] {logging_mixin.py:115} INFO - [2024-05-05 10:09:58,220] {dag.py:2968} INFO - Setting next_dagrun for example_task_group to 2024-05-04T10:09:58.220137+00:00, run_after=2024-05-05T10:09:58.220137+00:00
[2024-05-05 10:09:58,238] {processor.py:161} INFO - Processing /opt/conda/lib/python3.8/site-packages/airflow/example_dags/example_task_group.py took 0.060 seconds
[2024-05-05 10:10:33,670] {processor.py:153} INFO - Started process (PID=2898) to work on /opt/conda/lib/python3.8/site-packages/airflow/example_dags/example_task_group.py
[2024-05-05 10:10:33,672] {processor.py:641} INFO - Processing file /opt/conda/lib/python3.8/site-packages/airflow/example_dags/example_task_group.py for tasks to queue
[2024-05-05 10:10:33,672] {logging_mixin.py:115} INFO - [2024-05-05 10:10:33,672] {dagbag.py:508} INFO - Filling up the DagBag from /opt/conda/lib/python3.8/site-packages/airflow/example_dags/example_task_group.py
[2024-05-05 10:10:33,679] {processor.py:651} INFO - DAG(s) dict_keys(['example_task_group']) retrieved from /opt/conda/lib/python3.8/site-packages/airflow/example_dags/example_task_group.py
[2024-05-05 10:10:33,694] {logging_mixin.py:115} INFO - [2024-05-05 10:10:33,694] {dag.py:2420} INFO - Sync 1 DAGs
[2024-05-05 10:10:33,708] {logging_mixin.py:115} INFO - [2024-05-05 10:10:33,708] {dag.py:2968} INFO - Setting next_dagrun for example_task_group to 2024-05-04T10:10:33.708376+00:00, run_after=2024-05-05T10:10:33.708376+00:00
[2024-05-05 10:10:33,728] {processor.py:161} INFO - Processing /opt/conda/lib/python3.8/site-packages/airflow/example_dags/example_task_group.py took 0.060 seconds
[2024-05-05 10:11:08,578] {processor.py:153} INFO - Started process (PID=2950) to work on /opt/conda/lib/python3.8/site-packages/airflow/example_dags/example_task_group.py
[2024-05-05 10:11:08,579] {processor.py:641} INFO - Processing file /opt/conda/lib/python3.8/site-packages/airflow/example_dags/example_task_group.py for tasks to queue
[2024-05-05 10:11:08,580] {logging_mixin.py:115} INFO - [2024-05-05 10:11:08,580] {dagbag.py:508} INFO - Filling up the DagBag from /opt/conda/lib/python3.8/site-packages/airflow/example_dags/example_task_group.py
[2024-05-05 10:11:08,587] {processor.py:651} INFO - DAG(s) dict_keys(['example_task_group']) retrieved from /opt/conda/lib/python3.8/site-packages/airflow/example_dags/example_task_group.py
[2024-05-05 10:11:08,602] {logging_mixin.py:115} INFO - [2024-05-05 10:11:08,602] {dag.py:2420} INFO - Sync 1 DAGs
[2024-05-05 10:11:08,616] {logging_mixin.py:115} INFO - [2024-05-05 10:11:08,616] {dag.py:2968} INFO - Setting next_dagrun for example_task_group to 2024-05-04T10:11:08.616200+00:00, run_after=2024-05-05T10:11:08.616200+00:00
[2024-05-05 10:11:08,635] {processor.py:161} INFO - Processing /opt/conda/lib/python3.8/site-packages/airflow/example_dags/example_task_group.py took 0.060 seconds
[2024-05-05 10:11:42,418] {processor.py:153} INFO - Started process (PID=2999) to work on /opt/conda/lib/python3.8/site-packages/airflow/example_dags/example_task_group.py
[2024-05-05 10:11:42,419] {processor.py:641} INFO - Processing file /opt/conda/lib/python3.8/site-packages/airflow/example_dags/example_task_group.py for tasks to queue
[2024-05-05 10:11:42,419] {logging_mixin.py:115} INFO - [2024-05-05 10:11:42,419] {dagbag.py:508} INFO - Filling up the DagBag from /opt/conda/lib/python3.8/site-packages/airflow/example_dags/example_task_group.py
[2024-05-05 10:11:42,427] {processor.py:651} INFO - DAG(s) dict_keys(['example_task_group']) retrieved from /opt/conda/lib/python3.8/site-packages/airflow/example_dags/example_task_group.py
[2024-05-05 10:11:42,445] {logging_mixin.py:115} INFO - [2024-05-05 10:11:42,445] {dag.py:2420} INFO - Sync 1 DAGs
[2024-05-05 10:11:42,462] {logging_mixin.py:115} INFO - [2024-05-05 10:11:42,462] {dag.py:2968} INFO - Setting next_dagrun for example_task_group to 2024-05-04T10:11:42.462189+00:00, run_after=2024-05-05T10:11:42.462189+00:00
[2024-05-05 10:11:42,491] {processor.py:161} INFO - Processing /opt/conda/lib/python3.8/site-packages/airflow/example_dags/example_task_group.py took 0.076 seconds
[2024-05-05 10:12:21,030] {processor.py:153} INFO - Started process (PID=3052) to work on /opt/conda/lib/python3.8/site-packages/airflow/example_dags/example_task_group.py
[2024-05-05 10:12:21,032] {processor.py:641} INFO - Processing file /opt/conda/lib/python3.8/site-packages/airflow/example_dags/example_task_group.py for tasks to queue
[2024-05-05 10:12:21,032] {logging_mixin.py:115} INFO - [2024-05-05 10:12:21,032] {dagbag.py:508} INFO - Filling up the DagBag from /opt/conda/lib/python3.8/site-packages/airflow/example_dags/example_task_group.py
[2024-05-05 10:12:21,040] {processor.py:651} INFO - DAG(s) dict_keys(['example_task_group']) retrieved from /opt/conda/lib/python3.8/site-packages/airflow/example_dags/example_task_group.py
[2024-05-05 10:12:21,058] {logging_mixin.py:115} INFO - [2024-05-05 10:12:21,058] {dag.py:2420} INFO - Sync 1 DAGs
[2024-05-05 10:12:21,072] {logging_mixin.py:115} INFO - [2024-05-05 10:12:21,072] {dag.py:2968} INFO - Setting next_dagrun for example_task_group to 2024-05-04T10:12:21.072313+00:00, run_after=2024-05-05T10:12:21.072313+00:00
[2024-05-05 10:12:21,091] {processor.py:161} INFO - Processing /opt/conda/lib/python3.8/site-packages/airflow/example_dags/example_task_group.py took 0.064 seconds
[2024-05-05 10:12:58,322] {processor.py:153} INFO - Started process (PID=3106) to work on /opt/conda/lib/python3.8/site-packages/airflow/example_dags/example_task_group.py
[2024-05-05 10:12:58,324] {processor.py:641} INFO - Processing file /opt/conda/lib/python3.8/site-packages/airflow/example_dags/example_task_group.py for tasks to queue
[2024-05-05 10:12:58,324] {logging_mixin.py:115} INFO - [2024-05-05 10:12:58,324] {dagbag.py:508} INFO - Filling up the DagBag from /opt/conda/lib/python3.8/site-packages/airflow/example_dags/example_task_group.py
[2024-05-05 10:12:58,332] {processor.py:651} INFO - DAG(s) dict_keys(['example_task_group']) retrieved from /opt/conda/lib/python3.8/site-packages/airflow/example_dags/example_task_group.py
[2024-05-05 10:12:58,350] {logging_mixin.py:115} INFO - [2024-05-05 10:12:58,350] {dag.py:2420} INFO - Sync 1 DAGs
[2024-05-05 10:12:58,366] {logging_mixin.py:115} INFO - [2024-05-05 10:12:58,366] {dag.py:2968} INFO - Setting next_dagrun for example_task_group to 2024-05-04T10:12:58.366511+00:00, run_after=2024-05-05T10:12:58.366511+00:00
[2024-05-05 10:12:58,386] {processor.py:161} INFO - Processing /opt/conda/lib/python3.8/site-packages/airflow/example_dags/example_task_group.py took 0.067 seconds
[2024-05-05 10:13:37,286] {processor.py:153} INFO - Started process (PID=3167) to work on /opt/conda/lib/python3.8/site-packages/airflow/example_dags/example_task_group.py
[2024-05-05 10:13:37,287] {processor.py:641} INFO - Processing file /opt/conda/lib/python3.8/site-packages/airflow/example_dags/example_task_group.py for tasks to queue
[2024-05-05 10:13:37,288] {logging_mixin.py:115} INFO - [2024-05-05 10:13:37,288] {dagbag.py:508} INFO - Filling up the DagBag from /opt/conda/lib/python3.8/site-packages/airflow/example_dags/example_task_group.py
[2024-05-05 10:13:37,294] {processor.py:651} INFO - DAG(s) dict_keys(['example_task_group']) retrieved from /opt/conda/lib/python3.8/site-packages/airflow/example_dags/example_task_group.py
[2024-05-05 10:13:37,309] {logging_mixin.py:115} INFO - [2024-05-05 10:13:37,309] {dag.py:2420} INFO - Sync 1 DAGs
[2024-05-05 10:13:37,324] {logging_mixin.py:115} INFO - [2024-05-05 10:13:37,324] {dag.py:2968} INFO - Setting next_dagrun for example_task_group to 2024-05-04T10:13:37.323787+00:00, run_after=2024-05-05T10:13:37.323787+00:00
[2024-05-05 10:13:37,342] {processor.py:161} INFO - Processing /opt/conda/lib/python3.8/site-packages/airflow/example_dags/example_task_group.py took 0.060 seconds
[2024-05-05 10:14:18,634] {processor.py:153} INFO - Started process (PID=3222) to work on /opt/conda/lib/python3.8/site-packages/airflow/example_dags/example_task_group.py
[2024-05-05 10:14:18,635] {processor.py:641} INFO - Processing file /opt/conda/lib/python3.8/site-packages/airflow/example_dags/example_task_group.py for tasks to queue
[2024-05-05 10:14:18,636] {logging_mixin.py:115} INFO - [2024-05-05 10:14:18,636] {dagbag.py:508} INFO - Filling up the DagBag from /opt/conda/lib/python3.8/site-packages/airflow/example_dags/example_task_group.py
[2024-05-05 10:14:18,643] {processor.py:651} INFO - DAG(s) dict_keys(['example_task_group']) retrieved from /opt/conda/lib/python3.8/site-packages/airflow/example_dags/example_task_group.py
[2024-05-05 10:14:18,659] {logging_mixin.py:115} INFO - [2024-05-05 10:14:18,659] {dag.py:2420} INFO - Sync 1 DAGs
[2024-05-05 10:14:18,677] {logging_mixin.py:115} INFO - [2024-05-05 10:14:18,676] {dag.py:2968} INFO - Setting next_dagrun for example_task_group to 2024-05-04T10:14:18.676635+00:00, run_after=2024-05-05T10:14:18.676635+00:00
[2024-05-05 10:14:18,699] {processor.py:161} INFO - Processing /opt/conda/lib/python3.8/site-packages/airflow/example_dags/example_task_group.py took 0.067 seconds
[2024-05-05 10:14:57,842] {processor.py:153} INFO - Started process (PID=3283) to work on /opt/conda/lib/python3.8/site-packages/airflow/example_dags/example_task_group.py
[2024-05-05 10:14:57,843] {processor.py:641} INFO - Processing file /opt/conda/lib/python3.8/site-packages/airflow/example_dags/example_task_group.py for tasks to queue
[2024-05-05 10:14:57,844] {logging_mixin.py:115} INFO - [2024-05-05 10:14:57,844] {dagbag.py:508} INFO - Filling up the DagBag from /opt/conda/lib/python3.8/site-packages/airflow/example_dags/example_task_group.py
[2024-05-05 10:14:57,851] {processor.py:651} INFO - DAG(s) dict_keys(['example_task_group']) retrieved from /opt/conda/lib/python3.8/site-packages/airflow/example_dags/example_task_group.py
[2024-05-05 10:14:57,866] {logging_mixin.py:115} INFO - [2024-05-05 10:14:57,866] {dag.py:2420} INFO - Sync 1 DAGs
[2024-05-05 10:14:57,880] {logging_mixin.py:115} INFO - [2024-05-05 10:14:57,880] {dag.py:2968} INFO - Setting next_dagrun for example_task_group to 2024-05-04T10:14:57.880071+00:00, run_after=2024-05-05T10:14:57.880071+00:00
[2024-05-05 10:14:57,899] {processor.py:161} INFO - Processing /opt/conda/lib/python3.8/site-packages/airflow/example_dags/example_task_group.py took 0.060 seconds
[2024-05-05 10:15:36,926] {processor.py:153} INFO - Started process (PID=3337) to work on /opt/conda/lib/python3.8/site-packages/airflow/example_dags/example_task_group.py
[2024-05-05 10:15:36,930] {processor.py:641} INFO - Processing file /opt/conda/lib/python3.8/site-packages/airflow/example_dags/example_task_group.py for tasks to queue
[2024-05-05 10:15:36,930] {logging_mixin.py:115} INFO - [2024-05-05 10:15:36,930] {dagbag.py:508} INFO - Filling up the DagBag from /opt/conda/lib/python3.8/site-packages/airflow/example_dags/example_task_group.py
[2024-05-05 10:15:36,937] {processor.py:651} INFO - DAG(s) dict_keys(['example_task_group']) retrieved from /opt/conda/lib/python3.8/site-packages/airflow/example_dags/example_task_group.py
[2024-05-05 10:15:36,954] {logging_mixin.py:115} INFO - [2024-05-05 10:15:36,954] {dag.py:2420} INFO - Sync 1 DAGs
[2024-05-05 10:15:36,972] {logging_mixin.py:115} INFO - [2024-05-05 10:15:36,972] {dag.py:2968} INFO - Setting next_dagrun for example_task_group to 2024-05-04T10:15:36.972118+00:00, run_after=2024-05-05T10:15:36.972118+00:00
[2024-05-05 10:15:36,993] {processor.py:161} INFO - Processing /opt/conda/lib/python3.8/site-packages/airflow/example_dags/example_task_group.py took 0.070 seconds
[2024-05-05 10:16:15,406] {processor.py:153} INFO - Started process (PID=3391) to work on /opt/conda/lib/python3.8/site-packages/airflow/example_dags/example_task_group.py
[2024-05-05 10:16:15,407] {processor.py:641} INFO - Processing file /opt/conda/lib/python3.8/site-packages/airflow/example_dags/example_task_group.py for tasks to queue
[2024-05-05 10:16:15,408] {logging_mixin.py:115} INFO - [2024-05-05 10:16:15,408] {dagbag.py:508} INFO - Filling up the DagBag from /opt/conda/lib/python3.8/site-packages/airflow/example_dags/example_task_group.py
[2024-05-05 10:16:15,415] {processor.py:651} INFO - DAG(s) dict_keys(['example_task_group']) retrieved from /opt/conda/lib/python3.8/site-packages/airflow/example_dags/example_task_group.py
[2024-05-05 10:16:15,430] {logging_mixin.py:115} INFO - [2024-05-05 10:16:15,430] {dag.py:2420} INFO - Sync 1 DAGs
[2024-05-05 10:16:15,444] {logging_mixin.py:115} INFO - [2024-05-05 10:16:15,444] {dag.py:2968} INFO - Setting next_dagrun for example_task_group to 2024-05-04T10:16:15.444117+00:00, run_after=2024-05-05T10:16:15.444117+00:00
[2024-05-05 10:16:15,462] {processor.py:161} INFO - Processing /opt/conda/lib/python3.8/site-packages/airflow/example_dags/example_task_group.py took 0.060 seconds
[2024-05-05 10:16:51,322] {processor.py:153} INFO - Started process (PID=3443) to work on /opt/conda/lib/python3.8/site-packages/airflow/example_dags/example_task_group.py
[2024-05-05 10:16:51,323] {processor.py:641} INFO - Processing file /opt/conda/lib/python3.8/site-packages/airflow/example_dags/example_task_group.py for tasks to queue
[2024-05-05 10:16:51,324] {logging_mixin.py:115} INFO - [2024-05-05 10:16:51,324] {dagbag.py:508} INFO - Filling up the DagBag from /opt/conda/lib/python3.8/site-packages/airflow/example_dags/example_task_group.py
[2024-05-05 10:16:51,331] {processor.py:651} INFO - DAG(s) dict_keys(['example_task_group']) retrieved from /opt/conda/lib/python3.8/site-packages/airflow/example_dags/example_task_group.py
[2024-05-05 10:16:51,348] {logging_mixin.py:115} INFO - [2024-05-05 10:16:51,348] {dag.py:2420} INFO - Sync 1 DAGs
[2024-05-05 10:16:51,366] {logging_mixin.py:115} INFO - [2024-05-05 10:16:51,366] {dag.py:2968} INFO - Setting next_dagrun for example_task_group to 2024-05-04T10:16:51.365919+00:00, run_after=2024-05-05T10:16:51.365919+00:00
[2024-05-05 10:16:51,384] {processor.py:161} INFO - Processing /opt/conda/lib/python3.8/site-packages/airflow/example_dags/example_task_group.py took 0.065 seconds
[2024-05-05 10:17:22,962] {processor.py:153} INFO - Started process (PID=3491) to work on /opt/conda/lib/python3.8/site-packages/airflow/example_dags/example_task_group.py
[2024-05-05 10:17:22,962] {processor.py:641} INFO - Processing file /opt/conda/lib/python3.8/site-packages/airflow/example_dags/example_task_group.py for tasks to queue
[2024-05-05 10:17:22,963] {logging_mixin.py:115} INFO - [2024-05-05 10:17:22,963] {dagbag.py:508} INFO - Filling up the DagBag from /opt/conda/lib/python3.8/site-packages/airflow/example_dags/example_task_group.py
[2024-05-05 10:17:22,970] {processor.py:651} INFO - DAG(s) dict_keys(['example_task_group']) retrieved from /opt/conda/lib/python3.8/site-packages/airflow/example_dags/example_task_group.py
[2024-05-05 10:17:22,987] {logging_mixin.py:115} INFO - [2024-05-05 10:17:22,987] {dag.py:2420} INFO - Sync 1 DAGs
[2024-05-05 10:17:23,005] {logging_mixin.py:115} INFO - [2024-05-05 10:17:23,005] {dag.py:2968} INFO - Setting next_dagrun for example_task_group to 2024-05-04T10:17:23.004899+00:00, run_after=2024-05-05T10:17:23.004899+00:00
[2024-05-05 10:17:23,025] {processor.py:161} INFO - Processing /opt/conda/lib/python3.8/site-packages/airflow/example_dags/example_task_group.py took 0.066 seconds
[2024-05-05 10:17:59,349] {processor.py:153} INFO - Started process (PID=3541) to work on /opt/conda/lib/python3.8/site-packages/airflow/example_dags/example_task_group.py
[2024-05-05 10:17:59,351] {processor.py:641} INFO - Processing file /opt/conda/lib/python3.8/site-packages/airflow/example_dags/example_task_group.py for tasks to queue
[2024-05-05 10:17:59,351] {logging_mixin.py:115} INFO - [2024-05-05 10:17:59,351] {dagbag.py:508} INFO - Filling up the DagBag from /opt/conda/lib/python3.8/site-packages/airflow/example_dags/example_task_group.py
[2024-05-05 10:17:59,358] {processor.py:651} INFO - DAG(s) dict_keys(['example_task_group']) retrieved from /opt/conda/lib/python3.8/site-packages/airflow/example_dags/example_task_group.py
[2024-05-05 10:17:59,373] {logging_mixin.py:115} INFO - [2024-05-05 10:17:59,373] {dag.py:2420} INFO - Sync 1 DAGs
[2024-05-05 10:17:59,387] {logging_mixin.py:115} INFO - [2024-05-05 10:17:59,387] {dag.py:2968} INFO - Setting next_dagrun for example_task_group to 2024-05-04T10:17:59.387401+00:00, run_after=2024-05-05T10:17:59.387401+00:00
[2024-05-05 10:17:59,410] {processor.py:161} INFO - Processing /opt/conda/lib/python3.8/site-packages/airflow/example_dags/example_task_group.py took 0.063 seconds
[2024-05-05 10:18:33,307] {processor.py:153} INFO - Started process (PID=3593) to work on /opt/conda/lib/python3.8/site-packages/airflow/example_dags/example_task_group.py
[2024-05-05 10:18:33,308] {processor.py:641} INFO - Processing file /opt/conda/lib/python3.8/site-packages/airflow/example_dags/example_task_group.py for tasks to queue
[2024-05-05 10:18:33,309] {logging_mixin.py:115} INFO - [2024-05-05 10:18:33,309] {dagbag.py:508} INFO - Filling up the DagBag from /opt/conda/lib/python3.8/site-packages/airflow/example_dags/example_task_group.py
[2024-05-05 10:18:33,315] {processor.py:651} INFO - DAG(s) dict_keys(['example_task_group']) retrieved from /opt/conda/lib/python3.8/site-packages/airflow/example_dags/example_task_group.py
[2024-05-05 10:18:33,329] {logging_mixin.py:115} INFO - [2024-05-05 10:18:33,329] {dag.py:2420} INFO - Sync 1 DAGs
[2024-05-05 10:18:33,343] {logging_mixin.py:115} INFO - [2024-05-05 10:18:33,343] {dag.py:2968} INFO - Setting next_dagrun for example_task_group to 2024-05-04T10:18:33.342922+00:00, run_after=2024-05-05T10:18:33.342922+00:00
[2024-05-05 10:18:33,361] {processor.py:161} INFO - Processing /opt/conda/lib/python3.8/site-packages/airflow/example_dags/example_task_group.py took 0.057 seconds
