[2024-05-05 09:48:27,838] {processor.py:153} INFO - Started process (PID=929) to work on /opt/conda/lib/python3.8/site-packages/airflow/example_dags/example_short_circuit_operator.py
[2024-05-05 09:48:27,839] {processor.py:641} INFO - Processing file /opt/conda/lib/python3.8/site-packages/airflow/example_dags/example_short_circuit_operator.py for tasks to queue
[2024-05-05 09:48:27,839] {logging_mixin.py:115} INFO - [2024-05-05 09:48:27,839] {dagbag.py:508} INFO - Filling up the DagBag from /opt/conda/lib/python3.8/site-packages/airflow/example_dags/example_short_circuit_operator.py
[2024-05-05 09:48:27,852] {processor.py:651} INFO - DAG(s) dict_keys(['example_short_circuit_operator']) retrieved from /opt/conda/lib/python3.8/site-packages/airflow/example_dags/example_short_circuit_operator.py
[2024-05-05 09:48:28,445] {logging_mixin.py:115} INFO - [2024-05-05 09:48:28,445] {manager.py:508} INFO - Created Permission View: can read on DAG:example_short_circuit_operator
[2024-05-05 09:48:28,485] {logging_mixin.py:115} INFO - [2024-05-05 09:48:28,484] {manager.py:508} INFO - Created Permission View: can edit on DAG:example_short_circuit_operator
[2024-05-05 09:48:28,510] {logging_mixin.py:115} INFO - [2024-05-05 09:48:28,510] {manager.py:508} INFO - Created Permission View: can delete on DAG:example_short_circuit_operator
[2024-05-05 09:48:28,510] {logging_mixin.py:115} INFO - [2024-05-05 09:48:28,510] {dag.py:2420} INFO - Sync 1 DAGs
[2024-05-05 09:48:28,527] {logging_mixin.py:115} INFO - [2024-05-05 09:48:28,527] {dag.py:2439} INFO - Creating ORM DAG for example_short_circuit_operator
[2024-05-05 09:48:28,551] {logging_mixin.py:115} INFO - [2024-05-05 09:48:28,551] {dag.py:2968} INFO - Setting next_dagrun for example_short_circuit_operator to 2024-05-04T09:48:28.550853+00:00, run_after=2024-05-05T09:48:28.550853+00:00
[2024-05-05 09:48:28,600] {processor.py:161} INFO - Processing /opt/conda/lib/python3.8/site-packages/airflow/example_dags/example_short_circuit_operator.py took 0.765 seconds
[2024-05-05 09:49:14,659] {processor.py:153} INFO - Started process (PID=981) to work on /opt/conda/lib/python3.8/site-packages/airflow/example_dags/example_short_circuit_operator.py
[2024-05-05 09:49:14,660] {processor.py:641} INFO - Processing file /opt/conda/lib/python3.8/site-packages/airflow/example_dags/example_short_circuit_operator.py for tasks to queue
[2024-05-05 09:49:14,660] {logging_mixin.py:115} INFO - [2024-05-05 09:49:14,660] {dagbag.py:508} INFO - Filling up the DagBag from /opt/conda/lib/python3.8/site-packages/airflow/example_dags/example_short_circuit_operator.py
[2024-05-05 09:49:14,672] {processor.py:651} INFO - DAG(s) dict_keys(['example_short_circuit_operator']) retrieved from /opt/conda/lib/python3.8/site-packages/airflow/example_dags/example_short_circuit_operator.py
[2024-05-05 09:49:14,789] {logging_mixin.py:115} INFO - [2024-05-05 09:49:14,789] {dag.py:2420} INFO - Sync 1 DAGs
[2024-05-05 09:49:14,801] {logging_mixin.py:115} INFO - [2024-05-05 09:49:14,801] {dag.py:2968} INFO - Setting next_dagrun for example_short_circuit_operator to 2024-05-04T09:49:14.800949+00:00, run_after=2024-05-05T09:49:14.800949+00:00
[2024-05-05 09:49:15,163] {processor.py:161} INFO - Processing /opt/conda/lib/python3.8/site-packages/airflow/example_dags/example_short_circuit_operator.py took 0.507 seconds
[2024-05-05 09:49:58,254] {processor.py:153} INFO - Started process (PID=1033) to work on /opt/conda/lib/python3.8/site-packages/airflow/example_dags/example_short_circuit_operator.py
[2024-05-05 09:49:58,255] {processor.py:641} INFO - Processing file /opt/conda/lib/python3.8/site-packages/airflow/example_dags/example_short_circuit_operator.py for tasks to queue
[2024-05-05 09:49:58,256] {logging_mixin.py:115} INFO - [2024-05-05 09:49:58,256] {dagbag.py:508} INFO - Filling up the DagBag from /opt/conda/lib/python3.8/site-packages/airflow/example_dags/example_short_circuit_operator.py
[2024-05-05 09:49:58,268] {processor.py:651} INFO - DAG(s) dict_keys(['example_short_circuit_operator']) retrieved from /opt/conda/lib/python3.8/site-packages/airflow/example_dags/example_short_circuit_operator.py
[2024-05-05 09:49:58,421] {logging_mixin.py:115} INFO - [2024-05-05 09:49:58,420] {dag.py:2420} INFO - Sync 1 DAGs
[2024-05-05 09:49:58,433] {logging_mixin.py:115} INFO - [2024-05-05 09:49:58,433] {dag.py:2968} INFO - Setting next_dagrun for example_short_circuit_operator to 2024-05-04T09:49:58.433252+00:00, run_after=2024-05-05T09:49:58.433252+00:00
[2024-05-05 09:49:58,483] {processor.py:161} INFO - Processing /opt/conda/lib/python3.8/site-packages/airflow/example_dags/example_short_circuit_operator.py took 0.232 seconds
[2024-05-05 09:52:10,057] {processor.py:153} INFO - Started process (PID=1338) to work on /opt/conda/lib/python3.8/site-packages/airflow/example_dags/example_short_circuit_operator.py
[2024-05-05 09:52:10,058] {processor.py:641} INFO - Processing file /opt/conda/lib/python3.8/site-packages/airflow/example_dags/example_short_circuit_operator.py for tasks to queue
[2024-05-05 09:52:10,059] {logging_mixin.py:115} INFO - [2024-05-05 09:52:10,059] {dagbag.py:508} INFO - Filling up the DagBag from /opt/conda/lib/python3.8/site-packages/airflow/example_dags/example_short_circuit_operator.py
[2024-05-05 09:52:10,070] {processor.py:651} INFO - DAG(s) dict_keys(['example_short_circuit_operator']) retrieved from /opt/conda/lib/python3.8/site-packages/airflow/example_dags/example_short_circuit_operator.py
[2024-05-05 09:52:10,191] {logging_mixin.py:115} INFO - [2024-05-05 09:52:10,191] {dag.py:2420} INFO - Sync 1 DAGs
[2024-05-05 09:52:10,204] {logging_mixin.py:115} INFO - [2024-05-05 09:52:10,204] {dag.py:2968} INFO - Setting next_dagrun for example_short_circuit_operator to 2024-05-04T09:52:10.204199+00:00, run_after=2024-05-05T09:52:10.204199+00:00
[2024-05-05 09:52:10,224] {processor.py:161} INFO - Processing /opt/conda/lib/python3.8/site-packages/airflow/example_dags/example_short_circuit_operator.py took 0.170 seconds
[2024-05-05 09:52:54,877] {processor.py:153} INFO - Started process (PID=1390) to work on /opt/conda/lib/python3.8/site-packages/airflow/example_dags/example_short_circuit_operator.py
[2024-05-05 09:52:54,879] {processor.py:641} INFO - Processing file /opt/conda/lib/python3.8/site-packages/airflow/example_dags/example_short_circuit_operator.py for tasks to queue
[2024-05-05 09:52:54,879] {logging_mixin.py:115} INFO - [2024-05-05 09:52:54,879] {dagbag.py:508} INFO - Filling up the DagBag from /opt/conda/lib/python3.8/site-packages/airflow/example_dags/example_short_circuit_operator.py
[2024-05-05 09:52:54,890] {processor.py:651} INFO - DAG(s) dict_keys(['example_short_circuit_operator']) retrieved from /opt/conda/lib/python3.8/site-packages/airflow/example_dags/example_short_circuit_operator.py
[2024-05-05 09:52:55,014] {logging_mixin.py:115} INFO - [2024-05-05 09:52:55,014] {dag.py:2420} INFO - Sync 1 DAGs
[2024-05-05 09:52:55,026] {logging_mixin.py:115} INFO - [2024-05-05 09:52:55,026] {dag.py:2968} INFO - Setting next_dagrun for example_short_circuit_operator to 2024-05-04T09:52:55.025930+00:00, run_after=2024-05-05T09:52:55.025930+00:00
[2024-05-05 09:52:55,044] {processor.py:161} INFO - Processing /opt/conda/lib/python3.8/site-packages/airflow/example_dags/example_short_circuit_operator.py took 0.170 seconds
[2024-05-05 09:53:40,134] {processor.py:153} INFO - Started process (PID=1442) to work on /opt/conda/lib/python3.8/site-packages/airflow/example_dags/example_short_circuit_operator.py
[2024-05-05 09:53:40,135] {processor.py:641} INFO - Processing file /opt/conda/lib/python3.8/site-packages/airflow/example_dags/example_short_circuit_operator.py for tasks to queue
[2024-05-05 09:53:40,136] {logging_mixin.py:115} INFO - [2024-05-05 09:53:40,136] {dagbag.py:508} INFO - Filling up the DagBag from /opt/conda/lib/python3.8/site-packages/airflow/example_dags/example_short_circuit_operator.py
[2024-05-05 09:53:40,288] {processor.py:651} INFO - DAG(s) dict_keys(['example_short_circuit_operator']) retrieved from /opt/conda/lib/python3.8/site-packages/airflow/example_dags/example_short_circuit_operator.py
[2024-05-05 09:53:40,299] {logging_mixin.py:115} INFO - [2024-05-05 09:53:40,299] {dag.py:2420} INFO - Sync 1 DAGs
[2024-05-05 09:53:40,312] {logging_mixin.py:115} INFO - [2024-05-05 09:53:40,312] {dag.py:2968} INFO - Setting next_dagrun for example_short_circuit_operator to 2024-05-04T09:53:40.312075+00:00, run_after=2024-05-05T09:53:40.312075+00:00
[2024-05-05 09:53:40,351] {processor.py:161} INFO - Processing /opt/conda/lib/python3.8/site-packages/airflow/example_dags/example_short_circuit_operator.py took 0.220 seconds
[2024-05-05 09:54:23,839] {processor.py:153} INFO - Started process (PID=1494) to work on /opt/conda/lib/python3.8/site-packages/airflow/example_dags/example_short_circuit_operator.py
[2024-05-05 09:54:23,840] {processor.py:641} INFO - Processing file /opt/conda/lib/python3.8/site-packages/airflow/example_dags/example_short_circuit_operator.py for tasks to queue
[2024-05-05 09:54:23,840] {logging_mixin.py:115} INFO - [2024-05-05 09:54:23,840] {dagbag.py:508} INFO - Filling up the DagBag from /opt/conda/lib/python3.8/site-packages/airflow/example_dags/example_short_circuit_operator.py
[2024-05-05 09:54:23,982] {processor.py:651} INFO - DAG(s) dict_keys(['example_short_circuit_operator']) retrieved from /opt/conda/lib/python3.8/site-packages/airflow/example_dags/example_short_circuit_operator.py
[2024-05-05 09:54:23,996] {logging_mixin.py:115} INFO - [2024-05-05 09:54:23,996] {dag.py:2420} INFO - Sync 1 DAGs
[2024-05-05 09:54:24,012] {logging_mixin.py:115} INFO - [2024-05-05 09:54:24,012] {dag.py:2968} INFO - Setting next_dagrun for example_short_circuit_operator to 2024-05-04T09:54:24.012333+00:00, run_after=2024-05-05T09:54:24.012333+00:00
[2024-05-05 09:54:24,034] {processor.py:161} INFO - Processing /opt/conda/lib/python3.8/site-packages/airflow/example_dags/example_short_circuit_operator.py took 0.199 seconds
[2024-05-05 09:55:02,191] {processor.py:153} INFO - Started process (PID=1543) to work on /opt/conda/lib/python3.8/site-packages/airflow/example_dags/example_short_circuit_operator.py
[2024-05-05 09:55:02,192] {processor.py:641} INFO - Processing file /opt/conda/lib/python3.8/site-packages/airflow/example_dags/example_short_circuit_operator.py for tasks to queue
[2024-05-05 09:55:02,193] {logging_mixin.py:115} INFO - [2024-05-05 09:55:02,193] {dagbag.py:508} INFO - Filling up the DagBag from /opt/conda/lib/python3.8/site-packages/airflow/example_dags/example_short_circuit_operator.py
[2024-05-05 09:55:02,345] {processor.py:651} INFO - DAG(s) dict_keys(['example_short_circuit_operator']) retrieved from /opt/conda/lib/python3.8/site-packages/airflow/example_dags/example_short_circuit_operator.py
[2024-05-05 09:55:02,355] {logging_mixin.py:115} INFO - [2024-05-05 09:55:02,355] {dag.py:2420} INFO - Sync 1 DAGs
[2024-05-05 09:55:02,367] {logging_mixin.py:115} INFO - [2024-05-05 09:55:02,367] {dag.py:2968} INFO - Setting next_dagrun for example_short_circuit_operator to 2024-05-04T09:55:02.366878+00:00, run_after=2024-05-05T09:55:02.366878+00:00
[2024-05-05 09:55:02,385] {processor.py:161} INFO - Processing /opt/conda/lib/python3.8/site-packages/airflow/example_dags/example_short_circuit_operator.py took 0.198 seconds
[2024-05-05 09:55:40,870] {processor.py:153} INFO - Started process (PID=1593) to work on /opt/conda/lib/python3.8/site-packages/airflow/example_dags/example_short_circuit_operator.py
[2024-05-05 09:55:40,872] {processor.py:641} INFO - Processing file /opt/conda/lib/python3.8/site-packages/airflow/example_dags/example_short_circuit_operator.py for tasks to queue
[2024-05-05 09:55:40,872] {logging_mixin.py:115} INFO - [2024-05-05 09:55:40,872] {dagbag.py:508} INFO - Filling up the DagBag from /opt/conda/lib/python3.8/site-packages/airflow/example_dags/example_short_circuit_operator.py
[2024-05-05 09:55:41,009] {processor.py:651} INFO - DAG(s) dict_keys(['example_short_circuit_operator']) retrieved from /opt/conda/lib/python3.8/site-packages/airflow/example_dags/example_short_circuit_operator.py
[2024-05-05 09:55:41,019] {logging_mixin.py:115} INFO - [2024-05-05 09:55:41,019] {dag.py:2420} INFO - Sync 1 DAGs
[2024-05-05 09:55:41,031] {logging_mixin.py:115} INFO - [2024-05-05 09:55:41,030] {dag.py:2968} INFO - Setting next_dagrun for example_short_circuit_operator to 2024-05-04T09:55:41.030788+00:00, run_after=2024-05-05T09:55:41.030788+00:00
[2024-05-05 09:55:41,055] {processor.py:161} INFO - Processing /opt/conda/lib/python3.8/site-packages/airflow/example_dags/example_short_circuit_operator.py took 0.187 seconds
[2024-05-05 09:56:18,346] {processor.py:153} INFO - Started process (PID=1640) to work on /opt/conda/lib/python3.8/site-packages/airflow/example_dags/example_short_circuit_operator.py
[2024-05-05 09:56:18,347] {processor.py:641} INFO - Processing file /opt/conda/lib/python3.8/site-packages/airflow/example_dags/example_short_circuit_operator.py for tasks to queue
[2024-05-05 09:56:18,347] {logging_mixin.py:115} INFO - [2024-05-05 09:56:18,347] {dagbag.py:508} INFO - Filling up the DagBag from /opt/conda/lib/python3.8/site-packages/airflow/example_dags/example_short_circuit_operator.py
[2024-05-05 09:56:18,501] {processor.py:651} INFO - DAG(s) dict_keys(['example_short_circuit_operator']) retrieved from /opt/conda/lib/python3.8/site-packages/airflow/example_dags/example_short_circuit_operator.py
[2024-05-05 09:56:18,512] {logging_mixin.py:115} INFO - [2024-05-05 09:56:18,512] {dag.py:2420} INFO - Sync 1 DAGs
[2024-05-05 09:56:18,524] {logging_mixin.py:115} INFO - [2024-05-05 09:56:18,523] {dag.py:2968} INFO - Setting next_dagrun for example_short_circuit_operator to 2024-05-04T09:56:18.523771+00:00, run_after=2024-05-05T09:56:18.523771+00:00
[2024-05-05 09:56:18,542] {processor.py:161} INFO - Processing /opt/conda/lib/python3.8/site-packages/airflow/example_dags/example_short_circuit_operator.py took 0.200 seconds
[2024-05-05 09:56:55,005] {processor.py:153} INFO - Started process (PID=1687) to work on /opt/conda/lib/python3.8/site-packages/airflow/example_dags/example_short_circuit_operator.py
[2024-05-05 09:56:55,007] {processor.py:641} INFO - Processing file /opt/conda/lib/python3.8/site-packages/airflow/example_dags/example_short_circuit_operator.py for tasks to queue
[2024-05-05 09:56:55,007] {logging_mixin.py:115} INFO - [2024-05-05 09:56:55,007] {dagbag.py:508} INFO - Filling up the DagBag from /opt/conda/lib/python3.8/site-packages/airflow/example_dags/example_short_circuit_operator.py
[2024-05-05 09:56:55,127] {processor.py:651} INFO - DAG(s) dict_keys(['example_short_circuit_operator']) retrieved from /opt/conda/lib/python3.8/site-packages/airflow/example_dags/example_short_circuit_operator.py
[2024-05-05 09:56:55,137] {logging_mixin.py:115} INFO - [2024-05-05 09:56:55,137] {dag.py:2420} INFO - Sync 1 DAGs
[2024-05-05 09:56:55,149] {logging_mixin.py:115} INFO - [2024-05-05 09:56:55,148] {dag.py:2968} INFO - Setting next_dagrun for example_short_circuit_operator to 2024-05-04T09:56:55.148726+00:00, run_after=2024-05-05T09:56:55.148726+00:00
[2024-05-05 09:56:55,169] {processor.py:161} INFO - Processing /opt/conda/lib/python3.8/site-packages/airflow/example_dags/example_short_circuit_operator.py took 0.167 seconds
[2024-05-05 09:57:36,690] {processor.py:153} INFO - Started process (PID=1748) to work on /opt/conda/lib/python3.8/site-packages/airflow/example_dags/example_short_circuit_operator.py
[2024-05-05 09:57:36,691] {processor.py:641} INFO - Processing file /opt/conda/lib/python3.8/site-packages/airflow/example_dags/example_short_circuit_operator.py for tasks to queue
[2024-05-05 09:57:36,692] {logging_mixin.py:115} INFO - [2024-05-05 09:57:36,692] {dagbag.py:508} INFO - Filling up the DagBag from /opt/conda/lib/python3.8/site-packages/airflow/example_dags/example_short_circuit_operator.py
[2024-05-05 09:57:36,818] {processor.py:651} INFO - DAG(s) dict_keys(['example_short_circuit_operator']) retrieved from /opt/conda/lib/python3.8/site-packages/airflow/example_dags/example_short_circuit_operator.py
[2024-05-05 09:57:36,828] {logging_mixin.py:115} INFO - [2024-05-05 09:57:36,828] {dag.py:2420} INFO - Sync 1 DAGs
[2024-05-05 09:57:36,840] {logging_mixin.py:115} INFO - [2024-05-05 09:57:36,840] {dag.py:2968} INFO - Setting next_dagrun for example_short_circuit_operator to 2024-05-04T09:57:36.840278+00:00, run_after=2024-05-05T09:57:36.840278+00:00
[2024-05-05 09:57:36,858] {processor.py:161} INFO - Processing /opt/conda/lib/python3.8/site-packages/airflow/example_dags/example_short_circuit_operator.py took 0.171 seconds
[2024-05-05 09:58:15,222] {processor.py:153} INFO - Started process (PID=1796) to work on /opt/conda/lib/python3.8/site-packages/airflow/example_dags/example_short_circuit_operator.py
[2024-05-05 09:58:15,224] {processor.py:641} INFO - Processing file /opt/conda/lib/python3.8/site-packages/airflow/example_dags/example_short_circuit_operator.py for tasks to queue
[2024-05-05 09:58:15,224] {logging_mixin.py:115} INFO - [2024-05-05 09:58:15,224] {dagbag.py:508} INFO - Filling up the DagBag from /opt/conda/lib/python3.8/site-packages/airflow/example_dags/example_short_circuit_operator.py
[2024-05-05 09:58:15,234] {processor.py:651} INFO - DAG(s) dict_keys(['example_short_circuit_operator']) retrieved from /opt/conda/lib/python3.8/site-packages/airflow/example_dags/example_short_circuit_operator.py
[2024-05-05 09:58:15,251] {logging_mixin.py:115} INFO - [2024-05-05 09:58:15,251] {dag.py:2420} INFO - Sync 1 DAGs
[2024-05-05 09:58:15,269] {logging_mixin.py:115} INFO - [2024-05-05 09:58:15,269] {dag.py:2968} INFO - Setting next_dagrun for example_short_circuit_operator to 2024-05-04T09:58:15.268948+00:00, run_after=2024-05-05T09:58:15.268948+00:00
[2024-05-05 09:58:15,291] {processor.py:161} INFO - Processing /opt/conda/lib/python3.8/site-packages/airflow/example_dags/example_short_circuit_operator.py took 0.071 seconds
[2024-05-05 09:58:52,443] {processor.py:153} INFO - Started process (PID=1848) to work on /opt/conda/lib/python3.8/site-packages/airflow/example_dags/example_short_circuit_operator.py
[2024-05-05 09:58:52,444] {processor.py:641} INFO - Processing file /opt/conda/lib/python3.8/site-packages/airflow/example_dags/example_short_circuit_operator.py for tasks to queue
[2024-05-05 09:58:52,445] {logging_mixin.py:115} INFO - [2024-05-05 09:58:52,445] {dagbag.py:508} INFO - Filling up the DagBag from /opt/conda/lib/python3.8/site-packages/airflow/example_dags/example_short_circuit_operator.py
[2024-05-05 09:58:52,454] {processor.py:651} INFO - DAG(s) dict_keys(['example_short_circuit_operator']) retrieved from /opt/conda/lib/python3.8/site-packages/airflow/example_dags/example_short_circuit_operator.py
[2024-05-05 09:58:52,472] {logging_mixin.py:115} INFO - [2024-05-05 09:58:52,472] {dag.py:2420} INFO - Sync 1 DAGs
[2024-05-05 09:58:52,489] {logging_mixin.py:115} INFO - [2024-05-05 09:58:52,489] {dag.py:2968} INFO - Setting next_dagrun for example_short_circuit_operator to 2024-05-04T09:58:52.489586+00:00, run_after=2024-05-05T09:58:52.489586+00:00
[2024-05-05 09:58:52,511] {processor.py:161} INFO - Processing /opt/conda/lib/python3.8/site-packages/airflow/example_dags/example_short_circuit_operator.py took 0.071 seconds
[2024-05-05 09:59:29,018] {processor.py:153} INFO - Started process (PID=1900) to work on /opt/conda/lib/python3.8/site-packages/airflow/example_dags/example_short_circuit_operator.py
[2024-05-05 09:59:29,020] {processor.py:641} INFO - Processing file /opt/conda/lib/python3.8/site-packages/airflow/example_dags/example_short_circuit_operator.py for tasks to queue
[2024-05-05 09:59:29,020] {logging_mixin.py:115} INFO - [2024-05-05 09:59:29,020] {dagbag.py:508} INFO - Filling up the DagBag from /opt/conda/lib/python3.8/site-packages/airflow/example_dags/example_short_circuit_operator.py
[2024-05-05 09:59:29,029] {processor.py:651} INFO - DAG(s) dict_keys(['example_short_circuit_operator']) retrieved from /opt/conda/lib/python3.8/site-packages/airflow/example_dags/example_short_circuit_operator.py
[2024-05-05 09:59:29,044] {logging_mixin.py:115} INFO - [2024-05-05 09:59:29,044] {dag.py:2420} INFO - Sync 1 DAGs
[2024-05-05 09:59:29,057] {logging_mixin.py:115} INFO - [2024-05-05 09:59:29,057] {dag.py:2968} INFO - Setting next_dagrun for example_short_circuit_operator to 2024-05-04T09:59:29.057499+00:00, run_after=2024-05-05T09:59:29.057499+00:00
[2024-05-05 09:59:29,079] {processor.py:161} INFO - Processing /opt/conda/lib/python3.8/site-packages/airflow/example_dags/example_short_circuit_operator.py took 0.064 seconds
[2024-05-05 10:00:08,594] {processor.py:153} INFO - Started process (PID=1961) to work on /opt/conda/lib/python3.8/site-packages/airflow/example_dags/example_short_circuit_operator.py
[2024-05-05 10:00:08,595] {processor.py:641} INFO - Processing file /opt/conda/lib/python3.8/site-packages/airflow/example_dags/example_short_circuit_operator.py for tasks to queue
[2024-05-05 10:00:08,596] {logging_mixin.py:115} INFO - [2024-05-05 10:00:08,596] {dagbag.py:508} INFO - Filling up the DagBag from /opt/conda/lib/python3.8/site-packages/airflow/example_dags/example_short_circuit_operator.py
[2024-05-05 10:00:08,605] {processor.py:651} INFO - DAG(s) dict_keys(['example_short_circuit_operator']) retrieved from /opt/conda/lib/python3.8/site-packages/airflow/example_dags/example_short_circuit_operator.py
[2024-05-05 10:00:08,620] {logging_mixin.py:115} INFO - [2024-05-05 10:00:08,620] {dag.py:2420} INFO - Sync 1 DAGs
[2024-05-05 10:00:08,634] {logging_mixin.py:115} INFO - [2024-05-05 10:00:08,634] {dag.py:2968} INFO - Setting next_dagrun for example_short_circuit_operator to 2024-05-04T10:00:08.634172+00:00, run_after=2024-05-05T10:00:08.634172+00:00
[2024-05-05 10:00:08,654] {processor.py:161} INFO - Processing /opt/conda/lib/python3.8/site-packages/airflow/example_dags/example_short_circuit_operator.py took 0.064 seconds
[2024-05-05 10:00:43,259] {processor.py:153} INFO - Started process (PID=2012) to work on /opt/conda/lib/python3.8/site-packages/airflow/example_dags/example_short_circuit_operator.py
[2024-05-05 10:00:43,260] {processor.py:641} INFO - Processing file /opt/conda/lib/python3.8/site-packages/airflow/example_dags/example_short_circuit_operator.py for tasks to queue
[2024-05-05 10:00:43,261] {logging_mixin.py:115} INFO - [2024-05-05 10:00:43,261] {dagbag.py:508} INFO - Filling up the DagBag from /opt/conda/lib/python3.8/site-packages/airflow/example_dags/example_short_circuit_operator.py
[2024-05-05 10:00:43,269] {processor.py:651} INFO - DAG(s) dict_keys(['example_short_circuit_operator']) retrieved from /opt/conda/lib/python3.8/site-packages/airflow/example_dags/example_short_circuit_operator.py
[2024-05-05 10:00:43,285] {logging_mixin.py:115} INFO - [2024-05-05 10:00:43,285] {dag.py:2420} INFO - Sync 1 DAGs
[2024-05-05 10:00:43,298] {logging_mixin.py:115} INFO - [2024-05-05 10:00:43,298] {dag.py:2968} INFO - Setting next_dagrun for example_short_circuit_operator to 2024-05-04T10:00:43.298689+00:00, run_after=2024-05-05T10:00:43.298689+00:00
[2024-05-05 10:00:43,318] {processor.py:161} INFO - Processing /opt/conda/lib/python3.8/site-packages/airflow/example_dags/example_short_circuit_operator.py took 0.062 seconds
[2024-05-05 10:01:15,674] {processor.py:153} INFO - Started process (PID=2060) to work on /opt/conda/lib/python3.8/site-packages/airflow/example_dags/example_short_circuit_operator.py
[2024-05-05 10:01:15,675] {processor.py:641} INFO - Processing file /opt/conda/lib/python3.8/site-packages/airflow/example_dags/example_short_circuit_operator.py for tasks to queue
[2024-05-05 10:01:15,676] {logging_mixin.py:115} INFO - [2024-05-05 10:01:15,676] {dagbag.py:508} INFO - Filling up the DagBag from /opt/conda/lib/python3.8/site-packages/airflow/example_dags/example_short_circuit_operator.py
[2024-05-05 10:01:15,684] {processor.py:651} INFO - DAG(s) dict_keys(['example_short_circuit_operator']) retrieved from /opt/conda/lib/python3.8/site-packages/airflow/example_dags/example_short_circuit_operator.py
[2024-05-05 10:01:15,699] {logging_mixin.py:115} INFO - [2024-05-05 10:01:15,699] {dag.py:2420} INFO - Sync 1 DAGs
[2024-05-05 10:01:15,713] {logging_mixin.py:115} INFO - [2024-05-05 10:01:15,713] {dag.py:2968} INFO - Setting next_dagrun for example_short_circuit_operator to 2024-05-04T10:01:15.713487+00:00, run_after=2024-05-05T10:01:15.713487+00:00
[2024-05-05 10:01:15,732] {processor.py:161} INFO - Processing /opt/conda/lib/python3.8/site-packages/airflow/example_dags/example_short_circuit_operator.py took 0.062 seconds
[2024-05-05 10:01:50,846] {processor.py:153} INFO - Started process (PID=2112) to work on /opt/conda/lib/python3.8/site-packages/airflow/example_dags/example_short_circuit_operator.py
[2024-05-05 10:01:50,847] {processor.py:641} INFO - Processing file /opt/conda/lib/python3.8/site-packages/airflow/example_dags/example_short_circuit_operator.py for tasks to queue
[2024-05-05 10:01:50,848] {logging_mixin.py:115} INFO - [2024-05-05 10:01:50,848] {dagbag.py:508} INFO - Filling up the DagBag from /opt/conda/lib/python3.8/site-packages/airflow/example_dags/example_short_circuit_operator.py
[2024-05-05 10:01:50,856] {processor.py:651} INFO - DAG(s) dict_keys(['example_short_circuit_operator']) retrieved from /opt/conda/lib/python3.8/site-packages/airflow/example_dags/example_short_circuit_operator.py
[2024-05-05 10:01:50,872] {logging_mixin.py:115} INFO - [2024-05-05 10:01:50,872] {dag.py:2420} INFO - Sync 1 DAGs
[2024-05-05 10:01:50,886] {logging_mixin.py:115} INFO - [2024-05-05 10:01:50,886] {dag.py:2968} INFO - Setting next_dagrun for example_short_circuit_operator to 2024-05-04T10:01:50.885857+00:00, run_after=2024-05-05T10:01:50.885857+00:00
[2024-05-05 10:01:50,906] {processor.py:161} INFO - Processing /opt/conda/lib/python3.8/site-packages/airflow/example_dags/example_short_circuit_operator.py took 0.063 seconds
[2024-05-05 10:02:27,822] {processor.py:153} INFO - Started process (PID=2165) to work on /opt/conda/lib/python3.8/site-packages/airflow/example_dags/example_short_circuit_operator.py
[2024-05-05 10:02:27,824] {processor.py:641} INFO - Processing file /opt/conda/lib/python3.8/site-packages/airflow/example_dags/example_short_circuit_operator.py for tasks to queue
[2024-05-05 10:02:27,824] {logging_mixin.py:115} INFO - [2024-05-05 10:02:27,824] {dagbag.py:508} INFO - Filling up the DagBag from /opt/conda/lib/python3.8/site-packages/airflow/example_dags/example_short_circuit_operator.py
[2024-05-05 10:02:27,834] {processor.py:651} INFO - DAG(s) dict_keys(['example_short_circuit_operator']) retrieved from /opt/conda/lib/python3.8/site-packages/airflow/example_dags/example_short_circuit_operator.py
[2024-05-05 10:02:27,851] {logging_mixin.py:115} INFO - [2024-05-05 10:02:27,851] {dag.py:2420} INFO - Sync 1 DAGs
[2024-05-05 10:02:27,868] {logging_mixin.py:115} INFO - [2024-05-05 10:02:27,868] {dag.py:2968} INFO - Setting next_dagrun for example_short_circuit_operator to 2024-05-04T10:02:27.868199+00:00, run_after=2024-05-05T10:02:27.868199+00:00
[2024-05-05 10:02:27,888] {processor.py:161} INFO - Processing /opt/conda/lib/python3.8/site-packages/airflow/example_dags/example_short_circuit_operator.py took 0.069 seconds
[2024-05-05 10:03:00,479] {processor.py:153} INFO - Started process (PID=2215) to work on /opt/conda/lib/python3.8/site-packages/airflow/example_dags/example_short_circuit_operator.py
[2024-05-05 10:03:00,482] {processor.py:641} INFO - Processing file /opt/conda/lib/python3.8/site-packages/airflow/example_dags/example_short_circuit_operator.py for tasks to queue
[2024-05-05 10:03:00,482] {logging_mixin.py:115} INFO - [2024-05-05 10:03:00,482] {dagbag.py:508} INFO - Filling up the DagBag from /opt/conda/lib/python3.8/site-packages/airflow/example_dags/example_short_circuit_operator.py
[2024-05-05 10:03:00,491] {processor.py:651} INFO - DAG(s) dict_keys(['example_short_circuit_operator']) retrieved from /opt/conda/lib/python3.8/site-packages/airflow/example_dags/example_short_circuit_operator.py
[2024-05-05 10:03:00,507] {logging_mixin.py:115} INFO - [2024-05-05 10:03:00,507] {dag.py:2420} INFO - Sync 1 DAGs
[2024-05-05 10:03:00,521] {logging_mixin.py:115} INFO - [2024-05-05 10:03:00,521] {dag.py:2968} INFO - Setting next_dagrun for example_short_circuit_operator to 2024-05-04T10:03:00.520908+00:00, run_after=2024-05-05T10:03:00.520908+00:00
[2024-05-05 10:03:00,543] {processor.py:161} INFO - Processing /opt/conda/lib/python3.8/site-packages/airflow/example_dags/example_short_circuit_operator.py took 0.068 seconds
[2024-05-05 10:03:38,879] {processor.py:153} INFO - Started process (PID=2269) to work on /opt/conda/lib/python3.8/site-packages/airflow/example_dags/example_short_circuit_operator.py
[2024-05-05 10:03:38,880] {processor.py:641} INFO - Processing file /opt/conda/lib/python3.8/site-packages/airflow/example_dags/example_short_circuit_operator.py for tasks to queue
[2024-05-05 10:03:38,881] {logging_mixin.py:115} INFO - [2024-05-05 10:03:38,880] {dagbag.py:508} INFO - Filling up the DagBag from /opt/conda/lib/python3.8/site-packages/airflow/example_dags/example_short_circuit_operator.py
[2024-05-05 10:03:38,891] {processor.py:651} INFO - DAG(s) dict_keys(['example_short_circuit_operator']) retrieved from /opt/conda/lib/python3.8/site-packages/airflow/example_dags/example_short_circuit_operator.py
[2024-05-05 10:03:38,909] {logging_mixin.py:115} INFO - [2024-05-05 10:03:38,908] {dag.py:2420} INFO - Sync 1 DAGs
[2024-05-05 10:03:38,927] {logging_mixin.py:115} INFO - [2024-05-05 10:03:38,927] {dag.py:2968} INFO - Setting next_dagrun for example_short_circuit_operator to 2024-05-04T10:03:38.926814+00:00, run_after=2024-05-05T10:03:38.926814+00:00
[2024-05-05 10:03:38,949] {processor.py:161} INFO - Processing /opt/conda/lib/python3.8/site-packages/airflow/example_dags/example_short_circuit_operator.py took 0.074 seconds
[2024-05-05 10:04:15,362] {processor.py:153} INFO - Started process (PID=2321) to work on /opt/conda/lib/python3.8/site-packages/airflow/example_dags/example_short_circuit_operator.py
[2024-05-05 10:04:15,364] {processor.py:641} INFO - Processing file /opt/conda/lib/python3.8/site-packages/airflow/example_dags/example_short_circuit_operator.py for tasks to queue
[2024-05-05 10:04:15,364] {logging_mixin.py:115} INFO - [2024-05-05 10:04:15,364] {dagbag.py:508} INFO - Filling up the DagBag from /opt/conda/lib/python3.8/site-packages/airflow/example_dags/example_short_circuit_operator.py
[2024-05-05 10:04:15,373] {processor.py:651} INFO - DAG(s) dict_keys(['example_short_circuit_operator']) retrieved from /opt/conda/lib/python3.8/site-packages/airflow/example_dags/example_short_circuit_operator.py
[2024-05-05 10:04:15,388] {logging_mixin.py:115} INFO - [2024-05-05 10:04:15,388] {dag.py:2420} INFO - Sync 1 DAGs
[2024-05-05 10:04:15,402] {logging_mixin.py:115} INFO - [2024-05-05 10:04:15,402] {dag.py:2968} INFO - Setting next_dagrun for example_short_circuit_operator to 2024-05-04T10:04:15.402284+00:00, run_after=2024-05-05T10:04:15.402284+00:00
[2024-05-05 10:04:15,422] {processor.py:161} INFO - Processing /opt/conda/lib/python3.8/site-packages/airflow/example_dags/example_short_circuit_operator.py took 0.062 seconds
[2024-05-05 10:04:52,302] {processor.py:153} INFO - Started process (PID=2375) to work on /opt/conda/lib/python3.8/site-packages/airflow/example_dags/example_short_circuit_operator.py
[2024-05-05 10:04:52,304] {processor.py:641} INFO - Processing file /opt/conda/lib/python3.8/site-packages/airflow/example_dags/example_short_circuit_operator.py for tasks to queue
[2024-05-05 10:04:52,304] {logging_mixin.py:115} INFO - [2024-05-05 10:04:52,304] {dagbag.py:508} INFO - Filling up the DagBag from /opt/conda/lib/python3.8/site-packages/airflow/example_dags/example_short_circuit_operator.py
[2024-05-05 10:04:52,314] {processor.py:651} INFO - DAG(s) dict_keys(['example_short_circuit_operator']) retrieved from /opt/conda/lib/python3.8/site-packages/airflow/example_dags/example_short_circuit_operator.py
[2024-05-05 10:04:52,331] {logging_mixin.py:115} INFO - [2024-05-05 10:04:52,331] {dag.py:2420} INFO - Sync 1 DAGs
[2024-05-05 10:04:52,349] {logging_mixin.py:115} INFO - [2024-05-05 10:04:52,349] {dag.py:2968} INFO - Setting next_dagrun for example_short_circuit_operator to 2024-05-04T10:04:52.348853+00:00, run_after=2024-05-05T10:04:52.348853+00:00
[2024-05-05 10:04:52,370] {processor.py:161} INFO - Processing /opt/conda/lib/python3.8/site-packages/airflow/example_dags/example_short_circuit_operator.py took 0.071 seconds
[2024-05-05 10:05:30,499] {processor.py:153} INFO - Started process (PID=2437) to work on /opt/conda/lib/python3.8/site-packages/airflow/example_dags/example_short_circuit_operator.py
[2024-05-05 10:05:30,500] {processor.py:641} INFO - Processing file /opt/conda/lib/python3.8/site-packages/airflow/example_dags/example_short_circuit_operator.py for tasks to queue
[2024-05-05 10:05:30,501] {logging_mixin.py:115} INFO - [2024-05-05 10:05:30,501] {dagbag.py:508} INFO - Filling up the DagBag from /opt/conda/lib/python3.8/site-packages/airflow/example_dags/example_short_circuit_operator.py
[2024-05-05 10:05:30,509] {processor.py:651} INFO - DAG(s) dict_keys(['example_short_circuit_operator']) retrieved from /opt/conda/lib/python3.8/site-packages/airflow/example_dags/example_short_circuit_operator.py
[2024-05-05 10:05:30,525] {logging_mixin.py:115} INFO - [2024-05-05 10:05:30,525] {dag.py:2420} INFO - Sync 1 DAGs
[2024-05-05 10:05:30,538] {logging_mixin.py:115} INFO - [2024-05-05 10:05:30,538] {dag.py:2968} INFO - Setting next_dagrun for example_short_circuit_operator to 2024-05-04T10:05:30.538627+00:00, run_after=2024-05-05T10:05:30.538627+00:00
[2024-05-05 10:05:30,559] {processor.py:161} INFO - Processing /opt/conda/lib/python3.8/site-packages/airflow/example_dags/example_short_circuit_operator.py took 0.063 seconds
[2024-05-05 10:06:05,658] {processor.py:153} INFO - Started process (PID=2488) to work on /opt/conda/lib/python3.8/site-packages/airflow/example_dags/example_short_circuit_operator.py
[2024-05-05 10:06:05,659] {processor.py:641} INFO - Processing file /opt/conda/lib/python3.8/site-packages/airflow/example_dags/example_short_circuit_operator.py for tasks to queue
[2024-05-05 10:06:05,660] {logging_mixin.py:115} INFO - [2024-05-05 10:06:05,660] {dagbag.py:508} INFO - Filling up the DagBag from /opt/conda/lib/python3.8/site-packages/airflow/example_dags/example_short_circuit_operator.py
[2024-05-05 10:06:05,669] {processor.py:651} INFO - DAG(s) dict_keys(['example_short_circuit_operator']) retrieved from /opt/conda/lib/python3.8/site-packages/airflow/example_dags/example_short_circuit_operator.py
[2024-05-05 10:06:05,684] {logging_mixin.py:115} INFO - [2024-05-05 10:06:05,684] {dag.py:2420} INFO - Sync 1 DAGs
[2024-05-05 10:06:05,698] {logging_mixin.py:115} INFO - [2024-05-05 10:06:05,698] {dag.py:2968} INFO - Setting next_dagrun for example_short_circuit_operator to 2024-05-04T10:06:05.697976+00:00, run_after=2024-05-05T10:06:05.697976+00:00
[2024-05-05 10:06:05,716] {processor.py:161} INFO - Processing /opt/conda/lib/python3.8/site-packages/airflow/example_dags/example_short_circuit_operator.py took 0.061 seconds
[2024-05-05 10:06:44,866] {processor.py:153} INFO - Started process (PID=2542) to work on /opt/conda/lib/python3.8/site-packages/airflow/example_dags/example_short_circuit_operator.py
[2024-05-05 10:06:44,868] {processor.py:641} INFO - Processing file /opt/conda/lib/python3.8/site-packages/airflow/example_dags/example_short_circuit_operator.py for tasks to queue
[2024-05-05 10:06:44,868] {logging_mixin.py:115} INFO - [2024-05-05 10:06:44,868] {dagbag.py:508} INFO - Filling up the DagBag from /opt/conda/lib/python3.8/site-packages/airflow/example_dags/example_short_circuit_operator.py
[2024-05-05 10:06:44,877] {processor.py:651} INFO - DAG(s) dict_keys(['example_short_circuit_operator']) retrieved from /opt/conda/lib/python3.8/site-packages/airflow/example_dags/example_short_circuit_operator.py
[2024-05-05 10:06:44,892] {logging_mixin.py:115} INFO - [2024-05-05 10:06:44,892] {dag.py:2420} INFO - Sync 1 DAGs
[2024-05-05 10:06:44,906] {logging_mixin.py:115} INFO - [2024-05-05 10:06:44,906] {dag.py:2968} INFO - Setting next_dagrun for example_short_circuit_operator to 2024-05-04T10:06:44.906421+00:00, run_after=2024-05-05T10:06:44.906421+00:00
[2024-05-05 10:06:44,925] {processor.py:161} INFO - Processing /opt/conda/lib/python3.8/site-packages/airflow/example_dags/example_short_circuit_operator.py took 0.061 seconds
[2024-05-05 10:07:20,131] {processor.py:153} INFO - Started process (PID=2614) to work on /opt/conda/lib/python3.8/site-packages/airflow/example_dags/example_short_circuit_operator.py
[2024-05-05 10:07:20,132] {processor.py:641} INFO - Processing file /opt/conda/lib/python3.8/site-packages/airflow/example_dags/example_short_circuit_operator.py for tasks to queue
[2024-05-05 10:07:20,133] {logging_mixin.py:115} INFO - [2024-05-05 10:07:20,133] {dagbag.py:508} INFO - Filling up the DagBag from /opt/conda/lib/python3.8/site-packages/airflow/example_dags/example_short_circuit_operator.py
[2024-05-05 10:07:20,142] {processor.py:651} INFO - DAG(s) dict_keys(['example_short_circuit_operator']) retrieved from /opt/conda/lib/python3.8/site-packages/airflow/example_dags/example_short_circuit_operator.py
[2024-05-05 10:07:20,160] {logging_mixin.py:115} INFO - [2024-05-05 10:07:20,160] {dag.py:2420} INFO - Sync 1 DAGs
[2024-05-05 10:07:20,178] {logging_mixin.py:115} INFO - [2024-05-05 10:07:20,178] {dag.py:2968} INFO - Setting next_dagrun for example_short_circuit_operator to 2024-05-04T10:07:20.178563+00:00, run_after=2024-05-05T10:07:20.178563+00:00
[2024-05-05 10:07:20,199] {processor.py:161} INFO - Processing /opt/conda/lib/python3.8/site-packages/airflow/example_dags/example_short_circuit_operator.py took 0.072 seconds
[2024-05-05 10:07:51,885] {processor.py:153} INFO - Started process (PID=2662) to work on /opt/conda/lib/python3.8/site-packages/airflow/example_dags/example_short_circuit_operator.py
[2024-05-05 10:07:51,886] {processor.py:641} INFO - Processing file /opt/conda/lib/python3.8/site-packages/airflow/example_dags/example_short_circuit_operator.py for tasks to queue
[2024-05-05 10:07:51,887] {logging_mixin.py:115} INFO - [2024-05-05 10:07:51,887] {dagbag.py:508} INFO - Filling up the DagBag from /opt/conda/lib/python3.8/site-packages/airflow/example_dags/example_short_circuit_operator.py
[2024-05-05 10:07:51,895] {processor.py:651} INFO - DAG(s) dict_keys(['example_short_circuit_operator']) retrieved from /opt/conda/lib/python3.8/site-packages/airflow/example_dags/example_short_circuit_operator.py
[2024-05-05 10:07:51,910] {logging_mixin.py:115} INFO - [2024-05-05 10:07:51,910] {dag.py:2420} INFO - Sync 1 DAGs
[2024-05-05 10:07:51,924] {logging_mixin.py:115} INFO - [2024-05-05 10:07:51,924] {dag.py:2968} INFO - Setting next_dagrun for example_short_circuit_operator to 2024-05-04T10:07:51.923793+00:00, run_after=2024-05-05T10:07:51.923793+00:00
[2024-05-05 10:07:51,942] {processor.py:161} INFO - Processing /opt/conda/lib/python3.8/site-packages/airflow/example_dags/example_short_circuit_operator.py took 0.060 seconds
[2024-05-05 10:08:27,860] {processor.py:153} INFO - Started process (PID=2714) to work on /opt/conda/lib/python3.8/site-packages/airflow/example_dags/example_short_circuit_operator.py
[2024-05-05 10:08:27,862] {processor.py:641} INFO - Processing file /opt/conda/lib/python3.8/site-packages/airflow/example_dags/example_short_circuit_operator.py for tasks to queue
[2024-05-05 10:08:27,862] {logging_mixin.py:115} INFO - [2024-05-05 10:08:27,862] {dagbag.py:508} INFO - Filling up the DagBag from /opt/conda/lib/python3.8/site-packages/airflow/example_dags/example_short_circuit_operator.py
[2024-05-05 10:08:27,871] {processor.py:651} INFO - DAG(s) dict_keys(['example_short_circuit_operator']) retrieved from /opt/conda/lib/python3.8/site-packages/airflow/example_dags/example_short_circuit_operator.py
[2024-05-05 10:08:27,887] {logging_mixin.py:115} INFO - [2024-05-05 10:08:27,887] {dag.py:2420} INFO - Sync 1 DAGs
[2024-05-05 10:08:27,905] {logging_mixin.py:115} INFO - [2024-05-05 10:08:27,905] {dag.py:2968} INFO - Setting next_dagrun for example_short_circuit_operator to 2024-05-04T10:08:27.904990+00:00, run_after=2024-05-05T10:08:27.904990+00:00
[2024-05-05 10:08:27,926] {processor.py:161} INFO - Processing /opt/conda/lib/python3.8/site-packages/airflow/example_dags/example_short_circuit_operator.py took 0.069 seconds
[2024-05-05 10:09:08,590] {processor.py:153} INFO - Started process (PID=2774) to work on /opt/conda/lib/python3.8/site-packages/airflow/example_dags/example_short_circuit_operator.py
[2024-05-05 10:09:08,591] {processor.py:641} INFO - Processing file /opt/conda/lib/python3.8/site-packages/airflow/example_dags/example_short_circuit_operator.py for tasks to queue
[2024-05-05 10:09:08,592] {logging_mixin.py:115} INFO - [2024-05-05 10:09:08,592] {dagbag.py:508} INFO - Filling up the DagBag from /opt/conda/lib/python3.8/site-packages/airflow/example_dags/example_short_circuit_operator.py
[2024-05-05 10:09:08,602] {processor.py:651} INFO - DAG(s) dict_keys(['example_short_circuit_operator']) retrieved from /opt/conda/lib/python3.8/site-packages/airflow/example_dags/example_short_circuit_operator.py
[2024-05-05 10:09:08,620] {logging_mixin.py:115} INFO - [2024-05-05 10:09:08,620] {dag.py:2420} INFO - Sync 1 DAGs
[2024-05-05 10:09:08,636] {logging_mixin.py:115} INFO - [2024-05-05 10:09:08,636] {dag.py:2968} INFO - Setting next_dagrun for example_short_circuit_operator to 2024-05-04T10:09:08.636393+00:00, run_after=2024-05-05T10:09:08.636393+00:00
[2024-05-05 10:09:08,658] {processor.py:161} INFO - Processing /opt/conda/lib/python3.8/site-packages/airflow/example_dags/example_short_circuit_operator.py took 0.071 seconds
[2024-05-05 10:09:44,918] {processor.py:153} INFO - Started process (PID=2826) to work on /opt/conda/lib/python3.8/site-packages/airflow/example_dags/example_short_circuit_operator.py
[2024-05-05 10:09:44,919] {processor.py:641} INFO - Processing file /opt/conda/lib/python3.8/site-packages/airflow/example_dags/example_short_circuit_operator.py for tasks to queue
[2024-05-05 10:09:44,920] {logging_mixin.py:115} INFO - [2024-05-05 10:09:44,919] {dagbag.py:508} INFO - Filling up the DagBag from /opt/conda/lib/python3.8/site-packages/airflow/example_dags/example_short_circuit_operator.py
[2024-05-05 10:09:44,929] {processor.py:651} INFO - DAG(s) dict_keys(['example_short_circuit_operator']) retrieved from /opt/conda/lib/python3.8/site-packages/airflow/example_dags/example_short_circuit_operator.py
[2024-05-05 10:09:44,947] {logging_mixin.py:115} INFO - [2024-05-05 10:09:44,947] {dag.py:2420} INFO - Sync 1 DAGs
[2024-05-05 10:09:44,965] {logging_mixin.py:115} INFO - [2024-05-05 10:09:44,965] {dag.py:2968} INFO - Setting next_dagrun for example_short_circuit_operator to 2024-05-04T10:09:44.965476+00:00, run_after=2024-05-05T10:09:44.965476+00:00
[2024-05-05 10:09:44,984] {processor.py:161} INFO - Processing /opt/conda/lib/python3.8/site-packages/airflow/example_dags/example_short_circuit_operator.py took 0.070 seconds
[2024-05-05 10:10:18,827] {processor.py:153} INFO - Started process (PID=2876) to work on /opt/conda/lib/python3.8/site-packages/airflow/example_dags/example_short_circuit_operator.py
[2024-05-05 10:10:18,828] {processor.py:641} INFO - Processing file /opt/conda/lib/python3.8/site-packages/airflow/example_dags/example_short_circuit_operator.py for tasks to queue
[2024-05-05 10:10:18,828] {logging_mixin.py:115} INFO - [2024-05-05 10:10:18,828] {dagbag.py:508} INFO - Filling up the DagBag from /opt/conda/lib/python3.8/site-packages/airflow/example_dags/example_short_circuit_operator.py
[2024-05-05 10:10:18,838] {processor.py:651} INFO - DAG(s) dict_keys(['example_short_circuit_operator']) retrieved from /opt/conda/lib/python3.8/site-packages/airflow/example_dags/example_short_circuit_operator.py
[2024-05-05 10:10:18,856] {logging_mixin.py:115} INFO - [2024-05-05 10:10:18,856] {dag.py:2420} INFO - Sync 1 DAGs
[2024-05-05 10:10:18,874] {logging_mixin.py:115} INFO - [2024-05-05 10:10:18,874] {dag.py:2968} INFO - Setting next_dagrun for example_short_circuit_operator to 2024-05-04T10:10:18.874067+00:00, run_after=2024-05-05T10:10:18.874067+00:00
[2024-05-05 10:10:18,895] {processor.py:161} INFO - Processing /opt/conda/lib/python3.8/site-packages/airflow/example_dags/example_short_circuit_operator.py took 0.071 seconds
[2024-05-05 10:10:55,951] {processor.py:153} INFO - Started process (PID=2937) to work on /opt/conda/lib/python3.8/site-packages/airflow/example_dags/example_short_circuit_operator.py
[2024-05-05 10:10:55,952] {processor.py:641} INFO - Processing file /opt/conda/lib/python3.8/site-packages/airflow/example_dags/example_short_circuit_operator.py for tasks to queue
[2024-05-05 10:10:55,953] {logging_mixin.py:115} INFO - [2024-05-05 10:10:55,953] {dagbag.py:508} INFO - Filling up the DagBag from /opt/conda/lib/python3.8/site-packages/airflow/example_dags/example_short_circuit_operator.py
[2024-05-05 10:10:55,962] {processor.py:651} INFO - DAG(s) dict_keys(['example_short_circuit_operator']) retrieved from /opt/conda/lib/python3.8/site-packages/airflow/example_dags/example_short_circuit_operator.py
[2024-05-05 10:10:55,977] {logging_mixin.py:115} INFO - [2024-05-05 10:10:55,977] {dag.py:2420} INFO - Sync 1 DAGs
[2024-05-05 10:10:55,990] {logging_mixin.py:115} INFO - [2024-05-05 10:10:55,990] {dag.py:2968} INFO - Setting next_dagrun for example_short_circuit_operator to 2024-05-04T10:10:55.990619+00:00, run_after=2024-05-05T10:10:55.990619+00:00
[2024-05-05 10:10:56,009] {processor.py:161} INFO - Processing /opt/conda/lib/python3.8/site-packages/airflow/example_dags/example_short_circuit_operator.py took 0.062 seconds
[2024-05-05 10:11:29,751] {processor.py:153} INFO - Started process (PID=2987) to work on /opt/conda/lib/python3.8/site-packages/airflow/example_dags/example_short_circuit_operator.py
[2024-05-05 10:11:29,753] {processor.py:641} INFO - Processing file /opt/conda/lib/python3.8/site-packages/airflow/example_dags/example_short_circuit_operator.py for tasks to queue
[2024-05-05 10:11:29,753] {logging_mixin.py:115} INFO - [2024-05-05 10:11:29,753] {dagbag.py:508} INFO - Filling up the DagBag from /opt/conda/lib/python3.8/site-packages/airflow/example_dags/example_short_circuit_operator.py
[2024-05-05 10:11:29,762] {processor.py:651} INFO - DAG(s) dict_keys(['example_short_circuit_operator']) retrieved from /opt/conda/lib/python3.8/site-packages/airflow/example_dags/example_short_circuit_operator.py
[2024-05-05 10:11:29,776] {logging_mixin.py:115} INFO - [2024-05-05 10:11:29,776] {dag.py:2420} INFO - Sync 1 DAGs
[2024-05-05 10:11:29,790] {logging_mixin.py:115} INFO - [2024-05-05 10:11:29,790] {dag.py:2968} INFO - Setting next_dagrun for example_short_circuit_operator to 2024-05-04T10:11:29.789824+00:00, run_after=2024-05-05T10:11:29.789824+00:00
[2024-05-05 10:11:29,810] {processor.py:161} INFO - Processing /opt/conda/lib/python3.8/site-packages/airflow/example_dags/example_short_circuit_operator.py took 0.062 seconds
[2024-05-05 10:12:06,391] {processor.py:153} INFO - Started process (PID=3038) to work on /opt/conda/lib/python3.8/site-packages/airflow/example_dags/example_short_circuit_operator.py
[2024-05-05 10:12:06,392] {processor.py:641} INFO - Processing file /opt/conda/lib/python3.8/site-packages/airflow/example_dags/example_short_circuit_operator.py for tasks to queue
[2024-05-05 10:12:06,393] {logging_mixin.py:115} INFO - [2024-05-05 10:12:06,393] {dagbag.py:508} INFO - Filling up the DagBag from /opt/conda/lib/python3.8/site-packages/airflow/example_dags/example_short_circuit_operator.py
[2024-05-05 10:12:06,402] {processor.py:651} INFO - DAG(s) dict_keys(['example_short_circuit_operator']) retrieved from /opt/conda/lib/python3.8/site-packages/airflow/example_dags/example_short_circuit_operator.py
[2024-05-05 10:12:06,417] {logging_mixin.py:115} INFO - [2024-05-05 10:12:06,417] {dag.py:2420} INFO - Sync 1 DAGs
[2024-05-05 10:12:06,430] {logging_mixin.py:115} INFO - [2024-05-05 10:12:06,430] {dag.py:2968} INFO - Setting next_dagrun for example_short_circuit_operator to 2024-05-04T10:12:06.430616+00:00, run_after=2024-05-05T10:12:06.430616+00:00
[2024-05-05 10:12:06,448] {processor.py:161} INFO - Processing /opt/conda/lib/python3.8/site-packages/airflow/example_dags/example_short_circuit_operator.py took 0.060 seconds
[2024-05-05 10:12:40,450] {processor.py:153} INFO - Started process (PID=3089) to work on /opt/conda/lib/python3.8/site-packages/airflow/example_dags/example_short_circuit_operator.py
[2024-05-05 10:12:40,452] {processor.py:641} INFO - Processing file /opt/conda/lib/python3.8/site-packages/airflow/example_dags/example_short_circuit_operator.py for tasks to queue
[2024-05-05 10:12:40,452] {logging_mixin.py:115} INFO - [2024-05-05 10:12:40,452] {dagbag.py:508} INFO - Filling up the DagBag from /opt/conda/lib/python3.8/site-packages/airflow/example_dags/example_short_circuit_operator.py
[2024-05-05 10:12:40,462] {processor.py:651} INFO - DAG(s) dict_keys(['example_short_circuit_operator']) retrieved from /opt/conda/lib/python3.8/site-packages/airflow/example_dags/example_short_circuit_operator.py
[2024-05-05 10:12:40,481] {logging_mixin.py:115} INFO - [2024-05-05 10:12:40,481] {dag.py:2420} INFO - Sync 1 DAGs
[2024-05-05 10:12:40,496] {logging_mixin.py:115} INFO - [2024-05-05 10:12:40,496] {dag.py:2968} INFO - Setting next_dagrun for example_short_circuit_operator to 2024-05-04T10:12:40.496139+00:00, run_after=2024-05-05T10:12:40.496139+00:00
[2024-05-05 10:12:40,515] {processor.py:161} INFO - Processing /opt/conda/lib/python3.8/site-packages/airflow/example_dags/example_short_circuit_operator.py took 0.068 seconds
[2024-05-05 10:13:14,952] {processor.py:153} INFO - Started process (PID=3137) to work on /opt/conda/lib/python3.8/site-packages/airflow/example_dags/example_short_circuit_operator.py
[2024-05-05 10:13:14,953] {processor.py:641} INFO - Processing file /opt/conda/lib/python3.8/site-packages/airflow/example_dags/example_short_circuit_operator.py for tasks to queue
[2024-05-05 10:13:14,954] {logging_mixin.py:115} INFO - [2024-05-05 10:13:14,954] {dagbag.py:508} INFO - Filling up the DagBag from /opt/conda/lib/python3.8/site-packages/airflow/example_dags/example_short_circuit_operator.py
[2024-05-05 10:13:14,964] {processor.py:651} INFO - DAG(s) dict_keys(['example_short_circuit_operator']) retrieved from /opt/conda/lib/python3.8/site-packages/airflow/example_dags/example_short_circuit_operator.py
[2024-05-05 10:13:14,980] {logging_mixin.py:115} INFO - [2024-05-05 10:13:14,980] {dag.py:2420} INFO - Sync 1 DAGs
[2024-05-05 10:13:14,997] {logging_mixin.py:115} INFO - [2024-05-05 10:13:14,997] {dag.py:2968} INFO - Setting next_dagrun for example_short_circuit_operator to 2024-05-04T10:13:14.997537+00:00, run_after=2024-05-05T10:13:14.997537+00:00
[2024-05-05 10:13:15,018] {processor.py:161} INFO - Processing /opt/conda/lib/python3.8/site-packages/airflow/example_dags/example_short_circuit_operator.py took 0.069 seconds
[2024-05-05 10:13:51,459] {processor.py:153} INFO - Started process (PID=3189) to work on /opt/conda/lib/python3.8/site-packages/airflow/example_dags/example_short_circuit_operator.py
[2024-05-05 10:13:51,473] {processor.py:641} INFO - Processing file /opt/conda/lib/python3.8/site-packages/airflow/example_dags/example_short_circuit_operator.py for tasks to queue
[2024-05-05 10:13:51,474] {logging_mixin.py:115} INFO - [2024-05-05 10:13:51,474] {dagbag.py:508} INFO - Filling up the DagBag from /opt/conda/lib/python3.8/site-packages/airflow/example_dags/example_short_circuit_operator.py
[2024-05-05 10:13:51,483] {processor.py:651} INFO - DAG(s) dict_keys(['example_short_circuit_operator']) retrieved from /opt/conda/lib/python3.8/site-packages/airflow/example_dags/example_short_circuit_operator.py
[2024-05-05 10:13:51,502] {logging_mixin.py:115} INFO - [2024-05-05 10:13:51,502] {dag.py:2420} INFO - Sync 1 DAGs
[2024-05-05 10:13:51,518] {logging_mixin.py:115} INFO - [2024-05-05 10:13:51,518] {dag.py:2968} INFO - Setting next_dagrun for example_short_circuit_operator to 2024-05-04T10:13:51.518035+00:00, run_after=2024-05-05T10:13:51.518035+00:00
[2024-05-05 10:13:52,011] {processor.py:161} INFO - Processing /opt/conda/lib/python3.8/site-packages/airflow/example_dags/example_short_circuit_operator.py took 0.555 seconds
[2024-05-05 10:14:27,563] {processor.py:153} INFO - Started process (PID=3238) to work on /opt/conda/lib/python3.8/site-packages/airflow/example_dags/example_short_circuit_operator.py
[2024-05-05 10:14:27,564] {processor.py:641} INFO - Processing file /opt/conda/lib/python3.8/site-packages/airflow/example_dags/example_short_circuit_operator.py for tasks to queue
[2024-05-05 10:14:27,565] {logging_mixin.py:115} INFO - [2024-05-05 10:14:27,565] {dagbag.py:508} INFO - Filling up the DagBag from /opt/conda/lib/python3.8/site-packages/airflow/example_dags/example_short_circuit_operator.py
[2024-05-05 10:14:27,575] {processor.py:651} INFO - DAG(s) dict_keys(['example_short_circuit_operator']) retrieved from /opt/conda/lib/python3.8/site-packages/airflow/example_dags/example_short_circuit_operator.py
[2024-05-05 10:14:27,592] {logging_mixin.py:115} INFO - [2024-05-05 10:14:27,592] {dag.py:2420} INFO - Sync 1 DAGs
[2024-05-05 10:14:27,610] {logging_mixin.py:115} INFO - [2024-05-05 10:14:27,610] {dag.py:2968} INFO - Setting next_dagrun for example_short_circuit_operator to 2024-05-04T10:14:27.610207+00:00, run_after=2024-05-05T10:14:27.610207+00:00
[2024-05-05 10:14:27,629] {processor.py:161} INFO - Processing /opt/conda/lib/python3.8/site-packages/airflow/example_dags/example_short_circuit_operator.py took 0.070 seconds
[2024-05-05 10:15:05,879] {processor.py:153} INFO - Started process (PID=3291) to work on /opt/conda/lib/python3.8/site-packages/airflow/example_dags/example_short_circuit_operator.py
[2024-05-05 10:15:05,881] {processor.py:641} INFO - Processing file /opt/conda/lib/python3.8/site-packages/airflow/example_dags/example_short_circuit_operator.py for tasks to queue
[2024-05-05 10:15:05,881] {logging_mixin.py:115} INFO - [2024-05-05 10:15:05,881] {dagbag.py:508} INFO - Filling up the DagBag from /opt/conda/lib/python3.8/site-packages/airflow/example_dags/example_short_circuit_operator.py
[2024-05-05 10:15:05,891] {processor.py:651} INFO - DAG(s) dict_keys(['example_short_circuit_operator']) retrieved from /opt/conda/lib/python3.8/site-packages/airflow/example_dags/example_short_circuit_operator.py
[2024-05-05 10:15:05,910] {logging_mixin.py:115} INFO - [2024-05-05 10:15:05,910] {dag.py:2420} INFO - Sync 1 DAGs
[2024-05-05 10:15:05,929] {logging_mixin.py:115} INFO - [2024-05-05 10:15:05,929] {dag.py:2968} INFO - Setting next_dagrun for example_short_circuit_operator to 2024-05-04T10:15:05.929145+00:00, run_after=2024-05-05T10:15:05.929145+00:00
[2024-05-05 10:15:05,951] {processor.py:161} INFO - Processing /opt/conda/lib/python3.8/site-packages/airflow/example_dags/example_short_circuit_operator.py took 0.075 seconds
[2024-05-05 10:15:44,755] {processor.py:153} INFO - Started process (PID=3345) to work on /opt/conda/lib/python3.8/site-packages/airflow/example_dags/example_short_circuit_operator.py
[2024-05-05 10:15:44,756] {processor.py:641} INFO - Processing file /opt/conda/lib/python3.8/site-packages/airflow/example_dags/example_short_circuit_operator.py for tasks to queue
[2024-05-05 10:15:44,756] {logging_mixin.py:115} INFO - [2024-05-05 10:15:44,756] {dagbag.py:508} INFO - Filling up the DagBag from /opt/conda/lib/python3.8/site-packages/airflow/example_dags/example_short_circuit_operator.py
[2024-05-05 10:15:44,765] {processor.py:651} INFO - DAG(s) dict_keys(['example_short_circuit_operator']) retrieved from /opt/conda/lib/python3.8/site-packages/airflow/example_dags/example_short_circuit_operator.py
[2024-05-05 10:15:44,780] {logging_mixin.py:115} INFO - [2024-05-05 10:15:44,780] {dag.py:2420} INFO - Sync 1 DAGs
[2024-05-05 10:15:44,794] {logging_mixin.py:115} INFO - [2024-05-05 10:15:44,794] {dag.py:2968} INFO - Setting next_dagrun for example_short_circuit_operator to 2024-05-04T10:15:44.794082+00:00, run_after=2024-05-05T10:15:44.794082+00:00
[2024-05-05 10:15:44,814] {processor.py:161} INFO - Processing /opt/conda/lib/python3.8/site-packages/airflow/example_dags/example_short_circuit_operator.py took 0.062 seconds
[2024-05-05 10:16:23,197] {processor.py:153} INFO - Started process (PID=3406) to work on /opt/conda/lib/python3.8/site-packages/airflow/example_dags/example_short_circuit_operator.py
[2024-05-05 10:16:23,199] {processor.py:641} INFO - Processing file /opt/conda/lib/python3.8/site-packages/airflow/example_dags/example_short_circuit_operator.py for tasks to queue
[2024-05-05 10:16:23,199] {logging_mixin.py:115} INFO - [2024-05-05 10:16:23,199] {dagbag.py:508} INFO - Filling up the DagBag from /opt/conda/lib/python3.8/site-packages/airflow/example_dags/example_short_circuit_operator.py
[2024-05-05 10:16:23,209] {processor.py:651} INFO - DAG(s) dict_keys(['example_short_circuit_operator']) retrieved from /opt/conda/lib/python3.8/site-packages/airflow/example_dags/example_short_circuit_operator.py
[2024-05-05 10:16:23,226] {logging_mixin.py:115} INFO - [2024-05-05 10:16:23,226] {dag.py:2420} INFO - Sync 1 DAGs
[2024-05-05 10:16:23,244] {logging_mixin.py:115} INFO - [2024-05-05 10:16:23,243] {dag.py:2968} INFO - Setting next_dagrun for example_short_circuit_operator to 2024-05-04T10:16:23.243649+00:00, run_after=2024-05-05T10:16:23.243649+00:00
[2024-05-05 10:16:23,272] {processor.py:161} INFO - Processing /opt/conda/lib/python3.8/site-packages/airflow/example_dags/example_short_circuit_operator.py took 0.078 seconds
[2024-05-05 10:16:58,594] {processor.py:153} INFO - Started process (PID=3458) to work on /opt/conda/lib/python3.8/site-packages/airflow/example_dags/example_short_circuit_operator.py
[2024-05-05 10:16:58,595] {processor.py:641} INFO - Processing file /opt/conda/lib/python3.8/site-packages/airflow/example_dags/example_short_circuit_operator.py for tasks to queue
[2024-05-05 10:16:58,596] {logging_mixin.py:115} INFO - [2024-05-05 10:16:58,596] {dagbag.py:508} INFO - Filling up the DagBag from /opt/conda/lib/python3.8/site-packages/airflow/example_dags/example_short_circuit_operator.py
[2024-05-05 10:16:58,604] {processor.py:651} INFO - DAG(s) dict_keys(['example_short_circuit_operator']) retrieved from /opt/conda/lib/python3.8/site-packages/airflow/example_dags/example_short_circuit_operator.py
[2024-05-05 10:16:58,619] {logging_mixin.py:115} INFO - [2024-05-05 10:16:58,619] {dag.py:2420} INFO - Sync 1 DAGs
[2024-05-05 10:16:58,633] {logging_mixin.py:115} INFO - [2024-05-05 10:16:58,633] {dag.py:2968} INFO - Setting next_dagrun for example_short_circuit_operator to 2024-05-04T10:16:58.633052+00:00, run_after=2024-05-05T10:16:58.633052+00:00
[2024-05-05 10:16:58,651] {processor.py:161} INFO - Processing /opt/conda/lib/python3.8/site-packages/airflow/example_dags/example_short_circuit_operator.py took 0.060 seconds
[2024-05-05 10:17:30,414] {processor.py:153} INFO - Started process (PID=3506) to work on /opt/conda/lib/python3.8/site-packages/airflow/example_dags/example_short_circuit_operator.py
[2024-05-05 10:17:30,416] {processor.py:641} INFO - Processing file /opt/conda/lib/python3.8/site-packages/airflow/example_dags/example_short_circuit_operator.py for tasks to queue
[2024-05-05 10:17:30,416] {logging_mixin.py:115} INFO - [2024-05-05 10:17:30,416] {dagbag.py:508} INFO - Filling up the DagBag from /opt/conda/lib/python3.8/site-packages/airflow/example_dags/example_short_circuit_operator.py
[2024-05-05 10:17:30,424] {processor.py:651} INFO - DAG(s) dict_keys(['example_short_circuit_operator']) retrieved from /opt/conda/lib/python3.8/site-packages/airflow/example_dags/example_short_circuit_operator.py
[2024-05-05 10:17:30,438] {logging_mixin.py:115} INFO - [2024-05-05 10:17:30,438] {dag.py:2420} INFO - Sync 1 DAGs
[2024-05-05 10:17:30,452] {logging_mixin.py:115} INFO - [2024-05-05 10:17:30,452] {dag.py:2968} INFO - Setting next_dagrun for example_short_circuit_operator to 2024-05-04T10:17:30.451969+00:00, run_after=2024-05-05T10:17:30.451969+00:00
[2024-05-05 10:17:30,470] {processor.py:161} INFO - Processing /opt/conda/lib/python3.8/site-packages/airflow/example_dags/example_short_circuit_operator.py took 0.058 seconds
[2024-05-05 10:18:09,415] {processor.py:153} INFO - Started process (PID=3566) to work on /opt/conda/lib/python3.8/site-packages/airflow/example_dags/example_short_circuit_operator.py
[2024-05-05 10:18:09,416] {processor.py:641} INFO - Processing file /opt/conda/lib/python3.8/site-packages/airflow/example_dags/example_short_circuit_operator.py for tasks to queue
[2024-05-05 10:18:09,417] {logging_mixin.py:115} INFO - [2024-05-05 10:18:09,417] {dagbag.py:508} INFO - Filling up the DagBag from /opt/conda/lib/python3.8/site-packages/airflow/example_dags/example_short_circuit_operator.py
[2024-05-05 10:18:09,425] {processor.py:651} INFO - DAG(s) dict_keys(['example_short_circuit_operator']) retrieved from /opt/conda/lib/python3.8/site-packages/airflow/example_dags/example_short_circuit_operator.py
[2024-05-05 10:18:09,441] {logging_mixin.py:115} INFO - [2024-05-05 10:18:09,441] {dag.py:2420} INFO - Sync 1 DAGs
[2024-05-05 10:18:09,455] {logging_mixin.py:115} INFO - [2024-05-05 10:18:09,454] {dag.py:2968} INFO - Setting next_dagrun for example_short_circuit_operator to 2024-05-04T10:18:09.454751+00:00, run_after=2024-05-05T10:18:09.454751+00:00
[2024-05-05 10:18:09,473] {processor.py:161} INFO - Processing /opt/conda/lib/python3.8/site-packages/airflow/example_dags/example_short_circuit_operator.py took 0.062 seconds
[2024-05-05 10:18:45,106] {processor.py:153} INFO - Started process (PID=3622) to work on /opt/conda/lib/python3.8/site-packages/airflow/example_dags/example_short_circuit_operator.py
[2024-05-05 10:18:45,108] {processor.py:641} INFO - Processing file /opt/conda/lib/python3.8/site-packages/airflow/example_dags/example_short_circuit_operator.py for tasks to queue
[2024-05-05 10:18:45,109] {logging_mixin.py:115} INFO - [2024-05-05 10:18:45,108] {dagbag.py:508} INFO - Filling up the DagBag from /opt/conda/lib/python3.8/site-packages/airflow/example_dags/example_short_circuit_operator.py
[2024-05-05 10:18:45,117] {processor.py:651} INFO - DAG(s) dict_keys(['example_short_circuit_operator']) retrieved from /opt/conda/lib/python3.8/site-packages/airflow/example_dags/example_short_circuit_operator.py
[2024-05-05 10:18:45,132] {logging_mixin.py:115} INFO - [2024-05-05 10:18:45,132] {dag.py:2420} INFO - Sync 1 DAGs
[2024-05-05 10:18:45,146] {logging_mixin.py:115} INFO - [2024-05-05 10:18:45,146] {dag.py:2968} INFO - Setting next_dagrun for example_short_circuit_operator to 2024-05-04T10:18:45.146059+00:00, run_after=2024-05-05T10:18:45.146059+00:00
[2024-05-05 10:18:45,165] {processor.py:161} INFO - Processing /opt/conda/lib/python3.8/site-packages/airflow/example_dags/example_short_circuit_operator.py took 0.061 seconds
