[2024-05-05 09:48:16,186] {processor.py:153} INFO - Started process (PID=920) to work on /opt/conda/lib/python3.8/site-packages/airflow/example_dags/example_python_operator.py
[2024-05-05 09:48:16,187] {processor.py:641} INFO - Processing file /opt/conda/lib/python3.8/site-packages/airflow/example_dags/example_python_operator.py for tasks to queue
[2024-05-05 09:48:16,187] {logging_mixin.py:115} INFO - [2024-05-05 09:48:16,187] {dagbag.py:508} INFO - Filling up the DagBag from /opt/conda/lib/python3.8/site-packages/airflow/example_dags/example_python_operator.py
[2024-05-05 09:48:16,344] {logging_mixin.py:115} INFO - [2024-05-05 09:48:16,344] {example_python_operator.py:68} WARNING - The virtalenv_python example task requires virtualenv, please install it.
[2024-05-05 09:48:16,344] {processor.py:651} INFO - DAG(s) dict_keys(['example_python_operator']) retrieved from /opt/conda/lib/python3.8/site-packages/airflow/example_dags/example_python_operator.py
[2024-05-05 09:48:16,420] {logging_mixin.py:115} INFO - [2024-05-05 09:48:16,420] {manager.py:508} INFO - Created Permission View: can read on DAG:example_python_operator
[2024-05-05 09:48:16,437] {logging_mixin.py:115} INFO - [2024-05-05 09:48:16,437] {manager.py:508} INFO - Created Permission View: can edit on DAG:example_python_operator
[2024-05-05 09:48:16,454] {logging_mixin.py:115} INFO - [2024-05-05 09:48:16,454] {manager.py:508} INFO - Created Permission View: can delete on DAG:example_python_operator
[2024-05-05 09:48:16,454] {logging_mixin.py:115} INFO - [2024-05-05 09:48:16,454] {dag.py:2420} INFO - Sync 1 DAGs
[2024-05-05 09:48:16,459] {logging_mixin.py:115} INFO - [2024-05-05 09:48:16,459] {dag.py:2439} INFO - Creating ORM DAG for example_python_operator
[2024-05-05 09:48:16,467] {logging_mixin.py:115} INFO - [2024-05-05 09:48:16,467] {dag.py:2968} INFO - Setting next_dagrun for example_python_operator to None, run_after=None
[2024-05-05 09:48:16,512] {processor.py:161} INFO - Processing /opt/conda/lib/python3.8/site-packages/airflow/example_dags/example_python_operator.py took 0.329 seconds
[2024-05-05 09:49:03,322] {processor.py:153} INFO - Started process (PID=972) to work on /opt/conda/lib/python3.8/site-packages/airflow/example_dags/example_python_operator.py
[2024-05-05 09:49:03,323] {processor.py:641} INFO - Processing file /opt/conda/lib/python3.8/site-packages/airflow/example_dags/example_python_operator.py for tasks to queue
[2024-05-05 09:49:03,324] {logging_mixin.py:115} INFO - [2024-05-05 09:49:03,324] {dagbag.py:508} INFO - Filling up the DagBag from /opt/conda/lib/python3.8/site-packages/airflow/example_dags/example_python_operator.py
[2024-05-05 09:49:03,454] {logging_mixin.py:115} INFO - [2024-05-05 09:49:03,454] {example_python_operator.py:68} WARNING - The virtalenv_python example task requires virtualenv, please install it.
[2024-05-05 09:49:03,454] {processor.py:651} INFO - DAG(s) dict_keys(['example_python_operator']) retrieved from /opt/conda/lib/python3.8/site-packages/airflow/example_dags/example_python_operator.py
[2024-05-05 09:49:03,472] {logging_mixin.py:115} INFO - [2024-05-05 09:49:03,472] {dag.py:2420} INFO - Sync 1 DAGs
[2024-05-05 09:49:03,906] {logging_mixin.py:115} INFO - [2024-05-05 09:49:03,906] {dag.py:2968} INFO - Setting next_dagrun for example_python_operator to None, run_after=None
[2024-05-05 09:49:03,942] {processor.py:161} INFO - Processing /opt/conda/lib/python3.8/site-packages/airflow/example_dags/example_python_operator.py took 0.623 seconds
[2024-05-05 09:49:47,897] {processor.py:153} INFO - Started process (PID=1024) to work on /opt/conda/lib/python3.8/site-packages/airflow/example_dags/example_python_operator.py
[2024-05-05 09:49:47,899] {processor.py:641} INFO - Processing file /opt/conda/lib/python3.8/site-packages/airflow/example_dags/example_python_operator.py for tasks to queue
[2024-05-05 09:49:47,899] {logging_mixin.py:115} INFO - [2024-05-05 09:49:47,899] {dagbag.py:508} INFO - Filling up the DagBag from /opt/conda/lib/python3.8/site-packages/airflow/example_dags/example_python_operator.py
[2024-05-05 09:49:48,041] {logging_mixin.py:115} INFO - [2024-05-05 09:49:48,041] {example_python_operator.py:68} WARNING - The virtalenv_python example task requires virtualenv, please install it.
[2024-05-05 09:49:48,042] {processor.py:651} INFO - DAG(s) dict_keys(['example_python_operator']) retrieved from /opt/conda/lib/python3.8/site-packages/airflow/example_dags/example_python_operator.py
[2024-05-05 09:49:48,050] {logging_mixin.py:115} INFO - [2024-05-05 09:49:48,050] {dag.py:2420} INFO - Sync 1 DAGs
[2024-05-05 09:49:48,062] {logging_mixin.py:115} INFO - [2024-05-05 09:49:48,062] {dag.py:2968} INFO - Setting next_dagrun for example_python_operator to None, run_after=None
[2024-05-05 09:49:48,083] {processor.py:161} INFO - Processing /opt/conda/lib/python3.8/site-packages/airflow/example_dags/example_python_operator.py took 0.188 seconds
[2024-05-05 09:51:59,889] {processor.py:153} INFO - Started process (PID=1329) to work on /opt/conda/lib/python3.8/site-packages/airflow/example_dags/example_python_operator.py
[2024-05-05 09:51:59,891] {processor.py:641} INFO - Processing file /opt/conda/lib/python3.8/site-packages/airflow/example_dags/example_python_operator.py for tasks to queue
[2024-05-05 09:51:59,891] {logging_mixin.py:115} INFO - [2024-05-05 09:51:59,891] {dagbag.py:508} INFO - Filling up the DagBag from /opt/conda/lib/python3.8/site-packages/airflow/example_dags/example_python_operator.py
[2024-05-05 09:52:00,046] {logging_mixin.py:115} INFO - [2024-05-05 09:52:00,046] {example_python_operator.py:68} WARNING - The virtalenv_python example task requires virtualenv, please install it.
[2024-05-05 09:52:00,046] {processor.py:651} INFO - DAG(s) dict_keys(['example_python_operator']) retrieved from /opt/conda/lib/python3.8/site-packages/airflow/example_dags/example_python_operator.py
[2024-05-05 09:52:00,058] {logging_mixin.py:115} INFO - [2024-05-05 09:52:00,057] {dag.py:2420} INFO - Sync 1 DAGs
[2024-05-05 09:52:00,072] {logging_mixin.py:115} INFO - [2024-05-05 09:52:00,072] {dag.py:2968} INFO - Setting next_dagrun for example_python_operator to None, run_after=None
[2024-05-05 09:52:00,096] {processor.py:161} INFO - Processing /opt/conda/lib/python3.8/site-packages/airflow/example_dags/example_python_operator.py took 0.210 seconds
[2024-05-05 09:52:41,510] {processor.py:153} INFO - Started process (PID=1379) to work on /opt/conda/lib/python3.8/site-packages/airflow/example_dags/example_python_operator.py
[2024-05-05 09:52:41,511] {processor.py:641} INFO - Processing file /opt/conda/lib/python3.8/site-packages/airflow/example_dags/example_python_operator.py for tasks to queue
[2024-05-05 09:52:41,512] {logging_mixin.py:115} INFO - [2024-05-05 09:52:41,511] {dagbag.py:508} INFO - Filling up the DagBag from /opt/conda/lib/python3.8/site-packages/airflow/example_dags/example_python_operator.py
[2024-05-05 09:52:41,640] {logging_mixin.py:115} INFO - [2024-05-05 09:52:41,640] {example_python_operator.py:68} WARNING - The virtalenv_python example task requires virtualenv, please install it.
[2024-05-05 09:52:41,641] {processor.py:651} INFO - DAG(s) dict_keys(['example_python_operator']) retrieved from /opt/conda/lib/python3.8/site-packages/airflow/example_dags/example_python_operator.py
[2024-05-05 09:52:41,649] {logging_mixin.py:115} INFO - [2024-05-05 09:52:41,649] {dag.py:2420} INFO - Sync 1 DAGs
[2024-05-05 09:52:41,660] {logging_mixin.py:115} INFO - [2024-05-05 09:52:41,660] {dag.py:2968} INFO - Setting next_dagrun for example_python_operator to None, run_after=None
[2024-05-05 09:52:41,679] {processor.py:161} INFO - Processing /opt/conda/lib/python3.8/site-packages/airflow/example_dags/example_python_operator.py took 0.172 seconds
[2024-05-05 09:53:25,768] {processor.py:153} INFO - Started process (PID=1431) to work on /opt/conda/lib/python3.8/site-packages/airflow/example_dags/example_python_operator.py
[2024-05-05 09:53:25,769] {processor.py:641} INFO - Processing file /opt/conda/lib/python3.8/site-packages/airflow/example_dags/example_python_operator.py for tasks to queue
[2024-05-05 09:53:25,770] {logging_mixin.py:115} INFO - [2024-05-05 09:53:25,770] {dagbag.py:508} INFO - Filling up the DagBag from /opt/conda/lib/python3.8/site-packages/airflow/example_dags/example_python_operator.py
[2024-05-05 09:53:25,922] {logging_mixin.py:115} INFO - [2024-05-05 09:53:25,922] {example_python_operator.py:68} WARNING - The virtalenv_python example task requires virtualenv, please install it.
[2024-05-05 09:53:25,922] {processor.py:651} INFO - DAG(s) dict_keys(['example_python_operator']) retrieved from /opt/conda/lib/python3.8/site-packages/airflow/example_dags/example_python_operator.py
[2024-05-05 09:53:25,932] {logging_mixin.py:115} INFO - [2024-05-05 09:53:25,932] {dag.py:2420} INFO - Sync 1 DAGs
[2024-05-05 09:53:25,944] {logging_mixin.py:115} INFO - [2024-05-05 09:53:25,943] {dag.py:2968} INFO - Setting next_dagrun for example_python_operator to None, run_after=None
[2024-05-05 09:53:25,976] {processor.py:161} INFO - Processing /opt/conda/lib/python3.8/site-packages/airflow/example_dags/example_python_operator.py took 0.212 seconds
[2024-05-05 09:54:10,945] {processor.py:153} INFO - Started process (PID=1482) to work on /opt/conda/lib/python3.8/site-packages/airflow/example_dags/example_python_operator.py
[2024-05-05 09:54:10,946] {processor.py:641} INFO - Processing file /opt/conda/lib/python3.8/site-packages/airflow/example_dags/example_python_operator.py for tasks to queue
[2024-05-05 09:54:10,947] {logging_mixin.py:115} INFO - [2024-05-05 09:54:10,947] {dagbag.py:508} INFO - Filling up the DagBag from /opt/conda/lib/python3.8/site-packages/airflow/example_dags/example_python_operator.py
[2024-05-05 09:54:11,071] {logging_mixin.py:115} INFO - [2024-05-05 09:54:11,071] {example_python_operator.py:68} WARNING - The virtalenv_python example task requires virtualenv, please install it.
[2024-05-05 09:54:11,072] {processor.py:651} INFO - DAG(s) dict_keys(['example_python_operator']) retrieved from /opt/conda/lib/python3.8/site-packages/airflow/example_dags/example_python_operator.py
[2024-05-05 09:54:11,080] {logging_mixin.py:115} INFO - [2024-05-05 09:54:11,080] {dag.py:2420} INFO - Sync 1 DAGs
[2024-05-05 09:54:11,091] {logging_mixin.py:115} INFO - [2024-05-05 09:54:11,091] {dag.py:2968} INFO - Setting next_dagrun for example_python_operator to None, run_after=None
[2024-05-05 09:54:11,109] {processor.py:161} INFO - Processing /opt/conda/lib/python3.8/site-packages/airflow/example_dags/example_python_operator.py took 0.167 seconds
[2024-05-05 09:54:47,736] {processor.py:153} INFO - Started process (PID=1531) to work on /opt/conda/lib/python3.8/site-packages/airflow/example_dags/example_python_operator.py
[2024-05-05 09:54:47,737] {processor.py:641} INFO - Processing file /opt/conda/lib/python3.8/site-packages/airflow/example_dags/example_python_operator.py for tasks to queue
[2024-05-05 09:54:47,737] {logging_mixin.py:115} INFO - [2024-05-05 09:54:47,737] {dagbag.py:508} INFO - Filling up the DagBag from /opt/conda/lib/python3.8/site-packages/airflow/example_dags/example_python_operator.py
[2024-05-05 09:54:47,865] {logging_mixin.py:115} INFO - [2024-05-05 09:54:47,865] {example_python_operator.py:68} WARNING - The virtalenv_python example task requires virtualenv, please install it.
[2024-05-05 09:54:47,865] {processor.py:651} INFO - DAG(s) dict_keys(['example_python_operator']) retrieved from /opt/conda/lib/python3.8/site-packages/airflow/example_dags/example_python_operator.py
[2024-05-05 09:54:47,874] {logging_mixin.py:115} INFO - [2024-05-05 09:54:47,874] {dag.py:2420} INFO - Sync 1 DAGs
[2024-05-05 09:54:47,885] {logging_mixin.py:115} INFO - [2024-05-05 09:54:47,885] {dag.py:2968} INFO - Setting next_dagrun for example_python_operator to None, run_after=None
[2024-05-05 09:54:47,953] {processor.py:161} INFO - Processing /opt/conda/lib/python3.8/site-packages/airflow/example_dags/example_python_operator.py took 0.220 seconds
[2024-05-05 09:55:26,073] {processor.py:153} INFO - Started process (PID=1579) to work on /opt/conda/lib/python3.8/site-packages/airflow/example_dags/example_python_operator.py
[2024-05-05 09:55:26,074] {processor.py:641} INFO - Processing file /opt/conda/lib/python3.8/site-packages/airflow/example_dags/example_python_operator.py for tasks to queue
[2024-05-05 09:55:26,075] {logging_mixin.py:115} INFO - [2024-05-05 09:55:26,075] {dagbag.py:508} INFO - Filling up the DagBag from /opt/conda/lib/python3.8/site-packages/airflow/example_dags/example_python_operator.py
[2024-05-05 09:55:26,201] {logging_mixin.py:115} INFO - [2024-05-05 09:55:26,201] {example_python_operator.py:68} WARNING - The virtalenv_python example task requires virtualenv, please install it.
[2024-05-05 09:55:26,201] {processor.py:651} INFO - DAG(s) dict_keys(['example_python_operator']) retrieved from /opt/conda/lib/python3.8/site-packages/airflow/example_dags/example_python_operator.py
[2024-05-05 09:55:26,210] {logging_mixin.py:115} INFO - [2024-05-05 09:55:26,210] {dag.py:2420} INFO - Sync 1 DAGs
[2024-05-05 09:55:26,220] {logging_mixin.py:115} INFO - [2024-05-05 09:55:26,220] {dag.py:2968} INFO - Setting next_dagrun for example_python_operator to None, run_after=None
[2024-05-05 09:55:26,238] {processor.py:161} INFO - Processing /opt/conda/lib/python3.8/site-packages/airflow/example_dags/example_python_operator.py took 0.168 seconds
[2024-05-05 09:56:01,211] {processor.py:153} INFO - Started process (PID=1625) to work on /opt/conda/lib/python3.8/site-packages/airflow/example_dags/example_python_operator.py
[2024-05-05 09:56:01,213] {processor.py:641} INFO - Processing file /opt/conda/lib/python3.8/site-packages/airflow/example_dags/example_python_operator.py for tasks to queue
[2024-05-05 09:56:01,213] {logging_mixin.py:115} INFO - [2024-05-05 09:56:01,213] {dagbag.py:508} INFO - Filling up the DagBag from /opt/conda/lib/python3.8/site-packages/airflow/example_dags/example_python_operator.py
[2024-05-05 09:56:01,374] {logging_mixin.py:115} INFO - [2024-05-05 09:56:01,373] {example_python_operator.py:68} WARNING - The virtalenv_python example task requires virtualenv, please install it.
[2024-05-05 09:56:01,374] {processor.py:651} INFO - DAG(s) dict_keys(['example_python_operator']) retrieved from /opt/conda/lib/python3.8/site-packages/airflow/example_dags/example_python_operator.py
[2024-05-05 09:56:01,384] {logging_mixin.py:115} INFO - [2024-05-05 09:56:01,384] {dag.py:2420} INFO - Sync 1 DAGs
[2024-05-05 09:56:01,396] {logging_mixin.py:115} INFO - [2024-05-05 09:56:01,396] {dag.py:2968} INFO - Setting next_dagrun for example_python_operator to None, run_after=None
[2024-05-05 09:56:01,416] {processor.py:161} INFO - Processing /opt/conda/lib/python3.8/site-packages/airflow/example_dags/example_python_operator.py took 0.208 seconds
[2024-05-05 09:56:39,526] {processor.py:153} INFO - Started process (PID=1674) to work on /opt/conda/lib/python3.8/site-packages/airflow/example_dags/example_python_operator.py
[2024-05-05 09:56:39,528] {processor.py:641} INFO - Processing file /opt/conda/lib/python3.8/site-packages/airflow/example_dags/example_python_operator.py for tasks to queue
[2024-05-05 09:56:39,528] {logging_mixin.py:115} INFO - [2024-05-05 09:56:39,528] {dagbag.py:508} INFO - Filling up the DagBag from /opt/conda/lib/python3.8/site-packages/airflow/example_dags/example_python_operator.py
[2024-05-05 09:56:39,692] {logging_mixin.py:115} INFO - [2024-05-05 09:56:39,692] {example_python_operator.py:68} WARNING - The virtalenv_python example task requires virtualenv, please install it.
[2024-05-05 09:56:39,692] {processor.py:651} INFO - DAG(s) dict_keys(['example_python_operator']) retrieved from /opt/conda/lib/python3.8/site-packages/airflow/example_dags/example_python_operator.py
[2024-05-05 09:56:39,702] {logging_mixin.py:115} INFO - [2024-05-05 09:56:39,702] {dag.py:2420} INFO - Sync 1 DAGs
[2024-05-05 09:56:39,714] {logging_mixin.py:115} INFO - [2024-05-05 09:56:39,714] {dag.py:2968} INFO - Setting next_dagrun for example_python_operator to None, run_after=None
[2024-05-05 09:56:39,734] {processor.py:161} INFO - Processing /opt/conda/lib/python3.8/site-packages/airflow/example_dags/example_python_operator.py took 0.212 seconds
[2024-05-05 09:57:14,426] {processor.py:153} INFO - Started process (PID=1720) to work on /opt/conda/lib/python3.8/site-packages/airflow/example_dags/example_python_operator.py
[2024-05-05 09:57:14,427] {processor.py:641} INFO - Processing file /opt/conda/lib/python3.8/site-packages/airflow/example_dags/example_python_operator.py for tasks to queue
[2024-05-05 09:57:14,428] {logging_mixin.py:115} INFO - [2024-05-05 09:57:14,428] {dagbag.py:508} INFO - Filling up the DagBag from /opt/conda/lib/python3.8/site-packages/airflow/example_dags/example_python_operator.py
[2024-05-05 09:57:14,554] {logging_mixin.py:115} INFO - [2024-05-05 09:57:14,554] {example_python_operator.py:68} WARNING - The virtalenv_python example task requires virtualenv, please install it.
[2024-05-05 09:57:14,555] {processor.py:651} INFO - DAG(s) dict_keys(['example_python_operator']) retrieved from /opt/conda/lib/python3.8/site-packages/airflow/example_dags/example_python_operator.py
[2024-05-05 09:57:14,563] {logging_mixin.py:115} INFO - [2024-05-05 09:57:14,563] {dag.py:2420} INFO - Sync 1 DAGs
[2024-05-05 09:57:14,575] {logging_mixin.py:115} INFO - [2024-05-05 09:57:14,575] {dag.py:2968} INFO - Setting next_dagrun for example_python_operator to None, run_after=None
[2024-05-05 09:57:14,596] {processor.py:161} INFO - Processing /opt/conda/lib/python3.8/site-packages/airflow/example_dags/example_python_operator.py took 0.173 seconds
[2024-05-05 09:57:48,578] {processor.py:153} INFO - Started process (PID=1766) to work on /opt/conda/lib/python3.8/site-packages/airflow/example_dags/example_python_operator.py
[2024-05-05 09:57:48,580] {processor.py:641} INFO - Processing file /opt/conda/lib/python3.8/site-packages/airflow/example_dags/example_python_operator.py for tasks to queue
[2024-05-05 09:57:48,580] {logging_mixin.py:115} INFO - [2024-05-05 09:57:48,580] {dagbag.py:508} INFO - Filling up the DagBag from /opt/conda/lib/python3.8/site-packages/airflow/example_dags/example_python_operator.py
[2024-05-05 09:57:48,737] {logging_mixin.py:115} INFO - [2024-05-05 09:57:48,737] {example_python_operator.py:68} WARNING - The virtalenv_python example task requires virtualenv, please install it.
[2024-05-05 09:57:48,737] {processor.py:651} INFO - DAG(s) dict_keys(['example_python_operator']) retrieved from /opt/conda/lib/python3.8/site-packages/airflow/example_dags/example_python_operator.py
[2024-05-05 09:57:48,747] {logging_mixin.py:115} INFO - [2024-05-05 09:57:48,747] {dag.py:2420} INFO - Sync 1 DAGs
[2024-05-05 09:57:48,760] {logging_mixin.py:115} INFO - [2024-05-05 09:57:48,760] {dag.py:2968} INFO - Setting next_dagrun for example_python_operator to None, run_after=None
[2024-05-05 09:57:48,779] {processor.py:161} INFO - Processing /opt/conda/lib/python3.8/site-packages/airflow/example_dags/example_python_operator.py took 0.204 seconds
[2024-05-05 09:58:28,646] {processor.py:153} INFO - Started process (PID=1816) to work on /opt/conda/lib/python3.8/site-packages/airflow/example_dags/example_python_operator.py
[2024-05-05 09:58:28,648] {processor.py:641} INFO - Processing file /opt/conda/lib/python3.8/site-packages/airflow/example_dags/example_python_operator.py for tasks to queue
[2024-05-05 09:58:28,648] {logging_mixin.py:115} INFO - [2024-05-05 09:58:28,648] {dagbag.py:508} INFO - Filling up the DagBag from /opt/conda/lib/python3.8/site-packages/airflow/example_dags/example_python_operator.py
[2024-05-05 09:58:28,667] {logging_mixin.py:115} INFO - [2024-05-05 09:58:28,667] {example_python_operator.py:68} WARNING - The virtalenv_python example task requires virtualenv, please install it.
[2024-05-05 09:58:28,668] {processor.py:651} INFO - DAG(s) dict_keys(['example_python_operator']) retrieved from /opt/conda/lib/python3.8/site-packages/airflow/example_dags/example_python_operator.py
[2024-05-05 09:58:28,684] {logging_mixin.py:115} INFO - [2024-05-05 09:58:28,684] {dag.py:2420} INFO - Sync 1 DAGs
[2024-05-05 09:58:28,703] {logging_mixin.py:115} INFO - [2024-05-05 09:58:28,703] {dag.py:2968} INFO - Setting next_dagrun for example_python_operator to None, run_after=None
[2024-05-05 09:58:28,726] {processor.py:161} INFO - Processing /opt/conda/lib/python3.8/site-packages/airflow/example_dags/example_python_operator.py took 0.084 seconds
[2024-05-05 09:59:04,919] {processor.py:153} INFO - Started process (PID=1868) to work on /opt/conda/lib/python3.8/site-packages/airflow/example_dags/example_python_operator.py
[2024-05-05 09:59:04,921] {processor.py:641} INFO - Processing file /opt/conda/lib/python3.8/site-packages/airflow/example_dags/example_python_operator.py for tasks to queue
[2024-05-05 09:59:04,921] {logging_mixin.py:115} INFO - [2024-05-05 09:59:04,921] {dagbag.py:508} INFO - Filling up the DagBag from /opt/conda/lib/python3.8/site-packages/airflow/example_dags/example_python_operator.py
[2024-05-05 09:59:04,941] {logging_mixin.py:115} INFO - [2024-05-05 09:59:04,941] {example_python_operator.py:68} WARNING - The virtalenv_python example task requires virtualenv, please install it.
[2024-05-05 09:59:04,941] {processor.py:651} INFO - DAG(s) dict_keys(['example_python_operator']) retrieved from /opt/conda/lib/python3.8/site-packages/airflow/example_dags/example_python_operator.py
[2024-05-05 09:59:04,958] {logging_mixin.py:115} INFO - [2024-05-05 09:59:04,957] {dag.py:2420} INFO - Sync 1 DAGs
[2024-05-05 09:59:04,974] {logging_mixin.py:115} INFO - [2024-05-05 09:59:04,974] {dag.py:2968} INFO - Setting next_dagrun for example_python_operator to None, run_after=None
[2024-05-05 09:59:04,993] {processor.py:161} INFO - Processing /opt/conda/lib/python3.8/site-packages/airflow/example_dags/example_python_operator.py took 0.077 seconds
[2024-05-05 09:59:43,211] {processor.py:153} INFO - Started process (PID=1920) to work on /opt/conda/lib/python3.8/site-packages/airflow/example_dags/example_python_operator.py
[2024-05-05 09:59:43,213] {processor.py:641} INFO - Processing file /opt/conda/lib/python3.8/site-packages/airflow/example_dags/example_python_operator.py for tasks to queue
[2024-05-05 09:59:43,213] {logging_mixin.py:115} INFO - [2024-05-05 09:59:43,213] {dagbag.py:508} INFO - Filling up the DagBag from /opt/conda/lib/python3.8/site-packages/airflow/example_dags/example_python_operator.py
[2024-05-05 09:59:43,232] {logging_mixin.py:115} INFO - [2024-05-05 09:59:43,232] {example_python_operator.py:68} WARNING - The virtalenv_python example task requires virtualenv, please install it.
[2024-05-05 09:59:43,232] {processor.py:651} INFO - DAG(s) dict_keys(['example_python_operator']) retrieved from /opt/conda/lib/python3.8/site-packages/airflow/example_dags/example_python_operator.py
[2024-05-05 09:59:43,248] {logging_mixin.py:115} INFO - [2024-05-05 09:59:43,248] {dag.py:2420} INFO - Sync 1 DAGs
[2024-05-05 09:59:43,266] {logging_mixin.py:115} INFO - [2024-05-05 09:59:43,266] {dag.py:2968} INFO - Setting next_dagrun for example_python_operator to None, run_after=None
[2024-05-05 09:59:43,289] {processor.py:161} INFO - Processing /opt/conda/lib/python3.8/site-packages/airflow/example_dags/example_python_operator.py took 0.081 seconds
[2024-05-05 10:00:14,990] {processor.py:153} INFO - Started process (PID=1968) to work on /opt/conda/lib/python3.8/site-packages/airflow/example_dags/example_python_operator.py
[2024-05-05 10:00:14,991] {processor.py:641} INFO - Processing file /opt/conda/lib/python3.8/site-packages/airflow/example_dags/example_python_operator.py for tasks to queue
[2024-05-05 10:00:14,992] {logging_mixin.py:115} INFO - [2024-05-05 10:00:14,991] {dagbag.py:508} INFO - Filling up the DagBag from /opt/conda/lib/python3.8/site-packages/airflow/example_dags/example_python_operator.py
[2024-05-05 10:00:15,008] {logging_mixin.py:115} INFO - [2024-05-05 10:00:15,008] {example_python_operator.py:68} WARNING - The virtalenv_python example task requires virtualenv, please install it.
[2024-05-05 10:00:15,009] {processor.py:651} INFO - DAG(s) dict_keys(['example_python_operator']) retrieved from /opt/conda/lib/python3.8/site-packages/airflow/example_dags/example_python_operator.py
[2024-05-05 10:00:15,022] {logging_mixin.py:115} INFO - [2024-05-05 10:00:15,022] {dag.py:2420} INFO - Sync 1 DAGs
[2024-05-05 10:00:15,035] {logging_mixin.py:115} INFO - [2024-05-05 10:00:15,035] {dag.py:2968} INFO - Setting next_dagrun for example_python_operator to None, run_after=None
[2024-05-05 10:00:15,053] {processor.py:161} INFO - Processing /opt/conda/lib/python3.8/site-packages/airflow/example_dags/example_python_operator.py took 0.066 seconds
[2024-05-05 10:00:46,899] {processor.py:153} INFO - Started process (PID=2016) to work on /opt/conda/lib/python3.8/site-packages/airflow/example_dags/example_python_operator.py
[2024-05-05 10:00:46,900] {processor.py:641} INFO - Processing file /opt/conda/lib/python3.8/site-packages/airflow/example_dags/example_python_operator.py for tasks to queue
[2024-05-05 10:00:46,900] {logging_mixin.py:115} INFO - [2024-05-05 10:00:46,900] {dagbag.py:508} INFO - Filling up the DagBag from /opt/conda/lib/python3.8/site-packages/airflow/example_dags/example_python_operator.py
[2024-05-05 10:00:46,918] {logging_mixin.py:115} INFO - [2024-05-05 10:00:46,918] {example_python_operator.py:68} WARNING - The virtalenv_python example task requires virtualenv, please install it.
[2024-05-05 10:00:46,919] {processor.py:651} INFO - DAG(s) dict_keys(['example_python_operator']) retrieved from /opt/conda/lib/python3.8/site-packages/airflow/example_dags/example_python_operator.py
[2024-05-05 10:00:46,934] {logging_mixin.py:115} INFO - [2024-05-05 10:00:46,934] {dag.py:2420} INFO - Sync 1 DAGs
[2024-05-05 10:00:46,951] {logging_mixin.py:115} INFO - [2024-05-05 10:00:46,951] {dag.py:2968} INFO - Setting next_dagrun for example_python_operator to None, run_after=None
[2024-05-05 10:00:46,972] {processor.py:161} INFO - Processing /opt/conda/lib/python3.8/site-packages/airflow/example_dags/example_python_operator.py took 0.075 seconds
[2024-05-05 10:01:21,762] {processor.py:153} INFO - Started process (PID=2066) to work on /opt/conda/lib/python3.8/site-packages/airflow/example_dags/example_python_operator.py
[2024-05-05 10:01:21,764] {processor.py:641} INFO - Processing file /opt/conda/lib/python3.8/site-packages/airflow/example_dags/example_python_operator.py for tasks to queue
[2024-05-05 10:01:21,764] {logging_mixin.py:115} INFO - [2024-05-05 10:01:21,764] {dagbag.py:508} INFO - Filling up the DagBag from /opt/conda/lib/python3.8/site-packages/airflow/example_dags/example_python_operator.py
[2024-05-05 10:01:21,783] {logging_mixin.py:115} INFO - [2024-05-05 10:01:21,783] {example_python_operator.py:68} WARNING - The virtalenv_python example task requires virtualenv, please install it.
[2024-05-05 10:01:21,784] {processor.py:651} INFO - DAG(s) dict_keys(['example_python_operator']) retrieved from /opt/conda/lib/python3.8/site-packages/airflow/example_dags/example_python_operator.py
[2024-05-05 10:01:21,800] {logging_mixin.py:115} INFO - [2024-05-05 10:01:21,800] {dag.py:2420} INFO - Sync 1 DAGs
[2024-05-05 10:01:21,817] {logging_mixin.py:115} INFO - [2024-05-05 10:01:21,817] {dag.py:2968} INFO - Setting next_dagrun for example_python_operator to None, run_after=None
[2024-05-05 10:01:21,836] {processor.py:161} INFO - Processing /opt/conda/lib/python3.8/site-packages/airflow/example_dags/example_python_operator.py took 0.077 seconds
[2024-05-05 10:01:54,542] {processor.py:153} INFO - Started process (PID=2116) to work on /opt/conda/lib/python3.8/site-packages/airflow/example_dags/example_python_operator.py
[2024-05-05 10:01:54,544] {processor.py:641} INFO - Processing file /opt/conda/lib/python3.8/site-packages/airflow/example_dags/example_python_operator.py for tasks to queue
[2024-05-05 10:01:54,544] {logging_mixin.py:115} INFO - [2024-05-05 10:01:54,544] {dagbag.py:508} INFO - Filling up the DagBag from /opt/conda/lib/python3.8/site-packages/airflow/example_dags/example_python_operator.py
[2024-05-05 10:01:54,561] {logging_mixin.py:115} INFO - [2024-05-05 10:01:54,561] {example_python_operator.py:68} WARNING - The virtalenv_python example task requires virtualenv, please install it.
[2024-05-05 10:01:54,561] {processor.py:651} INFO - DAG(s) dict_keys(['example_python_operator']) retrieved from /opt/conda/lib/python3.8/site-packages/airflow/example_dags/example_python_operator.py
[2024-05-05 10:01:54,575] {logging_mixin.py:115} INFO - [2024-05-05 10:01:54,575] {dag.py:2420} INFO - Sync 1 DAGs
[2024-05-05 10:01:54,588] {logging_mixin.py:115} INFO - [2024-05-05 10:01:54,588] {dag.py:2968} INFO - Setting next_dagrun for example_python_operator to None, run_after=None
[2024-05-05 10:01:54,607] {processor.py:161} INFO - Processing /opt/conda/lib/python3.8/site-packages/airflow/example_dags/example_python_operator.py took 0.067 seconds
[2024-05-05 10:02:26,677] {processor.py:153} INFO - Started process (PID=2164) to work on /opt/conda/lib/python3.8/site-packages/airflow/example_dags/example_python_operator.py
[2024-05-05 10:02:26,679] {processor.py:641} INFO - Processing file /opt/conda/lib/python3.8/site-packages/airflow/example_dags/example_python_operator.py for tasks to queue
[2024-05-05 10:02:26,679] {logging_mixin.py:115} INFO - [2024-05-05 10:02:26,679] {dagbag.py:508} INFO - Filling up the DagBag from /opt/conda/lib/python3.8/site-packages/airflow/example_dags/example_python_operator.py
[2024-05-05 10:02:26,698] {logging_mixin.py:115} INFO - [2024-05-05 10:02:26,697] {example_python_operator.py:68} WARNING - The virtalenv_python example task requires virtualenv, please install it.
[2024-05-05 10:02:26,698] {processor.py:651} INFO - DAG(s) dict_keys(['example_python_operator']) retrieved from /opt/conda/lib/python3.8/site-packages/airflow/example_dags/example_python_operator.py
[2024-05-05 10:02:26,714] {logging_mixin.py:115} INFO - [2024-05-05 10:02:26,714] {dag.py:2420} INFO - Sync 1 DAGs
[2024-05-05 10:02:26,731] {logging_mixin.py:115} INFO - [2024-05-05 10:02:26,731] {dag.py:2968} INFO - Setting next_dagrun for example_python_operator to None, run_after=None
[2024-05-05 10:02:26,755] {processor.py:161} INFO - Processing /opt/conda/lib/python3.8/site-packages/airflow/example_dags/example_python_operator.py took 0.081 seconds
[2024-05-05 10:02:59,747] {processor.py:153} INFO - Started process (PID=2214) to work on /opt/conda/lib/python3.8/site-packages/airflow/example_dags/example_python_operator.py
[2024-05-05 10:02:59,748] {processor.py:641} INFO - Processing file /opt/conda/lib/python3.8/site-packages/airflow/example_dags/example_python_operator.py for tasks to queue
[2024-05-05 10:02:59,749] {logging_mixin.py:115} INFO - [2024-05-05 10:02:59,749] {dagbag.py:508} INFO - Filling up the DagBag from /opt/conda/lib/python3.8/site-packages/airflow/example_dags/example_python_operator.py
[2024-05-05 10:02:59,766] {logging_mixin.py:115} INFO - [2024-05-05 10:02:59,766] {example_python_operator.py:68} WARNING - The virtalenv_python example task requires virtualenv, please install it.
[2024-05-05 10:02:59,766] {processor.py:651} INFO - DAG(s) dict_keys(['example_python_operator']) retrieved from /opt/conda/lib/python3.8/site-packages/airflow/example_dags/example_python_operator.py
[2024-05-05 10:02:59,779] {logging_mixin.py:115} INFO - [2024-05-05 10:02:59,779] {dag.py:2420} INFO - Sync 1 DAGs
[2024-05-05 10:02:59,792] {logging_mixin.py:115} INFO - [2024-05-05 10:02:59,792] {dag.py:2968} INFO - Setting next_dagrun for example_python_operator to None, run_after=None
[2024-05-05 10:02:59,811] {processor.py:161} INFO - Processing /opt/conda/lib/python3.8/site-packages/airflow/example_dags/example_python_operator.py took 0.067 seconds
[2024-05-05 10:03:36,415] {processor.py:153} INFO - Started process (PID=2266) to work on /opt/conda/lib/python3.8/site-packages/airflow/example_dags/example_python_operator.py
[2024-05-05 10:03:36,416] {processor.py:641} INFO - Processing file /opt/conda/lib/python3.8/site-packages/airflow/example_dags/example_python_operator.py for tasks to queue
[2024-05-05 10:03:36,416] {logging_mixin.py:115} INFO - [2024-05-05 10:03:36,416] {dagbag.py:508} INFO - Filling up the DagBag from /opt/conda/lib/python3.8/site-packages/airflow/example_dags/example_python_operator.py
[2024-05-05 10:03:36,433] {logging_mixin.py:115} INFO - [2024-05-05 10:03:36,433] {example_python_operator.py:68} WARNING - The virtalenv_python example task requires virtualenv, please install it.
[2024-05-05 10:03:36,434] {processor.py:651} INFO - DAG(s) dict_keys(['example_python_operator']) retrieved from /opt/conda/lib/python3.8/site-packages/airflow/example_dags/example_python_operator.py
[2024-05-05 10:03:36,447] {logging_mixin.py:115} INFO - [2024-05-05 10:03:36,446] {dag.py:2420} INFO - Sync 1 DAGs
[2024-05-05 10:03:36,459] {logging_mixin.py:115} INFO - [2024-05-05 10:03:36,459] {dag.py:2968} INFO - Setting next_dagrun for example_python_operator to None, run_after=None
[2024-05-05 10:03:36,478] {processor.py:161} INFO - Processing /opt/conda/lib/python3.8/site-packages/airflow/example_dags/example_python_operator.py took 0.067 seconds
[2024-05-05 10:04:12,071] {processor.py:153} INFO - Started process (PID=2318) to work on /opt/conda/lib/python3.8/site-packages/airflow/example_dags/example_python_operator.py
[2024-05-05 10:04:12,072] {processor.py:641} INFO - Processing file /opt/conda/lib/python3.8/site-packages/airflow/example_dags/example_python_operator.py for tasks to queue
[2024-05-05 10:04:12,072] {logging_mixin.py:115} INFO - [2024-05-05 10:04:12,072] {dagbag.py:508} INFO - Filling up the DagBag from /opt/conda/lib/python3.8/site-packages/airflow/example_dags/example_python_operator.py
[2024-05-05 10:04:12,091] {logging_mixin.py:115} INFO - [2024-05-05 10:04:12,091] {example_python_operator.py:68} WARNING - The virtalenv_python example task requires virtualenv, please install it.
[2024-05-05 10:04:12,091] {processor.py:651} INFO - DAG(s) dict_keys(['example_python_operator']) retrieved from /opt/conda/lib/python3.8/site-packages/airflow/example_dags/example_python_operator.py
[2024-05-05 10:04:12,107] {logging_mixin.py:115} INFO - [2024-05-05 10:04:12,107] {dag.py:2420} INFO - Sync 1 DAGs
[2024-05-05 10:04:12,124] {logging_mixin.py:115} INFO - [2024-05-05 10:04:12,124] {dag.py:2968} INFO - Setting next_dagrun for example_python_operator to None, run_after=None
[2024-05-05 10:04:12,146] {processor.py:161} INFO - Processing /opt/conda/lib/python3.8/site-packages/airflow/example_dags/example_python_operator.py took 0.078 seconds
[2024-05-05 10:04:45,944] {processor.py:153} INFO - Started process (PID=2369) to work on /opt/conda/lib/python3.8/site-packages/airflow/example_dags/example_python_operator.py
[2024-05-05 10:04:45,945] {processor.py:641} INFO - Processing file /opt/conda/lib/python3.8/site-packages/airflow/example_dags/example_python_operator.py for tasks to queue
[2024-05-05 10:04:45,946] {logging_mixin.py:115} INFO - [2024-05-05 10:04:45,946] {dagbag.py:508} INFO - Filling up the DagBag from /opt/conda/lib/python3.8/site-packages/airflow/example_dags/example_python_operator.py
[2024-05-05 10:04:45,965] {logging_mixin.py:115} INFO - [2024-05-05 10:04:45,965] {example_python_operator.py:68} WARNING - The virtalenv_python example task requires virtualenv, please install it.
[2024-05-05 10:04:45,966] {processor.py:651} INFO - DAG(s) dict_keys(['example_python_operator']) retrieved from /opt/conda/lib/python3.8/site-packages/airflow/example_dags/example_python_operator.py
[2024-05-05 10:04:45,982] {logging_mixin.py:115} INFO - [2024-05-05 10:04:45,982] {dag.py:2420} INFO - Sync 1 DAGs
[2024-05-05 10:04:45,996] {logging_mixin.py:115} INFO - [2024-05-05 10:04:45,996] {dag.py:2968} INFO - Setting next_dagrun for example_python_operator to None, run_after=None
[2024-05-05 10:04:46,017] {processor.py:161} INFO - Processing /opt/conda/lib/python3.8/site-packages/airflow/example_dags/example_python_operator.py took 0.076 seconds
[2024-05-05 10:05:22,334] {processor.py:153} INFO - Started process (PID=2421) to work on /opt/conda/lib/python3.8/site-packages/airflow/example_dags/example_python_operator.py
[2024-05-05 10:05:22,336] {processor.py:641} INFO - Processing file /opt/conda/lib/python3.8/site-packages/airflow/example_dags/example_python_operator.py for tasks to queue
[2024-05-05 10:05:22,336] {logging_mixin.py:115} INFO - [2024-05-05 10:05:22,336] {dagbag.py:508} INFO - Filling up the DagBag from /opt/conda/lib/python3.8/site-packages/airflow/example_dags/example_python_operator.py
[2024-05-05 10:05:22,354] {logging_mixin.py:115} INFO - [2024-05-05 10:05:22,354] {example_python_operator.py:68} WARNING - The virtalenv_python example task requires virtualenv, please install it.
[2024-05-05 10:05:22,354] {processor.py:651} INFO - DAG(s) dict_keys(['example_python_operator']) retrieved from /opt/conda/lib/python3.8/site-packages/airflow/example_dags/example_python_operator.py
[2024-05-05 10:05:22,368] {logging_mixin.py:115} INFO - [2024-05-05 10:05:22,368] {dag.py:2420} INFO - Sync 1 DAGs
[2024-05-05 10:05:22,382] {logging_mixin.py:115} INFO - [2024-05-05 10:05:22,382] {dag.py:2968} INFO - Setting next_dagrun for example_python_operator to None, run_after=None
[2024-05-05 10:05:22,404] {processor.py:161} INFO - Processing /opt/conda/lib/python3.8/site-packages/airflow/example_dags/example_python_operator.py took 0.074 seconds
[2024-05-05 10:05:55,470] {processor.py:153} INFO - Started process (PID=2470) to work on /opt/conda/lib/python3.8/site-packages/airflow/example_dags/example_python_operator.py
[2024-05-05 10:05:55,472] {processor.py:641} INFO - Processing file /opt/conda/lib/python3.8/site-packages/airflow/example_dags/example_python_operator.py for tasks to queue
[2024-05-05 10:05:55,473] {logging_mixin.py:115} INFO - [2024-05-05 10:05:55,472] {dagbag.py:508} INFO - Filling up the DagBag from /opt/conda/lib/python3.8/site-packages/airflow/example_dags/example_python_operator.py
[2024-05-05 10:05:55,491] {logging_mixin.py:115} INFO - [2024-05-05 10:05:55,491] {example_python_operator.py:68} WARNING - The virtalenv_python example task requires virtualenv, please install it.
[2024-05-05 10:05:55,491] {processor.py:651} INFO - DAG(s) dict_keys(['example_python_operator']) retrieved from /opt/conda/lib/python3.8/site-packages/airflow/example_dags/example_python_operator.py
[2024-05-05 10:05:55,507] {logging_mixin.py:115} INFO - [2024-05-05 10:05:55,507] {dag.py:2420} INFO - Sync 1 DAGs
[2024-05-05 10:05:55,524] {logging_mixin.py:115} INFO - [2024-05-05 10:05:55,524] {dag.py:2968} INFO - Setting next_dagrun for example_python_operator to None, run_after=None
[2024-05-05 10:05:55,545] {processor.py:161} INFO - Processing /opt/conda/lib/python3.8/site-packages/airflow/example_dags/example_python_operator.py took 0.078 seconds
[2024-05-05 10:06:27,629] {processor.py:153} INFO - Started process (PID=2517) to work on /opt/conda/lib/python3.8/site-packages/airflow/example_dags/example_python_operator.py
[2024-05-05 10:06:27,631] {processor.py:641} INFO - Processing file /opt/conda/lib/python3.8/site-packages/airflow/example_dags/example_python_operator.py for tasks to queue
[2024-05-05 10:06:27,632] {logging_mixin.py:115} INFO - [2024-05-05 10:06:27,631] {dagbag.py:508} INFO - Filling up the DagBag from /opt/conda/lib/python3.8/site-packages/airflow/example_dags/example_python_operator.py
[2024-05-05 10:06:27,650] {logging_mixin.py:115} INFO - [2024-05-05 10:06:27,650] {example_python_operator.py:68} WARNING - The virtalenv_python example task requires virtualenv, please install it.
[2024-05-05 10:06:27,650] {processor.py:651} INFO - DAG(s) dict_keys(['example_python_operator']) retrieved from /opt/conda/lib/python3.8/site-packages/airflow/example_dags/example_python_operator.py
[2024-05-05 10:06:27,666] {logging_mixin.py:115} INFO - [2024-05-05 10:06:27,666] {dag.py:2420} INFO - Sync 1 DAGs
[2024-05-05 10:06:27,683] {logging_mixin.py:115} INFO - [2024-05-05 10:06:27,683] {dag.py:2968} INFO - Setting next_dagrun for example_python_operator to None, run_after=None
[2024-05-05 10:06:27,704] {processor.py:161} INFO - Processing /opt/conda/lib/python3.8/site-packages/airflow/example_dags/example_python_operator.py took 0.078 seconds
[2024-05-05 10:07:03,429] {processor.py:153} INFO - Started process (PID=2569) to work on /opt/conda/lib/python3.8/site-packages/airflow/example_dags/example_python_operator.py
[2024-05-05 10:07:03,431] {processor.py:641} INFO - Processing file /opt/conda/lib/python3.8/site-packages/airflow/example_dags/example_python_operator.py for tasks to queue
[2024-05-05 10:07:03,431] {logging_mixin.py:115} INFO - [2024-05-05 10:07:03,431] {dagbag.py:508} INFO - Filling up the DagBag from /opt/conda/lib/python3.8/site-packages/airflow/example_dags/example_python_operator.py
[2024-05-05 10:07:03,448] {logging_mixin.py:115} INFO - [2024-05-05 10:07:03,448] {example_python_operator.py:68} WARNING - The virtalenv_python example task requires virtualenv, please install it.
[2024-05-05 10:07:03,448] {processor.py:651} INFO - DAG(s) dict_keys(['example_python_operator']) retrieved from /opt/conda/lib/python3.8/site-packages/airflow/example_dags/example_python_operator.py
[2024-05-05 10:07:03,461] {logging_mixin.py:115} INFO - [2024-05-05 10:07:03,461] {dag.py:2420} INFO - Sync 1 DAGs
[2024-05-05 10:07:03,474] {logging_mixin.py:115} INFO - [2024-05-05 10:07:03,474] {dag.py:2968} INFO - Setting next_dagrun for example_python_operator to None, run_after=None
[2024-05-05 10:07:03,492] {processor.py:161} INFO - Processing /opt/conda/lib/python3.8/site-packages/airflow/example_dags/example_python_operator.py took 0.066 seconds
[2024-05-05 10:07:37,770] {processor.py:153} INFO - Started process (PID=2640) to work on /opt/conda/lib/python3.8/site-packages/airflow/example_dags/example_python_operator.py
[2024-05-05 10:07:37,771] {processor.py:641} INFO - Processing file /opt/conda/lib/python3.8/site-packages/airflow/example_dags/example_python_operator.py for tasks to queue
[2024-05-05 10:07:37,771] {logging_mixin.py:115} INFO - [2024-05-05 10:07:37,771] {dagbag.py:508} INFO - Filling up the DagBag from /opt/conda/lib/python3.8/site-packages/airflow/example_dags/example_python_operator.py
[2024-05-05 10:07:37,790] {logging_mixin.py:115} INFO - [2024-05-05 10:07:37,790] {example_python_operator.py:68} WARNING - The virtalenv_python example task requires virtualenv, please install it.
[2024-05-05 10:07:37,790] {processor.py:651} INFO - DAG(s) dict_keys(['example_python_operator']) retrieved from /opt/conda/lib/python3.8/site-packages/airflow/example_dags/example_python_operator.py
[2024-05-05 10:07:37,806] {logging_mixin.py:115} INFO - [2024-05-05 10:07:37,806] {dag.py:2420} INFO - Sync 1 DAGs
[2024-05-05 10:07:37,823] {logging_mixin.py:115} INFO - [2024-05-05 10:07:37,823] {dag.py:2968} INFO - Setting next_dagrun for example_python_operator to None, run_after=None
[2024-05-05 10:07:37,844] {processor.py:161} INFO - Processing /opt/conda/lib/python3.8/site-packages/airflow/example_dags/example_python_operator.py took 0.077 seconds
[2024-05-05 10:08:08,919] {processor.py:153} INFO - Started process (PID=2687) to work on /opt/conda/lib/python3.8/site-packages/airflow/example_dags/example_python_operator.py
[2024-05-05 10:08:08,920] {processor.py:641} INFO - Processing file /opt/conda/lib/python3.8/site-packages/airflow/example_dags/example_python_operator.py for tasks to queue
[2024-05-05 10:08:08,921] {logging_mixin.py:115} INFO - [2024-05-05 10:08:08,921] {dagbag.py:508} INFO - Filling up the DagBag from /opt/conda/lib/python3.8/site-packages/airflow/example_dags/example_python_operator.py
[2024-05-05 10:08:08,939] {logging_mixin.py:115} INFO - [2024-05-05 10:08:08,939] {example_python_operator.py:68} WARNING - The virtalenv_python example task requires virtualenv, please install it.
[2024-05-05 10:08:08,940] {processor.py:651} INFO - DAG(s) dict_keys(['example_python_operator']) retrieved from /opt/conda/lib/python3.8/site-packages/airflow/example_dags/example_python_operator.py
[2024-05-05 10:08:08,955] {logging_mixin.py:115} INFO - [2024-05-05 10:08:08,955] {dag.py:2420} INFO - Sync 1 DAGs
[2024-05-05 10:08:08,972] {logging_mixin.py:115} INFO - [2024-05-05 10:08:08,972] {dag.py:2968} INFO - Setting next_dagrun for example_python_operator to None, run_after=None
[2024-05-05 10:08:08,993] {processor.py:161} INFO - Processing /opt/conda/lib/python3.8/site-packages/airflow/example_dags/example_python_operator.py took 0.078 seconds
[2024-05-05 10:08:48,455] {processor.py:153} INFO - Started process (PID=2748) to work on /opt/conda/lib/python3.8/site-packages/airflow/example_dags/example_python_operator.py
[2024-05-05 10:08:48,456] {processor.py:641} INFO - Processing file /opt/conda/lib/python3.8/site-packages/airflow/example_dags/example_python_operator.py for tasks to queue
[2024-05-05 10:08:48,457] {logging_mixin.py:115} INFO - [2024-05-05 10:08:48,457] {dagbag.py:508} INFO - Filling up the DagBag from /opt/conda/lib/python3.8/site-packages/airflow/example_dags/example_python_operator.py
[2024-05-05 10:08:48,474] {logging_mixin.py:115} INFO - [2024-05-05 10:08:48,474] {example_python_operator.py:68} WARNING - The virtalenv_python example task requires virtualenv, please install it.
[2024-05-05 10:08:48,474] {processor.py:651} INFO - DAG(s) dict_keys(['example_python_operator']) retrieved from /opt/conda/lib/python3.8/site-packages/airflow/example_dags/example_python_operator.py
[2024-05-05 10:08:48,487] {logging_mixin.py:115} INFO - [2024-05-05 10:08:48,487] {dag.py:2420} INFO - Sync 1 DAGs
[2024-05-05 10:08:48,500] {logging_mixin.py:115} INFO - [2024-05-05 10:08:48,500] {dag.py:2968} INFO - Setting next_dagrun for example_python_operator to None, run_after=None
[2024-05-05 10:08:48,518] {processor.py:161} INFO - Processing /opt/conda/lib/python3.8/site-packages/airflow/example_dags/example_python_operator.py took 0.067 seconds
[2024-05-05 10:09:26,983] {processor.py:153} INFO - Started process (PID=2800) to work on /opt/conda/lib/python3.8/site-packages/airflow/example_dags/example_python_operator.py
[2024-05-05 10:09:26,985] {processor.py:641} INFO - Processing file /opt/conda/lib/python3.8/site-packages/airflow/example_dags/example_python_operator.py for tasks to queue
[2024-05-05 10:09:26,985] {logging_mixin.py:115} INFO - [2024-05-05 10:09:26,985] {dagbag.py:508} INFO - Filling up the DagBag from /opt/conda/lib/python3.8/site-packages/airflow/example_dags/example_python_operator.py
[2024-05-05 10:09:27,003] {logging_mixin.py:115} INFO - [2024-05-05 10:09:27,003] {example_python_operator.py:68} WARNING - The virtalenv_python example task requires virtualenv, please install it.
[2024-05-05 10:09:27,004] {processor.py:651} INFO - DAG(s) dict_keys(['example_python_operator']) retrieved from /opt/conda/lib/python3.8/site-packages/airflow/example_dags/example_python_operator.py
[2024-05-05 10:09:27,019] {logging_mixin.py:115} INFO - [2024-05-05 10:09:27,019] {dag.py:2420} INFO - Sync 1 DAGs
[2024-05-05 10:09:27,036] {logging_mixin.py:115} INFO - [2024-05-05 10:09:27,036] {dag.py:2968} INFO - Setting next_dagrun for example_python_operator to None, run_after=None
[2024-05-05 10:09:27,057] {processor.py:161} INFO - Processing /opt/conda/lib/python3.8/site-packages/airflow/example_dags/example_python_operator.py took 0.077 seconds
[2024-05-05 10:10:02,803] {processor.py:153} INFO - Started process (PID=2851) to work on /opt/conda/lib/python3.8/site-packages/airflow/example_dags/example_python_operator.py
[2024-05-05 10:10:02,804] {processor.py:641} INFO - Processing file /opt/conda/lib/python3.8/site-packages/airflow/example_dags/example_python_operator.py for tasks to queue
[2024-05-05 10:10:02,805] {logging_mixin.py:115} INFO - [2024-05-05 10:10:02,805] {dagbag.py:508} INFO - Filling up the DagBag from /opt/conda/lib/python3.8/site-packages/airflow/example_dags/example_python_operator.py
[2024-05-05 10:10:02,823] {logging_mixin.py:115} INFO - [2024-05-05 10:10:02,823] {example_python_operator.py:68} WARNING - The virtalenv_python example task requires virtualenv, please install it.
[2024-05-05 10:10:02,823] {processor.py:651} INFO - DAG(s) dict_keys(['example_python_operator']) retrieved from /opt/conda/lib/python3.8/site-packages/airflow/example_dags/example_python_operator.py
[2024-05-05 10:10:02,839] {logging_mixin.py:115} INFO - [2024-05-05 10:10:02,839] {dag.py:2420} INFO - Sync 1 DAGs
[2024-05-05 10:10:02,856] {logging_mixin.py:115} INFO - [2024-05-05 10:10:02,856] {dag.py:2968} INFO - Setting next_dagrun for example_python_operator to None, run_after=None
[2024-05-05 10:10:02,875] {processor.py:161} INFO - Processing /opt/conda/lib/python3.8/site-packages/airflow/example_dags/example_python_operator.py took 0.075 seconds
[2024-05-05 10:10:35,751] {processor.py:153} INFO - Started process (PID=2901) to work on /opt/conda/lib/python3.8/site-packages/airflow/example_dags/example_python_operator.py
[2024-05-05 10:10:35,752] {processor.py:641} INFO - Processing file /opt/conda/lib/python3.8/site-packages/airflow/example_dags/example_python_operator.py for tasks to queue
[2024-05-05 10:10:35,752] {logging_mixin.py:115} INFO - [2024-05-05 10:10:35,752] {dagbag.py:508} INFO - Filling up the DagBag from /opt/conda/lib/python3.8/site-packages/airflow/example_dags/example_python_operator.py
[2024-05-05 10:10:35,771] {logging_mixin.py:115} INFO - [2024-05-05 10:10:35,771] {example_python_operator.py:68} WARNING - The virtalenv_python example task requires virtualenv, please install it.
[2024-05-05 10:10:35,771] {processor.py:651} INFO - DAG(s) dict_keys(['example_python_operator']) retrieved from /opt/conda/lib/python3.8/site-packages/airflow/example_dags/example_python_operator.py
[2024-05-05 10:10:35,787] {logging_mixin.py:115} INFO - [2024-05-05 10:10:35,786] {dag.py:2420} INFO - Sync 1 DAGs
[2024-05-05 10:10:35,804] {logging_mixin.py:115} INFO - [2024-05-05 10:10:35,804] {dag.py:2968} INFO - Setting next_dagrun for example_python_operator to None, run_after=None
[2024-05-05 10:10:35,825] {processor.py:161} INFO - Processing /opt/conda/lib/python3.8/site-packages/airflow/example_dags/example_python_operator.py took 0.078 seconds
[2024-05-05 10:11:11,496] {processor.py:153} INFO - Started process (PID=2953) to work on /opt/conda/lib/python3.8/site-packages/airflow/example_dags/example_python_operator.py
[2024-05-05 10:11:11,498] {processor.py:641} INFO - Processing file /opt/conda/lib/python3.8/site-packages/airflow/example_dags/example_python_operator.py for tasks to queue
[2024-05-05 10:11:11,499] {logging_mixin.py:115} INFO - [2024-05-05 10:11:11,499] {dagbag.py:508} INFO - Filling up the DagBag from /opt/conda/lib/python3.8/site-packages/airflow/example_dags/example_python_operator.py
[2024-05-05 10:11:11,518] {logging_mixin.py:115} INFO - [2024-05-05 10:11:11,518] {example_python_operator.py:68} WARNING - The virtalenv_python example task requires virtualenv, please install it.
[2024-05-05 10:11:11,518] {processor.py:651} INFO - DAG(s) dict_keys(['example_python_operator']) retrieved from /opt/conda/lib/python3.8/site-packages/airflow/example_dags/example_python_operator.py
[2024-05-05 10:11:11,535] {logging_mixin.py:115} INFO - [2024-05-05 10:11:11,535] {dag.py:2420} INFO - Sync 1 DAGs
[2024-05-05 10:11:11,553] {logging_mixin.py:115} INFO - [2024-05-05 10:11:11,553] {dag.py:2968} INFO - Setting next_dagrun for example_python_operator to None, run_after=None
[2024-05-05 10:11:11,573] {processor.py:161} INFO - Processing /opt/conda/lib/python3.8/site-packages/airflow/example_dags/example_python_operator.py took 0.081 seconds
[2024-05-05 10:11:47,618] {processor.py:153} INFO - Started process (PID=3004) to work on /opt/conda/lib/python3.8/site-packages/airflow/example_dags/example_python_operator.py
[2024-05-05 10:11:47,619] {processor.py:641} INFO - Processing file /opt/conda/lib/python3.8/site-packages/airflow/example_dags/example_python_operator.py for tasks to queue
[2024-05-05 10:11:47,619] {logging_mixin.py:115} INFO - [2024-05-05 10:11:47,619] {dagbag.py:508} INFO - Filling up the DagBag from /opt/conda/lib/python3.8/site-packages/airflow/example_dags/example_python_operator.py
[2024-05-05 10:11:47,637] {logging_mixin.py:115} INFO - [2024-05-05 10:11:47,637] {example_python_operator.py:68} WARNING - The virtalenv_python example task requires virtualenv, please install it.
[2024-05-05 10:11:47,638] {processor.py:651} INFO - DAG(s) dict_keys(['example_python_operator']) retrieved from /opt/conda/lib/python3.8/site-packages/airflow/example_dags/example_python_operator.py
[2024-05-05 10:11:47,653] {logging_mixin.py:115} INFO - [2024-05-05 10:11:47,653] {dag.py:2420} INFO - Sync 1 DAGs
[2024-05-05 10:11:47,670] {logging_mixin.py:115} INFO - [2024-05-05 10:11:47,670] {dag.py:2968} INFO - Setting next_dagrun for example_python_operator to None, run_after=None
[2024-05-05 10:11:47,692] {processor.py:161} INFO - Processing /opt/conda/lib/python3.8/site-packages/airflow/example_dags/example_python_operator.py took 0.077 seconds
[2024-05-05 10:12:18,727] {processor.py:153} INFO - Started process (PID=3050) to work on /opt/conda/lib/python3.8/site-packages/airflow/example_dags/example_python_operator.py
[2024-05-05 10:12:18,729] {processor.py:641} INFO - Processing file /opt/conda/lib/python3.8/site-packages/airflow/example_dags/example_python_operator.py for tasks to queue
[2024-05-05 10:12:18,729] {logging_mixin.py:115} INFO - [2024-05-05 10:12:18,729] {dagbag.py:508} INFO - Filling up the DagBag from /opt/conda/lib/python3.8/site-packages/airflow/example_dags/example_python_operator.py
[2024-05-05 10:12:18,748] {logging_mixin.py:115} INFO - [2024-05-05 10:12:18,748] {example_python_operator.py:68} WARNING - The virtalenv_python example task requires virtualenv, please install it.
[2024-05-05 10:12:18,749] {processor.py:651} INFO - DAG(s) dict_keys(['example_python_operator']) retrieved from /opt/conda/lib/python3.8/site-packages/airflow/example_dags/example_python_operator.py
[2024-05-05 10:12:18,764] {logging_mixin.py:115} INFO - [2024-05-05 10:12:18,764] {dag.py:2420} INFO - Sync 1 DAGs
[2024-05-05 10:12:18,779] {logging_mixin.py:115} INFO - [2024-05-05 10:12:18,779] {dag.py:2968} INFO - Setting next_dagrun for example_python_operator to None, run_after=None
[2024-05-05 10:12:18,798] {processor.py:161} INFO - Processing /opt/conda/lib/python3.8/site-packages/airflow/example_dags/example_python_operator.py took 0.074 seconds
[2024-05-05 10:12:50,230] {processor.py:153} INFO - Started process (PID=3098) to work on /opt/conda/lib/python3.8/site-packages/airflow/example_dags/example_python_operator.py
[2024-05-05 10:12:50,230] {processor.py:641} INFO - Processing file /opt/conda/lib/python3.8/site-packages/airflow/example_dags/example_python_operator.py for tasks to queue
[2024-05-05 10:12:50,230] {logging_mixin.py:115} INFO - [2024-05-05 10:12:50,230] {dagbag.py:508} INFO - Filling up the DagBag from /opt/conda/lib/python3.8/site-packages/airflow/example_dags/example_python_operator.py
[2024-05-05 10:12:50,249] {logging_mixin.py:115} INFO - [2024-05-05 10:12:50,248] {example_python_operator.py:68} WARNING - The virtalenv_python example task requires virtualenv, please install it.
[2024-05-05 10:12:50,249] {processor.py:651} INFO - DAG(s) dict_keys(['example_python_operator']) retrieved from /opt/conda/lib/python3.8/site-packages/airflow/example_dags/example_python_operator.py
[2024-05-05 10:12:50,264] {logging_mixin.py:115} INFO - [2024-05-05 10:12:50,264] {dag.py:2420} INFO - Sync 1 DAGs
[2024-05-05 10:12:50,282] {logging_mixin.py:115} INFO - [2024-05-05 10:12:50,281] {dag.py:2968} INFO - Setting next_dagrun for example_python_operator to None, run_after=None
[2024-05-05 10:12:50,303] {processor.py:161} INFO - Processing /opt/conda/lib/python3.8/site-packages/airflow/example_dags/example_python_operator.py took 0.076 seconds
[2024-05-05 10:13:27,731] {processor.py:153} INFO - Started process (PID=3150) to work on /opt/conda/lib/python3.8/site-packages/airflow/example_dags/example_python_operator.py
[2024-05-05 10:13:27,733] {processor.py:641} INFO - Processing file /opt/conda/lib/python3.8/site-packages/airflow/example_dags/example_python_operator.py for tasks to queue
[2024-05-05 10:13:27,733] {logging_mixin.py:115} INFO - [2024-05-05 10:13:27,733] {dagbag.py:508} INFO - Filling up the DagBag from /opt/conda/lib/python3.8/site-packages/airflow/example_dags/example_python_operator.py
[2024-05-05 10:13:27,751] {logging_mixin.py:115} INFO - [2024-05-05 10:13:27,751] {example_python_operator.py:68} WARNING - The virtalenv_python example task requires virtualenv, please install it.
[2024-05-05 10:13:27,752] {processor.py:651} INFO - DAG(s) dict_keys(['example_python_operator']) retrieved from /opt/conda/lib/python3.8/site-packages/airflow/example_dags/example_python_operator.py
[2024-05-05 10:13:27,767] {logging_mixin.py:115} INFO - [2024-05-05 10:13:27,767] {dag.py:2420} INFO - Sync 1 DAGs
[2024-05-05 10:13:27,784] {logging_mixin.py:115} INFO - [2024-05-05 10:13:27,784] {dag.py:2968} INFO - Setting next_dagrun for example_python_operator to None, run_after=None
[2024-05-05 10:13:27,804] {processor.py:161} INFO - Processing /opt/conda/lib/python3.8/site-packages/airflow/example_dags/example_python_operator.py took 0.076 seconds
[2024-05-05 10:14:05,436] {processor.py:153} INFO - Started process (PID=3201) to work on /opt/conda/lib/python3.8/site-packages/airflow/example_dags/example_python_operator.py
[2024-05-05 10:14:05,437] {processor.py:641} INFO - Processing file /opt/conda/lib/python3.8/site-packages/airflow/example_dags/example_python_operator.py for tasks to queue
[2024-05-05 10:14:05,437] {logging_mixin.py:115} INFO - [2024-05-05 10:14:05,437] {dagbag.py:508} INFO - Filling up the DagBag from /opt/conda/lib/python3.8/site-packages/airflow/example_dags/example_python_operator.py
[2024-05-05 10:14:05,456] {logging_mixin.py:115} INFO - [2024-05-05 10:14:05,456] {example_python_operator.py:68} WARNING - The virtalenv_python example task requires virtualenv, please install it.
[2024-05-05 10:14:05,457] {processor.py:651} INFO - DAG(s) dict_keys(['example_python_operator']) retrieved from /opt/conda/lib/python3.8/site-packages/airflow/example_dags/example_python_operator.py
[2024-05-05 10:14:05,473] {logging_mixin.py:115} INFO - [2024-05-05 10:14:05,473] {dag.py:2420} INFO - Sync 1 DAGs
[2024-05-05 10:14:05,491] {logging_mixin.py:115} INFO - [2024-05-05 10:14:05,491] {dag.py:2968} INFO - Setting next_dagrun for example_python_operator to None, run_after=None
[2024-05-05 10:14:05,646] {processor.py:161} INFO - Processing /opt/conda/lib/python3.8/site-packages/airflow/example_dags/example_python_operator.py took 0.214 seconds
[2024-05-05 10:14:39,638] {processor.py:153} INFO - Started process (PID=3250) to work on /opt/conda/lib/python3.8/site-packages/airflow/example_dags/example_python_operator.py
[2024-05-05 10:14:39,639] {processor.py:641} INFO - Processing file /opt/conda/lib/python3.8/site-packages/airflow/example_dags/example_python_operator.py for tasks to queue
[2024-05-05 10:14:39,640] {logging_mixin.py:115} INFO - [2024-05-05 10:14:39,639] {dagbag.py:508} INFO - Filling up the DagBag from /opt/conda/lib/python3.8/site-packages/airflow/example_dags/example_python_operator.py
[2024-05-05 10:14:39,658] {logging_mixin.py:115} INFO - [2024-05-05 10:14:39,658] {example_python_operator.py:68} WARNING - The virtalenv_python example task requires virtualenv, please install it.
[2024-05-05 10:14:39,658] {processor.py:651} INFO - DAG(s) dict_keys(['example_python_operator']) retrieved from /opt/conda/lib/python3.8/site-packages/airflow/example_dags/example_python_operator.py
[2024-05-05 10:14:39,674] {logging_mixin.py:115} INFO - [2024-05-05 10:14:39,674] {dag.py:2420} INFO - Sync 1 DAGs
[2024-05-05 10:14:39,691] {logging_mixin.py:115} INFO - [2024-05-05 10:14:39,691] {dag.py:2968} INFO - Setting next_dagrun for example_python_operator to None, run_after=None
[2024-05-05 10:14:39,712] {processor.py:161} INFO - Processing /opt/conda/lib/python3.8/site-packages/airflow/example_dags/example_python_operator.py took 0.077 seconds
[2024-05-05 10:15:11,091] {processor.py:153} INFO - Started process (PID=3296) to work on /opt/conda/lib/python3.8/site-packages/airflow/example_dags/example_python_operator.py
[2024-05-05 10:15:11,091] {processor.py:641} INFO - Processing file /opt/conda/lib/python3.8/site-packages/airflow/example_dags/example_python_operator.py for tasks to queue
[2024-05-05 10:15:11,092] {logging_mixin.py:115} INFO - [2024-05-05 10:15:11,092] {dagbag.py:508} INFO - Filling up the DagBag from /opt/conda/lib/python3.8/site-packages/airflow/example_dags/example_python_operator.py
[2024-05-05 10:15:11,110] {logging_mixin.py:115} INFO - [2024-05-05 10:15:11,110] {example_python_operator.py:68} WARNING - The virtalenv_python example task requires virtualenv, please install it.
[2024-05-05 10:15:11,110] {processor.py:651} INFO - DAG(s) dict_keys(['example_python_operator']) retrieved from /opt/conda/lib/python3.8/site-packages/airflow/example_dags/example_python_operator.py
[2024-05-05 10:15:11,126] {logging_mixin.py:115} INFO - [2024-05-05 10:15:11,126] {dag.py:2420} INFO - Sync 1 DAGs
[2024-05-05 10:15:11,143] {logging_mixin.py:115} INFO - [2024-05-05 10:15:11,143] {dag.py:2968} INFO - Setting next_dagrun for example_python_operator to None, run_after=None
[2024-05-05 10:15:11,172] {processor.py:161} INFO - Processing /opt/conda/lib/python3.8/site-packages/airflow/example_dags/example_python_operator.py took 0.085 seconds
[2024-05-05 10:15:42,039] {processor.py:153} INFO - Started process (PID=3342) to work on /opt/conda/lib/python3.8/site-packages/airflow/example_dags/example_python_operator.py
[2024-05-05 10:15:42,040] {processor.py:641} INFO - Processing file /opt/conda/lib/python3.8/site-packages/airflow/example_dags/example_python_operator.py for tasks to queue
[2024-05-05 10:15:42,041] {logging_mixin.py:115} INFO - [2024-05-05 10:15:42,041] {dagbag.py:508} INFO - Filling up the DagBag from /opt/conda/lib/python3.8/site-packages/airflow/example_dags/example_python_operator.py
[2024-05-05 10:15:42,059] {logging_mixin.py:115} INFO - [2024-05-05 10:15:42,059] {example_python_operator.py:68} WARNING - The virtalenv_python example task requires virtualenv, please install it.
[2024-05-05 10:15:42,059] {processor.py:651} INFO - DAG(s) dict_keys(['example_python_operator']) retrieved from /opt/conda/lib/python3.8/site-packages/airflow/example_dags/example_python_operator.py
[2024-05-05 10:15:42,075] {logging_mixin.py:115} INFO - [2024-05-05 10:15:42,075] {dag.py:2420} INFO - Sync 1 DAGs
[2024-05-05 10:15:42,093] {logging_mixin.py:115} INFO - [2024-05-05 10:15:42,092] {dag.py:2968} INFO - Setting next_dagrun for example_python_operator to None, run_after=None
[2024-05-05 10:15:42,114] {processor.py:161} INFO - Processing /opt/conda/lib/python3.8/site-packages/airflow/example_dags/example_python_operator.py took 0.078 seconds
[2024-05-05 10:16:12,906] {processor.py:153} INFO - Started process (PID=3388) to work on /opt/conda/lib/python3.8/site-packages/airflow/example_dags/example_python_operator.py
[2024-05-05 10:16:12,907] {processor.py:641} INFO - Processing file /opt/conda/lib/python3.8/site-packages/airflow/example_dags/example_python_operator.py for tasks to queue
[2024-05-05 10:16:12,907] {logging_mixin.py:115} INFO - [2024-05-05 10:16:12,907] {dagbag.py:508} INFO - Filling up the DagBag from /opt/conda/lib/python3.8/site-packages/airflow/example_dags/example_python_operator.py
[2024-05-05 10:16:12,925] {logging_mixin.py:115} INFO - [2024-05-05 10:16:12,925] {example_python_operator.py:68} WARNING - The virtalenv_python example task requires virtualenv, please install it.
[2024-05-05 10:16:12,926] {processor.py:651} INFO - DAG(s) dict_keys(['example_python_operator']) retrieved from /opt/conda/lib/python3.8/site-packages/airflow/example_dags/example_python_operator.py
[2024-05-05 10:16:12,941] {logging_mixin.py:115} INFO - [2024-05-05 10:16:12,941] {dag.py:2420} INFO - Sync 1 DAGs
[2024-05-05 10:16:12,958] {logging_mixin.py:115} INFO - [2024-05-05 10:16:12,958] {dag.py:2968} INFO - Setting next_dagrun for example_python_operator to None, run_after=None
[2024-05-05 10:16:12,981] {processor.py:161} INFO - Processing /opt/conda/lib/python3.8/site-packages/airflow/example_dags/example_python_operator.py took 0.078 seconds
[2024-05-05 10:16:44,046] {processor.py:153} INFO - Started process (PID=3436) to work on /opt/conda/lib/python3.8/site-packages/airflow/example_dags/example_python_operator.py
[2024-05-05 10:16:44,047] {processor.py:641} INFO - Processing file /opt/conda/lib/python3.8/site-packages/airflow/example_dags/example_python_operator.py for tasks to queue
[2024-05-05 10:16:44,047] {logging_mixin.py:115} INFO - [2024-05-05 10:16:44,047] {dagbag.py:508} INFO - Filling up the DagBag from /opt/conda/lib/python3.8/site-packages/airflow/example_dags/example_python_operator.py
[2024-05-05 10:16:44,064] {logging_mixin.py:115} INFO - [2024-05-05 10:16:44,064] {example_python_operator.py:68} WARNING - The virtalenv_python example task requires virtualenv, please install it.
[2024-05-05 10:16:44,065] {processor.py:651} INFO - DAG(s) dict_keys(['example_python_operator']) retrieved from /opt/conda/lib/python3.8/site-packages/airflow/example_dags/example_python_operator.py
[2024-05-05 10:16:44,078] {logging_mixin.py:115} INFO - [2024-05-05 10:16:44,078] {dag.py:2420} INFO - Sync 1 DAGs
[2024-05-05 10:16:44,091] {logging_mixin.py:115} INFO - [2024-05-05 10:16:44,091] {dag.py:2968} INFO - Setting next_dagrun for example_python_operator to None, run_after=None
[2024-05-05 10:16:44,110] {processor.py:161} INFO - Processing /opt/conda/lib/python3.8/site-packages/airflow/example_dags/example_python_operator.py took 0.067 seconds
[2024-05-05 10:17:16,199] {processor.py:153} INFO - Started process (PID=3484) to work on /opt/conda/lib/python3.8/site-packages/airflow/example_dags/example_python_operator.py
[2024-05-05 10:17:16,200] {processor.py:641} INFO - Processing file /opt/conda/lib/python3.8/site-packages/airflow/example_dags/example_python_operator.py for tasks to queue
[2024-05-05 10:17:16,201] {logging_mixin.py:115} INFO - [2024-05-05 10:17:16,201] {dagbag.py:508} INFO - Filling up the DagBag from /opt/conda/lib/python3.8/site-packages/airflow/example_dags/example_python_operator.py
[2024-05-05 10:17:16,217] {logging_mixin.py:115} INFO - [2024-05-05 10:17:16,217] {example_python_operator.py:68} WARNING - The virtalenv_python example task requires virtualenv, please install it.
[2024-05-05 10:17:16,218] {processor.py:651} INFO - DAG(s) dict_keys(['example_python_operator']) retrieved from /opt/conda/lib/python3.8/site-packages/airflow/example_dags/example_python_operator.py
[2024-05-05 10:17:16,231] {logging_mixin.py:115} INFO - [2024-05-05 10:17:16,231] {dag.py:2420} INFO - Sync 1 DAGs
[2024-05-05 10:17:16,243] {logging_mixin.py:115} INFO - [2024-05-05 10:17:16,243] {dag.py:2968} INFO - Setting next_dagrun for example_python_operator to None, run_after=None
[2024-05-05 10:17:16,262] {processor.py:161} INFO - Processing /opt/conda/lib/python3.8/site-packages/airflow/example_dags/example_python_operator.py took 0.066 seconds
[2024-05-05 10:17:49,677] {processor.py:153} INFO - Started process (PID=3532) to work on /opt/conda/lib/python3.8/site-packages/airflow/example_dags/example_python_operator.py
[2024-05-05 10:17:49,678] {processor.py:641} INFO - Processing file /opt/conda/lib/python3.8/site-packages/airflow/example_dags/example_python_operator.py for tasks to queue
[2024-05-05 10:17:49,678] {logging_mixin.py:115} INFO - [2024-05-05 10:17:49,678] {dagbag.py:508} INFO - Filling up the DagBag from /opt/conda/lib/python3.8/site-packages/airflow/example_dags/example_python_operator.py
[2024-05-05 10:17:49,697] {logging_mixin.py:115} INFO - [2024-05-05 10:17:49,697] {example_python_operator.py:68} WARNING - The virtalenv_python example task requires virtualenv, please install it.
[2024-05-05 10:17:49,697] {processor.py:651} INFO - DAG(s) dict_keys(['example_python_operator']) retrieved from /opt/conda/lib/python3.8/site-packages/airflow/example_dags/example_python_operator.py
[2024-05-05 10:17:49,714] {logging_mixin.py:115} INFO - [2024-05-05 10:17:49,714] {dag.py:2420} INFO - Sync 1 DAGs
[2024-05-05 10:17:49,731] {logging_mixin.py:115} INFO - [2024-05-05 10:17:49,731] {dag.py:2968} INFO - Setting next_dagrun for example_python_operator to None, run_after=None
[2024-05-05 10:17:49,752] {processor.py:161} INFO - Processing /opt/conda/lib/python3.8/site-packages/airflow/example_dags/example_python_operator.py took 0.078 seconds
[2024-05-05 10:18:22,725] {processor.py:153} INFO - Started process (PID=3582) to work on /opt/conda/lib/python3.8/site-packages/airflow/example_dags/example_python_operator.py
[2024-05-05 10:18:22,727] {processor.py:641} INFO - Processing file /opt/conda/lib/python3.8/site-packages/airflow/example_dags/example_python_operator.py for tasks to queue
[2024-05-05 10:18:22,727] {logging_mixin.py:115} INFO - [2024-05-05 10:18:22,727] {dagbag.py:508} INFO - Filling up the DagBag from /opt/conda/lib/python3.8/site-packages/airflow/example_dags/example_python_operator.py
[2024-05-05 10:18:22,746] {logging_mixin.py:115} INFO - [2024-05-05 10:18:22,745] {example_python_operator.py:68} WARNING - The virtalenv_python example task requires virtualenv, please install it.
[2024-05-05 10:18:22,746] {processor.py:651} INFO - DAG(s) dict_keys(['example_python_operator']) retrieved from /opt/conda/lib/python3.8/site-packages/airflow/example_dags/example_python_operator.py
[2024-05-05 10:18:22,761] {logging_mixin.py:115} INFO - [2024-05-05 10:18:22,761] {dag.py:2420} INFO - Sync 1 DAGs
[2024-05-05 10:18:22,779] {logging_mixin.py:115} INFO - [2024-05-05 10:18:22,779] {dag.py:2968} INFO - Setting next_dagrun for example_python_operator to None, run_after=None
[2024-05-05 10:18:22,801] {processor.py:161} INFO - Processing /opt/conda/lib/python3.8/site-packages/airflow/example_dags/example_python_operator.py took 0.079 seconds
