[2024-05-05 09:48:19,139] {processor.py:153} INFO - Started process (PID=922) to work on /opt/conda/lib/python3.8/site-packages/airflow/example_dags/example_task_group_decorator.py
[2024-05-05 09:48:19,140] {processor.py:641} INFO - Processing file /opt/conda/lib/python3.8/site-packages/airflow/example_dags/example_task_group_decorator.py for tasks to queue
[2024-05-05 09:48:19,140] {logging_mixin.py:115} INFO - [2024-05-05 09:48:19,140] {dagbag.py:508} INFO - Filling up the DagBag from /opt/conda/lib/python3.8/site-packages/airflow/example_dags/example_task_group_decorator.py
[2024-05-05 09:48:19,297] {processor.py:651} INFO - DAG(s) dict_keys(['example_task_group_decorator']) retrieved from /opt/conda/lib/python3.8/site-packages/airflow/example_dags/example_task_group_decorator.py
[2024-05-05 09:48:19,376] {logging_mixin.py:115} INFO - [2024-05-05 09:48:19,376] {manager.py:508} INFO - Created Permission View: can read on DAG:example_task_group_decorator
[2024-05-05 09:48:19,395] {logging_mixin.py:115} INFO - [2024-05-05 09:48:19,395] {manager.py:508} INFO - Created Permission View: can edit on DAG:example_task_group_decorator
[2024-05-05 09:48:19,416] {logging_mixin.py:115} INFO - [2024-05-05 09:48:19,416] {manager.py:508} INFO - Created Permission View: can delete on DAG:example_task_group_decorator
[2024-05-05 09:48:19,416] {logging_mixin.py:115} INFO - [2024-05-05 09:48:19,416] {dag.py:2420} INFO - Sync 1 DAGs
[2024-05-05 09:48:19,422] {logging_mixin.py:115} INFO - [2024-05-05 09:48:19,422] {dag.py:2439} INFO - Creating ORM DAG for example_task_group_decorator
[2024-05-05 09:48:19,429] {logging_mixin.py:115} INFO - [2024-05-05 09:48:19,429] {dag.py:2968} INFO - Setting next_dagrun for example_task_group_decorator to 2024-05-04T09:48:19.429060+00:00, run_after=2024-05-05T09:48:19.429060+00:00
[2024-05-05 09:48:19,460] {processor.py:161} INFO - Processing /opt/conda/lib/python3.8/site-packages/airflow/example_dags/example_task_group_decorator.py took 0.324 seconds
[2024-05-05 09:49:05,772] {processor.py:153} INFO - Started process (PID=974) to work on /opt/conda/lib/python3.8/site-packages/airflow/example_dags/example_task_group_decorator.py
[2024-05-05 09:49:05,773] {processor.py:641} INFO - Processing file /opt/conda/lib/python3.8/site-packages/airflow/example_dags/example_task_group_decorator.py for tasks to queue
[2024-05-05 09:49:05,774] {logging_mixin.py:115} INFO - [2024-05-05 09:49:05,774] {dagbag.py:508} INFO - Filling up the DagBag from /opt/conda/lib/python3.8/site-packages/airflow/example_dags/example_task_group_decorator.py
[2024-05-05 09:49:05,947] {processor.py:651} INFO - DAG(s) dict_keys(['example_task_group_decorator']) retrieved from /opt/conda/lib/python3.8/site-packages/airflow/example_dags/example_task_group_decorator.py
[2024-05-05 09:49:05,962] {logging_mixin.py:115} INFO - [2024-05-05 09:49:05,961] {dag.py:2420} INFO - Sync 1 DAGs
[2024-05-05 09:49:05,977] {logging_mixin.py:115} INFO - [2024-05-05 09:49:05,977] {dag.py:2968} INFO - Setting next_dagrun for example_task_group_decorator to 2024-05-04T09:49:05.976814+00:00, run_after=2024-05-05T09:49:05.976814+00:00
[2024-05-05 09:49:05,996] {processor.py:161} INFO - Processing /opt/conda/lib/python3.8/site-packages/airflow/example_dags/example_task_group_decorator.py took 0.228 seconds
[2024-05-05 09:49:49,070] {processor.py:153} INFO - Started process (PID=1026) to work on /opt/conda/lib/python3.8/site-packages/airflow/example_dags/example_task_group_decorator.py
[2024-05-05 09:49:49,071] {processor.py:641} INFO - Processing file /opt/conda/lib/python3.8/site-packages/airflow/example_dags/example_task_group_decorator.py for tasks to queue
[2024-05-05 09:49:49,072] {logging_mixin.py:115} INFO - [2024-05-05 09:49:49,072] {dagbag.py:508} INFO - Filling up the DagBag from /opt/conda/lib/python3.8/site-packages/airflow/example_dags/example_task_group_decorator.py
[2024-05-05 09:49:49,231] {processor.py:651} INFO - DAG(s) dict_keys(['example_task_group_decorator']) retrieved from /opt/conda/lib/python3.8/site-packages/airflow/example_dags/example_task_group_decorator.py
[2024-05-05 09:49:49,245] {logging_mixin.py:115} INFO - [2024-05-05 09:49:49,245] {dag.py:2420} INFO - Sync 1 DAGs
[2024-05-05 09:49:49,258] {logging_mixin.py:115} INFO - [2024-05-05 09:49:49,258] {dag.py:2968} INFO - Setting next_dagrun for example_task_group_decorator to 2024-05-04T09:49:49.258077+00:00, run_after=2024-05-05T09:49:49.258077+00:00
[2024-05-05 09:49:49,278] {processor.py:161} INFO - Processing /opt/conda/lib/python3.8/site-packages/airflow/example_dags/example_task_group_decorator.py took 0.211 seconds
[2024-05-05 09:52:02,542] {processor.py:153} INFO - Started process (PID=1331) to work on /opt/conda/lib/python3.8/site-packages/airflow/example_dags/example_task_group_decorator.py
[2024-05-05 09:52:02,544] {processor.py:641} INFO - Processing file /opt/conda/lib/python3.8/site-packages/airflow/example_dags/example_task_group_decorator.py for tasks to queue
[2024-05-05 09:52:02,544] {logging_mixin.py:115} INFO - [2024-05-05 09:52:02,544] {dagbag.py:508} INFO - Filling up the DagBag from /opt/conda/lib/python3.8/site-packages/airflow/example_dags/example_task_group_decorator.py
[2024-05-05 09:52:02,678] {processor.py:651} INFO - DAG(s) dict_keys(['example_task_group_decorator']) retrieved from /opt/conda/lib/python3.8/site-packages/airflow/example_dags/example_task_group_decorator.py
[2024-05-05 09:52:02,689] {logging_mixin.py:115} INFO - [2024-05-05 09:52:02,689] {dag.py:2420} INFO - Sync 1 DAGs
[2024-05-05 09:52:02,701] {logging_mixin.py:115} INFO - [2024-05-05 09:52:02,701] {dag.py:2968} INFO - Setting next_dagrun for example_task_group_decorator to 2024-05-04T09:52:02.701440+00:00, run_after=2024-05-05T09:52:02.701440+00:00
[2024-05-05 09:52:02,741] {processor.py:161} INFO - Processing /opt/conda/lib/python3.8/site-packages/airflow/example_dags/example_task_group_decorator.py took 0.201 seconds
[2024-05-05 09:52:44,005] {processor.py:153} INFO - Started process (PID=1381) to work on /opt/conda/lib/python3.8/site-packages/airflow/example_dags/example_task_group_decorator.py
[2024-05-05 09:52:44,007] {processor.py:641} INFO - Processing file /opt/conda/lib/python3.8/site-packages/airflow/example_dags/example_task_group_decorator.py for tasks to queue
[2024-05-05 09:52:44,007] {logging_mixin.py:115} INFO - [2024-05-05 09:52:44,007] {dagbag.py:508} INFO - Filling up the DagBag from /opt/conda/lib/python3.8/site-packages/airflow/example_dags/example_task_group_decorator.py
[2024-05-05 09:52:44,145] {processor.py:651} INFO - DAG(s) dict_keys(['example_task_group_decorator']) retrieved from /opt/conda/lib/python3.8/site-packages/airflow/example_dags/example_task_group_decorator.py
[2024-05-05 09:52:44,156] {logging_mixin.py:115} INFO - [2024-05-05 09:52:44,156] {dag.py:2420} INFO - Sync 1 DAGs
[2024-05-05 09:52:44,186] {logging_mixin.py:115} INFO - [2024-05-05 09:52:44,186] {dag.py:2968} INFO - Setting next_dagrun for example_task_group_decorator to 2024-05-04T09:52:44.186052+00:00, run_after=2024-05-05T09:52:44.186052+00:00
[2024-05-05 09:52:44,740] {processor.py:161} INFO - Processing /opt/conda/lib/python3.8/site-packages/airflow/example_dags/example_task_group_decorator.py took 0.738 seconds
[2024-05-05 09:53:28,526] {processor.py:153} INFO - Started process (PID=1433) to work on /opt/conda/lib/python3.8/site-packages/airflow/example_dags/example_task_group_decorator.py
[2024-05-05 09:53:28,527] {processor.py:641} INFO - Processing file /opt/conda/lib/python3.8/site-packages/airflow/example_dags/example_task_group_decorator.py for tasks to queue
[2024-05-05 09:53:28,528] {logging_mixin.py:115} INFO - [2024-05-05 09:53:28,528] {dagbag.py:508} INFO - Filling up the DagBag from /opt/conda/lib/python3.8/site-packages/airflow/example_dags/example_task_group_decorator.py
[2024-05-05 09:53:28,680] {processor.py:651} INFO - DAG(s) dict_keys(['example_task_group_decorator']) retrieved from /opt/conda/lib/python3.8/site-packages/airflow/example_dags/example_task_group_decorator.py
[2024-05-05 09:53:28,710] {logging_mixin.py:115} INFO - [2024-05-05 09:53:28,710] {dag.py:2420} INFO - Sync 1 DAGs
[2024-05-05 09:53:28,722] {logging_mixin.py:115} INFO - [2024-05-05 09:53:28,722] {dag.py:2968} INFO - Setting next_dagrun for example_task_group_decorator to 2024-05-04T09:53:28.721866+00:00, run_after=2024-05-05T09:53:28.721866+00:00
[2024-05-05 09:53:28,741] {processor.py:161} INFO - Processing /opt/conda/lib/python3.8/site-packages/airflow/example_dags/example_task_group_decorator.py took 0.218 seconds
[2024-05-05 09:54:12,138] {processor.py:153} INFO - Started process (PID=1484) to work on /opt/conda/lib/python3.8/site-packages/airflow/example_dags/example_task_group_decorator.py
[2024-05-05 09:54:12,140] {processor.py:641} INFO - Processing file /opt/conda/lib/python3.8/site-packages/airflow/example_dags/example_task_group_decorator.py for tasks to queue
[2024-05-05 09:54:12,140] {logging_mixin.py:115} INFO - [2024-05-05 09:54:12,140] {dagbag.py:508} INFO - Filling up the DagBag from /opt/conda/lib/python3.8/site-packages/airflow/example_dags/example_task_group_decorator.py
[2024-05-05 09:54:12,275] {processor.py:651} INFO - DAG(s) dict_keys(['example_task_group_decorator']) retrieved from /opt/conda/lib/python3.8/site-packages/airflow/example_dags/example_task_group_decorator.py
[2024-05-05 09:54:12,305] {logging_mixin.py:115} INFO - [2024-05-05 09:54:12,305] {dag.py:2420} INFO - Sync 1 DAGs
[2024-05-05 09:54:12,317] {logging_mixin.py:115} INFO - [2024-05-05 09:54:12,317] {dag.py:2968} INFO - Setting next_dagrun for example_task_group_decorator to 2024-05-04T09:54:12.316991+00:00, run_after=2024-05-05T09:54:12.316991+00:00
[2024-05-05 09:54:12,336] {processor.py:161} INFO - Processing /opt/conda/lib/python3.8/site-packages/airflow/example_dags/example_task_group_decorator.py took 0.200 seconds
[2024-05-05 09:54:50,142] {processor.py:153} INFO - Started process (PID=1533) to work on /opt/conda/lib/python3.8/site-packages/airflow/example_dags/example_task_group_decorator.py
[2024-05-05 09:54:50,144] {processor.py:641} INFO - Processing file /opt/conda/lib/python3.8/site-packages/airflow/example_dags/example_task_group_decorator.py for tasks to queue
[2024-05-05 09:54:50,144] {logging_mixin.py:115} INFO - [2024-05-05 09:54:50,144] {dagbag.py:508} INFO - Filling up the DagBag from /opt/conda/lib/python3.8/site-packages/airflow/example_dags/example_task_group_decorator.py
[2024-05-05 09:54:50,306] {processor.py:651} INFO - DAG(s) dict_keys(['example_task_group_decorator']) retrieved from /opt/conda/lib/python3.8/site-packages/airflow/example_dags/example_task_group_decorator.py
[2024-05-05 09:54:50,318] {logging_mixin.py:115} INFO - [2024-05-05 09:54:50,318] {dag.py:2420} INFO - Sync 1 DAGs
[2024-05-05 09:54:50,330] {logging_mixin.py:115} INFO - [2024-05-05 09:54:50,330] {dag.py:2968} INFO - Setting next_dagrun for example_task_group_decorator to 2024-05-04T09:54:50.330260+00:00, run_after=2024-05-05T09:54:50.330260+00:00
[2024-05-05 09:54:50,351] {processor.py:161} INFO - Processing /opt/conda/lib/python3.8/site-packages/airflow/example_dags/example_task_group_decorator.py took 0.212 seconds
[2024-05-05 09:55:28,178] {processor.py:153} INFO - Started process (PID=1581) to work on /opt/conda/lib/python3.8/site-packages/airflow/example_dags/example_task_group_decorator.py
[2024-05-05 09:55:28,180] {processor.py:641} INFO - Processing file /opt/conda/lib/python3.8/site-packages/airflow/example_dags/example_task_group_decorator.py for tasks to queue
[2024-05-05 09:55:28,180] {logging_mixin.py:115} INFO - [2024-05-05 09:55:28,180] {dagbag.py:508} INFO - Filling up the DagBag from /opt/conda/lib/python3.8/site-packages/airflow/example_dags/example_task_group_decorator.py
[2024-05-05 09:55:28,317] {processor.py:651} INFO - DAG(s) dict_keys(['example_task_group_decorator']) retrieved from /opt/conda/lib/python3.8/site-packages/airflow/example_dags/example_task_group_decorator.py
[2024-05-05 09:55:28,328] {logging_mixin.py:115} INFO - [2024-05-05 09:55:28,328] {dag.py:2420} INFO - Sync 1 DAGs
[2024-05-05 09:55:28,339] {logging_mixin.py:115} INFO - [2024-05-05 09:55:28,339] {dag.py:2968} INFO - Setting next_dagrun for example_task_group_decorator to 2024-05-04T09:55:28.339090+00:00, run_after=2024-05-05T09:55:28.339090+00:00
[2024-05-05 09:55:28,359] {processor.py:161} INFO - Processing /opt/conda/lib/python3.8/site-packages/airflow/example_dags/example_task_group_decorator.py took 0.183 seconds
[2024-05-05 09:56:03,968] {processor.py:153} INFO - Started process (PID=1627) to work on /opt/conda/lib/python3.8/site-packages/airflow/example_dags/example_task_group_decorator.py
[2024-05-05 09:56:03,969] {processor.py:641} INFO - Processing file /opt/conda/lib/python3.8/site-packages/airflow/example_dags/example_task_group_decorator.py for tasks to queue
[2024-05-05 09:56:03,970] {logging_mixin.py:115} INFO - [2024-05-05 09:56:03,969] {dagbag.py:508} INFO - Filling up the DagBag from /opt/conda/lib/python3.8/site-packages/airflow/example_dags/example_task_group_decorator.py
[2024-05-05 09:56:04,136] {processor.py:651} INFO - DAG(s) dict_keys(['example_task_group_decorator']) retrieved from /opt/conda/lib/python3.8/site-packages/airflow/example_dags/example_task_group_decorator.py
[2024-05-05 09:56:04,147] {logging_mixin.py:115} INFO - [2024-05-05 09:56:04,147] {dag.py:2420} INFO - Sync 1 DAGs
[2024-05-05 09:56:04,158] {logging_mixin.py:115} INFO - [2024-05-05 09:56:04,158] {dag.py:2968} INFO - Setting next_dagrun for example_task_group_decorator to 2024-05-04T09:56:04.158479+00:00, run_after=2024-05-05T09:56:04.158479+00:00
[2024-05-05 09:56:04,176] {processor.py:161} INFO - Processing /opt/conda/lib/python3.8/site-packages/airflow/example_dags/example_task_group_decorator.py took 0.211 seconds
[2024-05-05 09:56:42,157] {processor.py:153} INFO - Started process (PID=1676) to work on /opt/conda/lib/python3.8/site-packages/airflow/example_dags/example_task_group_decorator.py
[2024-05-05 09:56:42,158] {processor.py:641} INFO - Processing file /opt/conda/lib/python3.8/site-packages/airflow/example_dags/example_task_group_decorator.py for tasks to queue
[2024-05-05 09:56:42,159] {logging_mixin.py:115} INFO - [2024-05-05 09:56:42,159] {dagbag.py:508} INFO - Filling up the DagBag from /opt/conda/lib/python3.8/site-packages/airflow/example_dags/example_task_group_decorator.py
[2024-05-05 09:56:42,294] {processor.py:651} INFO - DAG(s) dict_keys(['example_task_group_decorator']) retrieved from /opt/conda/lib/python3.8/site-packages/airflow/example_dags/example_task_group_decorator.py
[2024-05-05 09:56:42,304] {logging_mixin.py:115} INFO - [2024-05-05 09:56:42,304] {dag.py:2420} INFO - Sync 1 DAGs
[2024-05-05 09:56:42,315] {logging_mixin.py:115} INFO - [2024-05-05 09:56:42,315] {dag.py:2968} INFO - Setting next_dagrun for example_task_group_decorator to 2024-05-04T09:56:42.315355+00:00, run_after=2024-05-05T09:56:42.315355+00:00
[2024-05-05 09:56:42,335] {processor.py:161} INFO - Processing /opt/conda/lib/python3.8/site-packages/airflow/example_dags/example_task_group_decorator.py took 0.181 seconds
[2024-05-05 09:57:16,782] {processor.py:153} INFO - Started process (PID=1722) to work on /opt/conda/lib/python3.8/site-packages/airflow/example_dags/example_task_group_decorator.py
[2024-05-05 09:57:16,784] {processor.py:641} INFO - Processing file /opt/conda/lib/python3.8/site-packages/airflow/example_dags/example_task_group_decorator.py for tasks to queue
[2024-05-05 09:57:16,784] {logging_mixin.py:115} INFO - [2024-05-05 09:57:16,784] {dagbag.py:508} INFO - Filling up the DagBag from /opt/conda/lib/python3.8/site-packages/airflow/example_dags/example_task_group_decorator.py
[2024-05-05 09:57:16,918] {processor.py:651} INFO - DAG(s) dict_keys(['example_task_group_decorator']) retrieved from /opt/conda/lib/python3.8/site-packages/airflow/example_dags/example_task_group_decorator.py
[2024-05-05 09:57:16,949] {logging_mixin.py:115} INFO - [2024-05-05 09:57:16,949] {dag.py:2420} INFO - Sync 1 DAGs
[2024-05-05 09:57:16,960] {logging_mixin.py:115} INFO - [2024-05-05 09:57:16,960] {dag.py:2968} INFO - Setting next_dagrun for example_task_group_decorator to 2024-05-04T09:57:16.960391+00:00, run_after=2024-05-05T09:57:16.960391+00:00
[2024-05-05 09:57:16,981] {processor.py:161} INFO - Processing /opt/conda/lib/python3.8/site-packages/airflow/example_dags/example_task_group_decorator.py took 0.202 seconds
[2024-05-05 09:57:51,258] {processor.py:153} INFO - Started process (PID=1768) to work on /opt/conda/lib/python3.8/site-packages/airflow/example_dags/example_task_group_decorator.py
[2024-05-05 09:57:51,259] {processor.py:641} INFO - Processing file /opt/conda/lib/python3.8/site-packages/airflow/example_dags/example_task_group_decorator.py for tasks to queue
[2024-05-05 09:57:51,260] {logging_mixin.py:115} INFO - [2024-05-05 09:57:51,259] {dagbag.py:508} INFO - Filling up the DagBag from /opt/conda/lib/python3.8/site-packages/airflow/example_dags/example_task_group_decorator.py
[2024-05-05 09:57:51,403] {processor.py:651} INFO - DAG(s) dict_keys(['example_task_group_decorator']) retrieved from /opt/conda/lib/python3.8/site-packages/airflow/example_dags/example_task_group_decorator.py
[2024-05-05 09:57:51,413] {logging_mixin.py:115} INFO - [2024-05-05 09:57:51,413] {dag.py:2420} INFO - Sync 1 DAGs
[2024-05-05 09:57:51,424] {logging_mixin.py:115} INFO - [2024-05-05 09:57:51,424] {dag.py:2968} INFO - Setting next_dagrun for example_task_group_decorator to 2024-05-04T09:57:51.424270+00:00, run_after=2024-05-05T09:57:51.424270+00:00
[2024-05-05 09:57:51,444] {processor.py:161} INFO - Processing /opt/conda/lib/python3.8/site-packages/airflow/example_dags/example_task_group_decorator.py took 0.189 seconds
[2024-05-05 09:58:30,036] {processor.py:153} INFO - Started process (PID=1818) to work on /opt/conda/lib/python3.8/site-packages/airflow/example_dags/example_task_group_decorator.py
[2024-05-05 09:58:30,038] {processor.py:641} INFO - Processing file /opt/conda/lib/python3.8/site-packages/airflow/example_dags/example_task_group_decorator.py for tasks to queue
[2024-05-05 09:58:30,038] {logging_mixin.py:115} INFO - [2024-05-05 09:58:30,038] {dagbag.py:508} INFO - Filling up the DagBag from /opt/conda/lib/python3.8/site-packages/airflow/example_dags/example_task_group_decorator.py
[2024-05-05 09:58:30,068] {processor.py:651} INFO - DAG(s) dict_keys(['example_task_group_decorator']) retrieved from /opt/conda/lib/python3.8/site-packages/airflow/example_dags/example_task_group_decorator.py
[2024-05-05 09:58:30,103] {logging_mixin.py:115} INFO - [2024-05-05 09:58:30,103] {dag.py:2420} INFO - Sync 1 DAGs
[2024-05-05 09:58:30,116] {logging_mixin.py:115} INFO - [2024-05-05 09:58:30,116] {dag.py:2968} INFO - Setting next_dagrun for example_task_group_decorator to 2024-05-04T09:58:30.116477+00:00, run_after=2024-05-05T09:58:30.116477+00:00
[2024-05-05 09:58:30,136] {processor.py:161} INFO - Processing /opt/conda/lib/python3.8/site-packages/airflow/example_dags/example_task_group_decorator.py took 0.103 seconds
[2024-05-05 09:59:06,846] {processor.py:153} INFO - Started process (PID=1870) to work on /opt/conda/lib/python3.8/site-packages/airflow/example_dags/example_task_group_decorator.py
[2024-05-05 09:59:06,848] {processor.py:641} INFO - Processing file /opt/conda/lib/python3.8/site-packages/airflow/example_dags/example_task_group_decorator.py for tasks to queue
[2024-05-05 09:59:06,848] {logging_mixin.py:115} INFO - [2024-05-05 09:59:06,848] {dagbag.py:508} INFO - Filling up the DagBag from /opt/conda/lib/python3.8/site-packages/airflow/example_dags/example_task_group_decorator.py
[2024-05-05 09:59:06,877] {processor.py:651} INFO - DAG(s) dict_keys(['example_task_group_decorator']) retrieved from /opt/conda/lib/python3.8/site-packages/airflow/example_dags/example_task_group_decorator.py
[2024-05-05 09:59:06,925] {logging_mixin.py:115} INFO - [2024-05-05 09:59:06,925] {dag.py:2420} INFO - Sync 1 DAGs
[2024-05-05 09:59:06,943] {logging_mixin.py:115} INFO - [2024-05-05 09:59:06,942] {dag.py:2968} INFO - Setting next_dagrun for example_task_group_decorator to 2024-05-04T09:59:06.942704+00:00, run_after=2024-05-05T09:59:06.942704+00:00
[2024-05-05 09:59:06,966] {processor.py:161} INFO - Processing /opt/conda/lib/python3.8/site-packages/airflow/example_dags/example_task_group_decorator.py took 0.123 seconds
[2024-05-05 09:59:44,658] {processor.py:153} INFO - Started process (PID=1922) to work on /opt/conda/lib/python3.8/site-packages/airflow/example_dags/example_task_group_decorator.py
[2024-05-05 09:59:44,659] {processor.py:641} INFO - Processing file /opt/conda/lib/python3.8/site-packages/airflow/example_dags/example_task_group_decorator.py for tasks to queue
[2024-05-05 09:59:44,660] {logging_mixin.py:115} INFO - [2024-05-05 09:59:44,660] {dagbag.py:508} INFO - Filling up the DagBag from /opt/conda/lib/python3.8/site-packages/airflow/example_dags/example_task_group_decorator.py
[2024-05-05 09:59:44,685] {processor.py:651} INFO - DAG(s) dict_keys(['example_task_group_decorator']) retrieved from /opt/conda/lib/python3.8/site-packages/airflow/example_dags/example_task_group_decorator.py
[2024-05-05 09:59:44,719] {logging_mixin.py:115} INFO - [2024-05-05 09:59:44,719] {dag.py:2420} INFO - Sync 1 DAGs
[2024-05-05 09:59:44,731] {logging_mixin.py:115} INFO - [2024-05-05 09:59:44,731] {dag.py:2968} INFO - Setting next_dagrun for example_task_group_decorator to 2024-05-04T09:59:44.731384+00:00, run_after=2024-05-05T09:59:44.731384+00:00
[2024-05-05 09:59:44,751] {processor.py:161} INFO - Processing /opt/conda/lib/python3.8/site-packages/airflow/example_dags/example_task_group_decorator.py took 0.096 seconds
[2024-05-05 10:00:16,543] {processor.py:153} INFO - Started process (PID=1970) to work on /opt/conda/lib/python3.8/site-packages/airflow/example_dags/example_task_group_decorator.py
[2024-05-05 10:00:16,545] {processor.py:641} INFO - Processing file /opt/conda/lib/python3.8/site-packages/airflow/example_dags/example_task_group_decorator.py for tasks to queue
[2024-05-05 10:00:16,545] {logging_mixin.py:115} INFO - [2024-05-05 10:00:16,545] {dagbag.py:508} INFO - Filling up the DagBag from /opt/conda/lib/python3.8/site-packages/airflow/example_dags/example_task_group_decorator.py
[2024-05-05 10:00:16,573] {processor.py:651} INFO - DAG(s) dict_keys(['example_task_group_decorator']) retrieved from /opt/conda/lib/python3.8/site-packages/airflow/example_dags/example_task_group_decorator.py
[2024-05-05 10:00:16,619] {logging_mixin.py:115} INFO - [2024-05-05 10:00:16,619] {dag.py:2420} INFO - Sync 1 DAGs
[2024-05-05 10:00:16,636] {logging_mixin.py:115} INFO - [2024-05-05 10:00:16,636] {dag.py:2968} INFO - Setting next_dagrun for example_task_group_decorator to 2024-05-04T10:00:16.636062+00:00, run_after=2024-05-05T10:00:16.636062+00:00
[2024-05-05 10:00:16,658] {processor.py:161} INFO - Processing /opt/conda/lib/python3.8/site-packages/airflow/example_dags/example_task_group_decorator.py took 0.118 seconds
[2024-05-05 10:00:49,179] {processor.py:153} INFO - Started process (PID=2018) to work on /opt/conda/lib/python3.8/site-packages/airflow/example_dags/example_task_group_decorator.py
[2024-05-05 10:00:49,181] {processor.py:641} INFO - Processing file /opt/conda/lib/python3.8/site-packages/airflow/example_dags/example_task_group_decorator.py for tasks to queue
[2024-05-05 10:00:49,181] {logging_mixin.py:115} INFO - [2024-05-05 10:00:49,181] {dagbag.py:508} INFO - Filling up the DagBag from /opt/conda/lib/python3.8/site-packages/airflow/example_dags/example_task_group_decorator.py
[2024-05-05 10:00:49,206] {processor.py:651} INFO - DAG(s) dict_keys(['example_task_group_decorator']) retrieved from /opt/conda/lib/python3.8/site-packages/airflow/example_dags/example_task_group_decorator.py
[2024-05-05 10:00:49,220] {logging_mixin.py:115} INFO - [2024-05-05 10:00:49,220] {dag.py:2420} INFO - Sync 1 DAGs
[2024-05-05 10:00:49,232] {logging_mixin.py:115} INFO - [2024-05-05 10:00:49,232] {dag.py:2968} INFO - Setting next_dagrun for example_task_group_decorator to 2024-05-04T10:00:49.232683+00:00, run_after=2024-05-05T10:00:49.232683+00:00
[2024-05-05 10:00:49,251] {processor.py:161} INFO - Processing /opt/conda/lib/python3.8/site-packages/airflow/example_dags/example_task_group_decorator.py took 0.075 seconds
[2024-05-05 10:01:23,143] {processor.py:153} INFO - Started process (PID=2068) to work on /opt/conda/lib/python3.8/site-packages/airflow/example_dags/example_task_group_decorator.py
[2024-05-05 10:01:23,145] {processor.py:641} INFO - Processing file /opt/conda/lib/python3.8/site-packages/airflow/example_dags/example_task_group_decorator.py for tasks to queue
[2024-05-05 10:01:23,145] {logging_mixin.py:115} INFO - [2024-05-05 10:01:23,145] {dagbag.py:508} INFO - Filling up the DagBag from /opt/conda/lib/python3.8/site-packages/airflow/example_dags/example_task_group_decorator.py
[2024-05-05 10:01:23,173] {processor.py:651} INFO - DAG(s) dict_keys(['example_task_group_decorator']) retrieved from /opt/conda/lib/python3.8/site-packages/airflow/example_dags/example_task_group_decorator.py
[2024-05-05 10:01:23,190] {logging_mixin.py:115} INFO - [2024-05-05 10:01:23,190] {dag.py:2420} INFO - Sync 1 DAGs
[2024-05-05 10:01:23,207] {logging_mixin.py:115} INFO - [2024-05-05 10:01:23,207] {dag.py:2968} INFO - Setting next_dagrun for example_task_group_decorator to 2024-05-04T10:01:23.207509+00:00, run_after=2024-05-05T10:01:23.207509+00:00
[2024-05-05 10:01:23,237] {processor.py:161} INFO - Processing /opt/conda/lib/python3.8/site-packages/airflow/example_dags/example_task_group_decorator.py took 0.097 seconds
[2024-05-05 10:01:56,231] {processor.py:153} INFO - Started process (PID=2118) to work on /opt/conda/lib/python3.8/site-packages/airflow/example_dags/example_task_group_decorator.py
[2024-05-05 10:01:56,233] {processor.py:641} INFO - Processing file /opt/conda/lib/python3.8/site-packages/airflow/example_dags/example_task_group_decorator.py for tasks to queue
[2024-05-05 10:01:56,233] {logging_mixin.py:115} INFO - [2024-05-05 10:01:56,233] {dagbag.py:508} INFO - Filling up the DagBag from /opt/conda/lib/python3.8/site-packages/airflow/example_dags/example_task_group_decorator.py
[2024-05-05 10:01:56,258] {processor.py:651} INFO - DAG(s) dict_keys(['example_task_group_decorator']) retrieved from /opt/conda/lib/python3.8/site-packages/airflow/example_dags/example_task_group_decorator.py
[2024-05-05 10:01:56,272] {logging_mixin.py:115} INFO - [2024-05-05 10:01:56,272] {dag.py:2420} INFO - Sync 1 DAGs
[2024-05-05 10:01:56,285] {logging_mixin.py:115} INFO - [2024-05-05 10:01:56,284] {dag.py:2968} INFO - Setting next_dagrun for example_task_group_decorator to 2024-05-04T10:01:56.284756+00:00, run_after=2024-05-05T10:01:56.284756+00:00
[2024-05-05 10:01:56,305] {processor.py:161} INFO - Processing /opt/conda/lib/python3.8/site-packages/airflow/example_dags/example_task_group_decorator.py took 0.077 seconds
[2024-05-05 10:02:32,982] {processor.py:153} INFO - Started process (PID=2170) to work on /opt/conda/lib/python3.8/site-packages/airflow/example_dags/example_task_group_decorator.py
[2024-05-05 10:02:32,984] {processor.py:641} INFO - Processing file /opt/conda/lib/python3.8/site-packages/airflow/example_dags/example_task_group_decorator.py for tasks to queue
[2024-05-05 10:02:32,984] {logging_mixin.py:115} INFO - [2024-05-05 10:02:32,984] {dagbag.py:508} INFO - Filling up the DagBag from /opt/conda/lib/python3.8/site-packages/airflow/example_dags/example_task_group_decorator.py
[2024-05-05 10:02:33,009] {processor.py:651} INFO - DAG(s) dict_keys(['example_task_group_decorator']) retrieved from /opt/conda/lib/python3.8/site-packages/airflow/example_dags/example_task_group_decorator.py
[2024-05-05 10:02:33,024] {logging_mixin.py:115} INFO - [2024-05-05 10:02:33,024] {dag.py:2420} INFO - Sync 1 DAGs
[2024-05-05 10:02:33,036] {logging_mixin.py:115} INFO - [2024-05-05 10:02:33,036] {dag.py:2968} INFO - Setting next_dagrun for example_task_group_decorator to 2024-05-04T10:02:33.036663+00:00, run_after=2024-05-05T10:02:33.036663+00:00
[2024-05-05 10:02:33,055] {processor.py:161} INFO - Processing /opt/conda/lib/python3.8/site-packages/airflow/example_dags/example_task_group_decorator.py took 0.076 seconds
[2024-05-05 10:03:04,670] {processor.py:153} INFO - Started process (PID=2219) to work on /opt/conda/lib/python3.8/site-packages/airflow/example_dags/example_task_group_decorator.py
[2024-05-05 10:03:04,671] {processor.py:641} INFO - Processing file /opt/conda/lib/python3.8/site-packages/airflow/example_dags/example_task_group_decorator.py for tasks to queue
[2024-05-05 10:03:04,671] {logging_mixin.py:115} INFO - [2024-05-05 10:03:04,671] {dagbag.py:508} INFO - Filling up the DagBag from /opt/conda/lib/python3.8/site-packages/airflow/example_dags/example_task_group_decorator.py
[2024-05-05 10:03:04,700] {processor.py:651} INFO - DAG(s) dict_keys(['example_task_group_decorator']) retrieved from /opt/conda/lib/python3.8/site-packages/airflow/example_dags/example_task_group_decorator.py
[2024-05-05 10:03:04,718] {logging_mixin.py:115} INFO - [2024-05-05 10:03:04,718] {dag.py:2420} INFO - Sync 1 DAGs
[2024-05-05 10:03:04,736] {logging_mixin.py:115} INFO - [2024-05-05 10:03:04,736] {dag.py:2968} INFO - Setting next_dagrun for example_task_group_decorator to 2024-05-04T10:03:04.736350+00:00, run_after=2024-05-05T10:03:04.736350+00:00
[2024-05-05 10:03:04,756] {processor.py:161} INFO - Processing /opt/conda/lib/python3.8/site-packages/airflow/example_dags/example_task_group_decorator.py took 0.089 seconds
[2024-05-05 10:03:37,607] {processor.py:153} INFO - Started process (PID=2268) to work on /opt/conda/lib/python3.8/site-packages/airflow/example_dags/example_task_group_decorator.py
[2024-05-05 10:03:37,609] {processor.py:641} INFO - Processing file /opt/conda/lib/python3.8/site-packages/airflow/example_dags/example_task_group_decorator.py for tasks to queue
[2024-05-05 10:03:37,609] {logging_mixin.py:115} INFO - [2024-05-05 10:03:37,609] {dagbag.py:508} INFO - Filling up the DagBag from /opt/conda/lib/python3.8/site-packages/airflow/example_dags/example_task_group_decorator.py
[2024-05-05 10:03:37,635] {processor.py:651} INFO - DAG(s) dict_keys(['example_task_group_decorator']) retrieved from /opt/conda/lib/python3.8/site-packages/airflow/example_dags/example_task_group_decorator.py
[2024-05-05 10:03:37,673] {logging_mixin.py:115} INFO - [2024-05-05 10:03:37,673] {dag.py:2420} INFO - Sync 1 DAGs
[2024-05-05 10:03:37,689] {logging_mixin.py:115} INFO - [2024-05-05 10:03:37,689] {dag.py:2968} INFO - Setting next_dagrun for example_task_group_decorator to 2024-05-04T10:03:37.688829+00:00, run_after=2024-05-05T10:03:37.688829+00:00
[2024-05-05 10:03:37,713] {processor.py:161} INFO - Processing /opt/conda/lib/python3.8/site-packages/airflow/example_dags/example_task_group_decorator.py took 0.109 seconds
[2024-05-05 10:04:14,223] {processor.py:153} INFO - Started process (PID=2320) to work on /opt/conda/lib/python3.8/site-packages/airflow/example_dags/example_task_group_decorator.py
[2024-05-05 10:04:14,224] {processor.py:641} INFO - Processing file /opt/conda/lib/python3.8/site-packages/airflow/example_dags/example_task_group_decorator.py for tasks to queue
[2024-05-05 10:04:14,225] {logging_mixin.py:115} INFO - [2024-05-05 10:04:14,224] {dagbag.py:508} INFO - Filling up the DagBag from /opt/conda/lib/python3.8/site-packages/airflow/example_dags/example_task_group_decorator.py
[2024-05-05 10:04:14,252] {processor.py:651} INFO - DAG(s) dict_keys(['example_task_group_decorator']) retrieved from /opt/conda/lib/python3.8/site-packages/airflow/example_dags/example_task_group_decorator.py
[2024-05-05 10:04:14,271] {logging_mixin.py:115} INFO - [2024-05-05 10:04:14,271] {dag.py:2420} INFO - Sync 1 DAGs
[2024-05-05 10:04:14,289] {logging_mixin.py:115} INFO - [2024-05-05 10:04:14,289] {dag.py:2968} INFO - Setting next_dagrun for example_task_group_decorator to 2024-05-04T10:04:14.288764+00:00, run_after=2024-05-05T10:04:14.288764+00:00
[2024-05-05 10:04:14,312] {processor.py:161} INFO - Processing /opt/conda/lib/python3.8/site-packages/airflow/example_dags/example_task_group_decorator.py took 0.092 seconds
[2024-05-05 10:04:48,250] {processor.py:153} INFO - Started process (PID=2371) to work on /opt/conda/lib/python3.8/site-packages/airflow/example_dags/example_task_group_decorator.py
[2024-05-05 10:04:48,251] {processor.py:641} INFO - Processing file /opt/conda/lib/python3.8/site-packages/airflow/example_dags/example_task_group_decorator.py for tasks to queue
[2024-05-05 10:04:48,251] {logging_mixin.py:115} INFO - [2024-05-05 10:04:48,251] {dagbag.py:508} INFO - Filling up the DagBag from /opt/conda/lib/python3.8/site-packages/airflow/example_dags/example_task_group_decorator.py
[2024-05-05 10:04:48,280] {processor.py:651} INFO - DAG(s) dict_keys(['example_task_group_decorator']) retrieved from /opt/conda/lib/python3.8/site-packages/airflow/example_dags/example_task_group_decorator.py
[2024-05-05 10:04:48,299] {logging_mixin.py:115} INFO - [2024-05-05 10:04:48,299] {dag.py:2420} INFO - Sync 1 DAGs
[2024-05-05 10:04:48,316] {logging_mixin.py:115} INFO - [2024-05-05 10:04:48,315] {dag.py:2968} INFO - Setting next_dagrun for example_task_group_decorator to 2024-05-04T10:04:48.315739+00:00, run_after=2024-05-05T10:04:48.315739+00:00
[2024-05-05 10:04:48,335] {processor.py:161} INFO - Processing /opt/conda/lib/python3.8/site-packages/airflow/example_dags/example_task_group_decorator.py took 0.088 seconds
[2024-05-05 10:05:24,639] {processor.py:153} INFO - Started process (PID=2423) to work on /opt/conda/lib/python3.8/site-packages/airflow/example_dags/example_task_group_decorator.py
[2024-05-05 10:05:24,640] {processor.py:641} INFO - Processing file /opt/conda/lib/python3.8/site-packages/airflow/example_dags/example_task_group_decorator.py for tasks to queue
[2024-05-05 10:05:24,641] {logging_mixin.py:115} INFO - [2024-05-05 10:05:24,641] {dagbag.py:508} INFO - Filling up the DagBag from /opt/conda/lib/python3.8/site-packages/airflow/example_dags/example_task_group_decorator.py
[2024-05-05 10:05:24,668] {processor.py:651} INFO - DAG(s) dict_keys(['example_task_group_decorator']) retrieved from /opt/conda/lib/python3.8/site-packages/airflow/example_dags/example_task_group_decorator.py
[2024-05-05 10:05:24,683] {logging_mixin.py:115} INFO - [2024-05-05 10:05:24,683] {dag.py:2420} INFO - Sync 1 DAGs
[2024-05-05 10:05:24,696] {logging_mixin.py:115} INFO - [2024-05-05 10:05:24,696] {dag.py:2968} INFO - Setting next_dagrun for example_task_group_decorator to 2024-05-04T10:05:24.696230+00:00, run_after=2024-05-05T10:05:24.696230+00:00
[2024-05-05 10:05:24,715] {processor.py:161} INFO - Processing /opt/conda/lib/python3.8/site-packages/airflow/example_dags/example_task_group_decorator.py took 0.079 seconds
[2024-05-05 10:05:57,141] {processor.py:153} INFO - Started process (PID=2472) to work on /opt/conda/lib/python3.8/site-packages/airflow/example_dags/example_task_group_decorator.py
[2024-05-05 10:05:57,142] {processor.py:641} INFO - Processing file /opt/conda/lib/python3.8/site-packages/airflow/example_dags/example_task_group_decorator.py for tasks to queue
[2024-05-05 10:05:57,143] {logging_mixin.py:115} INFO - [2024-05-05 10:05:57,143] {dagbag.py:508} INFO - Filling up the DagBag from /opt/conda/lib/python3.8/site-packages/airflow/example_dags/example_task_group_decorator.py
[2024-05-05 10:05:57,167] {processor.py:651} INFO - DAG(s) dict_keys(['example_task_group_decorator']) retrieved from /opt/conda/lib/python3.8/site-packages/airflow/example_dags/example_task_group_decorator.py
[2024-05-05 10:05:57,182] {logging_mixin.py:115} INFO - [2024-05-05 10:05:57,181] {dag.py:2420} INFO - Sync 1 DAGs
[2024-05-05 10:05:57,194] {logging_mixin.py:115} INFO - [2024-05-05 10:05:57,194] {dag.py:2968} INFO - Setting next_dagrun for example_task_group_decorator to 2024-05-04T10:05:57.194414+00:00, run_after=2024-05-05T10:05:57.194414+00:00
[2024-05-05 10:05:57,212] {processor.py:161} INFO - Processing /opt/conda/lib/python3.8/site-packages/airflow/example_dags/example_task_group_decorator.py took 0.075 seconds
[2024-05-05 10:06:29,366] {processor.py:153} INFO - Started process (PID=2519) to work on /opt/conda/lib/python3.8/site-packages/airflow/example_dags/example_task_group_decorator.py
[2024-05-05 10:06:29,368] {processor.py:641} INFO - Processing file /opt/conda/lib/python3.8/site-packages/airflow/example_dags/example_task_group_decorator.py for tasks to queue
[2024-05-05 10:06:29,368] {logging_mixin.py:115} INFO - [2024-05-05 10:06:29,368] {dagbag.py:508} INFO - Filling up the DagBag from /opt/conda/lib/python3.8/site-packages/airflow/example_dags/example_task_group_decorator.py
[2024-05-05 10:06:29,396] {processor.py:651} INFO - DAG(s) dict_keys(['example_task_group_decorator']) retrieved from /opt/conda/lib/python3.8/site-packages/airflow/example_dags/example_task_group_decorator.py
[2024-05-05 10:06:29,414] {logging_mixin.py:115} INFO - [2024-05-05 10:06:29,414] {dag.py:2420} INFO - Sync 1 DAGs
[2024-05-05 10:06:29,431] {logging_mixin.py:115} INFO - [2024-05-05 10:06:29,431] {dag.py:2968} INFO - Setting next_dagrun for example_task_group_decorator to 2024-05-04T10:06:29.431313+00:00, run_after=2024-05-05T10:06:29.431313+00:00
[2024-05-05 10:06:29,452] {processor.py:161} INFO - Processing /opt/conda/lib/python3.8/site-packages/airflow/example_dags/example_task_group_decorator.py took 0.089 seconds
[2024-05-05 10:07:05,474] {processor.py:153} INFO - Started process (PID=2571) to work on /opt/conda/lib/python3.8/site-packages/airflow/example_dags/example_task_group_decorator.py
[2024-05-05 10:07:05,476] {processor.py:641} INFO - Processing file /opt/conda/lib/python3.8/site-packages/airflow/example_dags/example_task_group_decorator.py for tasks to queue
[2024-05-05 10:07:05,476] {logging_mixin.py:115} INFO - [2024-05-05 10:07:05,476] {dagbag.py:508} INFO - Filling up the DagBag from /opt/conda/lib/python3.8/site-packages/airflow/example_dags/example_task_group_decorator.py
[2024-05-05 10:07:05,506] {processor.py:651} INFO - DAG(s) dict_keys(['example_task_group_decorator']) retrieved from /opt/conda/lib/python3.8/site-packages/airflow/example_dags/example_task_group_decorator.py
[2024-05-05 10:07:05,526] {logging_mixin.py:115} INFO - [2024-05-05 10:07:05,526] {dag.py:2420} INFO - Sync 1 DAGs
[2024-05-05 10:07:05,543] {logging_mixin.py:115} INFO - [2024-05-05 10:07:05,543] {dag.py:2968} INFO - Setting next_dagrun for example_task_group_decorator to 2024-05-04T10:07:05.543603+00:00, run_after=2024-05-05T10:07:05.543603+00:00
[2024-05-05 10:07:05,569] {processor.py:161} INFO - Processing /opt/conda/lib/python3.8/site-packages/airflow/example_dags/example_task_group_decorator.py took 0.097 seconds
[2024-05-05 10:07:40,045] {processor.py:153} INFO - Started process (PID=2642) to work on /opt/conda/lib/python3.8/site-packages/airflow/example_dags/example_task_group_decorator.py
[2024-05-05 10:07:40,047] {processor.py:641} INFO - Processing file /opt/conda/lib/python3.8/site-packages/airflow/example_dags/example_task_group_decorator.py for tasks to queue
[2024-05-05 10:07:40,047] {logging_mixin.py:115} INFO - [2024-05-05 10:07:40,047] {dagbag.py:508} INFO - Filling up the DagBag from /opt/conda/lib/python3.8/site-packages/airflow/example_dags/example_task_group_decorator.py
[2024-05-05 10:07:40,072] {processor.py:651} INFO - DAG(s) dict_keys(['example_task_group_decorator']) retrieved from /opt/conda/lib/python3.8/site-packages/airflow/example_dags/example_task_group_decorator.py
[2024-05-05 10:07:40,107] {logging_mixin.py:115} INFO - [2024-05-05 10:07:40,107] {dag.py:2420} INFO - Sync 1 DAGs
[2024-05-05 10:07:40,120] {logging_mixin.py:115} INFO - [2024-05-05 10:07:40,119] {dag.py:2968} INFO - Setting next_dagrun for example_task_group_decorator to 2024-05-04T10:07:40.119756+00:00, run_after=2024-05-05T10:07:40.119756+00:00
[2024-05-05 10:07:40,139] {processor.py:161} INFO - Processing /opt/conda/lib/python3.8/site-packages/airflow/example_dags/example_task_group_decorator.py took 0.097 seconds
[2024-05-05 10:08:17,523] {processor.py:153} INFO - Started process (PID=2703) to work on /opt/conda/lib/python3.8/site-packages/airflow/example_dags/example_task_group_decorator.py
[2024-05-05 10:08:17,524] {processor.py:641} INFO - Processing file /opt/conda/lib/python3.8/site-packages/airflow/example_dags/example_task_group_decorator.py for tasks to queue
[2024-05-05 10:08:17,525] {logging_mixin.py:115} INFO - [2024-05-05 10:08:17,525] {dagbag.py:508} INFO - Filling up the DagBag from /opt/conda/lib/python3.8/site-packages/airflow/example_dags/example_task_group_decorator.py
[2024-05-05 10:08:17,552] {processor.py:651} INFO - DAG(s) dict_keys(['example_task_group_decorator']) retrieved from /opt/conda/lib/python3.8/site-packages/airflow/example_dags/example_task_group_decorator.py
[2024-05-05 10:08:17,589] {logging_mixin.py:115} INFO - [2024-05-05 10:08:17,589] {dag.py:2420} INFO - Sync 1 DAGs
[2024-05-05 10:08:17,601] {logging_mixin.py:115} INFO - [2024-05-05 10:08:17,601] {dag.py:2968} INFO - Setting next_dagrun for example_task_group_decorator to 2024-05-04T10:08:17.600935+00:00, run_after=2024-05-05T10:08:17.600935+00:00
[2024-05-05 10:08:17,621] {processor.py:161} INFO - Processing /opt/conda/lib/python3.8/site-packages/airflow/example_dags/example_task_group_decorator.py took 0.102 seconds
[2024-05-05 10:08:55,011] {processor.py:153} INFO - Started process (PID=2755) to work on /opt/conda/lib/python3.8/site-packages/airflow/example_dags/example_task_group_decorator.py
[2024-05-05 10:08:55,012] {processor.py:641} INFO - Processing file /opt/conda/lib/python3.8/site-packages/airflow/example_dags/example_task_group_decorator.py for tasks to queue
[2024-05-05 10:08:55,013] {logging_mixin.py:115} INFO - [2024-05-05 10:08:55,013] {dagbag.py:508} INFO - Filling up the DagBag from /opt/conda/lib/python3.8/site-packages/airflow/example_dags/example_task_group_decorator.py
[2024-05-05 10:08:55,037] {processor.py:651} INFO - DAG(s) dict_keys(['example_task_group_decorator']) retrieved from /opt/conda/lib/python3.8/site-packages/airflow/example_dags/example_task_group_decorator.py
[2024-05-05 10:08:55,074] {logging_mixin.py:115} INFO - [2024-05-05 10:08:55,073] {dag.py:2420} INFO - Sync 1 DAGs
[2024-05-05 10:08:55,085] {logging_mixin.py:115} INFO - [2024-05-05 10:08:55,085] {dag.py:2968} INFO - Setting next_dagrun for example_task_group_decorator to 2024-05-04T10:08:55.085079+00:00, run_after=2024-05-05T10:08:55.085079+00:00
[2024-05-05 10:08:55,106] {processor.py:161} INFO - Processing /opt/conda/lib/python3.8/site-packages/airflow/example_dags/example_task_group_decorator.py took 0.098 seconds
[2024-05-05 10:09:28,436] {processor.py:153} INFO - Started process (PID=2802) to work on /opt/conda/lib/python3.8/site-packages/airflow/example_dags/example_task_group_decorator.py
[2024-05-05 10:09:28,436] {processor.py:641} INFO - Processing file /opt/conda/lib/python3.8/site-packages/airflow/example_dags/example_task_group_decorator.py for tasks to queue
[2024-05-05 10:09:28,437] {logging_mixin.py:115} INFO - [2024-05-05 10:09:28,436] {dagbag.py:508} INFO - Filling up the DagBag from /opt/conda/lib/python3.8/site-packages/airflow/example_dags/example_task_group_decorator.py
[2024-05-05 10:09:28,464] {processor.py:651} INFO - DAG(s) dict_keys(['example_task_group_decorator']) retrieved from /opt/conda/lib/python3.8/site-packages/airflow/example_dags/example_task_group_decorator.py
[2024-05-05 10:09:28,481] {logging_mixin.py:115} INFO - [2024-05-05 10:09:28,481] {dag.py:2420} INFO - Sync 1 DAGs
[2024-05-05 10:09:28,498] {logging_mixin.py:115} INFO - [2024-05-05 10:09:28,498] {dag.py:2968} INFO - Setting next_dagrun for example_task_group_decorator to 2024-05-04T10:09:28.498417+00:00, run_after=2024-05-05T10:09:28.498417+00:00
[2024-05-05 10:09:28,517] {processor.py:161} INFO - Processing /opt/conda/lib/python3.8/site-packages/airflow/example_dags/example_task_group_decorator.py took 0.085 seconds
[2024-05-05 10:10:04,086] {processor.py:153} INFO - Started process (PID=2853) to work on /opt/conda/lib/python3.8/site-packages/airflow/example_dags/example_task_group_decorator.py
[2024-05-05 10:10:04,087] {processor.py:641} INFO - Processing file /opt/conda/lib/python3.8/site-packages/airflow/example_dags/example_task_group_decorator.py for tasks to queue
[2024-05-05 10:10:04,087] {logging_mixin.py:115} INFO - [2024-05-05 10:10:04,087] {dagbag.py:508} INFO - Filling up the DagBag from /opt/conda/lib/python3.8/site-packages/airflow/example_dags/example_task_group_decorator.py
[2024-05-05 10:10:04,112] {processor.py:651} INFO - DAG(s) dict_keys(['example_task_group_decorator']) retrieved from /opt/conda/lib/python3.8/site-packages/airflow/example_dags/example_task_group_decorator.py
[2024-05-05 10:10:04,127] {logging_mixin.py:115} INFO - [2024-05-05 10:10:04,126] {dag.py:2420} INFO - Sync 1 DAGs
[2024-05-05 10:10:04,139] {logging_mixin.py:115} INFO - [2024-05-05 10:10:04,139] {dag.py:2968} INFO - Setting next_dagrun for example_task_group_decorator to 2024-05-04T10:10:04.139472+00:00, run_after=2024-05-05T10:10:04.139472+00:00
[2024-05-05 10:10:04,157] {processor.py:161} INFO - Processing /opt/conda/lib/python3.8/site-packages/airflow/example_dags/example_task_group_decorator.py took 0.075 seconds
[2024-05-05 10:10:38,026] {processor.py:153} INFO - Started process (PID=2903) to work on /opt/conda/lib/python3.8/site-packages/airflow/example_dags/example_task_group_decorator.py
[2024-05-05 10:10:38,027] {processor.py:641} INFO - Processing file /opt/conda/lib/python3.8/site-packages/airflow/example_dags/example_task_group_decorator.py for tasks to queue
[2024-05-05 10:10:38,028] {logging_mixin.py:115} INFO - [2024-05-05 10:10:38,028] {dagbag.py:508} INFO - Filling up the DagBag from /opt/conda/lib/python3.8/site-packages/airflow/example_dags/example_task_group_decorator.py
[2024-05-05 10:10:38,055] {processor.py:651} INFO - DAG(s) dict_keys(['example_task_group_decorator']) retrieved from /opt/conda/lib/python3.8/site-packages/airflow/example_dags/example_task_group_decorator.py
[2024-05-05 10:10:38,074] {logging_mixin.py:115} INFO - [2024-05-05 10:10:38,073] {dag.py:2420} INFO - Sync 1 DAGs
[2024-05-05 10:10:38,091] {logging_mixin.py:115} INFO - [2024-05-05 10:10:38,091] {dag.py:2968} INFO - Setting next_dagrun for example_task_group_decorator to 2024-05-04T10:10:38.090971+00:00, run_after=2024-05-05T10:10:38.090971+00:00
[2024-05-05 10:10:38,112] {processor.py:161} INFO - Processing /opt/conda/lib/python3.8/site-packages/airflow/example_dags/example_task_group_decorator.py took 0.089 seconds
[2024-05-05 10:11:13,775] {processor.py:153} INFO - Started process (PID=2955) to work on /opt/conda/lib/python3.8/site-packages/airflow/example_dags/example_task_group_decorator.py
[2024-05-05 10:11:13,776] {processor.py:641} INFO - Processing file /opt/conda/lib/python3.8/site-packages/airflow/example_dags/example_task_group_decorator.py for tasks to queue
[2024-05-05 10:11:13,777] {logging_mixin.py:115} INFO - [2024-05-05 10:11:13,777] {dagbag.py:508} INFO - Filling up the DagBag from /opt/conda/lib/python3.8/site-packages/airflow/example_dags/example_task_group_decorator.py
[2024-05-05 10:11:13,801] {processor.py:651} INFO - DAG(s) dict_keys(['example_task_group_decorator']) retrieved from /opt/conda/lib/python3.8/site-packages/airflow/example_dags/example_task_group_decorator.py
[2024-05-05 10:11:13,815] {logging_mixin.py:115} INFO - [2024-05-05 10:11:13,815] {dag.py:2420} INFO - Sync 1 DAGs
[2024-05-05 10:11:13,828] {logging_mixin.py:115} INFO - [2024-05-05 10:11:13,828] {dag.py:2968} INFO - Setting next_dagrun for example_task_group_decorator to 2024-05-04T10:11:13.828252+00:00, run_after=2024-05-05T10:11:13.828252+00:00
[2024-05-05 10:11:13,847] {processor.py:161} INFO - Processing /opt/conda/lib/python3.8/site-packages/airflow/example_dags/example_task_group_decorator.py took 0.075 seconds
[2024-05-05 10:11:49,897] {processor.py:153} INFO - Started process (PID=3006) to work on /opt/conda/lib/python3.8/site-packages/airflow/example_dags/example_task_group_decorator.py
[2024-05-05 10:11:49,899] {processor.py:641} INFO - Processing file /opt/conda/lib/python3.8/site-packages/airflow/example_dags/example_task_group_decorator.py for tasks to queue
[2024-05-05 10:11:49,900] {logging_mixin.py:115} INFO - [2024-05-05 10:11:49,900] {dagbag.py:508} INFO - Filling up the DagBag from /opt/conda/lib/python3.8/site-packages/airflow/example_dags/example_task_group_decorator.py
[2024-05-05 10:11:49,927] {processor.py:651} INFO - DAG(s) dict_keys(['example_task_group_decorator']) retrieved from /opt/conda/lib/python3.8/site-packages/airflow/example_dags/example_task_group_decorator.py
[2024-05-05 10:11:49,945] {logging_mixin.py:115} INFO - [2024-05-05 10:11:49,945] {dag.py:2420} INFO - Sync 1 DAGs
[2024-05-05 10:11:49,962] {logging_mixin.py:115} INFO - [2024-05-05 10:11:49,962] {dag.py:2968} INFO - Setting next_dagrun for example_task_group_decorator to 2024-05-04T10:11:49.962387+00:00, run_after=2024-05-05T10:11:49.962387+00:00
[2024-05-05 10:11:49,983] {processor.py:161} INFO - Processing /opt/conda/lib/python3.8/site-packages/airflow/example_dags/example_task_group_decorator.py took 0.089 seconds
[2024-05-05 10:12:26,450] {processor.py:153} INFO - Started process (PID=3058) to work on /opt/conda/lib/python3.8/site-packages/airflow/example_dags/example_task_group_decorator.py
[2024-05-05 10:12:26,451] {processor.py:641} INFO - Processing file /opt/conda/lib/python3.8/site-packages/airflow/example_dags/example_task_group_decorator.py for tasks to queue
[2024-05-05 10:12:26,452] {logging_mixin.py:115} INFO - [2024-05-05 10:12:26,452] {dagbag.py:508} INFO - Filling up the DagBag from /opt/conda/lib/python3.8/site-packages/airflow/example_dags/example_task_group_decorator.py
[2024-05-05 10:12:26,480] {processor.py:651} INFO - DAG(s) dict_keys(['example_task_group_decorator']) retrieved from /opt/conda/lib/python3.8/site-packages/airflow/example_dags/example_task_group_decorator.py
[2024-05-05 10:12:26,499] {logging_mixin.py:115} INFO - [2024-05-05 10:12:26,499] {dag.py:2420} INFO - Sync 1 DAGs
[2024-05-05 10:12:26,518] {logging_mixin.py:115} INFO - [2024-05-05 10:12:26,517] {dag.py:2968} INFO - Setting next_dagrun for example_task_group_decorator to 2024-05-04T10:12:26.517571+00:00, run_after=2024-05-05T10:12:26.517571+00:00
[2024-05-05 10:12:26,538] {processor.py:161} INFO - Processing /opt/conda/lib/python3.8/site-packages/airflow/example_dags/example_task_group_decorator.py took 0.092 seconds
[2024-05-05 10:12:57,182] {processor.py:153} INFO - Started process (PID=3105) to work on /opt/conda/lib/python3.8/site-packages/airflow/example_dags/example_task_group_decorator.py
[2024-05-05 10:12:57,183] {processor.py:641} INFO - Processing file /opt/conda/lib/python3.8/site-packages/airflow/example_dags/example_task_group_decorator.py for tasks to queue
[2024-05-05 10:12:57,183] {logging_mixin.py:115} INFO - [2024-05-05 10:12:57,183] {dagbag.py:508} INFO - Filling up the DagBag from /opt/conda/lib/python3.8/site-packages/airflow/example_dags/example_task_group_decorator.py
[2024-05-05 10:12:57,206] {processor.py:651} INFO - DAG(s) dict_keys(['example_task_group_decorator']) retrieved from /opt/conda/lib/python3.8/site-packages/airflow/example_dags/example_task_group_decorator.py
[2024-05-05 10:12:57,220] {logging_mixin.py:115} INFO - [2024-05-05 10:12:57,220] {dag.py:2420} INFO - Sync 1 DAGs
[2024-05-05 10:12:57,233] {logging_mixin.py:115} INFO - [2024-05-05 10:12:57,233] {dag.py:2968} INFO - Setting next_dagrun for example_task_group_decorator to 2024-05-04T10:12:57.233275+00:00, run_after=2024-05-05T10:12:57.233275+00:00
[2024-05-05 10:12:57,252] {processor.py:161} INFO - Processing /opt/conda/lib/python3.8/site-packages/airflow/example_dags/example_task_group_decorator.py took 0.073 seconds
[2024-05-05 10:13:30,014] {processor.py:153} INFO - Started process (PID=3152) to work on /opt/conda/lib/python3.8/site-packages/airflow/example_dags/example_task_group_decorator.py
[2024-05-05 10:13:30,015] {processor.py:641} INFO - Processing file /opt/conda/lib/python3.8/site-packages/airflow/example_dags/example_task_group_decorator.py for tasks to queue
[2024-05-05 10:13:30,015] {logging_mixin.py:115} INFO - [2024-05-05 10:13:30,015] {dagbag.py:508} INFO - Filling up the DagBag from /opt/conda/lib/python3.8/site-packages/airflow/example_dags/example_task_group_decorator.py
[2024-05-05 10:13:30,040] {processor.py:651} INFO - DAG(s) dict_keys(['example_task_group_decorator']) retrieved from /opt/conda/lib/python3.8/site-packages/airflow/example_dags/example_task_group_decorator.py
[2024-05-05 10:13:30,076] {logging_mixin.py:115} INFO - [2024-05-05 10:13:30,076] {dag.py:2420} INFO - Sync 1 DAGs
[2024-05-05 10:13:30,088] {logging_mixin.py:115} INFO - [2024-05-05 10:13:30,087] {dag.py:2968} INFO - Setting next_dagrun for example_task_group_decorator to 2024-05-04T10:13:30.087751+00:00, run_after=2024-05-05T10:13:30.087751+00:00
[2024-05-05 10:13:30,107] {processor.py:161} INFO - Processing /opt/conda/lib/python3.8/site-packages/airflow/example_dags/example_task_group_decorator.py took 0.096 seconds
[2024-05-05 10:14:07,938] {processor.py:153} INFO - Started process (PID=3203) to work on /opt/conda/lib/python3.8/site-packages/airflow/example_dags/example_task_group_decorator.py
[2024-05-05 10:14:07,940] {processor.py:641} INFO - Processing file /opt/conda/lib/python3.8/site-packages/airflow/example_dags/example_task_group_decorator.py for tasks to queue
[2024-05-05 10:14:07,940] {logging_mixin.py:115} INFO - [2024-05-05 10:14:07,940] {dagbag.py:508} INFO - Filling up the DagBag from /opt/conda/lib/python3.8/site-packages/airflow/example_dags/example_task_group_decorator.py
[2024-05-05 10:14:07,968] {processor.py:651} INFO - DAG(s) dict_keys(['example_task_group_decorator']) retrieved from /opt/conda/lib/python3.8/site-packages/airflow/example_dags/example_task_group_decorator.py
[2024-05-05 10:14:08,017] {logging_mixin.py:115} INFO - [2024-05-05 10:14:08,017] {dag.py:2420} INFO - Sync 1 DAGs
[2024-05-05 10:14:08,030] {logging_mixin.py:115} INFO - [2024-05-05 10:14:08,030] {dag.py:2968} INFO - Setting next_dagrun for example_task_group_decorator to 2024-05-04T10:14:08.030041+00:00, run_after=2024-05-05T10:14:08.030041+00:00
[2024-05-05 10:14:08,095] {processor.py:161} INFO - Processing /opt/conda/lib/python3.8/site-packages/airflow/example_dags/example_task_group_decorator.py took 0.160 seconds
[2024-05-05 10:14:41,562] {processor.py:153} INFO - Started process (PID=3252) to work on /opt/conda/lib/python3.8/site-packages/airflow/example_dags/example_task_group_decorator.py
[2024-05-05 10:14:41,563] {processor.py:641} INFO - Processing file /opt/conda/lib/python3.8/site-packages/airflow/example_dags/example_task_group_decorator.py for tasks to queue
[2024-05-05 10:14:41,564] {logging_mixin.py:115} INFO - [2024-05-05 10:14:41,564] {dagbag.py:508} INFO - Filling up the DagBag from /opt/conda/lib/python3.8/site-packages/airflow/example_dags/example_task_group_decorator.py
[2024-05-05 10:14:41,588] {processor.py:651} INFO - DAG(s) dict_keys(['example_task_group_decorator']) retrieved from /opt/conda/lib/python3.8/site-packages/airflow/example_dags/example_task_group_decorator.py
[2024-05-05 10:14:41,602] {logging_mixin.py:115} INFO - [2024-05-05 10:14:41,602] {dag.py:2420} INFO - Sync 1 DAGs
[2024-05-05 10:14:41,615] {logging_mixin.py:115} INFO - [2024-05-05 10:14:41,615] {dag.py:2968} INFO - Setting next_dagrun for example_task_group_decorator to 2024-05-04T10:14:41.615271+00:00, run_after=2024-05-05T10:14:41.615271+00:00
[2024-05-05 10:14:41,633] {processor.py:161} INFO - Processing /opt/conda/lib/python3.8/site-packages/airflow/example_dags/example_task_group_decorator.py took 0.074 seconds
[2024-05-05 10:15:20,722] {processor.py:153} INFO - Started process (PID=3313) to work on /opt/conda/lib/python3.8/site-packages/airflow/example_dags/example_task_group_decorator.py
[2024-05-05 10:15:20,724] {processor.py:641} INFO - Processing file /opt/conda/lib/python3.8/site-packages/airflow/example_dags/example_task_group_decorator.py for tasks to queue
[2024-05-05 10:15:20,724] {logging_mixin.py:115} INFO - [2024-05-05 10:15:20,724] {dagbag.py:508} INFO - Filling up the DagBag from /opt/conda/lib/python3.8/site-packages/airflow/example_dags/example_task_group_decorator.py
[2024-05-05 10:15:20,749] {processor.py:651} INFO - DAG(s) dict_keys(['example_task_group_decorator']) retrieved from /opt/conda/lib/python3.8/site-packages/airflow/example_dags/example_task_group_decorator.py
[2024-05-05 10:15:20,763] {logging_mixin.py:115} INFO - [2024-05-05 10:15:20,763] {dag.py:2420} INFO - Sync 1 DAGs
[2024-05-05 10:15:20,776] {logging_mixin.py:115} INFO - [2024-05-05 10:15:20,775] {dag.py:2968} INFO - Setting next_dagrun for example_task_group_decorator to 2024-05-04T10:15:20.775789+00:00, run_after=2024-05-05T10:15:20.775789+00:00
[2024-05-05 10:15:20,795] {processor.py:161} INFO - Processing /opt/conda/lib/python3.8/site-packages/airflow/example_dags/example_task_group_decorator.py took 0.075 seconds
[2024-05-05 10:15:58,903] {processor.py:153} INFO - Started process (PID=3374) to work on /opt/conda/lib/python3.8/site-packages/airflow/example_dags/example_task_group_decorator.py
[2024-05-05 10:15:58,904] {processor.py:641} INFO - Processing file /opt/conda/lib/python3.8/site-packages/airflow/example_dags/example_task_group_decorator.py for tasks to queue
[2024-05-05 10:15:58,905] {logging_mixin.py:115} INFO - [2024-05-05 10:15:58,905] {dagbag.py:508} INFO - Filling up the DagBag from /opt/conda/lib/python3.8/site-packages/airflow/example_dags/example_task_group_decorator.py
[2024-05-05 10:15:58,929] {processor.py:651} INFO - DAG(s) dict_keys(['example_task_group_decorator']) retrieved from /opt/conda/lib/python3.8/site-packages/airflow/example_dags/example_task_group_decorator.py
[2024-05-05 10:15:58,944] {logging_mixin.py:115} INFO - [2024-05-05 10:15:58,944] {dag.py:2420} INFO - Sync 1 DAGs
[2024-05-05 10:15:58,956] {logging_mixin.py:115} INFO - [2024-05-05 10:15:58,956] {dag.py:2968} INFO - Setting next_dagrun for example_task_group_decorator to 2024-05-04T10:15:58.956695+00:00, run_after=2024-05-05T10:15:58.956695+00:00
[2024-05-05 10:15:58,975] {processor.py:161} INFO - Processing /opt/conda/lib/python3.8/site-packages/airflow/example_dags/example_task_group_decorator.py took 0.075 seconds
[2024-05-05 10:16:33,729] {processor.py:153} INFO - Started process (PID=3426) to work on /opt/conda/lib/python3.8/site-packages/airflow/example_dags/example_task_group_decorator.py
[2024-05-05 10:16:33,730] {processor.py:641} INFO - Processing file /opt/conda/lib/python3.8/site-packages/airflow/example_dags/example_task_group_decorator.py for tasks to queue
[2024-05-05 10:16:33,730] {logging_mixin.py:115} INFO - [2024-05-05 10:16:33,730] {dagbag.py:508} INFO - Filling up the DagBag from /opt/conda/lib/python3.8/site-packages/airflow/example_dags/example_task_group_decorator.py
[2024-05-05 10:16:33,754] {processor.py:651} INFO - DAG(s) dict_keys(['example_task_group_decorator']) retrieved from /opt/conda/lib/python3.8/site-packages/airflow/example_dags/example_task_group_decorator.py
[2024-05-05 10:16:33,768] {logging_mixin.py:115} INFO - [2024-05-05 10:16:33,768] {dag.py:2420} INFO - Sync 1 DAGs
[2024-05-05 10:16:33,781] {logging_mixin.py:115} INFO - [2024-05-05 10:16:33,781] {dag.py:2968} INFO - Setting next_dagrun for example_task_group_decorator to 2024-05-04T10:16:33.780920+00:00, run_after=2024-05-05T10:16:33.780920+00:00
[2024-05-05 10:16:33,799] {processor.py:161} INFO - Processing /opt/conda/lib/python3.8/site-packages/airflow/example_dags/example_task_group_decorator.py took 0.073 seconds
[2024-05-05 10:17:09,886] {processor.py:153} INFO - Started process (PID=3477) to work on /opt/conda/lib/python3.8/site-packages/airflow/example_dags/example_task_group_decorator.py
[2024-05-05 10:17:09,888] {processor.py:641} INFO - Processing file /opt/conda/lib/python3.8/site-packages/airflow/example_dags/example_task_group_decorator.py for tasks to queue
[2024-05-05 10:17:09,888] {logging_mixin.py:115} INFO - [2024-05-05 10:17:09,888] {dagbag.py:508} INFO - Filling up the DagBag from /opt/conda/lib/python3.8/site-packages/airflow/example_dags/example_task_group_decorator.py
[2024-05-05 10:17:09,915] {processor.py:651} INFO - DAG(s) dict_keys(['example_task_group_decorator']) retrieved from /opt/conda/lib/python3.8/site-packages/airflow/example_dags/example_task_group_decorator.py
[2024-05-05 10:17:09,934] {logging_mixin.py:115} INFO - [2024-05-05 10:17:09,933] {dag.py:2420} INFO - Sync 1 DAGs
[2024-05-05 10:17:09,951] {logging_mixin.py:115} INFO - [2024-05-05 10:17:09,951] {dag.py:2968} INFO - Setting next_dagrun for example_task_group_decorator to 2024-05-04T10:17:09.950854+00:00, run_after=2024-05-05T10:17:09.950854+00:00
[2024-05-05 10:17:09,972] {processor.py:161} INFO - Processing /opt/conda/lib/python3.8/site-packages/airflow/example_dags/example_task_group_decorator.py took 0.089 seconds
[2024-05-05 10:17:42,087] {processor.py:153} INFO - Started process (PID=3525) to work on /opt/conda/lib/python3.8/site-packages/airflow/example_dags/example_task_group_decorator.py
[2024-05-05 10:17:42,088] {processor.py:641} INFO - Processing file /opt/conda/lib/python3.8/site-packages/airflow/example_dags/example_task_group_decorator.py for tasks to queue
[2024-05-05 10:17:42,089] {logging_mixin.py:115} INFO - [2024-05-05 10:17:42,089] {dagbag.py:508} INFO - Filling up the DagBag from /opt/conda/lib/python3.8/site-packages/airflow/example_dags/example_task_group_decorator.py
[2024-05-05 10:17:42,116] {processor.py:651} INFO - DAG(s) dict_keys(['example_task_group_decorator']) retrieved from /opt/conda/lib/python3.8/site-packages/airflow/example_dags/example_task_group_decorator.py
[2024-05-05 10:17:42,134] {logging_mixin.py:115} INFO - [2024-05-05 10:17:42,134] {dag.py:2420} INFO - Sync 1 DAGs
[2024-05-05 10:17:42,152] {logging_mixin.py:115} INFO - [2024-05-05 10:17:42,152] {dag.py:2968} INFO - Setting next_dagrun for example_task_group_decorator to 2024-05-04T10:17:42.151979+00:00, run_after=2024-05-05T10:17:42.151979+00:00
[2024-05-05 10:17:42,173] {processor.py:161} INFO - Processing /opt/conda/lib/python3.8/site-packages/airflow/example_dags/example_task_group_decorator.py took 0.089 seconds
[2024-05-05 10:18:14,491] {processor.py:153} INFO - Started process (PID=3572) to work on /opt/conda/lib/python3.8/site-packages/airflow/example_dags/example_task_group_decorator.py
[2024-05-05 10:18:14,492] {processor.py:641} INFO - Processing file /opt/conda/lib/python3.8/site-packages/airflow/example_dags/example_task_group_decorator.py for tasks to queue
[2024-05-05 10:18:14,492] {logging_mixin.py:115} INFO - [2024-05-05 10:18:14,492] {dagbag.py:508} INFO - Filling up the DagBag from /opt/conda/lib/python3.8/site-packages/airflow/example_dags/example_task_group_decorator.py
[2024-05-05 10:18:14,519] {processor.py:651} INFO - DAG(s) dict_keys(['example_task_group_decorator']) retrieved from /opt/conda/lib/python3.8/site-packages/airflow/example_dags/example_task_group_decorator.py
[2024-05-05 10:18:14,538] {logging_mixin.py:115} INFO - [2024-05-05 10:18:14,538] {dag.py:2420} INFO - Sync 1 DAGs
[2024-05-05 10:18:14,555] {logging_mixin.py:115} INFO - [2024-05-05 10:18:14,555] {dag.py:2968} INFO - Setting next_dagrun for example_task_group_decorator to 2024-05-04T10:18:14.555207+00:00, run_after=2024-05-05T10:18:14.555207+00:00
[2024-05-05 10:18:14,576] {processor.py:161} INFO - Processing /opt/conda/lib/python3.8/site-packages/airflow/example_dags/example_task_group_decorator.py took 0.088 seconds
