[2024-05-05 09:48:25,698] {processor.py:153} INFO - Started process (PID=927) to work on /opt/conda/lib/python3.8/site-packages/airflow/example_dags/example_skip_dag.py
[2024-05-05 09:48:25,698] {processor.py:641} INFO - Processing file /opt/conda/lib/python3.8/site-packages/airflow/example_dags/example_skip_dag.py for tasks to queue
[2024-05-05 09:48:25,699] {logging_mixin.py:115} INFO - [2024-05-05 09:48:25,699] {dagbag.py:508} INFO - Filling up the DagBag from /opt/conda/lib/python3.8/site-packages/airflow/example_dags/example_skip_dag.py
[2024-05-05 09:48:25,704] {processor.py:651} INFO - DAG(s) dict_keys(['example_skip_dag']) retrieved from /opt/conda/lib/python3.8/site-packages/airflow/example_dags/example_skip_dag.py
[2024-05-05 09:48:25,890] {logging_mixin.py:115} INFO - [2024-05-05 09:48:25,890] {manager.py:508} INFO - Created Permission View: can read on DAG:example_skip_dag
[2024-05-05 09:48:25,916] {logging_mixin.py:115} INFO - [2024-05-05 09:48:25,916] {manager.py:508} INFO - Created Permission View: can edit on DAG:example_skip_dag
[2024-05-05 09:48:25,932] {logging_mixin.py:115} INFO - [2024-05-05 09:48:25,932] {manager.py:508} INFO - Created Permission View: can delete on DAG:example_skip_dag
[2024-05-05 09:48:25,932] {logging_mixin.py:115} INFO - [2024-05-05 09:48:25,932] {dag.py:2420} INFO - Sync 1 DAGs
[2024-05-05 09:48:25,937] {logging_mixin.py:115} INFO - [2024-05-05 09:48:25,937] {dag.py:2439} INFO - Creating ORM DAG for example_skip_dag
[2024-05-05 09:48:25,943] {logging_mixin.py:115} INFO - [2024-05-05 09:48:25,943] {dag.py:2968} INFO - Setting next_dagrun for example_skip_dag to 2024-05-04T09:48:25.943730+00:00, run_after=2024-05-05T09:48:25.943730+00:00
[2024-05-05 09:48:25,967] {processor.py:161} INFO - Processing /opt/conda/lib/python3.8/site-packages/airflow/example_dags/example_skip_dag.py took 0.272 seconds
[2024-05-05 09:49:12,471] {processor.py:153} INFO - Started process (PID=979) to work on /opt/conda/lib/python3.8/site-packages/airflow/example_dags/example_skip_dag.py
[2024-05-05 09:49:12,473] {processor.py:641} INFO - Processing file /opt/conda/lib/python3.8/site-packages/airflow/example_dags/example_skip_dag.py for tasks to queue
[2024-05-05 09:49:12,473] {logging_mixin.py:115} INFO - [2024-05-05 09:49:12,473] {dagbag.py:508} INFO - Filling up the DagBag from /opt/conda/lib/python3.8/site-packages/airflow/example_dags/example_skip_dag.py
[2024-05-05 09:49:12,479] {processor.py:651} INFO - DAG(s) dict_keys(['example_skip_dag']) retrieved from /opt/conda/lib/python3.8/site-packages/airflow/example_dags/example_skip_dag.py
[2024-05-05 09:49:12,498] {logging_mixin.py:115} INFO - [2024-05-05 09:49:12,498] {dag.py:2420} INFO - Sync 1 DAGs
[2024-05-05 09:49:12,650] {logging_mixin.py:115} INFO - [2024-05-05 09:49:12,650] {dag.py:2968} INFO - Setting next_dagrun for example_skip_dag to 2024-05-04T09:49:12.650068+00:00, run_after=2024-05-05T09:49:12.650068+00:00
[2024-05-05 09:49:12,673] {processor.py:161} INFO - Processing /opt/conda/lib/python3.8/site-packages/airflow/example_dags/example_skip_dag.py took 0.205 seconds
[2024-05-05 09:49:55,674] {processor.py:153} INFO - Started process (PID=1031) to work on /opt/conda/lib/python3.8/site-packages/airflow/example_dags/example_skip_dag.py
[2024-05-05 09:49:55,675] {processor.py:641} INFO - Processing file /opt/conda/lib/python3.8/site-packages/airflow/example_dags/example_skip_dag.py for tasks to queue
[2024-05-05 09:49:55,676] {logging_mixin.py:115} INFO - [2024-05-05 09:49:55,676] {dagbag.py:508} INFO - Filling up the DagBag from /opt/conda/lib/python3.8/site-packages/airflow/example_dags/example_skip_dag.py
[2024-05-05 09:49:55,681] {processor.py:651} INFO - DAG(s) dict_keys(['example_skip_dag']) retrieved from /opt/conda/lib/python3.8/site-packages/airflow/example_dags/example_skip_dag.py
[2024-05-05 09:49:55,697] {logging_mixin.py:115} INFO - [2024-05-05 09:49:55,697] {dag.py:2420} INFO - Sync 1 DAGs
[2024-05-05 09:49:55,813] {logging_mixin.py:115} INFO - [2024-05-05 09:49:55,813] {dag.py:2968} INFO - Setting next_dagrun for example_skip_dag to 2024-05-04T09:49:55.813429+00:00, run_after=2024-05-05T09:49:55.813429+00:00
[2024-05-05 09:49:55,960] {processor.py:161} INFO - Processing /opt/conda/lib/python3.8/site-packages/airflow/example_dags/example_skip_dag.py took 0.289 seconds
[2024-05-05 09:52:08,497] {processor.py:153} INFO - Started process (PID=1336) to work on /opt/conda/lib/python3.8/site-packages/airflow/example_dags/example_skip_dag.py
[2024-05-05 09:52:08,498] {processor.py:641} INFO - Processing file /opt/conda/lib/python3.8/site-packages/airflow/example_dags/example_skip_dag.py for tasks to queue
[2024-05-05 09:52:08,499] {logging_mixin.py:115} INFO - [2024-05-05 09:52:08,499] {dagbag.py:508} INFO - Filling up the DagBag from /opt/conda/lib/python3.8/site-packages/airflow/example_dags/example_skip_dag.py
[2024-05-05 09:52:08,504] {processor.py:651} INFO - DAG(s) dict_keys(['example_skip_dag']) retrieved from /opt/conda/lib/python3.8/site-packages/airflow/example_dags/example_skip_dag.py
[2024-05-05 09:52:08,521] {logging_mixin.py:115} INFO - [2024-05-05 09:52:08,521] {dag.py:2420} INFO - Sync 1 DAGs
[2024-05-05 09:52:08,642] {logging_mixin.py:115} INFO - [2024-05-05 09:52:08,642] {dag.py:2968} INFO - Setting next_dagrun for example_skip_dag to 2024-05-04T09:52:08.641935+00:00, run_after=2024-05-05T09:52:08.641935+00:00
[2024-05-05 09:52:08,664] {processor.py:161} INFO - Processing /opt/conda/lib/python3.8/site-packages/airflow/example_dags/example_skip_dag.py took 0.170 seconds
[2024-05-05 09:52:51,629] {processor.py:153} INFO - Started process (PID=1386) to work on /opt/conda/lib/python3.8/site-packages/airflow/example_dags/example_skip_dag.py
[2024-05-05 09:52:51,631] {processor.py:641} INFO - Processing file /opt/conda/lib/python3.8/site-packages/airflow/example_dags/example_skip_dag.py for tasks to queue
[2024-05-05 09:52:51,632] {logging_mixin.py:115} INFO - [2024-05-05 09:52:51,631] {dagbag.py:508} INFO - Filling up the DagBag from /opt/conda/lib/python3.8/site-packages/airflow/example_dags/example_skip_dag.py
[2024-05-05 09:52:51,637] {processor.py:651} INFO - DAG(s) dict_keys(['example_skip_dag']) retrieved from /opt/conda/lib/python3.8/site-packages/airflow/example_dags/example_skip_dag.py
[2024-05-05 09:52:51,656] {logging_mixin.py:115} INFO - [2024-05-05 09:52:51,656] {dag.py:2420} INFO - Sync 1 DAGs
[2024-05-05 09:52:51,794] {logging_mixin.py:115} INFO - [2024-05-05 09:52:51,794] {dag.py:2968} INFO - Setting next_dagrun for example_skip_dag to 2024-05-04T09:52:51.794618+00:00, run_after=2024-05-05T09:52:51.794618+00:00
[2024-05-05 09:52:51,815] {processor.py:161} INFO - Processing /opt/conda/lib/python3.8/site-packages/airflow/example_dags/example_skip_dag.py took 0.188 seconds
[2024-05-05 09:53:35,121] {processor.py:153} INFO - Started process (PID=1438) to work on /opt/conda/lib/python3.8/site-packages/airflow/example_dags/example_skip_dag.py
[2024-05-05 09:53:35,123] {processor.py:641} INFO - Processing file /opt/conda/lib/python3.8/site-packages/airflow/example_dags/example_skip_dag.py for tasks to queue
[2024-05-05 09:53:35,123] {logging_mixin.py:115} INFO - [2024-05-05 09:53:35,123] {dagbag.py:508} INFO - Filling up the DagBag from /opt/conda/lib/python3.8/site-packages/airflow/example_dags/example_skip_dag.py
[2024-05-05 09:53:35,128] {processor.py:651} INFO - DAG(s) dict_keys(['example_skip_dag']) retrieved from /opt/conda/lib/python3.8/site-packages/airflow/example_dags/example_skip_dag.py
[2024-05-05 09:53:35,279] {logging_mixin.py:115} INFO - [2024-05-05 09:53:35,279] {dag.py:2420} INFO - Sync 1 DAGs
[2024-05-05 09:53:35,292] {logging_mixin.py:115} INFO - [2024-05-05 09:53:35,292] {dag.py:2968} INFO - Setting next_dagrun for example_skip_dag to 2024-05-04T09:53:35.292121+00:00, run_after=2024-05-05T09:53:35.292121+00:00
[2024-05-05 09:53:35,330] {processor.py:161} INFO - Processing /opt/conda/lib/python3.8/site-packages/airflow/example_dags/example_skip_dag.py took 0.212 seconds
[2024-05-05 09:54:17,534] {processor.py:153} INFO - Started process (PID=1489) to work on /opt/conda/lib/python3.8/site-packages/airflow/example_dags/example_skip_dag.py
[2024-05-05 09:54:17,543] {processor.py:641} INFO - Processing file /opt/conda/lib/python3.8/site-packages/airflow/example_dags/example_skip_dag.py for tasks to queue
[2024-05-05 09:54:17,543] {logging_mixin.py:115} INFO - [2024-05-05 09:54:17,543] {dagbag.py:508} INFO - Filling up the DagBag from /opt/conda/lib/python3.8/site-packages/airflow/example_dags/example_skip_dag.py
[2024-05-05 09:54:17,548] {processor.py:651} INFO - DAG(s) dict_keys(['example_skip_dag']) retrieved from /opt/conda/lib/python3.8/site-packages/airflow/example_dags/example_skip_dag.py
[2024-05-05 09:54:17,675] {logging_mixin.py:115} INFO - [2024-05-05 09:54:17,675] {dag.py:2420} INFO - Sync 1 DAGs
[2024-05-05 09:54:17,687] {logging_mixin.py:115} INFO - [2024-05-05 09:54:17,687] {dag.py:2968} INFO - Setting next_dagrun for example_skip_dag to 2024-05-04T09:54:17.686942+00:00, run_after=2024-05-05T09:54:17.686942+00:00
[2024-05-05 09:54:17,705] {processor.py:161} INFO - Processing /opt/conda/lib/python3.8/site-packages/airflow/example_dags/example_skip_dag.py took 0.174 seconds
[2024-05-05 09:54:59,365] {processor.py:153} INFO - Started process (PID=1541) to work on /opt/conda/lib/python3.8/site-packages/airflow/example_dags/example_skip_dag.py
[2024-05-05 09:54:59,367] {processor.py:641} INFO - Processing file /opt/conda/lib/python3.8/site-packages/airflow/example_dags/example_skip_dag.py for tasks to queue
[2024-05-05 09:54:59,367] {logging_mixin.py:115} INFO - [2024-05-05 09:54:59,367] {dagbag.py:508} INFO - Filling up the DagBag from /opt/conda/lib/python3.8/site-packages/airflow/example_dags/example_skip_dag.py
[2024-05-05 09:54:59,372] {processor.py:651} INFO - DAG(s) dict_keys(['example_skip_dag']) retrieved from /opt/conda/lib/python3.8/site-packages/airflow/example_dags/example_skip_dag.py
[2024-05-05 09:54:59,522] {logging_mixin.py:115} INFO - [2024-05-05 09:54:59,522] {dag.py:2420} INFO - Sync 1 DAGs
[2024-05-05 09:54:59,533] {logging_mixin.py:115} INFO - [2024-05-05 09:54:59,533] {dag.py:2968} INFO - Setting next_dagrun for example_skip_dag to 2024-05-04T09:54:59.533705+00:00, run_after=2024-05-05T09:54:59.533705+00:00
[2024-05-05 09:54:59,552] {processor.py:161} INFO - Processing /opt/conda/lib/python3.8/site-packages/airflow/example_dags/example_skip_dag.py took 0.190 seconds
[2024-05-05 09:55:39,087] {processor.py:153} INFO - Started process (PID=1591) to work on /opt/conda/lib/python3.8/site-packages/airflow/example_dags/example_skip_dag.py
[2024-05-05 09:55:39,089] {processor.py:641} INFO - Processing file /opt/conda/lib/python3.8/site-packages/airflow/example_dags/example_skip_dag.py for tasks to queue
[2024-05-05 09:55:39,089] {logging_mixin.py:115} INFO - [2024-05-05 09:55:39,089] {dagbag.py:508} INFO - Filling up the DagBag from /opt/conda/lib/python3.8/site-packages/airflow/example_dags/example_skip_dag.py
[2024-05-05 09:55:39,095] {processor.py:651} INFO - DAG(s) dict_keys(['example_skip_dag']) retrieved from /opt/conda/lib/python3.8/site-packages/airflow/example_dags/example_skip_dag.py
[2024-05-05 09:55:39,240] {logging_mixin.py:115} INFO - [2024-05-05 09:55:39,240] {dag.py:2420} INFO - Sync 1 DAGs
[2024-05-05 09:55:39,252] {logging_mixin.py:115} INFO - [2024-05-05 09:55:39,251] {dag.py:2968} INFO - Setting next_dagrun for example_skip_dag to 2024-05-04T09:55:39.251787+00:00, run_after=2024-05-05T09:55:39.251787+00:00
[2024-05-05 09:55:39,271] {processor.py:161} INFO - Processing /opt/conda/lib/python3.8/site-packages/airflow/example_dags/example_skip_dag.py took 0.187 seconds
[2024-05-05 09:56:16,130] {processor.py:153} INFO - Started process (PID=1638) to work on /opt/conda/lib/python3.8/site-packages/airflow/example_dags/example_skip_dag.py
[2024-05-05 09:56:16,131] {processor.py:641} INFO - Processing file /opt/conda/lib/python3.8/site-packages/airflow/example_dags/example_skip_dag.py for tasks to queue
[2024-05-05 09:56:16,132] {logging_mixin.py:115} INFO - [2024-05-05 09:56:16,132] {dagbag.py:508} INFO - Filling up the DagBag from /opt/conda/lib/python3.8/site-packages/airflow/example_dags/example_skip_dag.py
[2024-05-05 09:56:16,137] {processor.py:651} INFO - DAG(s) dict_keys(['example_skip_dag']) retrieved from /opt/conda/lib/python3.8/site-packages/airflow/example_dags/example_skip_dag.py
[2024-05-05 09:56:16,259] {logging_mixin.py:115} INFO - [2024-05-05 09:56:16,259] {dag.py:2420} INFO - Sync 1 DAGs
[2024-05-05 09:56:16,270] {logging_mixin.py:115} INFO - [2024-05-05 09:56:16,270] {dag.py:2968} INFO - Setting next_dagrun for example_skip_dag to 2024-05-04T09:56:16.270319+00:00, run_after=2024-05-05T09:56:16.270319+00:00
[2024-05-05 09:56:16,288] {processor.py:161} INFO - Processing /opt/conda/lib/python3.8/site-packages/airflow/example_dags/example_skip_dag.py took 0.161 seconds
[2024-05-05 09:56:52,529] {processor.py:153} INFO - Started process (PID=1685) to work on /opt/conda/lib/python3.8/site-packages/airflow/example_dags/example_skip_dag.py
[2024-05-05 09:56:52,530] {processor.py:641} INFO - Processing file /opt/conda/lib/python3.8/site-packages/airflow/example_dags/example_skip_dag.py for tasks to queue
[2024-05-05 09:56:52,531] {logging_mixin.py:115} INFO - [2024-05-05 09:56:52,531] {dagbag.py:508} INFO - Filling up the DagBag from /opt/conda/lib/python3.8/site-packages/airflow/example_dags/example_skip_dag.py
[2024-05-05 09:56:52,536] {processor.py:651} INFO - DAG(s) dict_keys(['example_skip_dag']) retrieved from /opt/conda/lib/python3.8/site-packages/airflow/example_dags/example_skip_dag.py
[2024-05-05 09:56:52,672] {logging_mixin.py:115} INFO - [2024-05-05 09:56:52,672] {dag.py:2420} INFO - Sync 1 DAGs
[2024-05-05 09:56:52,684] {logging_mixin.py:115} INFO - [2024-05-05 09:56:52,684] {dag.py:2968} INFO - Setting next_dagrun for example_skip_dag to 2024-05-04T09:56:52.684061+00:00, run_after=2024-05-05T09:56:52.684061+00:00
[2024-05-05 09:56:52,703] {processor.py:161} INFO - Processing /opt/conda/lib/python3.8/site-packages/airflow/example_dags/example_skip_dag.py took 0.176 seconds
[2024-05-05 09:57:28,722] {processor.py:153} INFO - Started process (PID=1733) to work on /opt/conda/lib/python3.8/site-packages/airflow/example_dags/example_skip_dag.py
[2024-05-05 09:57:28,725] {processor.py:641} INFO - Processing file /opt/conda/lib/python3.8/site-packages/airflow/example_dags/example_skip_dag.py for tasks to queue
[2024-05-05 09:57:28,726] {logging_mixin.py:115} INFO - [2024-05-05 09:57:28,726] {dagbag.py:508} INFO - Filling up the DagBag from /opt/conda/lib/python3.8/site-packages/airflow/example_dags/example_skip_dag.py
[2024-05-05 09:57:28,731] {processor.py:651} INFO - DAG(s) dict_keys(['example_skip_dag']) retrieved from /opt/conda/lib/python3.8/site-packages/airflow/example_dags/example_skip_dag.py
[2024-05-05 09:57:28,859] {logging_mixin.py:115} INFO - [2024-05-05 09:57:28,859] {dag.py:2420} INFO - Sync 1 DAGs
[2024-05-05 09:57:28,871] {logging_mixin.py:115} INFO - [2024-05-05 09:57:28,871] {dag.py:2968} INFO - Setting next_dagrun for example_skip_dag to 2024-05-04T09:57:28.870991+00:00, run_after=2024-05-05T09:57:28.870991+00:00
[2024-05-05 09:57:28,897] {processor.py:161} INFO - Processing /opt/conda/lib/python3.8/site-packages/airflow/example_dags/example_skip_dag.py took 0.178 seconds
[2024-05-05 09:58:04,134] {processor.py:153} INFO - Started process (PID=1779) to work on /opt/conda/lib/python3.8/site-packages/airflow/example_dags/example_skip_dag.py
[2024-05-05 09:58:04,135] {processor.py:641} INFO - Processing file /opt/conda/lib/python3.8/site-packages/airflow/example_dags/example_skip_dag.py for tasks to queue
[2024-05-05 09:58:04,136] {logging_mixin.py:115} INFO - [2024-05-05 09:58:04,135] {dagbag.py:508} INFO - Filling up the DagBag from /opt/conda/lib/python3.8/site-packages/airflow/example_dags/example_skip_dag.py
[2024-05-05 09:58:04,141] {processor.py:651} INFO - DAG(s) dict_keys(['example_skip_dag']) retrieved from /opt/conda/lib/python3.8/site-packages/airflow/example_dags/example_skip_dag.py
[2024-05-05 09:58:04,287] {logging_mixin.py:115} INFO - [2024-05-05 09:58:04,287] {dag.py:2420} INFO - Sync 1 DAGs
[2024-05-05 09:58:04,302] {logging_mixin.py:115} INFO - [2024-05-05 09:58:04,302] {dag.py:2968} INFO - Setting next_dagrun for example_skip_dag to 2024-05-04T09:58:04.302292+00:00, run_after=2024-05-05T09:58:04.302292+00:00
[2024-05-05 09:58:04,326] {processor.py:161} INFO - Processing /opt/conda/lib/python3.8/site-packages/airflow/example_dags/example_skip_dag.py took 0.196 seconds
[2024-05-05 09:58:40,526] {processor.py:153} INFO - Started process (PID=1829) to work on /opt/conda/lib/python3.8/site-packages/airflow/example_dags/example_skip_dag.py
[2024-05-05 09:58:40,527] {processor.py:641} INFO - Processing file /opt/conda/lib/python3.8/site-packages/airflow/example_dags/example_skip_dag.py for tasks to queue
[2024-05-05 09:58:40,528] {logging_mixin.py:115} INFO - [2024-05-05 09:58:40,528] {dagbag.py:508} INFO - Filling up the DagBag from /opt/conda/lib/python3.8/site-packages/airflow/example_dags/example_skip_dag.py
[2024-05-05 09:58:40,533] {processor.py:651} INFO - DAG(s) dict_keys(['example_skip_dag']) retrieved from /opt/conda/lib/python3.8/site-packages/airflow/example_dags/example_skip_dag.py
[2024-05-05 09:58:40,548] {logging_mixin.py:115} INFO - [2024-05-05 09:58:40,548] {dag.py:2420} INFO - Sync 1 DAGs
[2024-05-05 09:58:40,562] {logging_mixin.py:115} INFO - [2024-05-05 09:58:40,562] {dag.py:2968} INFO - Setting next_dagrun for example_skip_dag to 2024-05-04T09:58:40.562255+00:00, run_after=2024-05-05T09:58:40.562255+00:00
[2024-05-05 09:58:40,580] {processor.py:161} INFO - Processing /opt/conda/lib/python3.8/site-packages/airflow/example_dags/example_skip_dag.py took 0.057 seconds
[2024-05-05 09:59:17,122] {processor.py:153} INFO - Started process (PID=1880) to work on /opt/conda/lib/python3.8/site-packages/airflow/example_dags/example_skip_dag.py
[2024-05-05 09:59:17,124] {processor.py:641} INFO - Processing file /opt/conda/lib/python3.8/site-packages/airflow/example_dags/example_skip_dag.py for tasks to queue
[2024-05-05 09:59:17,124] {logging_mixin.py:115} INFO - [2024-05-05 09:59:17,124] {dagbag.py:508} INFO - Filling up the DagBag from /opt/conda/lib/python3.8/site-packages/airflow/example_dags/example_skip_dag.py
[2024-05-05 09:59:17,130] {processor.py:651} INFO - DAG(s) dict_keys(['example_skip_dag']) retrieved from /opt/conda/lib/python3.8/site-packages/airflow/example_dags/example_skip_dag.py
[2024-05-05 09:59:17,146] {logging_mixin.py:115} INFO - [2024-05-05 09:59:17,146] {dag.py:2420} INFO - Sync 1 DAGs
[2024-05-05 09:59:17,164] {logging_mixin.py:115} INFO - [2024-05-05 09:59:17,164] {dag.py:2968} INFO - Setting next_dagrun for example_skip_dag to 2024-05-04T09:59:17.163778+00:00, run_after=2024-05-05T09:59:17.163778+00:00
[2024-05-05 09:59:17,187] {processor.py:161} INFO - Processing /opt/conda/lib/python3.8/site-packages/airflow/example_dags/example_skip_dag.py took 0.068 seconds
[2024-05-05 09:59:54,682] {processor.py:153} INFO - Started process (PID=1932) to work on /opt/conda/lib/python3.8/site-packages/airflow/example_dags/example_skip_dag.py
[2024-05-05 09:59:54,683] {processor.py:641} INFO - Processing file /opt/conda/lib/python3.8/site-packages/airflow/example_dags/example_skip_dag.py for tasks to queue
[2024-05-05 09:59:54,684] {logging_mixin.py:115} INFO - [2024-05-05 09:59:54,684] {dagbag.py:508} INFO - Filling up the DagBag from /opt/conda/lib/python3.8/site-packages/airflow/example_dags/example_skip_dag.py
[2024-05-05 09:59:54,689] {processor.py:651} INFO - DAG(s) dict_keys(['example_skip_dag']) retrieved from /opt/conda/lib/python3.8/site-packages/airflow/example_dags/example_skip_dag.py
[2024-05-05 09:59:54,704] {logging_mixin.py:115} INFO - [2024-05-05 09:59:54,704] {dag.py:2420} INFO - Sync 1 DAGs
[2024-05-05 09:59:54,718] {logging_mixin.py:115} INFO - [2024-05-05 09:59:54,718] {dag.py:2968} INFO - Setting next_dagrun for example_skip_dag to 2024-05-04T09:59:54.718652+00:00, run_after=2024-05-05T09:59:54.718652+00:00
[2024-05-05 09:59:54,738] {processor.py:161} INFO - Processing /opt/conda/lib/python3.8/site-packages/airflow/example_dags/example_skip_dag.py took 0.059 seconds
[2024-05-05 10:00:31,795] {processor.py:153} INFO - Started process (PID=1993) to work on /opt/conda/lib/python3.8/site-packages/airflow/example_dags/example_skip_dag.py
[2024-05-05 10:00:31,796] {processor.py:641} INFO - Processing file /opt/conda/lib/python3.8/site-packages/airflow/example_dags/example_skip_dag.py for tasks to queue
[2024-05-05 10:00:31,797] {logging_mixin.py:115} INFO - [2024-05-05 10:00:31,797] {dagbag.py:508} INFO - Filling up the DagBag from /opt/conda/lib/python3.8/site-packages/airflow/example_dags/example_skip_dag.py
[2024-05-05 10:00:31,802] {processor.py:651} INFO - DAG(s) dict_keys(['example_skip_dag']) retrieved from /opt/conda/lib/python3.8/site-packages/airflow/example_dags/example_skip_dag.py
[2024-05-05 10:00:31,817] {logging_mixin.py:115} INFO - [2024-05-05 10:00:31,817] {dag.py:2420} INFO - Sync 1 DAGs
[2024-05-05 10:00:31,831] {logging_mixin.py:115} INFO - [2024-05-05 10:00:31,831] {dag.py:2968} INFO - Setting next_dagrun for example_skip_dag to 2024-05-04T10:00:31.831356+00:00, run_after=2024-05-05T10:00:31.831356+00:00
[2024-05-05 10:00:31,860] {processor.py:161} INFO - Processing /opt/conda/lib/python3.8/site-packages/airflow/example_dags/example_skip_dag.py took 0.068 seconds
[2024-05-05 10:01:08,839] {processor.py:153} INFO - Started process (PID=2045) to work on /opt/conda/lib/python3.8/site-packages/airflow/example_dags/example_skip_dag.py
[2024-05-05 10:01:08,840] {processor.py:641} INFO - Processing file /opt/conda/lib/python3.8/site-packages/airflow/example_dags/example_skip_dag.py for tasks to queue
[2024-05-05 10:01:08,840] {logging_mixin.py:115} INFO - [2024-05-05 10:01:08,840] {dagbag.py:508} INFO - Filling up the DagBag from /opt/conda/lib/python3.8/site-packages/airflow/example_dags/example_skip_dag.py
[2024-05-05 10:01:08,846] {processor.py:651} INFO - DAG(s) dict_keys(['example_skip_dag']) retrieved from /opt/conda/lib/python3.8/site-packages/airflow/example_dags/example_skip_dag.py
[2024-05-05 10:01:08,863] {logging_mixin.py:115} INFO - [2024-05-05 10:01:08,862] {dag.py:2420} INFO - Sync 1 DAGs
[2024-05-05 10:01:08,877] {logging_mixin.py:115} INFO - [2024-05-05 10:01:08,877] {dag.py:2968} INFO - Setting next_dagrun for example_skip_dag to 2024-05-04T10:01:08.876921+00:00, run_after=2024-05-05T10:01:08.876921+00:00
[2024-05-05 10:01:08,896] {processor.py:161} INFO - Processing /opt/conda/lib/python3.8/site-packages/airflow/example_dags/example_skip_dag.py took 0.060 seconds
[2024-05-05 10:01:40,219] {processor.py:153} INFO - Started process (PID=2093) to work on /opt/conda/lib/python3.8/site-packages/airflow/example_dags/example_skip_dag.py
[2024-05-05 10:01:40,220] {processor.py:641} INFO - Processing file /opt/conda/lib/python3.8/site-packages/airflow/example_dags/example_skip_dag.py for tasks to queue
[2024-05-05 10:01:40,221] {logging_mixin.py:115} INFO - [2024-05-05 10:01:40,221] {dagbag.py:508} INFO - Filling up the DagBag from /opt/conda/lib/python3.8/site-packages/airflow/example_dags/example_skip_dag.py
[2024-05-05 10:01:40,226] {processor.py:651} INFO - DAG(s) dict_keys(['example_skip_dag']) retrieved from /opt/conda/lib/python3.8/site-packages/airflow/example_dags/example_skip_dag.py
[2024-05-05 10:01:40,243] {logging_mixin.py:115} INFO - [2024-05-05 10:01:40,243] {dag.py:2420} INFO - Sync 1 DAGs
[2024-05-05 10:01:40,261] {logging_mixin.py:115} INFO - [2024-05-05 10:01:40,261] {dag.py:2968} INFO - Setting next_dagrun for example_skip_dag to 2024-05-04T10:01:40.261078+00:00, run_after=2024-05-05T10:01:40.261078+00:00
[2024-05-05 10:01:40,283] {processor.py:161} INFO - Processing /opt/conda/lib/python3.8/site-packages/airflow/example_dags/example_skip_dag.py took 0.067 seconds
[2024-05-05 10:02:15,173] {processor.py:153} INFO - Started process (PID=2144) to work on /opt/conda/lib/python3.8/site-packages/airflow/example_dags/example_skip_dag.py
[2024-05-05 10:02:15,175] {processor.py:641} INFO - Processing file /opt/conda/lib/python3.8/site-packages/airflow/example_dags/example_skip_dag.py for tasks to queue
[2024-05-05 10:02:15,175] {logging_mixin.py:115} INFO - [2024-05-05 10:02:15,175] {dagbag.py:508} INFO - Filling up the DagBag from /opt/conda/lib/python3.8/site-packages/airflow/example_dags/example_skip_dag.py
[2024-05-05 10:02:15,181] {processor.py:651} INFO - DAG(s) dict_keys(['example_skip_dag']) retrieved from /opt/conda/lib/python3.8/site-packages/airflow/example_dags/example_skip_dag.py
[2024-05-05 10:02:15,196] {logging_mixin.py:115} INFO - [2024-05-05 10:02:15,196] {dag.py:2420} INFO - Sync 1 DAGs
[2024-05-05 10:02:15,210] {logging_mixin.py:115} INFO - [2024-05-05 10:02:15,210] {dag.py:2968} INFO - Setting next_dagrun for example_skip_dag to 2024-05-04T10:02:15.210633+00:00, run_after=2024-05-05T10:02:15.210633+00:00
[2024-05-05 10:02:15,230] {processor.py:161} INFO - Processing /opt/conda/lib/python3.8/site-packages/airflow/example_dags/example_skip_dag.py took 0.060 seconds
[2024-05-05 10:02:48,358] {processor.py:153} INFO - Started process (PID=2195) to work on /opt/conda/lib/python3.8/site-packages/airflow/example_dags/example_skip_dag.py
[2024-05-05 10:02:48,360] {processor.py:641} INFO - Processing file /opt/conda/lib/python3.8/site-packages/airflow/example_dags/example_skip_dag.py for tasks to queue
[2024-05-05 10:02:48,360] {logging_mixin.py:115} INFO - [2024-05-05 10:02:48,360] {dagbag.py:508} INFO - Filling up the DagBag from /opt/conda/lib/python3.8/site-packages/airflow/example_dags/example_skip_dag.py
[2024-05-05 10:02:48,366] {processor.py:651} INFO - DAG(s) dict_keys(['example_skip_dag']) retrieved from /opt/conda/lib/python3.8/site-packages/airflow/example_dags/example_skip_dag.py
[2024-05-05 10:02:48,381] {logging_mixin.py:115} INFO - [2024-05-05 10:02:48,381] {dag.py:2420} INFO - Sync 1 DAGs
[2024-05-05 10:02:48,395] {logging_mixin.py:115} INFO - [2024-05-05 10:02:48,395] {dag.py:2968} INFO - Setting next_dagrun for example_skip_dag to 2024-05-04T10:02:48.395136+00:00, run_after=2024-05-05T10:02:48.395136+00:00
[2024-05-05 10:02:48,413] {processor.py:161} INFO - Processing /opt/conda/lib/python3.8/site-packages/airflow/example_dags/example_skip_dag.py took 0.058 seconds
[2024-05-05 10:03:22,487] {processor.py:153} INFO - Started process (PID=2245) to work on /opt/conda/lib/python3.8/site-packages/airflow/example_dags/example_skip_dag.py
[2024-05-05 10:03:22,488] {processor.py:641} INFO - Processing file /opt/conda/lib/python3.8/site-packages/airflow/example_dags/example_skip_dag.py for tasks to queue
[2024-05-05 10:03:22,489] {logging_mixin.py:115} INFO - [2024-05-05 10:03:22,489] {dagbag.py:508} INFO - Filling up the DagBag from /opt/conda/lib/python3.8/site-packages/airflow/example_dags/example_skip_dag.py
[2024-05-05 10:03:22,494] {processor.py:651} INFO - DAG(s) dict_keys(['example_skip_dag']) retrieved from /opt/conda/lib/python3.8/site-packages/airflow/example_dags/example_skip_dag.py
[2024-05-05 10:03:22,511] {logging_mixin.py:115} INFO - [2024-05-05 10:03:22,511] {dag.py:2420} INFO - Sync 1 DAGs
[2024-05-05 10:03:22,529] {logging_mixin.py:115} INFO - [2024-05-05 10:03:22,529] {dag.py:2968} INFO - Setting next_dagrun for example_skip_dag to 2024-05-04T10:03:22.529123+00:00, run_after=2024-05-05T10:03:22.529123+00:00
[2024-05-05 10:03:22,550] {processor.py:161} INFO - Processing /opt/conda/lib/python3.8/site-packages/airflow/example_dags/example_skip_dag.py took 0.066 seconds
[2024-05-05 10:03:57,641] {processor.py:153} INFO - Started process (PID=2295) to work on /opt/conda/lib/python3.8/site-packages/airflow/example_dags/example_skip_dag.py
[2024-05-05 10:03:57,643] {processor.py:641} INFO - Processing file /opt/conda/lib/python3.8/site-packages/airflow/example_dags/example_skip_dag.py for tasks to queue
[2024-05-05 10:03:57,643] {logging_mixin.py:115} INFO - [2024-05-05 10:03:57,643] {dagbag.py:508} INFO - Filling up the DagBag from /opt/conda/lib/python3.8/site-packages/airflow/example_dags/example_skip_dag.py
[2024-05-05 10:03:57,648] {processor.py:651} INFO - DAG(s) dict_keys(['example_skip_dag']) retrieved from /opt/conda/lib/python3.8/site-packages/airflow/example_dags/example_skip_dag.py
[2024-05-05 10:03:57,663] {logging_mixin.py:115} INFO - [2024-05-05 10:03:57,663] {dag.py:2420} INFO - Sync 1 DAGs
[2024-05-05 10:03:57,678] {logging_mixin.py:115} INFO - [2024-05-05 10:03:57,678] {dag.py:2968} INFO - Setting next_dagrun for example_skip_dag to 2024-05-04T10:03:57.677917+00:00, run_after=2024-05-05T10:03:57.677917+00:00
[2024-05-05 10:03:57,697] {processor.py:161} INFO - Processing /opt/conda/lib/python3.8/site-packages/airflow/example_dags/example_skip_dag.py took 0.059 seconds
[2024-05-05 10:04:28,838] {processor.py:153} INFO - Started process (PID=2344) to work on /opt/conda/lib/python3.8/site-packages/airflow/example_dags/example_skip_dag.py
[2024-05-05 10:04:28,839] {processor.py:641} INFO - Processing file /opt/conda/lib/python3.8/site-packages/airflow/example_dags/example_skip_dag.py for tasks to queue
[2024-05-05 10:04:28,840] {logging_mixin.py:115} INFO - [2024-05-05 10:04:28,840] {dagbag.py:508} INFO - Filling up the DagBag from /opt/conda/lib/python3.8/site-packages/airflow/example_dags/example_skip_dag.py
[2024-05-05 10:04:28,845] {processor.py:651} INFO - DAG(s) dict_keys(['example_skip_dag']) retrieved from /opt/conda/lib/python3.8/site-packages/airflow/example_dags/example_skip_dag.py
[2024-05-05 10:04:28,860] {logging_mixin.py:115} INFO - [2024-05-05 10:04:28,860] {dag.py:2420} INFO - Sync 1 DAGs
[2024-05-05 10:04:28,874] {logging_mixin.py:115} INFO - [2024-05-05 10:04:28,874] {dag.py:2968} INFO - Setting next_dagrun for example_skip_dag to 2024-05-04T10:04:28.874439+00:00, run_after=2024-05-05T10:04:28.874439+00:00
[2024-05-05 10:04:28,894] {processor.py:161} INFO - Processing /opt/conda/lib/python3.8/site-packages/airflow/example_dags/example_skip_dag.py took 0.059 seconds
[2024-05-05 10:05:04,738] {processor.py:153} INFO - Started process (PID=2394) to work on /opt/conda/lib/python3.8/site-packages/airflow/example_dags/example_skip_dag.py
[2024-05-05 10:05:04,740] {processor.py:641} INFO - Processing file /opt/conda/lib/python3.8/site-packages/airflow/example_dags/example_skip_dag.py for tasks to queue
[2024-05-05 10:05:04,740] {logging_mixin.py:115} INFO - [2024-05-05 10:05:04,740] {dagbag.py:508} INFO - Filling up the DagBag from /opt/conda/lib/python3.8/site-packages/airflow/example_dags/example_skip_dag.py
[2024-05-05 10:05:04,746] {processor.py:651} INFO - DAG(s) dict_keys(['example_skip_dag']) retrieved from /opt/conda/lib/python3.8/site-packages/airflow/example_dags/example_skip_dag.py
[2024-05-05 10:05:04,764] {logging_mixin.py:115} INFO - [2024-05-05 10:05:04,763] {dag.py:2420} INFO - Sync 1 DAGs
[2024-05-05 10:05:04,782] {logging_mixin.py:115} INFO - [2024-05-05 10:05:04,782] {dag.py:2968} INFO - Setting next_dagrun for example_skip_dag to 2024-05-04T10:05:04.782098+00:00, run_after=2024-05-05T10:05:04.782098+00:00
[2024-05-05 10:05:04,803] {processor.py:161} INFO - Processing /opt/conda/lib/python3.8/site-packages/airflow/example_dags/example_skip_dag.py took 0.068 seconds
[2024-05-05 10:05:35,345] {processor.py:153} INFO - Started process (PID=2442) to work on /opt/conda/lib/python3.8/site-packages/airflow/example_dags/example_skip_dag.py
[2024-05-05 10:05:35,346] {processor.py:641} INFO - Processing file /opt/conda/lib/python3.8/site-packages/airflow/example_dags/example_skip_dag.py for tasks to queue
[2024-05-05 10:05:35,347] {logging_mixin.py:115} INFO - [2024-05-05 10:05:35,347] {dagbag.py:508} INFO - Filling up the DagBag from /opt/conda/lib/python3.8/site-packages/airflow/example_dags/example_skip_dag.py
[2024-05-05 10:05:35,352] {processor.py:651} INFO - DAG(s) dict_keys(['example_skip_dag']) retrieved from /opt/conda/lib/python3.8/site-packages/airflow/example_dags/example_skip_dag.py
[2024-05-05 10:05:35,368] {logging_mixin.py:115} INFO - [2024-05-05 10:05:35,367] {dag.py:2420} INFO - Sync 1 DAGs
[2024-05-05 10:05:35,382] {logging_mixin.py:115} INFO - [2024-05-05 10:05:35,382] {dag.py:2968} INFO - Setting next_dagrun for example_skip_dag to 2024-05-04T10:05:35.382240+00:00, run_after=2024-05-05T10:05:35.382240+00:00
[2024-05-05 10:05:35,401] {processor.py:161} INFO - Processing /opt/conda/lib/python3.8/site-packages/airflow/example_dags/example_skip_dag.py took 0.059 seconds
[2024-05-05 10:06:08,674] {processor.py:153} INFO - Started process (PID=2491) to work on /opt/conda/lib/python3.8/site-packages/airflow/example_dags/example_skip_dag.py
[2024-05-05 10:06:08,675] {processor.py:641} INFO - Processing file /opt/conda/lib/python3.8/site-packages/airflow/example_dags/example_skip_dag.py for tasks to queue
[2024-05-05 10:06:08,676] {logging_mixin.py:115} INFO - [2024-05-05 10:06:08,675] {dagbag.py:508} INFO - Filling up the DagBag from /opt/conda/lib/python3.8/site-packages/airflow/example_dags/example_skip_dag.py
[2024-05-05 10:06:08,681] {processor.py:651} INFO - DAG(s) dict_keys(['example_skip_dag']) retrieved from /opt/conda/lib/python3.8/site-packages/airflow/example_dags/example_skip_dag.py
[2024-05-05 10:06:08,698] {logging_mixin.py:115} INFO - [2024-05-05 10:06:08,698] {dag.py:2420} INFO - Sync 1 DAGs
[2024-05-05 10:06:08,716] {logging_mixin.py:115} INFO - [2024-05-05 10:06:08,716] {dag.py:2968} INFO - Setting next_dagrun for example_skip_dag to 2024-05-04T10:06:08.715774+00:00, run_after=2024-05-05T10:06:08.715774+00:00
[2024-05-05 10:06:08,737] {processor.py:161} INFO - Processing /opt/conda/lib/python3.8/site-packages/airflow/example_dags/example_skip_dag.py took 0.066 seconds
[2024-05-05 10:06:43,713] {processor.py:153} INFO - Started process (PID=2541) to work on /opt/conda/lib/python3.8/site-packages/airflow/example_dags/example_skip_dag.py
[2024-05-05 10:06:43,715] {processor.py:641} INFO - Processing file /opt/conda/lib/python3.8/site-packages/airflow/example_dags/example_skip_dag.py for tasks to queue
[2024-05-05 10:06:43,715] {logging_mixin.py:115} INFO - [2024-05-05 10:06:43,715] {dagbag.py:508} INFO - Filling up the DagBag from /opt/conda/lib/python3.8/site-packages/airflow/example_dags/example_skip_dag.py
[2024-05-05 10:06:43,720] {processor.py:651} INFO - DAG(s) dict_keys(['example_skip_dag']) retrieved from /opt/conda/lib/python3.8/site-packages/airflow/example_dags/example_skip_dag.py
[2024-05-05 10:06:43,736] {logging_mixin.py:115} INFO - [2024-05-05 10:06:43,735] {dag.py:2420} INFO - Sync 1 DAGs
[2024-05-05 10:06:43,750] {logging_mixin.py:115} INFO - [2024-05-05 10:06:43,750] {dag.py:2968} INFO - Setting next_dagrun for example_skip_dag to 2024-05-04T10:06:43.750178+00:00, run_after=2024-05-05T10:06:43.750178+00:00
[2024-05-05 10:06:43,770] {processor.py:161} INFO - Processing /opt/conda/lib/python3.8/site-packages/airflow/example_dags/example_skip_dag.py took 0.060 seconds
[2024-05-05 10:07:16,137] {processor.py:153} INFO - Started process (PID=2610) to work on /opt/conda/lib/python3.8/site-packages/airflow/example_dags/example_skip_dag.py
[2024-05-05 10:07:16,139] {processor.py:641} INFO - Processing file /opt/conda/lib/python3.8/site-packages/airflow/example_dags/example_skip_dag.py for tasks to queue
[2024-05-05 10:07:16,139] {logging_mixin.py:115} INFO - [2024-05-05 10:07:16,139] {dagbag.py:508} INFO - Filling up the DagBag from /opt/conda/lib/python3.8/site-packages/airflow/example_dags/example_skip_dag.py
[2024-05-05 10:07:16,144] {processor.py:651} INFO - DAG(s) dict_keys(['example_skip_dag']) retrieved from /opt/conda/lib/python3.8/site-packages/airflow/example_dags/example_skip_dag.py
[2024-05-05 10:07:16,161] {logging_mixin.py:115} INFO - [2024-05-05 10:07:16,161] {dag.py:2420} INFO - Sync 1 DAGs
[2024-05-05 10:07:16,179] {logging_mixin.py:115} INFO - [2024-05-05 10:07:16,179] {dag.py:2968} INFO - Setting next_dagrun for example_skip_dag to 2024-05-04T10:07:16.179353+00:00, run_after=2024-05-05T10:07:16.179353+00:00
[2024-05-05 10:07:16,200] {processor.py:161} INFO - Processing /opt/conda/lib/python3.8/site-packages/airflow/example_dags/example_skip_dag.py took 0.066 seconds
[2024-05-05 10:07:51,686] {processor.py:153} INFO - Started process (PID=2661) to work on /opt/conda/lib/python3.8/site-packages/airflow/example_dags/example_skip_dag.py
[2024-05-05 10:07:51,687] {processor.py:641} INFO - Processing file /opt/conda/lib/python3.8/site-packages/airflow/example_dags/example_skip_dag.py for tasks to queue
[2024-05-05 10:07:51,688] {logging_mixin.py:115} INFO - [2024-05-05 10:07:51,688] {dagbag.py:508} INFO - Filling up the DagBag from /opt/conda/lib/python3.8/site-packages/airflow/example_dags/example_skip_dag.py
[2024-05-05 10:07:51,693] {processor.py:651} INFO - DAG(s) dict_keys(['example_skip_dag']) retrieved from /opt/conda/lib/python3.8/site-packages/airflow/example_dags/example_skip_dag.py
[2024-05-05 10:07:51,708] {logging_mixin.py:115} INFO - [2024-05-05 10:07:51,708] {dag.py:2420} INFO - Sync 1 DAGs
[2024-05-05 10:07:51,722] {logging_mixin.py:115} INFO - [2024-05-05 10:07:51,722] {dag.py:2968} INFO - Setting next_dagrun for example_skip_dag to 2024-05-04T10:07:51.722687+00:00, run_after=2024-05-05T10:07:51.722687+00:00
[2024-05-05 10:07:51,741] {processor.py:161} INFO - Processing /opt/conda/lib/python3.8/site-packages/airflow/example_dags/example_skip_dag.py took 0.058 seconds
[2024-05-05 10:08:26,686] {processor.py:153} INFO - Started process (PID=2713) to work on /opt/conda/lib/python3.8/site-packages/airflow/example_dags/example_skip_dag.py
[2024-05-05 10:08:26,688] {processor.py:641} INFO - Processing file /opt/conda/lib/python3.8/site-packages/airflow/example_dags/example_skip_dag.py for tasks to queue
[2024-05-05 10:08:26,689] {logging_mixin.py:115} INFO - [2024-05-05 10:08:26,688] {dagbag.py:508} INFO - Filling up the DagBag from /opt/conda/lib/python3.8/site-packages/airflow/example_dags/example_skip_dag.py
[2024-05-05 10:08:26,694] {processor.py:651} INFO - DAG(s) dict_keys(['example_skip_dag']) retrieved from /opt/conda/lib/python3.8/site-packages/airflow/example_dags/example_skip_dag.py
[2024-05-05 10:08:26,711] {logging_mixin.py:115} INFO - [2024-05-05 10:08:26,711] {dag.py:2420} INFO - Sync 1 DAGs
[2024-05-05 10:08:26,729] {logging_mixin.py:115} INFO - [2024-05-05 10:08:26,728] {dag.py:2968} INFO - Setting next_dagrun for example_skip_dag to 2024-05-04T10:08:26.728675+00:00, run_after=2024-05-05T10:08:26.728675+00:00
[2024-05-05 10:08:26,750] {processor.py:161} INFO - Processing /opt/conda/lib/python3.8/site-packages/airflow/example_dags/example_skip_dag.py took 0.067 seconds
[2024-05-05 10:09:07,418] {processor.py:153} INFO - Started process (PID=2773) to work on /opt/conda/lib/python3.8/site-packages/airflow/example_dags/example_skip_dag.py
[2024-05-05 10:09:07,420] {processor.py:641} INFO - Processing file /opt/conda/lib/python3.8/site-packages/airflow/example_dags/example_skip_dag.py for tasks to queue
[2024-05-05 10:09:07,420] {logging_mixin.py:115} INFO - [2024-05-05 10:09:07,420] {dagbag.py:508} INFO - Filling up the DagBag from /opt/conda/lib/python3.8/site-packages/airflow/example_dags/example_skip_dag.py
[2024-05-05 10:09:07,425] {processor.py:651} INFO - DAG(s) dict_keys(['example_skip_dag']) retrieved from /opt/conda/lib/python3.8/site-packages/airflow/example_dags/example_skip_dag.py
[2024-05-05 10:09:07,441] {logging_mixin.py:115} INFO - [2024-05-05 10:09:07,441] {dag.py:2420} INFO - Sync 1 DAGs
[2024-05-05 10:09:07,455] {logging_mixin.py:115} INFO - [2024-05-05 10:09:07,455] {dag.py:2968} INFO - Setting next_dagrun for example_skip_dag to 2024-05-04T10:09:07.455243+00:00, run_after=2024-05-05T10:09:07.455243+00:00
[2024-05-05 10:09:07,474] {processor.py:161} INFO - Processing /opt/conda/lib/python3.8/site-packages/airflow/example_dags/example_skip_dag.py took 0.059 seconds
[2024-05-05 10:09:43,762] {processor.py:153} INFO - Started process (PID=2825) to work on /opt/conda/lib/python3.8/site-packages/airflow/example_dags/example_skip_dag.py
[2024-05-05 10:09:43,763] {processor.py:641} INFO - Processing file /opt/conda/lib/python3.8/site-packages/airflow/example_dags/example_skip_dag.py for tasks to queue
[2024-05-05 10:09:43,764] {logging_mixin.py:115} INFO - [2024-05-05 10:09:43,763] {dagbag.py:508} INFO - Filling up the DagBag from /opt/conda/lib/python3.8/site-packages/airflow/example_dags/example_skip_dag.py
[2024-05-05 10:09:43,769] {processor.py:651} INFO - DAG(s) dict_keys(['example_skip_dag']) retrieved from /opt/conda/lib/python3.8/site-packages/airflow/example_dags/example_skip_dag.py
[2024-05-05 10:09:43,784] {logging_mixin.py:115} INFO - [2024-05-05 10:09:43,784] {dag.py:2420} INFO - Sync 1 DAGs
[2024-05-05 10:09:43,798] {logging_mixin.py:115} INFO - [2024-05-05 10:09:43,798] {dag.py:2968} INFO - Setting next_dagrun for example_skip_dag to 2024-05-04T10:09:43.798613+00:00, run_after=2024-05-05T10:09:43.798613+00:00
[2024-05-05 10:09:43,816] {processor.py:161} INFO - Processing /opt/conda/lib/python3.8/site-packages/airflow/example_dags/example_skip_dag.py took 0.058 seconds
[2024-05-05 10:10:18,014] {processor.py:153} INFO - Started process (PID=2875) to work on /opt/conda/lib/python3.8/site-packages/airflow/example_dags/example_skip_dag.py
[2024-05-05 10:10:18,016] {processor.py:641} INFO - Processing file /opt/conda/lib/python3.8/site-packages/airflow/example_dags/example_skip_dag.py for tasks to queue
[2024-05-05 10:10:18,017] {logging_mixin.py:115} INFO - [2024-05-05 10:10:18,017] {dagbag.py:508} INFO - Filling up the DagBag from /opt/conda/lib/python3.8/site-packages/airflow/example_dags/example_skip_dag.py
[2024-05-05 10:10:18,022] {processor.py:651} INFO - DAG(s) dict_keys(['example_skip_dag']) retrieved from /opt/conda/lib/python3.8/site-packages/airflow/example_dags/example_skip_dag.py
[2024-05-05 10:10:18,039] {logging_mixin.py:115} INFO - [2024-05-05 10:10:18,039] {dag.py:2420} INFO - Sync 1 DAGs
[2024-05-05 10:10:18,054] {logging_mixin.py:115} INFO - [2024-05-05 10:10:18,054] {dag.py:2968} INFO - Setting next_dagrun for example_skip_dag to 2024-05-04T10:10:18.054609+00:00, run_after=2024-05-05T10:10:18.054609+00:00
[2024-05-05 10:10:18,073] {processor.py:161} INFO - Processing /opt/conda/lib/python3.8/site-packages/airflow/example_dags/example_skip_dag.py took 0.062 seconds
[2024-05-05 10:10:54,754] {processor.py:153} INFO - Started process (PID=2936) to work on /opt/conda/lib/python3.8/site-packages/airflow/example_dags/example_skip_dag.py
[2024-05-05 10:10:54,755] {processor.py:641} INFO - Processing file /opt/conda/lib/python3.8/site-packages/airflow/example_dags/example_skip_dag.py for tasks to queue
[2024-05-05 10:10:54,756] {logging_mixin.py:115} INFO - [2024-05-05 10:10:54,756] {dagbag.py:508} INFO - Filling up the DagBag from /opt/conda/lib/python3.8/site-packages/airflow/example_dags/example_skip_dag.py
[2024-05-05 10:10:54,761] {processor.py:651} INFO - DAG(s) dict_keys(['example_skip_dag']) retrieved from /opt/conda/lib/python3.8/site-packages/airflow/example_dags/example_skip_dag.py
[2024-05-05 10:10:54,776] {logging_mixin.py:115} INFO - [2024-05-05 10:10:54,776] {dag.py:2420} INFO - Sync 1 DAGs
[2024-05-05 10:10:54,790] {logging_mixin.py:115} INFO - [2024-05-05 10:10:54,790] {dag.py:2968} INFO - Setting next_dagrun for example_skip_dag to 2024-05-04T10:10:54.790650+00:00, run_after=2024-05-05T10:10:54.790650+00:00
[2024-05-05 10:10:54,810] {processor.py:161} INFO - Processing /opt/conda/lib/python3.8/site-packages/airflow/example_dags/example_skip_dag.py took 0.058 seconds
[2024-05-05 10:11:28,603] {processor.py:153} INFO - Started process (PID=2986) to work on /opt/conda/lib/python3.8/site-packages/airflow/example_dags/example_skip_dag.py
[2024-05-05 10:11:28,605] {processor.py:641} INFO - Processing file /opt/conda/lib/python3.8/site-packages/airflow/example_dags/example_skip_dag.py for tasks to queue
[2024-05-05 10:11:28,605] {logging_mixin.py:115} INFO - [2024-05-05 10:11:28,605] {dagbag.py:508} INFO - Filling up the DagBag from /opt/conda/lib/python3.8/site-packages/airflow/example_dags/example_skip_dag.py
[2024-05-05 10:11:28,611] {processor.py:651} INFO - DAG(s) dict_keys(['example_skip_dag']) retrieved from /opt/conda/lib/python3.8/site-packages/airflow/example_dags/example_skip_dag.py
[2024-05-05 10:11:28,628] {logging_mixin.py:115} INFO - [2024-05-05 10:11:28,628] {dag.py:2420} INFO - Sync 1 DAGs
[2024-05-05 10:11:28,647] {logging_mixin.py:115} INFO - [2024-05-05 10:11:28,647] {dag.py:2968} INFO - Setting next_dagrun for example_skip_dag to 2024-05-04T10:11:28.646868+00:00, run_after=2024-05-05T10:11:28.646868+00:00
[2024-05-05 10:11:28,669] {processor.py:161} INFO - Processing /opt/conda/lib/python3.8/site-packages/airflow/example_dags/example_skip_dag.py took 0.069 seconds
[2024-05-05 10:12:05,731] {processor.py:153} INFO - Started process (PID=3037) to work on /opt/conda/lib/python3.8/site-packages/airflow/example_dags/example_skip_dag.py
[2024-05-05 10:12:05,732] {processor.py:641} INFO - Processing file /opt/conda/lib/python3.8/site-packages/airflow/example_dags/example_skip_dag.py for tasks to queue
[2024-05-05 10:12:05,733] {logging_mixin.py:115} INFO - [2024-05-05 10:12:05,733] {dagbag.py:508} INFO - Filling up the DagBag from /opt/conda/lib/python3.8/site-packages/airflow/example_dags/example_skip_dag.py
[2024-05-05 10:12:05,738] {processor.py:651} INFO - DAG(s) dict_keys(['example_skip_dag']) retrieved from /opt/conda/lib/python3.8/site-packages/airflow/example_dags/example_skip_dag.py
[2024-05-05 10:12:05,753] {logging_mixin.py:115} INFO - [2024-05-05 10:12:05,753] {dag.py:2420} INFO - Sync 1 DAGs
[2024-05-05 10:12:05,767] {logging_mixin.py:115} INFO - [2024-05-05 10:12:05,767] {dag.py:2968} INFO - Setting next_dagrun for example_skip_dag to 2024-05-04T10:12:05.767355+00:00, run_after=2024-05-05T10:12:05.767355+00:00
[2024-05-05 10:12:05,785] {processor.py:161} INFO - Processing /opt/conda/lib/python3.8/site-packages/airflow/example_dags/example_skip_dag.py took 0.058 seconds
[2024-05-05 10:12:39,846] {processor.py:153} INFO - Started process (PID=3088) to work on /opt/conda/lib/python3.8/site-packages/airflow/example_dags/example_skip_dag.py
[2024-05-05 10:12:39,848] {processor.py:641} INFO - Processing file /opt/conda/lib/python3.8/site-packages/airflow/example_dags/example_skip_dag.py for tasks to queue
[2024-05-05 10:12:39,848] {logging_mixin.py:115} INFO - [2024-05-05 10:12:39,848] {dagbag.py:508} INFO - Filling up the DagBag from /opt/conda/lib/python3.8/site-packages/airflow/example_dags/example_skip_dag.py
[2024-05-05 10:12:39,853] {processor.py:651} INFO - DAG(s) dict_keys(['example_skip_dag']) retrieved from /opt/conda/lib/python3.8/site-packages/airflow/example_dags/example_skip_dag.py
[2024-05-05 10:12:39,870] {logging_mixin.py:115} INFO - [2024-05-05 10:12:39,870] {dag.py:2420} INFO - Sync 1 DAGs
[2024-05-05 10:12:39,888] {logging_mixin.py:115} INFO - [2024-05-05 10:12:39,887] {dag.py:2968} INFO - Setting next_dagrun for example_skip_dag to 2024-05-04T10:12:39.887705+00:00, run_after=2024-05-05T10:12:39.887705+00:00
[2024-05-05 10:12:39,908] {processor.py:161} INFO - Processing /opt/conda/lib/python3.8/site-packages/airflow/example_dags/example_skip_dag.py took 0.065 seconds
[2024-05-05 10:13:14,535] {processor.py:153} INFO - Started process (PID=3136) to work on /opt/conda/lib/python3.8/site-packages/airflow/example_dags/example_skip_dag.py
[2024-05-05 10:13:14,536] {processor.py:641} INFO - Processing file /opt/conda/lib/python3.8/site-packages/airflow/example_dags/example_skip_dag.py for tasks to queue
[2024-05-05 10:13:14,537] {logging_mixin.py:115} INFO - [2024-05-05 10:13:14,537] {dagbag.py:508} INFO - Filling up the DagBag from /opt/conda/lib/python3.8/site-packages/airflow/example_dags/example_skip_dag.py
[2024-05-05 10:13:14,542] {processor.py:651} INFO - DAG(s) dict_keys(['example_skip_dag']) retrieved from /opt/conda/lib/python3.8/site-packages/airflow/example_dags/example_skip_dag.py
[2024-05-05 10:13:14,559] {logging_mixin.py:115} INFO - [2024-05-05 10:13:14,559] {dag.py:2420} INFO - Sync 1 DAGs
[2024-05-05 10:13:14,578] {logging_mixin.py:115} INFO - [2024-05-05 10:13:14,577] {dag.py:2968} INFO - Setting next_dagrun for example_skip_dag to 2024-05-04T10:13:14.577680+00:00, run_after=2024-05-05T10:13:14.577680+00:00
[2024-05-05 10:13:14,608] {processor.py:161} INFO - Processing /opt/conda/lib/python3.8/site-packages/airflow/example_dags/example_skip_dag.py took 0.076 seconds
[2024-05-05 10:13:50,295] {processor.py:153} INFO - Started process (PID=3188) to work on /opt/conda/lib/python3.8/site-packages/airflow/example_dags/example_skip_dag.py
[2024-05-05 10:13:50,296] {processor.py:641} INFO - Processing file /opt/conda/lib/python3.8/site-packages/airflow/example_dags/example_skip_dag.py for tasks to queue
[2024-05-05 10:13:50,296] {logging_mixin.py:115} INFO - [2024-05-05 10:13:50,296] {dagbag.py:508} INFO - Filling up the DagBag from /opt/conda/lib/python3.8/site-packages/airflow/example_dags/example_skip_dag.py
[2024-05-05 10:13:50,302] {processor.py:651} INFO - DAG(s) dict_keys(['example_skip_dag']) retrieved from /opt/conda/lib/python3.8/site-packages/airflow/example_dags/example_skip_dag.py
[2024-05-05 10:13:50,318] {logging_mixin.py:115} INFO - [2024-05-05 10:13:50,318] {dag.py:2420} INFO - Sync 1 DAGs
[2024-05-05 10:13:50,336] {logging_mixin.py:115} INFO - [2024-05-05 10:13:50,336] {dag.py:2968} INFO - Setting next_dagrun for example_skip_dag to 2024-05-04T10:13:50.335884+00:00, run_after=2024-05-05T10:13:50.335884+00:00
[2024-05-05 10:13:50,357] {processor.py:161} INFO - Processing /opt/conda/lib/python3.8/site-packages/airflow/example_dags/example_skip_dag.py took 0.065 seconds
[2024-05-05 10:14:26,423] {processor.py:153} INFO - Started process (PID=3237) to work on /opt/conda/lib/python3.8/site-packages/airflow/example_dags/example_skip_dag.py
[2024-05-05 10:14:26,424] {processor.py:641} INFO - Processing file /opt/conda/lib/python3.8/site-packages/airflow/example_dags/example_skip_dag.py for tasks to queue
[2024-05-05 10:14:26,425] {logging_mixin.py:115} INFO - [2024-05-05 10:14:26,425] {dagbag.py:508} INFO - Filling up the DagBag from /opt/conda/lib/python3.8/site-packages/airflow/example_dags/example_skip_dag.py
[2024-05-05 10:14:26,430] {processor.py:651} INFO - DAG(s) dict_keys(['example_skip_dag']) retrieved from /opt/conda/lib/python3.8/site-packages/airflow/example_dags/example_skip_dag.py
[2024-05-05 10:14:26,447] {logging_mixin.py:115} INFO - [2024-05-05 10:14:26,447] {dag.py:2420} INFO - Sync 1 DAGs
[2024-05-05 10:14:26,465] {logging_mixin.py:115} INFO - [2024-05-05 10:14:26,465] {dag.py:2968} INFO - Setting next_dagrun for example_skip_dag to 2024-05-04T10:14:26.465191+00:00, run_after=2024-05-05T10:14:26.465191+00:00
[2024-05-05 10:14:26,486] {processor.py:161} INFO - Processing /opt/conda/lib/python3.8/site-packages/airflow/example_dags/example_skip_dag.py took 0.066 seconds
[2024-05-05 10:15:04,205] {processor.py:153} INFO - Started process (PID=3289) to work on /opt/conda/lib/python3.8/site-packages/airflow/example_dags/example_skip_dag.py
[2024-05-05 10:15:04,207] {processor.py:641} INFO - Processing file /opt/conda/lib/python3.8/site-packages/airflow/example_dags/example_skip_dag.py for tasks to queue
[2024-05-05 10:15:04,208] {logging_mixin.py:115} INFO - [2024-05-05 10:15:04,207] {dagbag.py:508} INFO - Filling up the DagBag from /opt/conda/lib/python3.8/site-packages/airflow/example_dags/example_skip_dag.py
[2024-05-05 10:15:04,213] {processor.py:651} INFO - DAG(s) dict_keys(['example_skip_dag']) retrieved from /opt/conda/lib/python3.8/site-packages/airflow/example_dags/example_skip_dag.py
[2024-05-05 10:15:04,230] {logging_mixin.py:115} INFO - [2024-05-05 10:15:04,230] {dag.py:2420} INFO - Sync 1 DAGs
[2024-05-05 10:15:04,248] {logging_mixin.py:115} INFO - [2024-05-05 10:15:04,247] {dag.py:2968} INFO - Setting next_dagrun for example_skip_dag to 2024-05-04T10:15:04.247702+00:00, run_after=2024-05-05T10:15:04.247702+00:00
[2024-05-05 10:15:04,268] {processor.py:161} INFO - Processing /opt/conda/lib/python3.8/site-packages/airflow/example_dags/example_skip_dag.py took 0.066 seconds
[2024-05-05 10:15:36,374] {processor.py:153} INFO - Started process (PID=3336) to work on /opt/conda/lib/python3.8/site-packages/airflow/example_dags/example_skip_dag.py
[2024-05-05 10:15:36,375] {processor.py:641} INFO - Processing file /opt/conda/lib/python3.8/site-packages/airflow/example_dags/example_skip_dag.py for tasks to queue
[2024-05-05 10:15:36,375] {logging_mixin.py:115} INFO - [2024-05-05 10:15:36,375] {dagbag.py:508} INFO - Filling up the DagBag from /opt/conda/lib/python3.8/site-packages/airflow/example_dags/example_skip_dag.py
[2024-05-05 10:15:36,380] {processor.py:651} INFO - DAG(s) dict_keys(['example_skip_dag']) retrieved from /opt/conda/lib/python3.8/site-packages/airflow/example_dags/example_skip_dag.py
[2024-05-05 10:15:36,395] {logging_mixin.py:115} INFO - [2024-05-05 10:15:36,394] {dag.py:2420} INFO - Sync 1 DAGs
[2024-05-05 10:15:36,408] {logging_mixin.py:115} INFO - [2024-05-05 10:15:36,408] {dag.py:2968} INFO - Setting next_dagrun for example_skip_dag to 2024-05-04T10:15:36.408684+00:00, run_after=2024-05-05T10:15:36.408684+00:00
[2024-05-05 10:15:36,428] {processor.py:161} INFO - Processing /opt/conda/lib/python3.8/site-packages/airflow/example_dags/example_skip_dag.py took 0.057 seconds
[2024-05-05 10:16:14,266] {processor.py:153} INFO - Started process (PID=3390) to work on /opt/conda/lib/python3.8/site-packages/airflow/example_dags/example_skip_dag.py
[2024-05-05 10:16:14,267] {processor.py:641} INFO - Processing file /opt/conda/lib/python3.8/site-packages/airflow/example_dags/example_skip_dag.py for tasks to queue
[2024-05-05 10:16:14,268] {logging_mixin.py:115} INFO - [2024-05-05 10:16:14,268] {dagbag.py:508} INFO - Filling up the DagBag from /opt/conda/lib/python3.8/site-packages/airflow/example_dags/example_skip_dag.py
[2024-05-05 10:16:14,273] {processor.py:651} INFO - DAG(s) dict_keys(['example_skip_dag']) retrieved from /opt/conda/lib/python3.8/site-packages/airflow/example_dags/example_skip_dag.py
[2024-05-05 10:16:14,290] {logging_mixin.py:115} INFO - [2024-05-05 10:16:14,290] {dag.py:2420} INFO - Sync 1 DAGs
[2024-05-05 10:16:14,308] {logging_mixin.py:115} INFO - [2024-05-05 10:16:14,308] {dag.py:2968} INFO - Setting next_dagrun for example_skip_dag to 2024-05-04T10:16:14.308077+00:00, run_after=2024-05-05T10:16:14.308077+00:00
[2024-05-05 10:16:14,330] {processor.py:161} INFO - Processing /opt/conda/lib/python3.8/site-packages/airflow/example_dags/example_skip_dag.py took 0.067 seconds
[2024-05-05 10:16:50,393] {processor.py:153} INFO - Started process (PID=3442) to work on /opt/conda/lib/python3.8/site-packages/airflow/example_dags/example_skip_dag.py
[2024-05-05 10:16:50,395] {processor.py:641} INFO - Processing file /opt/conda/lib/python3.8/site-packages/airflow/example_dags/example_skip_dag.py for tasks to queue
[2024-05-05 10:16:50,396] {logging_mixin.py:115} INFO - [2024-05-05 10:16:50,395] {dagbag.py:508} INFO - Filling up the DagBag from /opt/conda/lib/python3.8/site-packages/airflow/example_dags/example_skip_dag.py
[2024-05-05 10:16:50,401] {processor.py:651} INFO - DAG(s) dict_keys(['example_skip_dag']) retrieved from /opt/conda/lib/python3.8/site-packages/airflow/example_dags/example_skip_dag.py
[2024-05-05 10:16:50,418] {logging_mixin.py:115} INFO - [2024-05-05 10:16:50,418] {dag.py:2420} INFO - Sync 1 DAGs
[2024-05-05 10:16:50,436] {logging_mixin.py:115} INFO - [2024-05-05 10:16:50,436] {dag.py:2968} INFO - Setting next_dagrun for example_skip_dag to 2024-05-04T10:16:50.435800+00:00, run_after=2024-05-05T10:16:50.435800+00:00
[2024-05-05 10:16:50,457] {processor.py:161} INFO - Processing /opt/conda/lib/python3.8/site-packages/airflow/example_dags/example_skip_dag.py took 0.067 seconds
[2024-05-05 10:17:21,790] {processor.py:153} INFO - Started process (PID=3490) to work on /opt/conda/lib/python3.8/site-packages/airflow/example_dags/example_skip_dag.py
[2024-05-05 10:17:21,791] {processor.py:641} INFO - Processing file /opt/conda/lib/python3.8/site-packages/airflow/example_dags/example_skip_dag.py for tasks to queue
[2024-05-05 10:17:21,791] {logging_mixin.py:115} INFO - [2024-05-05 10:17:21,791] {dagbag.py:508} INFO - Filling up the DagBag from /opt/conda/lib/python3.8/site-packages/airflow/example_dags/example_skip_dag.py
[2024-05-05 10:17:21,796] {processor.py:651} INFO - DAG(s) dict_keys(['example_skip_dag']) retrieved from /opt/conda/lib/python3.8/site-packages/airflow/example_dags/example_skip_dag.py
[2024-05-05 10:17:21,811] {logging_mixin.py:115} INFO - [2024-05-05 10:17:21,811] {dag.py:2420} INFO - Sync 1 DAGs
[2024-05-05 10:17:21,824] {logging_mixin.py:115} INFO - [2024-05-05 10:17:21,824] {dag.py:2968} INFO - Setting next_dagrun for example_skip_dag to 2024-05-04T10:17:21.824613+00:00, run_after=2024-05-05T10:17:21.824613+00:00
[2024-05-05 10:17:21,843] {processor.py:161} INFO - Processing /opt/conda/lib/python3.8/site-packages/airflow/example_dags/example_skip_dag.py took 0.056 seconds
[2024-05-05 10:17:58,797] {processor.py:153} INFO - Started process (PID=3540) to work on /opt/conda/lib/python3.8/site-packages/airflow/example_dags/example_skip_dag.py
[2024-05-05 10:17:58,799] {processor.py:641} INFO - Processing file /opt/conda/lib/python3.8/site-packages/airflow/example_dags/example_skip_dag.py for tasks to queue
[2024-05-05 10:17:58,799] {logging_mixin.py:115} INFO - [2024-05-05 10:17:58,799] {dagbag.py:508} INFO - Filling up the DagBag from /opt/conda/lib/python3.8/site-packages/airflow/example_dags/example_skip_dag.py
[2024-05-05 10:17:58,804] {processor.py:651} INFO - DAG(s) dict_keys(['example_skip_dag']) retrieved from /opt/conda/lib/python3.8/site-packages/airflow/example_dags/example_skip_dag.py
[2024-05-05 10:17:58,820] {logging_mixin.py:115} INFO - [2024-05-05 10:17:58,820] {dag.py:2420} INFO - Sync 1 DAGs
[2024-05-05 10:17:58,834] {logging_mixin.py:115} INFO - [2024-05-05 10:17:58,834] {dag.py:2968} INFO - Setting next_dagrun for example_skip_dag to 2024-05-04T10:17:58.834232+00:00, run_after=2024-05-05T10:17:58.834232+00:00
[2024-05-05 10:17:58,853] {processor.py:161} INFO - Processing /opt/conda/lib/python3.8/site-packages/airflow/example_dags/example_skip_dag.py took 0.059 seconds
[2024-05-05 10:18:31,110] {processor.py:153} INFO - Started process (PID=3590) to work on /opt/conda/lib/python3.8/site-packages/airflow/example_dags/example_skip_dag.py
[2024-05-05 10:18:31,110] {processor.py:641} INFO - Processing file /opt/conda/lib/python3.8/site-packages/airflow/example_dags/example_skip_dag.py for tasks to queue
[2024-05-05 10:18:31,110] {logging_mixin.py:115} INFO - [2024-05-05 10:18:31,110] {dagbag.py:508} INFO - Filling up the DagBag from /opt/conda/lib/python3.8/site-packages/airflow/example_dags/example_skip_dag.py
[2024-05-05 10:18:31,116] {processor.py:651} INFO - DAG(s) dict_keys(['example_skip_dag']) retrieved from /opt/conda/lib/python3.8/site-packages/airflow/example_dags/example_skip_dag.py
[2024-05-05 10:18:31,132] {logging_mixin.py:115} INFO - [2024-05-05 10:18:31,132] {dag.py:2420} INFO - Sync 1 DAGs
[2024-05-05 10:18:31,150] {logging_mixin.py:115} INFO - [2024-05-05 10:18:31,150] {dag.py:2968} INFO - Setting next_dagrun for example_skip_dag to 2024-05-04T10:18:31.150406+00:00, run_after=2024-05-05T10:18:31.150406+00:00
[2024-05-05 10:18:31,171] {processor.py:161} INFO - Processing /opt/conda/lib/python3.8/site-packages/airflow/example_dags/example_skip_dag.py took 0.065 seconds
