[2024-05-05 09:48:42,930] {processor.py:153} INFO - Started process (PID=940) to work on /opt/conda/lib/python3.8/site-packages/airflow/example_dags/example_branch_datetime_operator.py
[2024-05-05 09:48:42,931] {processor.py:641} INFO - Processing file /opt/conda/lib/python3.8/site-packages/airflow/example_dags/example_branch_datetime_operator.py for tasks to queue
[2024-05-05 09:48:42,931] {logging_mixin.py:115} INFO - [2024-05-05 09:48:42,931] {dagbag.py:508} INFO - Filling up the DagBag from /opt/conda/lib/python3.8/site-packages/airflow/example_dags/example_branch_datetime_operator.py
[2024-05-05 09:48:42,939] {processor.py:651} INFO - DAG(s) dict_keys(['example_branch_datetime_operator', 'example_branch_datetime_operator_2']) retrieved from /opt/conda/lib/python3.8/site-packages/airflow/example_dags/example_branch_datetime_operator.py
[2024-05-05 09:48:43,133] {logging_mixin.py:115} INFO - [2024-05-05 09:48:43,133] {manager.py:508} INFO - Created Permission View: can read on DAG:example_branch_datetime_operator
[2024-05-05 09:48:43,155] {logging_mixin.py:115} INFO - [2024-05-05 09:48:43,155] {manager.py:508} INFO - Created Permission View: can edit on DAG:example_branch_datetime_operator
[2024-05-05 09:48:43,173] {logging_mixin.py:115} INFO - [2024-05-05 09:48:43,173] {manager.py:508} INFO - Created Permission View: can delete on DAG:example_branch_datetime_operator
[2024-05-05 09:48:43,209] {logging_mixin.py:115} INFO - [2024-05-05 09:48:43,209] {manager.py:508} INFO - Created Permission View: can read on DAG:example_branch_datetime_operator_2
[2024-05-05 09:48:43,226] {logging_mixin.py:115} INFO - [2024-05-05 09:48:43,226] {manager.py:508} INFO - Created Permission View: can edit on DAG:example_branch_datetime_operator_2
[2024-05-05 09:48:43,241] {logging_mixin.py:115} INFO - [2024-05-05 09:48:43,241] {manager.py:508} INFO - Created Permission View: can delete on DAG:example_branch_datetime_operator_2
[2024-05-05 09:48:43,241] {logging_mixin.py:115} INFO - [2024-05-05 09:48:43,241] {dag.py:2420} INFO - Sync 2 DAGs
[2024-05-05 09:48:43,248] {logging_mixin.py:115} INFO - [2024-05-05 09:48:43,248] {dag.py:2439} INFO - Creating ORM DAG for example_branch_datetime_operator
[2024-05-05 09:48:43,248] {logging_mixin.py:115} INFO - [2024-05-05 09:48:43,248] {dag.py:2439} INFO - Creating ORM DAG for example_branch_datetime_operator_2
[2024-05-05 09:48:43,259] {logging_mixin.py:115} INFO - [2024-05-05 09:48:43,259] {dag.py:2968} INFO - Setting next_dagrun for example_branch_datetime_operator to 2024-05-04T00:00:00+00:00, run_after=2024-05-05T00:00:00+00:00
[2024-05-05 09:48:43,261] {logging_mixin.py:115} INFO - [2024-05-05 09:48:43,261] {dag.py:2968} INFO - Setting next_dagrun for example_branch_datetime_operator_2 to 2024-05-04T00:00:00+00:00, run_after=2024-05-05T00:00:00+00:00
[2024-05-05 09:48:43,289] {processor.py:161} INFO - Processing /opt/conda/lib/python3.8/site-packages/airflow/example_dags/example_branch_datetime_operator.py took 0.361 seconds
[2024-05-05 09:49:30,187] {processor.py:153} INFO - Started process (PID=992) to work on /opt/conda/lib/python3.8/site-packages/airflow/example_dags/example_branch_datetime_operator.py
[2024-05-05 09:49:30,189] {processor.py:641} INFO - Processing file /opt/conda/lib/python3.8/site-packages/airflow/example_dags/example_branch_datetime_operator.py for tasks to queue
[2024-05-05 09:49:30,189] {logging_mixin.py:115} INFO - [2024-05-05 09:49:30,189] {dagbag.py:508} INFO - Filling up the DagBag from /opt/conda/lib/python3.8/site-packages/airflow/example_dags/example_branch_datetime_operator.py
[2024-05-05 09:49:30,198] {processor.py:651} INFO - DAG(s) dict_keys(['example_branch_datetime_operator', 'example_branch_datetime_operator_2']) retrieved from /opt/conda/lib/python3.8/site-packages/airflow/example_dags/example_branch_datetime_operator.py
[2024-05-05 09:49:30,345] {logging_mixin.py:115} INFO - [2024-05-05 09:49:30,345] {dag.py:2420} INFO - Sync 2 DAGs
[2024-05-05 09:49:30,358] {logging_mixin.py:115} INFO - [2024-05-05 09:49:30,358] {dag.py:2968} INFO - Setting next_dagrun for example_branch_datetime_operator to 2024-05-04T00:00:00+00:00, run_after=2024-05-05T00:00:00+00:00
[2024-05-05 09:49:30,360] {logging_mixin.py:115} INFO - [2024-05-05 09:49:30,360] {dag.py:2968} INFO - Setting next_dagrun for example_branch_datetime_operator_2 to 2024-05-04T00:00:00+00:00, run_after=2024-05-05T00:00:00+00:00
[2024-05-05 09:49:30,383] {processor.py:161} INFO - Processing /opt/conda/lib/python3.8/site-packages/airflow/example_dags/example_branch_datetime_operator.py took 0.200 seconds
[2024-05-05 09:50:11,730] {processor.py:153} INFO - Started process (PID=1044) to work on /opt/conda/lib/python3.8/site-packages/airflow/example_dags/example_branch_datetime_operator.py
[2024-05-05 09:50:11,731] {processor.py:641} INFO - Processing file /opt/conda/lib/python3.8/site-packages/airflow/example_dags/example_branch_datetime_operator.py for tasks to queue
[2024-05-05 09:50:11,732] {logging_mixin.py:115} INFO - [2024-05-05 09:50:11,732] {dagbag.py:508} INFO - Filling up the DagBag from /opt/conda/lib/python3.8/site-packages/airflow/example_dags/example_branch_datetime_operator.py
[2024-05-05 09:50:11,740] {processor.py:651} INFO - DAG(s) dict_keys(['example_branch_datetime_operator', 'example_branch_datetime_operator_2']) retrieved from /opt/conda/lib/python3.8/site-packages/airflow/example_dags/example_branch_datetime_operator.py
[2024-05-05 09:50:11,870] {logging_mixin.py:115} INFO - [2024-05-05 09:50:11,869] {dag.py:2420} INFO - Sync 2 DAGs
[2024-05-05 09:50:11,882] {logging_mixin.py:115} INFO - [2024-05-05 09:50:11,882] {dag.py:2968} INFO - Setting next_dagrun for example_branch_datetime_operator to 2024-05-04T00:00:00+00:00, run_after=2024-05-05T00:00:00+00:00
[2024-05-05 09:50:11,884] {logging_mixin.py:115} INFO - [2024-05-05 09:50:11,884] {dag.py:2968} INFO - Setting next_dagrun for example_branch_datetime_operator_2 to 2024-05-04T00:00:00+00:00, run_after=2024-05-05T00:00:00+00:00
[2024-05-05 09:50:11,904] {processor.py:161} INFO - Processing /opt/conda/lib/python3.8/site-packages/airflow/example_dags/example_branch_datetime_operator.py took 0.177 seconds
[2024-05-05 09:52:23,737] {processor.py:153} INFO - Started process (PID=1349) to work on /opt/conda/lib/python3.8/site-packages/airflow/example_dags/example_branch_datetime_operator.py
[2024-05-05 09:52:23,738] {processor.py:641} INFO - Processing file /opt/conda/lib/python3.8/site-packages/airflow/example_dags/example_branch_datetime_operator.py for tasks to queue
[2024-05-05 09:52:23,739] {logging_mixin.py:115} INFO - [2024-05-05 09:52:23,739] {dagbag.py:508} INFO - Filling up the DagBag from /opt/conda/lib/python3.8/site-packages/airflow/example_dags/example_branch_datetime_operator.py
[2024-05-05 09:52:23,747] {processor.py:651} INFO - DAG(s) dict_keys(['example_branch_datetime_operator', 'example_branch_datetime_operator_2']) retrieved from /opt/conda/lib/python3.8/site-packages/airflow/example_dags/example_branch_datetime_operator.py
[2024-05-05 09:52:23,925] {logging_mixin.py:115} INFO - [2024-05-05 09:52:23,925] {dag.py:2420} INFO - Sync 2 DAGs
[2024-05-05 09:52:23,943] {logging_mixin.py:115} INFO - [2024-05-05 09:52:23,943] {dag.py:2968} INFO - Setting next_dagrun for example_branch_datetime_operator to 2024-05-04T00:00:00+00:00, run_after=2024-05-05T00:00:00+00:00
[2024-05-05 09:52:23,945] {logging_mixin.py:115} INFO - [2024-05-05 09:52:23,945] {dag.py:2968} INFO - Setting next_dagrun for example_branch_datetime_operator_2 to 2024-05-04T00:00:00+00:00, run_after=2024-05-05T00:00:00+00:00
[2024-05-05 09:52:23,967] {processor.py:161} INFO - Processing /opt/conda/lib/python3.8/site-packages/airflow/example_dags/example_branch_datetime_operator.py took 0.233 seconds
[2024-05-05 09:53:08,987] {processor.py:153} INFO - Started process (PID=1401) to work on /opt/conda/lib/python3.8/site-packages/airflow/example_dags/example_branch_datetime_operator.py
[2024-05-05 09:53:08,988] {processor.py:641} INFO - Processing file /opt/conda/lib/python3.8/site-packages/airflow/example_dags/example_branch_datetime_operator.py for tasks to queue
[2024-05-05 09:53:08,989] {logging_mixin.py:115} INFO - [2024-05-05 09:53:08,988] {dagbag.py:508} INFO - Filling up the DagBag from /opt/conda/lib/python3.8/site-packages/airflow/example_dags/example_branch_datetime_operator.py
[2024-05-05 09:53:08,997] {processor.py:651} INFO - DAG(s) dict_keys(['example_branch_datetime_operator', 'example_branch_datetime_operator_2']) retrieved from /opt/conda/lib/python3.8/site-packages/airflow/example_dags/example_branch_datetime_operator.py
[2024-05-05 09:53:09,146] {logging_mixin.py:115} INFO - [2024-05-05 09:53:09,146] {dag.py:2420} INFO - Sync 2 DAGs
[2024-05-05 09:53:09,160] {logging_mixin.py:115} INFO - [2024-05-05 09:53:09,160] {dag.py:2968} INFO - Setting next_dagrun for example_branch_datetime_operator to 2024-05-04T00:00:00+00:00, run_after=2024-05-05T00:00:00+00:00
[2024-05-05 09:53:09,161] {logging_mixin.py:115} INFO - [2024-05-05 09:53:09,161] {dag.py:2968} INFO - Setting next_dagrun for example_branch_datetime_operator_2 to 2024-05-04T00:00:00+00:00, run_after=2024-05-05T00:00:00+00:00
[2024-05-05 09:53:09,191] {processor.py:161} INFO - Processing /opt/conda/lib/python3.8/site-packages/airflow/example_dags/example_branch_datetime_operator.py took 0.207 seconds
[2024-05-05 09:53:55,340] {processor.py:153} INFO - Started process (PID=1462) to work on /opt/conda/lib/python3.8/site-packages/airflow/example_dags/example_branch_datetime_operator.py
[2024-05-05 09:53:55,341] {processor.py:641} INFO - Processing file /opt/conda/lib/python3.8/site-packages/airflow/example_dags/example_branch_datetime_operator.py for tasks to queue
[2024-05-05 09:53:55,342] {logging_mixin.py:115} INFO - [2024-05-05 09:53:55,342] {dagbag.py:508} INFO - Filling up the DagBag from /opt/conda/lib/python3.8/site-packages/airflow/example_dags/example_branch_datetime_operator.py
[2024-05-05 09:53:55,348] {processor.py:651} INFO - DAG(s) dict_keys(['example_branch_datetime_operator', 'example_branch_datetime_operator_2']) retrieved from /opt/conda/lib/python3.8/site-packages/airflow/example_dags/example_branch_datetime_operator.py
[2024-05-05 09:53:55,476] {logging_mixin.py:115} INFO - [2024-05-05 09:53:55,476] {dag.py:2420} INFO - Sync 2 DAGs
[2024-05-05 09:53:55,489] {logging_mixin.py:115} INFO - [2024-05-05 09:53:55,489] {dag.py:2968} INFO - Setting next_dagrun for example_branch_datetime_operator to 2024-05-04T00:00:00+00:00, run_after=2024-05-05T00:00:00+00:00
[2024-05-05 09:53:55,490] {logging_mixin.py:115} INFO - [2024-05-05 09:53:55,490] {dag.py:2968} INFO - Setting next_dagrun for example_branch_datetime_operator_2 to 2024-05-04T00:00:00+00:00, run_after=2024-05-05T00:00:00+00:00
[2024-05-05 09:53:55,508] {processor.py:161} INFO - Processing /opt/conda/lib/python3.8/site-packages/airflow/example_dags/example_branch_datetime_operator.py took 0.171 seconds
[2024-05-05 09:54:37,126] {processor.py:153} INFO - Started process (PID=1514) to work on /opt/conda/lib/python3.8/site-packages/airflow/example_dags/example_branch_datetime_operator.py
[2024-05-05 09:54:37,128] {processor.py:641} INFO - Processing file /opt/conda/lib/python3.8/site-packages/airflow/example_dags/example_branch_datetime_operator.py for tasks to queue
[2024-05-05 09:54:37,128] {logging_mixin.py:115} INFO - [2024-05-05 09:54:37,128] {dagbag.py:508} INFO - Filling up the DagBag from /opt/conda/lib/python3.8/site-packages/airflow/example_dags/example_branch_datetime_operator.py
[2024-05-05 09:54:37,137] {processor.py:651} INFO - DAG(s) dict_keys(['example_branch_datetime_operator', 'example_branch_datetime_operator_2']) retrieved from /opt/conda/lib/python3.8/site-packages/airflow/example_dags/example_branch_datetime_operator.py
[2024-05-05 09:54:37,268] {logging_mixin.py:115} INFO - [2024-05-05 09:54:37,268] {dag.py:2420} INFO - Sync 2 DAGs
[2024-05-05 09:54:37,281] {logging_mixin.py:115} INFO - [2024-05-05 09:54:37,281] {dag.py:2968} INFO - Setting next_dagrun for example_branch_datetime_operator to 2024-05-04T00:00:00+00:00, run_after=2024-05-05T00:00:00+00:00
[2024-05-05 09:54:37,283] {logging_mixin.py:115} INFO - [2024-05-05 09:54:37,283] {dag.py:2968} INFO - Setting next_dagrun for example_branch_datetime_operator_2 to 2024-05-04T00:00:00+00:00, run_after=2024-05-05T00:00:00+00:00
[2024-05-05 09:54:37,302] {processor.py:161} INFO - Processing /opt/conda/lib/python3.8/site-packages/airflow/example_dags/example_branch_datetime_operator.py took 0.178 seconds
[2024-05-05 09:55:20,215] {processor.py:153} INFO - Started process (PID=1566) to work on /opt/conda/lib/python3.8/site-packages/airflow/example_dags/example_branch_datetime_operator.py
[2024-05-05 09:55:20,217] {processor.py:641} INFO - Processing file /opt/conda/lib/python3.8/site-packages/airflow/example_dags/example_branch_datetime_operator.py for tasks to queue
[2024-05-05 09:55:20,217] {logging_mixin.py:115} INFO - [2024-05-05 09:55:20,217] {dagbag.py:508} INFO - Filling up the DagBag from /opt/conda/lib/python3.8/site-packages/airflow/example_dags/example_branch_datetime_operator.py
[2024-05-05 09:55:20,226] {processor.py:651} INFO - DAG(s) dict_keys(['example_branch_datetime_operator', 'example_branch_datetime_operator_2']) retrieved from /opt/conda/lib/python3.8/site-packages/airflow/example_dags/example_branch_datetime_operator.py
[2024-05-05 09:55:20,370] {logging_mixin.py:115} INFO - [2024-05-05 09:55:20,370] {dag.py:2420} INFO - Sync 2 DAGs
[2024-05-05 09:55:20,383] {logging_mixin.py:115} INFO - [2024-05-05 09:55:20,382] {dag.py:2968} INFO - Setting next_dagrun for example_branch_datetime_operator to 2024-05-04T00:00:00+00:00, run_after=2024-05-05T00:00:00+00:00
[2024-05-05 09:55:20,384] {logging_mixin.py:115} INFO - [2024-05-05 09:55:20,384] {dag.py:2968} INFO - Setting next_dagrun for example_branch_datetime_operator_2 to 2024-05-04T00:00:00+00:00, run_after=2024-05-05T00:00:00+00:00
[2024-05-05 09:55:20,403] {processor.py:161} INFO - Processing /opt/conda/lib/python3.8/site-packages/airflow/example_dags/example_branch_datetime_operator.py took 0.191 seconds
[2024-05-05 09:56:09,090] {processor.py:153} INFO - Started process (PID=1631) to work on /opt/conda/lib/python3.8/site-packages/airflow/example_dags/example_branch_datetime_operator.py
[2024-05-05 09:56:09,092] {processor.py:641} INFO - Processing file /opt/conda/lib/python3.8/site-packages/airflow/example_dags/example_branch_datetime_operator.py for tasks to queue
[2024-05-05 09:56:09,092] {logging_mixin.py:115} INFO - [2024-05-05 09:56:09,092] {dagbag.py:508} INFO - Filling up the DagBag from /opt/conda/lib/python3.8/site-packages/airflow/example_dags/example_branch_datetime_operator.py
[2024-05-05 09:56:09,100] {processor.py:651} INFO - DAG(s) dict_keys(['example_branch_datetime_operator', 'example_branch_datetime_operator_2']) retrieved from /opt/conda/lib/python3.8/site-packages/airflow/example_dags/example_branch_datetime_operator.py
[2024-05-05 09:56:09,227] {logging_mixin.py:115} INFO - [2024-05-05 09:56:09,227] {dag.py:2420} INFO - Sync 2 DAGs
[2024-05-05 09:56:09,239] {logging_mixin.py:115} INFO - [2024-05-05 09:56:09,239] {dag.py:2968} INFO - Setting next_dagrun for example_branch_datetime_operator to 2024-05-04T00:00:00+00:00, run_after=2024-05-05T00:00:00+00:00
[2024-05-05 09:56:09,241] {logging_mixin.py:115} INFO - [2024-05-05 09:56:09,241] {dag.py:2968} INFO - Setting next_dagrun for example_branch_datetime_operator_2 to 2024-05-04T00:00:00+00:00, run_after=2024-05-05T00:00:00+00:00
[2024-05-05 09:56:09,259] {processor.py:161} INFO - Processing /opt/conda/lib/python3.8/site-packages/airflow/example_dags/example_branch_datetime_operator.py took 0.171 seconds
[2024-05-05 09:56:56,913] {processor.py:153} INFO - Started process (PID=1689) to work on /opt/conda/lib/python3.8/site-packages/airflow/example_dags/example_branch_datetime_operator.py
[2024-05-05 09:56:56,915] {processor.py:641} INFO - Processing file /opt/conda/lib/python3.8/site-packages/airflow/example_dags/example_branch_datetime_operator.py for tasks to queue
[2024-05-05 09:56:56,915] {logging_mixin.py:115} INFO - [2024-05-05 09:56:56,915] {dagbag.py:508} INFO - Filling up the DagBag from /opt/conda/lib/python3.8/site-packages/airflow/example_dags/example_branch_datetime_operator.py
[2024-05-05 09:56:56,923] {processor.py:651} INFO - DAG(s) dict_keys(['example_branch_datetime_operator', 'example_branch_datetime_operator_2']) retrieved from /opt/conda/lib/python3.8/site-packages/airflow/example_dags/example_branch_datetime_operator.py
[2024-05-05 09:56:57,052] {logging_mixin.py:115} INFO - [2024-05-05 09:56:57,052] {dag.py:2420} INFO - Sync 2 DAGs
[2024-05-05 09:56:57,065] {logging_mixin.py:115} INFO - [2024-05-05 09:56:57,065] {dag.py:2968} INFO - Setting next_dagrun for example_branch_datetime_operator to 2024-05-04T00:00:00+00:00, run_after=2024-05-05T00:00:00+00:00
[2024-05-05 09:56:57,066] {logging_mixin.py:115} INFO - [2024-05-05 09:56:57,066] {dag.py:2968} INFO - Setting next_dagrun for example_branch_datetime_operator_2 to 2024-05-04T00:00:00+00:00, run_after=2024-05-05T00:00:00+00:00
[2024-05-05 09:56:57,112] {processor.py:161} INFO - Processing /opt/conda/lib/python3.8/site-packages/airflow/example_dags/example_branch_datetime_operator.py took 0.202 seconds
[2024-05-05 09:57:42,268] {processor.py:153} INFO - Started process (PID=1753) to work on /opt/conda/lib/python3.8/site-packages/airflow/example_dags/example_branch_datetime_operator.py
[2024-05-05 09:57:42,269] {processor.py:641} INFO - Processing file /opt/conda/lib/python3.8/site-packages/airflow/example_dags/example_branch_datetime_operator.py for tasks to queue
[2024-05-05 09:57:42,270] {logging_mixin.py:115} INFO - [2024-05-05 09:57:42,270] {dagbag.py:508} INFO - Filling up the DagBag from /opt/conda/lib/python3.8/site-packages/airflow/example_dags/example_branch_datetime_operator.py
[2024-05-05 09:57:42,279] {processor.py:651} INFO - DAG(s) dict_keys(['example_branch_datetime_operator', 'example_branch_datetime_operator_2']) retrieved from /opt/conda/lib/python3.8/site-packages/airflow/example_dags/example_branch_datetime_operator.py
[2024-05-05 09:57:42,429] {logging_mixin.py:115} INFO - [2024-05-05 09:57:42,429] {dag.py:2420} INFO - Sync 2 DAGs
[2024-05-05 09:57:42,441] {logging_mixin.py:115} INFO - [2024-05-05 09:57:42,441] {dag.py:2968} INFO - Setting next_dagrun for example_branch_datetime_operator to 2024-05-04T00:00:00+00:00, run_after=2024-05-05T00:00:00+00:00
[2024-05-05 09:57:42,443] {logging_mixin.py:115} INFO - [2024-05-05 09:57:42,443] {dag.py:2968} INFO - Setting next_dagrun for example_branch_datetime_operator_2 to 2024-05-04T00:00:00+00:00, run_after=2024-05-05T00:00:00+00:00
[2024-05-05 09:57:42,462] {processor.py:161} INFO - Processing /opt/conda/lib/python3.8/site-packages/airflow/example_dags/example_branch_datetime_operator.py took 0.198 seconds
[2024-05-05 09:58:22,027] {processor.py:153} INFO - Started process (PID=1802) to work on /opt/conda/lib/python3.8/site-packages/airflow/example_dags/example_branch_datetime_operator.py
[2024-05-05 09:58:22,028] {processor.py:641} INFO - Processing file /opt/conda/lib/python3.8/site-packages/airflow/example_dags/example_branch_datetime_operator.py for tasks to queue
[2024-05-05 09:58:22,029] {logging_mixin.py:115} INFO - [2024-05-05 09:58:22,029] {dagbag.py:508} INFO - Filling up the DagBag from /opt/conda/lib/python3.8/site-packages/airflow/example_dags/example_branch_datetime_operator.py
[2024-05-05 09:58:22,038] {processor.py:651} INFO - DAG(s) dict_keys(['example_branch_datetime_operator', 'example_branch_datetime_operator_2']) retrieved from /opt/conda/lib/python3.8/site-packages/airflow/example_dags/example_branch_datetime_operator.py
[2024-05-05 09:58:22,056] {logging_mixin.py:115} INFO - [2024-05-05 09:58:22,056] {dag.py:2420} INFO - Sync 2 DAGs
[2024-05-05 09:58:22,076] {logging_mixin.py:115} INFO - [2024-05-05 09:58:22,075] {dag.py:2968} INFO - Setting next_dagrun for example_branch_datetime_operator to 2024-05-04T00:00:00+00:00, run_after=2024-05-05T00:00:00+00:00
[2024-05-05 09:58:22,078] {logging_mixin.py:115} INFO - [2024-05-05 09:58:22,077] {dag.py:2968} INFO - Setting next_dagrun for example_branch_datetime_operator_2 to 2024-05-04T00:00:00+00:00, run_after=2024-05-05T00:00:00+00:00
[2024-05-05 09:58:22,103] {processor.py:161} INFO - Processing /opt/conda/lib/python3.8/site-packages/airflow/example_dags/example_branch_datetime_operator.py took 0.079 seconds
[2024-05-05 09:59:00,346] {processor.py:153} INFO - Started process (PID=1863) to work on /opt/conda/lib/python3.8/site-packages/airflow/example_dags/example_branch_datetime_operator.py
[2024-05-05 09:59:00,348] {processor.py:641} INFO - Processing file /opt/conda/lib/python3.8/site-packages/airflow/example_dags/example_branch_datetime_operator.py for tasks to queue
[2024-05-05 09:59:00,348] {logging_mixin.py:115} INFO - [2024-05-05 09:59:00,348] {dagbag.py:508} INFO - Filling up the DagBag from /opt/conda/lib/python3.8/site-packages/airflow/example_dags/example_branch_datetime_operator.py
[2024-05-05 09:59:00,358] {processor.py:651} INFO - DAG(s) dict_keys(['example_branch_datetime_operator', 'example_branch_datetime_operator_2']) retrieved from /opt/conda/lib/python3.8/site-packages/airflow/example_dags/example_branch_datetime_operator.py
[2024-05-05 09:59:00,375] {logging_mixin.py:115} INFO - [2024-05-05 09:59:00,375] {dag.py:2420} INFO - Sync 2 DAGs
[2024-05-05 09:59:00,391] {logging_mixin.py:115} INFO - [2024-05-05 09:59:00,391] {dag.py:2968} INFO - Setting next_dagrun for example_branch_datetime_operator to 2024-05-04T00:00:00+00:00, run_after=2024-05-05T00:00:00+00:00
[2024-05-05 09:59:00,392] {logging_mixin.py:115} INFO - [2024-05-05 09:59:00,392] {dag.py:2968} INFO - Setting next_dagrun for example_branch_datetime_operator_2 to 2024-05-04T00:00:00+00:00, run_after=2024-05-05T00:00:00+00:00
[2024-05-05 09:59:00,412] {processor.py:161} INFO - Processing /opt/conda/lib/python3.8/site-packages/airflow/example_dags/example_branch_datetime_operator.py took 0.068 seconds
[2024-05-05 09:59:36,803] {processor.py:153} INFO - Started process (PID=1915) to work on /opt/conda/lib/python3.8/site-packages/airflow/example_dags/example_branch_datetime_operator.py
[2024-05-05 09:59:36,804] {processor.py:641} INFO - Processing file /opt/conda/lib/python3.8/site-packages/airflow/example_dags/example_branch_datetime_operator.py for tasks to queue
[2024-05-05 09:59:36,805] {logging_mixin.py:115} INFO - [2024-05-05 09:59:36,805] {dagbag.py:508} INFO - Filling up the DagBag from /opt/conda/lib/python3.8/site-packages/airflow/example_dags/example_branch_datetime_operator.py
[2024-05-05 09:59:36,814] {processor.py:651} INFO - DAG(s) dict_keys(['example_branch_datetime_operator', 'example_branch_datetime_operator_2']) retrieved from /opt/conda/lib/python3.8/site-packages/airflow/example_dags/example_branch_datetime_operator.py
[2024-05-05 09:59:36,832] {logging_mixin.py:115} INFO - [2024-05-05 09:59:36,832] {dag.py:2420} INFO - Sync 2 DAGs
[2024-05-05 09:59:36,851] {logging_mixin.py:115} INFO - [2024-05-05 09:59:36,851] {dag.py:2968} INFO - Setting next_dagrun for example_branch_datetime_operator to 2024-05-04T00:00:00+00:00, run_after=2024-05-05T00:00:00+00:00
[2024-05-05 09:59:36,853] {logging_mixin.py:115} INFO - [2024-05-05 09:59:36,853] {dag.py:2968} INFO - Setting next_dagrun for example_branch_datetime_operator_2 to 2024-05-04T00:00:00+00:00, run_after=2024-05-05T00:00:00+00:00
[2024-05-05 09:59:36,873] {processor.py:161} INFO - Processing /opt/conda/lib/python3.8/site-packages/airflow/example_dags/example_branch_datetime_operator.py took 0.073 seconds
[2024-05-05 10:00:14,690] {processor.py:153} INFO - Started process (PID=1967) to work on /opt/conda/lib/python3.8/site-packages/airflow/example_dags/example_branch_datetime_operator.py
[2024-05-05 10:00:14,691] {processor.py:641} INFO - Processing file /opt/conda/lib/python3.8/site-packages/airflow/example_dags/example_branch_datetime_operator.py for tasks to queue
[2024-05-05 10:00:14,692] {logging_mixin.py:115} INFO - [2024-05-05 10:00:14,692] {dagbag.py:508} INFO - Filling up the DagBag from /opt/conda/lib/python3.8/site-packages/airflow/example_dags/example_branch_datetime_operator.py
[2024-05-05 10:00:14,701] {processor.py:651} INFO - DAG(s) dict_keys(['example_branch_datetime_operator', 'example_branch_datetime_operator_2']) retrieved from /opt/conda/lib/python3.8/site-packages/airflow/example_dags/example_branch_datetime_operator.py
[2024-05-05 10:00:14,716] {logging_mixin.py:115} INFO - [2024-05-05 10:00:14,716] {dag.py:2420} INFO - Sync 2 DAGs
[2024-05-05 10:00:14,731] {logging_mixin.py:115} INFO - [2024-05-05 10:00:14,731] {dag.py:2968} INFO - Setting next_dagrun for example_branch_datetime_operator to 2024-05-04T00:00:00+00:00, run_after=2024-05-05T00:00:00+00:00
[2024-05-05 10:00:14,733] {logging_mixin.py:115} INFO - [2024-05-05 10:00:14,733] {dag.py:2968} INFO - Setting next_dagrun for example_branch_datetime_operator_2 to 2024-05-04T00:00:00+00:00, run_after=2024-05-05T00:00:00+00:00
[2024-05-05 10:00:14,752] {processor.py:161} INFO - Processing /opt/conda/lib/python3.8/site-packages/airflow/example_dags/example_branch_datetime_operator.py took 0.065 seconds
[2024-05-05 10:00:53,214] {processor.py:153} INFO - Started process (PID=2022) to work on /opt/conda/lib/python3.8/site-packages/airflow/example_dags/example_branch_datetime_operator.py
[2024-05-05 10:00:53,215] {processor.py:641} INFO - Processing file /opt/conda/lib/python3.8/site-packages/airflow/example_dags/example_branch_datetime_operator.py for tasks to queue
[2024-05-05 10:00:53,216] {logging_mixin.py:115} INFO - [2024-05-05 10:00:53,216] {dagbag.py:508} INFO - Filling up the DagBag from /opt/conda/lib/python3.8/site-packages/airflow/example_dags/example_branch_datetime_operator.py
[2024-05-05 10:00:53,225] {processor.py:651} INFO - DAG(s) dict_keys(['example_branch_datetime_operator', 'example_branch_datetime_operator_2']) retrieved from /opt/conda/lib/python3.8/site-packages/airflow/example_dags/example_branch_datetime_operator.py
[2024-05-05 10:00:53,243] {logging_mixin.py:115} INFO - [2024-05-05 10:00:53,243] {dag.py:2420} INFO - Sync 2 DAGs
[2024-05-05 10:00:53,263] {logging_mixin.py:115} INFO - [2024-05-05 10:00:53,263] {dag.py:2968} INFO - Setting next_dagrun for example_branch_datetime_operator to 2024-05-04T00:00:00+00:00, run_after=2024-05-05T00:00:00+00:00
[2024-05-05 10:00:53,265] {logging_mixin.py:115} INFO - [2024-05-05 10:00:53,265] {dag.py:2968} INFO - Setting next_dagrun for example_branch_datetime_operator_2 to 2024-05-04T00:00:00+00:00, run_after=2024-05-05T00:00:00+00:00
[2024-05-05 10:00:53,285] {processor.py:161} INFO - Processing /opt/conda/lib/python3.8/site-packages/airflow/example_dags/example_branch_datetime_operator.py took 0.074 seconds
[2024-05-05 10:01:30,626] {processor.py:153} INFO - Started process (PID=2076) to work on /opt/conda/lib/python3.8/site-packages/airflow/example_dags/example_branch_datetime_operator.py
[2024-05-05 10:01:30,628] {processor.py:641} INFO - Processing file /opt/conda/lib/python3.8/site-packages/airflow/example_dags/example_branch_datetime_operator.py for tasks to queue
[2024-05-05 10:01:30,628] {logging_mixin.py:115} INFO - [2024-05-05 10:01:30,628] {dagbag.py:508} INFO - Filling up the DagBag from /opt/conda/lib/python3.8/site-packages/airflow/example_dags/example_branch_datetime_operator.py
[2024-05-05 10:01:30,637] {processor.py:651} INFO - DAG(s) dict_keys(['example_branch_datetime_operator', 'example_branch_datetime_operator_2']) retrieved from /opt/conda/lib/python3.8/site-packages/airflow/example_dags/example_branch_datetime_operator.py
[2024-05-05 10:01:30,656] {logging_mixin.py:115} INFO - [2024-05-05 10:01:30,655] {dag.py:2420} INFO - Sync 2 DAGs
[2024-05-05 10:01:30,675] {logging_mixin.py:115} INFO - [2024-05-05 10:01:30,675] {dag.py:2968} INFO - Setting next_dagrun for example_branch_datetime_operator to 2024-05-04T00:00:00+00:00, run_after=2024-05-05T00:00:00+00:00
[2024-05-05 10:01:30,677] {logging_mixin.py:115} INFO - [2024-05-05 10:01:30,677] {dag.py:2968} INFO - Setting next_dagrun for example_branch_datetime_operator_2 to 2024-05-04T00:00:00+00:00, run_after=2024-05-05T00:00:00+00:00
[2024-05-05 10:01:30,711] {processor.py:161} INFO - Processing /opt/conda/lib/python3.8/site-packages/airflow/example_dags/example_branch_datetime_operator.py took 0.088 seconds
[2024-05-05 10:02:06,039] {processor.py:153} INFO - Started process (PID=2127) to work on /opt/conda/lib/python3.8/site-packages/airflow/example_dags/example_branch_datetime_operator.py
[2024-05-05 10:02:06,041] {processor.py:641} INFO - Processing file /opt/conda/lib/python3.8/site-packages/airflow/example_dags/example_branch_datetime_operator.py for tasks to queue
[2024-05-05 10:02:06,041] {logging_mixin.py:115} INFO - [2024-05-05 10:02:06,041] {dagbag.py:508} INFO - Filling up the DagBag from /opt/conda/lib/python3.8/site-packages/airflow/example_dags/example_branch_datetime_operator.py
[2024-05-05 10:02:06,050] {processor.py:651} INFO - DAG(s) dict_keys(['example_branch_datetime_operator', 'example_branch_datetime_operator_2']) retrieved from /opt/conda/lib/python3.8/site-packages/airflow/example_dags/example_branch_datetime_operator.py
[2024-05-05 10:02:06,068] {logging_mixin.py:115} INFO - [2024-05-05 10:02:06,068] {dag.py:2420} INFO - Sync 2 DAGs
[2024-05-05 10:02:06,088] {logging_mixin.py:115} INFO - [2024-05-05 10:02:06,088] {dag.py:2968} INFO - Setting next_dagrun for example_branch_datetime_operator to 2024-05-04T00:00:00+00:00, run_after=2024-05-05T00:00:00+00:00
[2024-05-05 10:02:06,089] {logging_mixin.py:115} INFO - [2024-05-05 10:02:06,089] {dag.py:2968} INFO - Setting next_dagrun for example_branch_datetime_operator_2 to 2024-05-04T00:00:00+00:00, run_after=2024-05-05T00:00:00+00:00
[2024-05-05 10:02:06,108] {processor.py:161} INFO - Processing /opt/conda/lib/python3.8/site-packages/airflow/example_dags/example_branch_datetime_operator.py took 0.072 seconds
[2024-05-05 10:02:40,983] {processor.py:153} INFO - Started process (PID=2179) to work on /opt/conda/lib/python3.8/site-packages/airflow/example_dags/example_branch_datetime_operator.py
[2024-05-05 10:02:40,985] {processor.py:641} INFO - Processing file /opt/conda/lib/python3.8/site-packages/airflow/example_dags/example_branch_datetime_operator.py for tasks to queue
[2024-05-05 10:02:40,985] {logging_mixin.py:115} INFO - [2024-05-05 10:02:40,985] {dagbag.py:508} INFO - Filling up the DagBag from /opt/conda/lib/python3.8/site-packages/airflow/example_dags/example_branch_datetime_operator.py
[2024-05-05 10:02:40,994] {processor.py:651} INFO - DAG(s) dict_keys(['example_branch_datetime_operator', 'example_branch_datetime_operator_2']) retrieved from /opt/conda/lib/python3.8/site-packages/airflow/example_dags/example_branch_datetime_operator.py
[2024-05-05 10:02:41,013] {logging_mixin.py:115} INFO - [2024-05-05 10:02:41,012] {dag.py:2420} INFO - Sync 2 DAGs
[2024-05-05 10:02:41,032] {logging_mixin.py:115} INFO - [2024-05-05 10:02:41,032] {dag.py:2968} INFO - Setting next_dagrun for example_branch_datetime_operator to 2024-05-04T00:00:00+00:00, run_after=2024-05-05T00:00:00+00:00
[2024-05-05 10:02:41,034] {logging_mixin.py:115} INFO - [2024-05-05 10:02:41,034] {dag.py:2968} INFO - Setting next_dagrun for example_branch_datetime_operator_2 to 2024-05-04T00:00:00+00:00, run_after=2024-05-05T00:00:00+00:00
[2024-05-05 10:02:41,054] {processor.py:161} INFO - Processing /opt/conda/lib/python3.8/site-packages/airflow/example_dags/example_branch_datetime_operator.py took 0.074 seconds
[2024-05-05 10:03:19,803] {processor.py:153} INFO - Started process (PID=2242) to work on /opt/conda/lib/python3.8/site-packages/airflow/example_dags/example_branch_datetime_operator.py
[2024-05-05 10:03:19,804] {processor.py:641} INFO - Processing file /opt/conda/lib/python3.8/site-packages/airflow/example_dags/example_branch_datetime_operator.py for tasks to queue
[2024-05-05 10:03:19,805] {logging_mixin.py:115} INFO - [2024-05-05 10:03:19,805] {dagbag.py:508} INFO - Filling up the DagBag from /opt/conda/lib/python3.8/site-packages/airflow/example_dags/example_branch_datetime_operator.py
[2024-05-05 10:03:19,813] {processor.py:651} INFO - DAG(s) dict_keys(['example_branch_datetime_operator', 'example_branch_datetime_operator_2']) retrieved from /opt/conda/lib/python3.8/site-packages/airflow/example_dags/example_branch_datetime_operator.py
[2024-05-05 10:03:19,832] {logging_mixin.py:115} INFO - [2024-05-05 10:03:19,832] {dag.py:2420} INFO - Sync 2 DAGs
[2024-05-05 10:03:19,852] {logging_mixin.py:115} INFO - [2024-05-05 10:03:19,852] {dag.py:2968} INFO - Setting next_dagrun for example_branch_datetime_operator to 2024-05-04T00:00:00+00:00, run_after=2024-05-05T00:00:00+00:00
[2024-05-05 10:03:19,854] {logging_mixin.py:115} INFO - [2024-05-05 10:03:19,854] {dag.py:2968} INFO - Setting next_dagrun for example_branch_datetime_operator_2 to 2024-05-04T00:00:00+00:00, run_after=2024-05-05T00:00:00+00:00
[2024-05-05 10:03:19,875] {processor.py:161} INFO - Processing /opt/conda/lib/python3.8/site-packages/airflow/example_dags/example_branch_datetime_operator.py took 0.076 seconds
[2024-05-05 10:03:58,015] {processor.py:153} INFO - Started process (PID=2296) to work on /opt/conda/lib/python3.8/site-packages/airflow/example_dags/example_branch_datetime_operator.py
[2024-05-05 10:03:58,016] {processor.py:641} INFO - Processing file /opt/conda/lib/python3.8/site-packages/airflow/example_dags/example_branch_datetime_operator.py for tasks to queue
[2024-05-05 10:03:58,017] {logging_mixin.py:115} INFO - [2024-05-05 10:03:58,017] {dagbag.py:508} INFO - Filling up the DagBag from /opt/conda/lib/python3.8/site-packages/airflow/example_dags/example_branch_datetime_operator.py
[2024-05-05 10:03:58,025] {processor.py:651} INFO - DAG(s) dict_keys(['example_branch_datetime_operator', 'example_branch_datetime_operator_2']) retrieved from /opt/conda/lib/python3.8/site-packages/airflow/example_dags/example_branch_datetime_operator.py
[2024-05-05 10:03:58,041] {logging_mixin.py:115} INFO - [2024-05-05 10:03:58,041] {dag.py:2420} INFO - Sync 2 DAGs
[2024-05-05 10:03:58,056] {logging_mixin.py:115} INFO - [2024-05-05 10:03:58,056] {dag.py:2968} INFO - Setting next_dagrun for example_branch_datetime_operator to 2024-05-04T00:00:00+00:00, run_after=2024-05-05T00:00:00+00:00
[2024-05-05 10:03:58,058] {logging_mixin.py:115} INFO - [2024-05-05 10:03:58,058] {dag.py:2968} INFO - Setting next_dagrun for example_branch_datetime_operator_2 to 2024-05-04T00:00:00+00:00, run_after=2024-05-05T00:00:00+00:00
[2024-05-05 10:03:58,077] {processor.py:161} INFO - Processing /opt/conda/lib/python3.8/site-packages/airflow/example_dags/example_branch_datetime_operator.py took 0.065 seconds
[2024-05-05 10:04:31,170] {processor.py:153} INFO - Started process (PID=2346) to work on /opt/conda/lib/python3.8/site-packages/airflow/example_dags/example_branch_datetime_operator.py
[2024-05-05 10:04:31,171] {processor.py:641} INFO - Processing file /opt/conda/lib/python3.8/site-packages/airflow/example_dags/example_branch_datetime_operator.py for tasks to queue
[2024-05-05 10:04:31,172] {logging_mixin.py:115} INFO - [2024-05-05 10:04:31,172] {dagbag.py:508} INFO - Filling up the DagBag from /opt/conda/lib/python3.8/site-packages/airflow/example_dags/example_branch_datetime_operator.py
[2024-05-05 10:04:31,181] {processor.py:651} INFO - DAG(s) dict_keys(['example_branch_datetime_operator', 'example_branch_datetime_operator_2']) retrieved from /opt/conda/lib/python3.8/site-packages/airflow/example_dags/example_branch_datetime_operator.py
[2024-05-05 10:04:31,199] {logging_mixin.py:115} INFO - [2024-05-05 10:04:31,199] {dag.py:2420} INFO - Sync 2 DAGs
[2024-05-05 10:04:31,219] {logging_mixin.py:115} INFO - [2024-05-05 10:04:31,219] {dag.py:2968} INFO - Setting next_dagrun for example_branch_datetime_operator to 2024-05-04T00:00:00+00:00, run_after=2024-05-05T00:00:00+00:00
[2024-05-05 10:04:31,221] {logging_mixin.py:115} INFO - [2024-05-05 10:04:31,220] {dag.py:2968} INFO - Setting next_dagrun for example_branch_datetime_operator_2 to 2024-05-04T00:00:00+00:00, run_after=2024-05-05T00:00:00+00:00
[2024-05-05 10:04:31,250] {processor.py:161} INFO - Processing /opt/conda/lib/python3.8/site-packages/airflow/example_dags/example_branch_datetime_operator.py took 0.083 seconds
[2024-05-05 10:05:07,599] {processor.py:153} INFO - Started process (PID=2398) to work on /opt/conda/lib/python3.8/site-packages/airflow/example_dags/example_branch_datetime_operator.py
[2024-05-05 10:05:07,600] {processor.py:641} INFO - Processing file /opt/conda/lib/python3.8/site-packages/airflow/example_dags/example_branch_datetime_operator.py for tasks to queue
[2024-05-05 10:05:07,601] {logging_mixin.py:115} INFO - [2024-05-05 10:05:07,601] {dagbag.py:508} INFO - Filling up the DagBag from /opt/conda/lib/python3.8/site-packages/airflow/example_dags/example_branch_datetime_operator.py
[2024-05-05 10:05:07,609] {processor.py:651} INFO - DAG(s) dict_keys(['example_branch_datetime_operator', 'example_branch_datetime_operator_2']) retrieved from /opt/conda/lib/python3.8/site-packages/airflow/example_dags/example_branch_datetime_operator.py
[2024-05-05 10:05:07,627] {logging_mixin.py:115} INFO - [2024-05-05 10:05:07,627] {dag.py:2420} INFO - Sync 2 DAGs
[2024-05-05 10:05:07,642] {logging_mixin.py:115} INFO - [2024-05-05 10:05:07,642] {dag.py:2968} INFO - Setting next_dagrun for example_branch_datetime_operator to 2024-05-04T00:00:00+00:00, run_after=2024-05-05T00:00:00+00:00
[2024-05-05 10:05:07,644] {logging_mixin.py:115} INFO - [2024-05-05 10:05:07,643] {dag.py:2968} INFO - Setting next_dagrun for example_branch_datetime_operator_2 to 2024-05-04T00:00:00+00:00, run_after=2024-05-05T00:00:00+00:00
[2024-05-05 10:05:07,662] {processor.py:161} INFO - Processing /opt/conda/lib/python3.8/site-packages/airflow/example_dags/example_branch_datetime_operator.py took 0.066 seconds
[2024-05-05 10:05:45,140] {processor.py:153} INFO - Started process (PID=2451) to work on /opt/conda/lib/python3.8/site-packages/airflow/example_dags/example_branch_datetime_operator.py
[2024-05-05 10:05:45,142] {processor.py:641} INFO - Processing file /opt/conda/lib/python3.8/site-packages/airflow/example_dags/example_branch_datetime_operator.py for tasks to queue
[2024-05-05 10:05:45,142] {logging_mixin.py:115} INFO - [2024-05-05 10:05:45,142] {dagbag.py:508} INFO - Filling up the DagBag from /opt/conda/lib/python3.8/site-packages/airflow/example_dags/example_branch_datetime_operator.py
[2024-05-05 10:05:45,151] {processor.py:651} INFO - DAG(s) dict_keys(['example_branch_datetime_operator', 'example_branch_datetime_operator_2']) retrieved from /opt/conda/lib/python3.8/site-packages/airflow/example_dags/example_branch_datetime_operator.py
[2024-05-05 10:05:45,171] {logging_mixin.py:115} INFO - [2024-05-05 10:05:45,170] {dag.py:2420} INFO - Sync 2 DAGs
[2024-05-05 10:05:45,191] {logging_mixin.py:115} INFO - [2024-05-05 10:05:45,191] {dag.py:2968} INFO - Setting next_dagrun for example_branch_datetime_operator to 2024-05-04T00:00:00+00:00, run_after=2024-05-05T00:00:00+00:00
[2024-05-05 10:05:45,192] {logging_mixin.py:115} INFO - [2024-05-05 10:05:45,192] {dag.py:2968} INFO - Setting next_dagrun for example_branch_datetime_operator_2 to 2024-05-04T00:00:00+00:00, run_after=2024-05-05T00:00:00+00:00
[2024-05-05 10:05:45,214] {processor.py:161} INFO - Processing /opt/conda/lib/python3.8/site-packages/airflow/example_dags/example_branch_datetime_operator.py took 0.078 seconds
[2024-05-05 10:06:23,018] {processor.py:153} INFO - Started process (PID=2513) to work on /opt/conda/lib/python3.8/site-packages/airflow/example_dags/example_branch_datetime_operator.py
[2024-05-05 10:06:23,020] {processor.py:641} INFO - Processing file /opt/conda/lib/python3.8/site-packages/airflow/example_dags/example_branch_datetime_operator.py for tasks to queue
[2024-05-05 10:06:23,020] {logging_mixin.py:115} INFO - [2024-05-05 10:06:23,020] {dagbag.py:508} INFO - Filling up the DagBag from /opt/conda/lib/python3.8/site-packages/airflow/example_dags/example_branch_datetime_operator.py
[2024-05-05 10:06:23,029] {processor.py:651} INFO - DAG(s) dict_keys(['example_branch_datetime_operator', 'example_branch_datetime_operator_2']) retrieved from /opt/conda/lib/python3.8/site-packages/airflow/example_dags/example_branch_datetime_operator.py
[2024-05-05 10:06:23,048] {logging_mixin.py:115} INFO - [2024-05-05 10:06:23,048] {dag.py:2420} INFO - Sync 2 DAGs
[2024-05-05 10:06:23,067] {logging_mixin.py:115} INFO - [2024-05-05 10:06:23,067] {dag.py:2968} INFO - Setting next_dagrun for example_branch_datetime_operator to 2024-05-04T00:00:00+00:00, run_after=2024-05-05T00:00:00+00:00
[2024-05-05 10:06:23,069] {logging_mixin.py:115} INFO - [2024-05-05 10:06:23,069] {dag.py:2968} INFO - Setting next_dagrun for example_branch_datetime_operator_2 to 2024-05-04T00:00:00+00:00, run_after=2024-05-05T00:00:00+00:00
[2024-05-05 10:06:23,091] {processor.py:161} INFO - Processing /opt/conda/lib/python3.8/site-packages/airflow/example_dags/example_branch_datetime_operator.py took 0.075 seconds
[2024-05-05 10:06:59,167] {processor.py:153} INFO - Started process (PID=2565) to work on /opt/conda/lib/python3.8/site-packages/airflow/example_dags/example_branch_datetime_operator.py
[2024-05-05 10:06:59,168] {processor.py:641} INFO - Processing file /opt/conda/lib/python3.8/site-packages/airflow/example_dags/example_branch_datetime_operator.py for tasks to queue
[2024-05-05 10:06:59,169] {logging_mixin.py:115} INFO - [2024-05-05 10:06:59,169] {dagbag.py:508} INFO - Filling up the DagBag from /opt/conda/lib/python3.8/site-packages/airflow/example_dags/example_branch_datetime_operator.py
[2024-05-05 10:06:59,177] {processor.py:651} INFO - DAG(s) dict_keys(['example_branch_datetime_operator', 'example_branch_datetime_operator_2']) retrieved from /opt/conda/lib/python3.8/site-packages/airflow/example_dags/example_branch_datetime_operator.py
[2024-05-05 10:06:59,196] {logging_mixin.py:115} INFO - [2024-05-05 10:06:59,196] {dag.py:2420} INFO - Sync 2 DAGs
[2024-05-05 10:06:59,216] {logging_mixin.py:115} INFO - [2024-05-05 10:06:59,216] {dag.py:2968} INFO - Setting next_dagrun for example_branch_datetime_operator to 2024-05-04T00:00:00+00:00, run_after=2024-05-05T00:00:00+00:00
[2024-05-05 10:06:59,218] {logging_mixin.py:115} INFO - [2024-05-05 10:06:59,218] {dag.py:2968} INFO - Setting next_dagrun for example_branch_datetime_operator_2 to 2024-05-04T00:00:00+00:00, run_after=2024-05-05T00:00:00+00:00
[2024-05-05 10:06:59,238] {processor.py:161} INFO - Processing /opt/conda/lib/python3.8/site-packages/airflow/example_dags/example_branch_datetime_operator.py took 0.075 seconds
[2024-05-05 10:07:33,906] {processor.py:153} INFO - Started process (PID=2636) to work on /opt/conda/lib/python3.8/site-packages/airflow/example_dags/example_branch_datetime_operator.py
[2024-05-05 10:07:33,908] {processor.py:641} INFO - Processing file /opt/conda/lib/python3.8/site-packages/airflow/example_dags/example_branch_datetime_operator.py for tasks to queue
[2024-05-05 10:07:33,908] {logging_mixin.py:115} INFO - [2024-05-05 10:07:33,908] {dagbag.py:508} INFO - Filling up the DagBag from /opt/conda/lib/python3.8/site-packages/airflow/example_dags/example_branch_datetime_operator.py
[2024-05-05 10:07:33,917] {processor.py:651} INFO - DAG(s) dict_keys(['example_branch_datetime_operator', 'example_branch_datetime_operator_2']) retrieved from /opt/conda/lib/python3.8/site-packages/airflow/example_dags/example_branch_datetime_operator.py
[2024-05-05 10:07:33,936] {logging_mixin.py:115} INFO - [2024-05-05 10:07:33,936] {dag.py:2420} INFO - Sync 2 DAGs
[2024-05-05 10:07:33,956] {logging_mixin.py:115} INFO - [2024-05-05 10:07:33,956] {dag.py:2968} INFO - Setting next_dagrun for example_branch_datetime_operator to 2024-05-04T00:00:00+00:00, run_after=2024-05-05T00:00:00+00:00
[2024-05-05 10:07:33,958] {logging_mixin.py:115} INFO - [2024-05-05 10:07:33,958] {dag.py:2968} INFO - Setting next_dagrun for example_branch_datetime_operator_2 to 2024-05-04T00:00:00+00:00, run_after=2024-05-05T00:00:00+00:00
[2024-05-05 10:07:33,978] {processor.py:161} INFO - Processing /opt/conda/lib/python3.8/site-packages/airflow/example_dags/example_branch_datetime_operator.py took 0.074 seconds
[2024-05-05 10:08:11,199] {processor.py:153} INFO - Started process (PID=2689) to work on /opt/conda/lib/python3.8/site-packages/airflow/example_dags/example_branch_datetime_operator.py
[2024-05-05 10:08:11,200] {processor.py:641} INFO - Processing file /opt/conda/lib/python3.8/site-packages/airflow/example_dags/example_branch_datetime_operator.py for tasks to queue
[2024-05-05 10:08:11,201] {logging_mixin.py:115} INFO - [2024-05-05 10:08:11,201] {dagbag.py:508} INFO - Filling up the DagBag from /opt/conda/lib/python3.8/site-packages/airflow/example_dags/example_branch_datetime_operator.py
[2024-05-05 10:08:11,210] {processor.py:651} INFO - DAG(s) dict_keys(['example_branch_datetime_operator', 'example_branch_datetime_operator_2']) retrieved from /opt/conda/lib/python3.8/site-packages/airflow/example_dags/example_branch_datetime_operator.py
[2024-05-05 10:08:11,229] {logging_mixin.py:115} INFO - [2024-05-05 10:08:11,229] {dag.py:2420} INFO - Sync 2 DAGs
[2024-05-05 10:08:11,248] {logging_mixin.py:115} INFO - [2024-05-05 10:08:11,248] {dag.py:2968} INFO - Setting next_dagrun for example_branch_datetime_operator to 2024-05-04T00:00:00+00:00, run_after=2024-05-05T00:00:00+00:00
[2024-05-05 10:08:11,250] {logging_mixin.py:115} INFO - [2024-05-05 10:08:11,250] {dag.py:2968} INFO - Setting next_dagrun for example_branch_datetime_operator_2 to 2024-05-04T00:00:00+00:00, run_after=2024-05-05T00:00:00+00:00
[2024-05-05 10:08:11,271] {processor.py:161} INFO - Processing /opt/conda/lib/python3.8/site-packages/airflow/example_dags/example_branch_datetime_operator.py took 0.075 seconds
[2024-05-05 10:08:51,010] {processor.py:153} INFO - Started process (PID=2751) to work on /opt/conda/lib/python3.8/site-packages/airflow/example_dags/example_branch_datetime_operator.py
[2024-05-05 10:08:51,011] {processor.py:641} INFO - Processing file /opt/conda/lib/python3.8/site-packages/airflow/example_dags/example_branch_datetime_operator.py for tasks to queue
[2024-05-05 10:08:51,012] {logging_mixin.py:115} INFO - [2024-05-05 10:08:51,012] {dagbag.py:508} INFO - Filling up the DagBag from /opt/conda/lib/python3.8/site-packages/airflow/example_dags/example_branch_datetime_operator.py
[2024-05-05 10:08:51,020] {processor.py:651} INFO - DAG(s) dict_keys(['example_branch_datetime_operator', 'example_branch_datetime_operator_2']) retrieved from /opt/conda/lib/python3.8/site-packages/airflow/example_dags/example_branch_datetime_operator.py
[2024-05-05 10:08:51,037] {logging_mixin.py:115} INFO - [2024-05-05 10:08:51,036] {dag.py:2420} INFO - Sync 2 DAGs
[2024-05-05 10:08:51,052] {logging_mixin.py:115} INFO - [2024-05-05 10:08:51,052] {dag.py:2968} INFO - Setting next_dagrun for example_branch_datetime_operator to 2024-05-04T00:00:00+00:00, run_after=2024-05-05T00:00:00+00:00
[2024-05-05 10:08:51,053] {logging_mixin.py:115} INFO - [2024-05-05 10:08:51,053] {dag.py:2968} INFO - Setting next_dagrun for example_branch_datetime_operator_2 to 2024-05-04T00:00:00+00:00, run_after=2024-05-05T00:00:00+00:00
[2024-05-05 10:08:51,073] {processor.py:161} INFO - Processing /opt/conda/lib/python3.8/site-packages/airflow/example_dags/example_branch_datetime_operator.py took 0.066 seconds
[2024-05-05 10:09:31,878] {processor.py:153} INFO - Started process (PID=2805) to work on /opt/conda/lib/python3.8/site-packages/airflow/example_dags/example_branch_datetime_operator.py
[2024-05-05 10:09:31,880] {processor.py:641} INFO - Processing file /opt/conda/lib/python3.8/site-packages/airflow/example_dags/example_branch_datetime_operator.py for tasks to queue
[2024-05-05 10:09:31,880] {logging_mixin.py:115} INFO - [2024-05-05 10:09:31,880] {dagbag.py:508} INFO - Filling up the DagBag from /opt/conda/lib/python3.8/site-packages/airflow/example_dags/example_branch_datetime_operator.py
[2024-05-05 10:09:31,890] {processor.py:651} INFO - DAG(s) dict_keys(['example_branch_datetime_operator', 'example_branch_datetime_operator_2']) retrieved from /opt/conda/lib/python3.8/site-packages/airflow/example_dags/example_branch_datetime_operator.py
[2024-05-05 10:09:31,909] {logging_mixin.py:115} INFO - [2024-05-05 10:09:31,908] {dag.py:2420} INFO - Sync 2 DAGs
[2024-05-05 10:09:31,924] {logging_mixin.py:115} INFO - [2024-05-05 10:09:31,924] {dag.py:2968} INFO - Setting next_dagrun for example_branch_datetime_operator to 2024-05-04T00:00:00+00:00, run_after=2024-05-05T00:00:00+00:00
[2024-05-05 10:09:31,926] {logging_mixin.py:115} INFO - [2024-05-05 10:09:31,926] {dag.py:2968} INFO - Setting next_dagrun for example_branch_datetime_operator_2 to 2024-05-04T00:00:00+00:00, run_after=2024-05-05T00:00:00+00:00
[2024-05-05 10:09:31,946] {processor.py:161} INFO - Processing /opt/conda/lib/python3.8/site-packages/airflow/example_dags/example_branch_datetime_operator.py took 0.071 seconds
[2024-05-05 10:10:07,529] {processor.py:153} INFO - Started process (PID=2856) to work on /opt/conda/lib/python3.8/site-packages/airflow/example_dags/example_branch_datetime_operator.py
[2024-05-05 10:10:07,531] {processor.py:641} INFO - Processing file /opt/conda/lib/python3.8/site-packages/airflow/example_dags/example_branch_datetime_operator.py for tasks to queue
[2024-05-05 10:10:07,531] {logging_mixin.py:115} INFO - [2024-05-05 10:10:07,531] {dagbag.py:508} INFO - Filling up the DagBag from /opt/conda/lib/python3.8/site-packages/airflow/example_dags/example_branch_datetime_operator.py
[2024-05-05 10:10:07,540] {processor.py:651} INFO - DAG(s) dict_keys(['example_branch_datetime_operator', 'example_branch_datetime_operator_2']) retrieved from /opt/conda/lib/python3.8/site-packages/airflow/example_dags/example_branch_datetime_operator.py
[2024-05-05 10:10:07,559] {logging_mixin.py:115} INFO - [2024-05-05 10:10:07,558] {dag.py:2420} INFO - Sync 2 DAGs
[2024-05-05 10:10:07,578] {logging_mixin.py:115} INFO - [2024-05-05 10:10:07,578] {dag.py:2968} INFO - Setting next_dagrun for example_branch_datetime_operator to 2024-05-04T00:00:00+00:00, run_after=2024-05-05T00:00:00+00:00
[2024-05-05 10:10:07,580] {logging_mixin.py:115} INFO - [2024-05-05 10:10:07,580] {dag.py:2968} INFO - Setting next_dagrun for example_branch_datetime_operator_2 to 2024-05-04T00:00:00+00:00, run_after=2024-05-05T00:00:00+00:00
[2024-05-05 10:10:07,600] {processor.py:161} INFO - Processing /opt/conda/lib/python3.8/site-packages/airflow/example_dags/example_branch_datetime_operator.py took 0.074 seconds
[2024-05-05 10:10:44,566] {processor.py:153} INFO - Started process (PID=2910) to work on /opt/conda/lib/python3.8/site-packages/airflow/example_dags/example_branch_datetime_operator.py
[2024-05-05 10:10:44,567] {processor.py:641} INFO - Processing file /opt/conda/lib/python3.8/site-packages/airflow/example_dags/example_branch_datetime_operator.py for tasks to queue
[2024-05-05 10:10:44,568] {logging_mixin.py:115} INFO - [2024-05-05 10:10:44,568] {dagbag.py:508} INFO - Filling up the DagBag from /opt/conda/lib/python3.8/site-packages/airflow/example_dags/example_branch_datetime_operator.py
[2024-05-05 10:10:44,576] {processor.py:651} INFO - DAG(s) dict_keys(['example_branch_datetime_operator', 'example_branch_datetime_operator_2']) retrieved from /opt/conda/lib/python3.8/site-packages/airflow/example_dags/example_branch_datetime_operator.py
[2024-05-05 10:10:44,595] {logging_mixin.py:115} INFO - [2024-05-05 10:10:44,595] {dag.py:2420} INFO - Sync 2 DAGs
[2024-05-05 10:10:44,615] {logging_mixin.py:115} INFO - [2024-05-05 10:10:44,614] {dag.py:2968} INFO - Setting next_dagrun for example_branch_datetime_operator to 2024-05-04T00:00:00+00:00, run_after=2024-05-05T00:00:00+00:00
[2024-05-05 10:10:44,616] {logging_mixin.py:115} INFO - [2024-05-05 10:10:44,616] {dag.py:2968} INFO - Setting next_dagrun for example_branch_datetime_operator_2 to 2024-05-04T00:00:00+00:00, run_after=2024-05-05T00:00:00+00:00
[2024-05-05 10:10:44,638] {processor.py:161} INFO - Processing /opt/conda/lib/python3.8/site-packages/airflow/example_dags/example_branch_datetime_operator.py took 0.076 seconds
[2024-05-05 10:11:20,124] {processor.py:153} INFO - Started process (PID=2962) to work on /opt/conda/lib/python3.8/site-packages/airflow/example_dags/example_branch_datetime_operator.py
[2024-05-05 10:11:20,125] {processor.py:641} INFO - Processing file /opt/conda/lib/python3.8/site-packages/airflow/example_dags/example_branch_datetime_operator.py for tasks to queue
[2024-05-05 10:11:20,126] {logging_mixin.py:115} INFO - [2024-05-05 10:11:20,126] {dagbag.py:508} INFO - Filling up the DagBag from /opt/conda/lib/python3.8/site-packages/airflow/example_dags/example_branch_datetime_operator.py
[2024-05-05 10:11:20,135] {processor.py:651} INFO - DAG(s) dict_keys(['example_branch_datetime_operator', 'example_branch_datetime_operator_2']) retrieved from /opt/conda/lib/python3.8/site-packages/airflow/example_dags/example_branch_datetime_operator.py
[2024-05-05 10:11:20,155] {logging_mixin.py:115} INFO - [2024-05-05 10:11:20,154] {dag.py:2420} INFO - Sync 2 DAGs
[2024-05-05 10:11:20,175] {logging_mixin.py:115} INFO - [2024-05-05 10:11:20,175] {dag.py:2968} INFO - Setting next_dagrun for example_branch_datetime_operator to 2024-05-04T00:00:00+00:00, run_after=2024-05-05T00:00:00+00:00
[2024-05-05 10:11:20,177] {logging_mixin.py:115} INFO - [2024-05-05 10:11:20,177] {dag.py:2968} INFO - Setting next_dagrun for example_branch_datetime_operator_2 to 2024-05-04T00:00:00+00:00, run_after=2024-05-05T00:00:00+00:00
[2024-05-05 10:11:20,198] {processor.py:161} INFO - Processing /opt/conda/lib/python3.8/site-packages/airflow/example_dags/example_branch_datetime_operator.py took 0.078 seconds
[2024-05-05 10:12:01,426] {processor.py:153} INFO - Started process (PID=3025) to work on /opt/conda/lib/python3.8/site-packages/airflow/example_dags/example_branch_datetime_operator.py
[2024-05-05 10:12:01,428] {processor.py:641} INFO - Processing file /opt/conda/lib/python3.8/site-packages/airflow/example_dags/example_branch_datetime_operator.py for tasks to queue
[2024-05-05 10:12:01,428] {logging_mixin.py:115} INFO - [2024-05-05 10:12:01,428] {dagbag.py:508} INFO - Filling up the DagBag from /opt/conda/lib/python3.8/site-packages/airflow/example_dags/example_branch_datetime_operator.py
[2024-05-05 10:12:01,437] {processor.py:651} INFO - DAG(s) dict_keys(['example_branch_datetime_operator', 'example_branch_datetime_operator_2']) retrieved from /opt/conda/lib/python3.8/site-packages/airflow/example_dags/example_branch_datetime_operator.py
[2024-05-05 10:12:01,456] {logging_mixin.py:115} INFO - [2024-05-05 10:12:01,456] {dag.py:2420} INFO - Sync 2 DAGs
[2024-05-05 10:12:01,476] {logging_mixin.py:115} INFO - [2024-05-05 10:12:01,476] {dag.py:2968} INFO - Setting next_dagrun for example_branch_datetime_operator to 2024-05-04T00:00:00+00:00, run_after=2024-05-05T00:00:00+00:00
[2024-05-05 10:12:01,478] {logging_mixin.py:115} INFO - [2024-05-05 10:12:01,477] {dag.py:2968} INFO - Setting next_dagrun for example_branch_datetime_operator_2 to 2024-05-04T00:00:00+00:00, run_after=2024-05-05T00:00:00+00:00
[2024-05-05 10:12:01,498] {processor.py:161} INFO - Processing /opt/conda/lib/python3.8/site-packages/airflow/example_dags/example_branch_datetime_operator.py took 0.075 seconds
[2024-05-05 10:12:36,901] {processor.py:153} INFO - Started process (PID=3077) to work on /opt/conda/lib/python3.8/site-packages/airflow/example_dags/example_branch_datetime_operator.py
[2024-05-05 10:12:36,902] {processor.py:641} INFO - Processing file /opt/conda/lib/python3.8/site-packages/airflow/example_dags/example_branch_datetime_operator.py for tasks to queue
[2024-05-05 10:12:36,902] {logging_mixin.py:115} INFO - [2024-05-05 10:12:36,902] {dagbag.py:508} INFO - Filling up the DagBag from /opt/conda/lib/python3.8/site-packages/airflow/example_dags/example_branch_datetime_operator.py
[2024-05-05 10:12:36,910] {processor.py:651} INFO - DAG(s) dict_keys(['example_branch_datetime_operator', 'example_branch_datetime_operator_2']) retrieved from /opt/conda/lib/python3.8/site-packages/airflow/example_dags/example_branch_datetime_operator.py
[2024-05-05 10:12:36,927] {logging_mixin.py:115} INFO - [2024-05-05 10:12:36,927] {dag.py:2420} INFO - Sync 2 DAGs
[2024-05-05 10:12:36,942] {logging_mixin.py:115} INFO - [2024-05-05 10:12:36,942] {dag.py:2968} INFO - Setting next_dagrun for example_branch_datetime_operator to 2024-05-04T00:00:00+00:00, run_after=2024-05-05T00:00:00+00:00
[2024-05-05 10:12:36,943] {logging_mixin.py:115} INFO - [2024-05-05 10:12:36,943] {dag.py:2968} INFO - Setting next_dagrun for example_branch_datetime_operator_2 to 2024-05-04T00:00:00+00:00, run_after=2024-05-05T00:00:00+00:00
[2024-05-05 10:12:36,962] {processor.py:161} INFO - Processing /opt/conda/lib/python3.8/site-packages/airflow/example_dags/example_branch_datetime_operator.py took 0.064 seconds
[2024-05-05 10:13:18,730] {processor.py:153} INFO - Started process (PID=3141) to work on /opt/conda/lib/python3.8/site-packages/airflow/example_dags/example_branch_datetime_operator.py
[2024-05-05 10:13:18,731] {processor.py:641} INFO - Processing file /opt/conda/lib/python3.8/site-packages/airflow/example_dags/example_branch_datetime_operator.py for tasks to queue
[2024-05-05 10:13:18,732] {logging_mixin.py:115} INFO - [2024-05-05 10:13:18,732] {dagbag.py:508} INFO - Filling up the DagBag from /opt/conda/lib/python3.8/site-packages/airflow/example_dags/example_branch_datetime_operator.py
[2024-05-05 10:13:18,740] {processor.py:651} INFO - DAG(s) dict_keys(['example_branch_datetime_operator', 'example_branch_datetime_operator_2']) retrieved from /opt/conda/lib/python3.8/site-packages/airflow/example_dags/example_branch_datetime_operator.py
[2024-05-05 10:13:18,757] {logging_mixin.py:115} INFO - [2024-05-05 10:13:18,756] {dag.py:2420} INFO - Sync 2 DAGs
[2024-05-05 10:13:18,772] {logging_mixin.py:115} INFO - [2024-05-05 10:13:18,772] {dag.py:2968} INFO - Setting next_dagrun for example_branch_datetime_operator to 2024-05-04T00:00:00+00:00, run_after=2024-05-05T00:00:00+00:00
[2024-05-05 10:13:18,773] {logging_mixin.py:115} INFO - [2024-05-05 10:13:18,773] {dag.py:2968} INFO - Setting next_dagrun for example_branch_datetime_operator_2 to 2024-05-04T00:00:00+00:00, run_after=2024-05-05T00:00:00+00:00
[2024-05-05 10:13:18,815] {processor.py:161} INFO - Processing /opt/conda/lib/python3.8/site-packages/airflow/example_dags/example_branch_datetime_operator.py took 0.087 seconds
[2024-05-05 10:14:00,271] {processor.py:153} INFO - Started process (PID=3196) to work on /opt/conda/lib/python3.8/site-packages/airflow/example_dags/example_branch_datetime_operator.py
[2024-05-05 10:14:00,272] {processor.py:641} INFO - Processing file /opt/conda/lib/python3.8/site-packages/airflow/example_dags/example_branch_datetime_operator.py for tasks to queue
[2024-05-05 10:14:00,272] {logging_mixin.py:115} INFO - [2024-05-05 10:14:00,272] {dagbag.py:508} INFO - Filling up the DagBag from /opt/conda/lib/python3.8/site-packages/airflow/example_dags/example_branch_datetime_operator.py
[2024-05-05 10:14:00,281] {processor.py:651} INFO - DAG(s) dict_keys(['example_branch_datetime_operator', 'example_branch_datetime_operator_2']) retrieved from /opt/conda/lib/python3.8/site-packages/airflow/example_dags/example_branch_datetime_operator.py
[2024-05-05 10:14:00,299] {logging_mixin.py:115} INFO - [2024-05-05 10:14:00,299] {dag.py:2420} INFO - Sync 2 DAGs
[2024-05-05 10:14:00,319] {logging_mixin.py:115} INFO - [2024-05-05 10:14:00,319] {dag.py:2968} INFO - Setting next_dagrun for example_branch_datetime_operator to 2024-05-04T00:00:00+00:00, run_after=2024-05-05T00:00:00+00:00
[2024-05-05 10:14:00,321] {logging_mixin.py:115} INFO - [2024-05-05 10:14:00,321] {dag.py:2968} INFO - Setting next_dagrun for example_branch_datetime_operator_2 to 2024-05-04T00:00:00+00:00, run_after=2024-05-05T00:00:00+00:00
[2024-05-05 10:14:00,342] {processor.py:161} INFO - Processing /opt/conda/lib/python3.8/site-packages/airflow/example_dags/example_branch_datetime_operator.py took 0.075 seconds
[2024-05-05 10:14:37,966] {processor.py:153} INFO - Started process (PID=3248) to work on /opt/conda/lib/python3.8/site-packages/airflow/example_dags/example_branch_datetime_operator.py
[2024-05-05 10:14:37,967] {processor.py:641} INFO - Processing file /opt/conda/lib/python3.8/site-packages/airflow/example_dags/example_branch_datetime_operator.py for tasks to queue
[2024-05-05 10:14:37,968] {logging_mixin.py:115} INFO - [2024-05-05 10:14:37,968] {dagbag.py:508} INFO - Filling up the DagBag from /opt/conda/lib/python3.8/site-packages/airflow/example_dags/example_branch_datetime_operator.py
[2024-05-05 10:14:37,976] {processor.py:651} INFO - DAG(s) dict_keys(['example_branch_datetime_operator', 'example_branch_datetime_operator_2']) retrieved from /opt/conda/lib/python3.8/site-packages/airflow/example_dags/example_branch_datetime_operator.py
[2024-05-05 10:14:37,994] {logging_mixin.py:115} INFO - [2024-05-05 10:14:37,994] {dag.py:2420} INFO - Sync 2 DAGs
[2024-05-05 10:14:38,014] {logging_mixin.py:115} INFO - [2024-05-05 10:14:38,014] {dag.py:2968} INFO - Setting next_dagrun for example_branch_datetime_operator to 2024-05-04T00:00:00+00:00, run_after=2024-05-05T00:00:00+00:00
[2024-05-05 10:14:38,015] {logging_mixin.py:115} INFO - [2024-05-05 10:14:38,015] {dag.py:2968} INFO - Setting next_dagrun for example_branch_datetime_operator_2 to 2024-05-04T00:00:00+00:00, run_after=2024-05-05T00:00:00+00:00
[2024-05-05 10:14:38,038] {processor.py:161} INFO - Processing /opt/conda/lib/python3.8/site-packages/airflow/example_dags/example_branch_datetime_operator.py took 0.075 seconds
[2024-05-05 10:15:17,410] {processor.py:153} INFO - Started process (PID=3302) to work on /opt/conda/lib/python3.8/site-packages/airflow/example_dags/example_branch_datetime_operator.py
[2024-05-05 10:15:17,411] {processor.py:641} INFO - Processing file /opt/conda/lib/python3.8/site-packages/airflow/example_dags/example_branch_datetime_operator.py for tasks to queue
[2024-05-05 10:15:17,412] {logging_mixin.py:115} INFO - [2024-05-05 10:15:17,412] {dagbag.py:508} INFO - Filling up the DagBag from /opt/conda/lib/python3.8/site-packages/airflow/example_dags/example_branch_datetime_operator.py
[2024-05-05 10:15:17,420] {processor.py:651} INFO - DAG(s) dict_keys(['example_branch_datetime_operator', 'example_branch_datetime_operator_2']) retrieved from /opt/conda/lib/python3.8/site-packages/airflow/example_dags/example_branch_datetime_operator.py
[2024-05-05 10:15:17,436] {logging_mixin.py:115} INFO - [2024-05-05 10:15:17,436] {dag.py:2420} INFO - Sync 2 DAGs
[2024-05-05 10:15:17,451] {logging_mixin.py:115} INFO - [2024-05-05 10:15:17,451] {dag.py:2968} INFO - Setting next_dagrun for example_branch_datetime_operator to 2024-05-04T00:00:00+00:00, run_after=2024-05-05T00:00:00+00:00
[2024-05-05 10:15:17,453] {logging_mixin.py:115} INFO - [2024-05-05 10:15:17,453] {dag.py:2968} INFO - Setting next_dagrun for example_branch_datetime_operator_2 to 2024-05-04T00:00:00+00:00, run_after=2024-05-05T00:00:00+00:00
[2024-05-05 10:15:17,471] {processor.py:161} INFO - Processing /opt/conda/lib/python3.8/site-packages/airflow/example_dags/example_branch_datetime_operator.py took 0.064 seconds
[2024-05-05 10:15:55,710] {processor.py:153} INFO - Started process (PID=3363) to work on /opt/conda/lib/python3.8/site-packages/airflow/example_dags/example_branch_datetime_operator.py
[2024-05-05 10:15:55,711] {processor.py:641} INFO - Processing file /opt/conda/lib/python3.8/site-packages/airflow/example_dags/example_branch_datetime_operator.py for tasks to queue
[2024-05-05 10:15:55,712] {logging_mixin.py:115} INFO - [2024-05-05 10:15:55,712] {dagbag.py:508} INFO - Filling up the DagBag from /opt/conda/lib/python3.8/site-packages/airflow/example_dags/example_branch_datetime_operator.py
[2024-05-05 10:15:55,720] {processor.py:651} INFO - DAG(s) dict_keys(['example_branch_datetime_operator', 'example_branch_datetime_operator_2']) retrieved from /opt/conda/lib/python3.8/site-packages/airflow/example_dags/example_branch_datetime_operator.py
[2024-05-05 10:15:55,739] {logging_mixin.py:115} INFO - [2024-05-05 10:15:55,739] {dag.py:2420} INFO - Sync 2 DAGs
[2024-05-05 10:15:55,755] {logging_mixin.py:115} INFO - [2024-05-05 10:15:55,755] {dag.py:2968} INFO - Setting next_dagrun for example_branch_datetime_operator to 2024-05-04T00:00:00+00:00, run_after=2024-05-05T00:00:00+00:00
[2024-05-05 10:15:55,756] {logging_mixin.py:115} INFO - [2024-05-05 10:15:55,756] {dag.py:2968} INFO - Setting next_dagrun for example_branch_datetime_operator_2 to 2024-05-04T00:00:00+00:00, run_after=2024-05-05T00:00:00+00:00
[2024-05-05 10:15:55,775] {processor.py:161} INFO - Processing /opt/conda/lib/python3.8/site-packages/airflow/example_dags/example_branch_datetime_operator.py took 0.068 seconds
[2024-05-05 10:16:32,211] {processor.py:153} INFO - Started process (PID=3424) to work on /opt/conda/lib/python3.8/site-packages/airflow/example_dags/example_branch_datetime_operator.py
[2024-05-05 10:16:32,212] {processor.py:641} INFO - Processing file /opt/conda/lib/python3.8/site-packages/airflow/example_dags/example_branch_datetime_operator.py for tasks to queue
[2024-05-05 10:16:32,213] {logging_mixin.py:115} INFO - [2024-05-05 10:16:32,213] {dagbag.py:508} INFO - Filling up the DagBag from /opt/conda/lib/python3.8/site-packages/airflow/example_dags/example_branch_datetime_operator.py
[2024-05-05 10:16:32,221] {processor.py:651} INFO - DAG(s) dict_keys(['example_branch_datetime_operator', 'example_branch_datetime_operator_2']) retrieved from /opt/conda/lib/python3.8/site-packages/airflow/example_dags/example_branch_datetime_operator.py
[2024-05-05 10:16:32,239] {logging_mixin.py:115} INFO - [2024-05-05 10:16:32,239] {dag.py:2420} INFO - Sync 2 DAGs
[2024-05-05 10:16:32,258] {logging_mixin.py:115} INFO - [2024-05-05 10:16:32,258] {dag.py:2968} INFO - Setting next_dagrun for example_branch_datetime_operator to 2024-05-04T00:00:00+00:00, run_after=2024-05-05T00:00:00+00:00
[2024-05-05 10:16:32,260] {logging_mixin.py:115} INFO - [2024-05-05 10:16:32,260] {dag.py:2968} INFO - Setting next_dagrun for example_branch_datetime_operator_2 to 2024-05-04T00:00:00+00:00, run_after=2024-05-05T00:00:00+00:00
[2024-05-05 10:16:32,282] {processor.py:161} INFO - Processing /opt/conda/lib/python3.8/site-packages/airflow/example_dags/example_branch_datetime_operator.py took 0.074 seconds
[2024-05-05 10:17:08,187] {processor.py:153} INFO - Started process (PID=3475) to work on /opt/conda/lib/python3.8/site-packages/airflow/example_dags/example_branch_datetime_operator.py
[2024-05-05 10:17:08,188] {processor.py:641} INFO - Processing file /opt/conda/lib/python3.8/site-packages/airflow/example_dags/example_branch_datetime_operator.py for tasks to queue
[2024-05-05 10:17:08,188] {logging_mixin.py:115} INFO - [2024-05-05 10:17:08,188] {dagbag.py:508} INFO - Filling up the DagBag from /opt/conda/lib/python3.8/site-packages/airflow/example_dags/example_branch_datetime_operator.py
[2024-05-05 10:17:08,197] {processor.py:651} INFO - DAG(s) dict_keys(['example_branch_datetime_operator', 'example_branch_datetime_operator_2']) retrieved from /opt/conda/lib/python3.8/site-packages/airflow/example_dags/example_branch_datetime_operator.py
[2024-05-05 10:17:08,216] {logging_mixin.py:115} INFO - [2024-05-05 10:17:08,216] {dag.py:2420} INFO - Sync 2 DAGs
[2024-05-05 10:17:08,235] {logging_mixin.py:115} INFO - [2024-05-05 10:17:08,235] {dag.py:2968} INFO - Setting next_dagrun for example_branch_datetime_operator to 2024-05-04T00:00:00+00:00, run_after=2024-05-05T00:00:00+00:00
[2024-05-05 10:17:08,237] {logging_mixin.py:115} INFO - [2024-05-05 10:17:08,237] {dag.py:2968} INFO - Setting next_dagrun for example_branch_datetime_operator_2 to 2024-05-04T00:00:00+00:00, run_after=2024-05-05T00:00:00+00:00
[2024-05-05 10:17:08,302] {processor.py:161} INFO - Processing /opt/conda/lib/python3.8/site-packages/airflow/example_dags/example_branch_datetime_operator.py took 0.119 seconds
[2024-05-05 10:17:47,270] {processor.py:153} INFO - Started process (PID=3530) to work on /opt/conda/lib/python3.8/site-packages/airflow/example_dags/example_branch_datetime_operator.py
[2024-05-05 10:17:47,272] {processor.py:641} INFO - Processing file /opt/conda/lib/python3.8/site-packages/airflow/example_dags/example_branch_datetime_operator.py for tasks to queue
[2024-05-05 10:17:47,272] {logging_mixin.py:115} INFO - [2024-05-05 10:17:47,272] {dagbag.py:508} INFO - Filling up the DagBag from /opt/conda/lib/python3.8/site-packages/airflow/example_dags/example_branch_datetime_operator.py
[2024-05-05 10:17:47,281] {processor.py:651} INFO - DAG(s) dict_keys(['example_branch_datetime_operator', 'example_branch_datetime_operator_2']) retrieved from /opt/conda/lib/python3.8/site-packages/airflow/example_dags/example_branch_datetime_operator.py
[2024-05-05 10:17:47,300] {logging_mixin.py:115} INFO - [2024-05-05 10:17:47,299] {dag.py:2420} INFO - Sync 2 DAGs
[2024-05-05 10:17:47,319] {logging_mixin.py:115} INFO - [2024-05-05 10:17:47,319] {dag.py:2968} INFO - Setting next_dagrun for example_branch_datetime_operator to 2024-05-04T00:00:00+00:00, run_after=2024-05-05T00:00:00+00:00
[2024-05-05 10:17:47,321] {logging_mixin.py:115} INFO - [2024-05-05 10:17:47,321] {dag.py:2968} INFO - Setting next_dagrun for example_branch_datetime_operator_2 to 2024-05-04T00:00:00+00:00, run_after=2024-05-05T00:00:00+00:00
[2024-05-05 10:17:47,343] {processor.py:161} INFO - Processing /opt/conda/lib/python3.8/site-packages/airflow/example_dags/example_branch_datetime_operator.py took 0.076 seconds
[2024-05-05 10:18:27,899] {processor.py:153} INFO - Started process (PID=3587) to work on /opt/conda/lib/python3.8/site-packages/airflow/example_dags/example_branch_datetime_operator.py
[2024-05-05 10:18:27,900] {processor.py:641} INFO - Processing file /opt/conda/lib/python3.8/site-packages/airflow/example_dags/example_branch_datetime_operator.py for tasks to queue
[2024-05-05 10:18:27,901] {logging_mixin.py:115} INFO - [2024-05-05 10:18:27,901] {dagbag.py:508} INFO - Filling up the DagBag from /opt/conda/lib/python3.8/site-packages/airflow/example_dags/example_branch_datetime_operator.py
[2024-05-05 10:18:27,909] {processor.py:651} INFO - DAG(s) dict_keys(['example_branch_datetime_operator', 'example_branch_datetime_operator_2']) retrieved from /opt/conda/lib/python3.8/site-packages/airflow/example_dags/example_branch_datetime_operator.py
[2024-05-05 10:18:27,925] {logging_mixin.py:115} INFO - [2024-05-05 10:18:27,925] {dag.py:2420} INFO - Sync 2 DAGs
[2024-05-05 10:18:27,940] {logging_mixin.py:115} INFO - [2024-05-05 10:18:27,940] {dag.py:2968} INFO - Setting next_dagrun for example_branch_datetime_operator to 2024-05-04T00:00:00+00:00, run_after=2024-05-05T00:00:00+00:00
[2024-05-05 10:18:27,941] {logging_mixin.py:115} INFO - [2024-05-05 10:18:27,941] {dag.py:2968} INFO - Setting next_dagrun for example_branch_datetime_operator_2 to 2024-05-04T00:00:00+00:00, run_after=2024-05-05T00:00:00+00:00
[2024-05-05 10:18:27,965] {processor.py:161} INFO - Processing /opt/conda/lib/python3.8/site-packages/airflow/example_dags/example_branch_datetime_operator.py took 0.069 seconds
