[2024-05-05 09:48:41,590] {processor.py:153} INFO - Started process (PID=939) to work on /opt/conda/lib/python3.8/site-packages/airflow/example_dags/example_latest_only_with_trigger.py
[2024-05-05 09:48:41,590] {processor.py:641} INFO - Processing file /opt/conda/lib/python3.8/site-packages/airflow/example_dags/example_latest_only_with_trigger.py for tasks to queue
[2024-05-05 09:48:41,591] {logging_mixin.py:115} INFO - [2024-05-05 09:48:41,591] {dagbag.py:508} INFO - Filling up the DagBag from /opt/conda/lib/python3.8/site-packages/airflow/example_dags/example_latest_only_with_trigger.py
[2024-05-05 09:48:41,597] {processor.py:651} INFO - DAG(s) dict_keys(['latest_only_with_trigger']) retrieved from /opt/conda/lib/python3.8/site-packages/airflow/example_dags/example_latest_only_with_trigger.py
[2024-05-05 09:48:41,805] {logging_mixin.py:115} INFO - [2024-05-05 09:48:41,804] {manager.py:508} INFO - Created Permission View: can read on DAG:latest_only_with_trigger
[2024-05-05 09:48:41,824] {logging_mixin.py:115} INFO - [2024-05-05 09:48:41,824] {manager.py:508} INFO - Created Permission View: can edit on DAG:latest_only_with_trigger
[2024-05-05 09:48:41,839] {logging_mixin.py:115} INFO - [2024-05-05 09:48:41,839] {manager.py:508} INFO - Created Permission View: can delete on DAG:latest_only_with_trigger
[2024-05-05 09:48:41,839] {logging_mixin.py:115} INFO - [2024-05-05 09:48:41,839] {dag.py:2420} INFO - Sync 1 DAGs
[2024-05-05 09:48:41,845] {logging_mixin.py:115} INFO - [2024-05-05 09:48:41,844] {dag.py:2439} INFO - Creating ORM DAG for latest_only_with_trigger
[2024-05-05 09:48:41,851] {logging_mixin.py:115} INFO - [2024-05-05 09:48:41,851] {dag.py:2968} INFO - Setting next_dagrun for latest_only_with_trigger to 2024-05-05T05:48:41.851292+00:00, run_after=2024-05-05T09:48:41.851292+00:00
[2024-05-05 09:48:41,878] {processor.py:161} INFO - Processing /opt/conda/lib/python3.8/site-packages/airflow/example_dags/example_latest_only_with_trigger.py took 0.292 seconds
[2024-05-05 09:49:28,919] {processor.py:153} INFO - Started process (PID=991) to work on /opt/conda/lib/python3.8/site-packages/airflow/example_dags/example_latest_only_with_trigger.py
[2024-05-05 09:49:28,921] {processor.py:641} INFO - Processing file /opt/conda/lib/python3.8/site-packages/airflow/example_dags/example_latest_only_with_trigger.py for tasks to queue
[2024-05-05 09:49:28,921] {logging_mixin.py:115} INFO - [2024-05-05 09:49:28,921] {dagbag.py:508} INFO - Filling up the DagBag from /opt/conda/lib/python3.8/site-packages/airflow/example_dags/example_latest_only_with_trigger.py
[2024-05-05 09:49:28,927] {processor.py:651} INFO - DAG(s) dict_keys(['latest_only_with_trigger']) retrieved from /opt/conda/lib/python3.8/site-packages/airflow/example_dags/example_latest_only_with_trigger.py
[2024-05-05 09:49:28,947] {logging_mixin.py:115} INFO - [2024-05-05 09:49:28,947] {dag.py:2420} INFO - Sync 1 DAGs
[2024-05-05 09:49:29,087] {logging_mixin.py:115} INFO - [2024-05-05 09:49:29,087] {dag.py:2968} INFO - Setting next_dagrun for latest_only_with_trigger to 2024-05-05T05:49:29.086829+00:00, run_after=2024-05-05T09:49:29.086829+00:00
[2024-05-05 09:49:29,107] {processor.py:161} INFO - Processing /opt/conda/lib/python3.8/site-packages/airflow/example_dags/example_latest_only_with_trigger.py took 0.192 seconds
[2024-05-05 09:50:10,470] {processor.py:153} INFO - Started process (PID=1043) to work on /opt/conda/lib/python3.8/site-packages/airflow/example_dags/example_latest_only_with_trigger.py
[2024-05-05 09:50:10,472] {processor.py:641} INFO - Processing file /opt/conda/lib/python3.8/site-packages/airflow/example_dags/example_latest_only_with_trigger.py for tasks to queue
[2024-05-05 09:50:10,472] {logging_mixin.py:115} INFO - [2024-05-05 09:50:10,472] {dagbag.py:508} INFO - Filling up the DagBag from /opt/conda/lib/python3.8/site-packages/airflow/example_dags/example_latest_only_with_trigger.py
[2024-05-05 09:50:10,478] {processor.py:651} INFO - DAG(s) dict_keys(['latest_only_with_trigger']) retrieved from /opt/conda/lib/python3.8/site-packages/airflow/example_dags/example_latest_only_with_trigger.py
[2024-05-05 09:50:10,494] {logging_mixin.py:115} INFO - [2024-05-05 09:50:10,494] {dag.py:2420} INFO - Sync 1 DAGs
[2024-05-05 09:50:10,614] {logging_mixin.py:115} INFO - [2024-05-05 09:50:10,614] {dag.py:2968} INFO - Setting next_dagrun for latest_only_with_trigger to 2024-05-05T05:50:10.614202+00:00, run_after=2024-05-05T09:50:10.614202+00:00
[2024-05-05 09:50:10,639] {processor.py:161} INFO - Processing /opt/conda/lib/python3.8/site-packages/airflow/example_dags/example_latest_only_with_trigger.py took 0.171 seconds
[2024-05-05 09:52:22,774] {processor.py:153} INFO - Started process (PID=1348) to work on /opt/conda/lib/python3.8/site-packages/airflow/example_dags/example_latest_only_with_trigger.py
[2024-05-05 09:52:22,775] {processor.py:641} INFO - Processing file /opt/conda/lib/python3.8/site-packages/airflow/example_dags/example_latest_only_with_trigger.py for tasks to queue
[2024-05-05 09:52:22,775] {logging_mixin.py:115} INFO - [2024-05-05 09:52:22,775] {dagbag.py:508} INFO - Filling up the DagBag from /opt/conda/lib/python3.8/site-packages/airflow/example_dags/example_latest_only_with_trigger.py
[2024-05-05 09:52:22,781] {processor.py:651} INFO - DAG(s) dict_keys(['latest_only_with_trigger']) retrieved from /opt/conda/lib/python3.8/site-packages/airflow/example_dags/example_latest_only_with_trigger.py
[2024-05-05 09:52:22,798] {logging_mixin.py:115} INFO - [2024-05-05 09:52:22,797] {dag.py:2420} INFO - Sync 1 DAGs
[2024-05-05 09:52:22,925] {logging_mixin.py:115} INFO - [2024-05-05 09:52:22,925] {dag.py:2968} INFO - Setting next_dagrun for latest_only_with_trigger to 2024-05-05T05:52:22.925455+00:00, run_after=2024-05-05T09:52:22.925455+00:00
[2024-05-05 09:52:22,943] {processor.py:161} INFO - Processing /opt/conda/lib/python3.8/site-packages/airflow/example_dags/example_latest_only_with_trigger.py took 0.173 seconds
[2024-05-05 09:53:07,730] {processor.py:153} INFO - Started process (PID=1400) to work on /opt/conda/lib/python3.8/site-packages/airflow/example_dags/example_latest_only_with_trigger.py
[2024-05-05 09:53:07,731] {processor.py:641} INFO - Processing file /opt/conda/lib/python3.8/site-packages/airflow/example_dags/example_latest_only_with_trigger.py for tasks to queue
[2024-05-05 09:53:07,732] {logging_mixin.py:115} INFO - [2024-05-05 09:53:07,731] {dagbag.py:508} INFO - Filling up the DagBag from /opt/conda/lib/python3.8/site-packages/airflow/example_dags/example_latest_only_with_trigger.py
[2024-05-05 09:53:07,737] {processor.py:651} INFO - DAG(s) dict_keys(['latest_only_with_trigger']) retrieved from /opt/conda/lib/python3.8/site-packages/airflow/example_dags/example_latest_only_with_trigger.py
[2024-05-05 09:53:07,753] {logging_mixin.py:115} INFO - [2024-05-05 09:53:07,753] {dag.py:2420} INFO - Sync 1 DAGs
[2024-05-05 09:53:07,872] {logging_mixin.py:115} INFO - [2024-05-05 09:53:07,872] {dag.py:2968} INFO - Setting next_dagrun for latest_only_with_trigger to 2024-05-05T05:53:07.872036+00:00, run_after=2024-05-05T09:53:07.872036+00:00
[2024-05-05 09:53:07,891] {processor.py:161} INFO - Processing /opt/conda/lib/python3.8/site-packages/airflow/example_dags/example_latest_only_with_trigger.py took 0.165 seconds
[2024-05-05 09:53:52,534] {processor.py:153} INFO - Started process (PID=1452) to work on /opt/conda/lib/python3.8/site-packages/airflow/example_dags/example_latest_only_with_trigger.py
[2024-05-05 09:53:52,536] {processor.py:641} INFO - Processing file /opt/conda/lib/python3.8/site-packages/airflow/example_dags/example_latest_only_with_trigger.py for tasks to queue
[2024-05-05 09:53:52,536] {logging_mixin.py:115} INFO - [2024-05-05 09:53:52,536] {dagbag.py:508} INFO - Filling up the DagBag from /opt/conda/lib/python3.8/site-packages/airflow/example_dags/example_latest_only_with_trigger.py
[2024-05-05 09:53:52,542] {processor.py:651} INFO - DAG(s) dict_keys(['latest_only_with_trigger']) retrieved from /opt/conda/lib/python3.8/site-packages/airflow/example_dags/example_latest_only_with_trigger.py
[2024-05-05 09:53:52,682] {logging_mixin.py:115} INFO - [2024-05-05 09:53:52,682] {dag.py:2420} INFO - Sync 1 DAGs
[2024-05-05 09:53:52,693] {logging_mixin.py:115} INFO - [2024-05-05 09:53:52,693] {dag.py:2968} INFO - Setting next_dagrun for latest_only_with_trigger to 2024-05-05T05:53:52.693593+00:00, run_after=2024-05-05T09:53:52.693593+00:00
[2024-05-05 09:53:52,714] {processor.py:161} INFO - Processing /opt/conda/lib/python3.8/site-packages/airflow/example_dags/example_latest_only_with_trigger.py took 0.183 seconds
[2024-05-05 09:54:34,338] {processor.py:153} INFO - Started process (PID=1504) to work on /opt/conda/lib/python3.8/site-packages/airflow/example_dags/example_latest_only_with_trigger.py
[2024-05-05 09:54:34,340] {processor.py:641} INFO - Processing file /opt/conda/lib/python3.8/site-packages/airflow/example_dags/example_latest_only_with_trigger.py for tasks to queue
[2024-05-05 09:54:34,340] {logging_mixin.py:115} INFO - [2024-05-05 09:54:34,340] {dagbag.py:508} INFO - Filling up the DagBag from /opt/conda/lib/python3.8/site-packages/airflow/example_dags/example_latest_only_with_trigger.py
[2024-05-05 09:54:34,345] {processor.py:651} INFO - DAG(s) dict_keys(['latest_only_with_trigger']) retrieved from /opt/conda/lib/python3.8/site-packages/airflow/example_dags/example_latest_only_with_trigger.py
[2024-05-05 09:54:34,468] {logging_mixin.py:115} INFO - [2024-05-05 09:54:34,468] {dag.py:2420} INFO - Sync 1 DAGs
[2024-05-05 09:54:34,479] {logging_mixin.py:115} INFO - [2024-05-05 09:54:34,479] {dag.py:2968} INFO - Setting next_dagrun for latest_only_with_trigger to 2024-05-05T05:54:34.479143+00:00, run_after=2024-05-05T09:54:34.479143+00:00
[2024-05-05 09:54:34,501] {processor.py:161} INFO - Processing /opt/conda/lib/python3.8/site-packages/airflow/example_dags/example_latest_only_with_trigger.py took 0.165 seconds
[2024-05-05 09:55:18,845] {processor.py:153} INFO - Started process (PID=1565) to work on /opt/conda/lib/python3.8/site-packages/airflow/example_dags/example_latest_only_with_trigger.py
[2024-05-05 09:55:18,846] {processor.py:641} INFO - Processing file /opt/conda/lib/python3.8/site-packages/airflow/example_dags/example_latest_only_with_trigger.py for tasks to queue
[2024-05-05 09:55:18,847] {logging_mixin.py:115} INFO - [2024-05-05 09:55:18,847] {dagbag.py:508} INFO - Filling up the DagBag from /opt/conda/lib/python3.8/site-packages/airflow/example_dags/example_latest_only_with_trigger.py
[2024-05-05 09:55:18,853] {processor.py:651} INFO - DAG(s) dict_keys(['latest_only_with_trigger']) retrieved from /opt/conda/lib/python3.8/site-packages/airflow/example_dags/example_latest_only_with_trigger.py
[2024-05-05 09:55:19,009] {logging_mixin.py:115} INFO - [2024-05-05 09:55:19,009] {dag.py:2420} INFO - Sync 1 DAGs
[2024-05-05 09:55:19,021] {logging_mixin.py:115} INFO - [2024-05-05 09:55:19,021] {dag.py:2968} INFO - Setting next_dagrun for latest_only_with_trigger to 2024-05-05T05:55:19.021435+00:00, run_after=2024-05-05T09:55:19.021435+00:00
[2024-05-05 09:55:19,042] {processor.py:161} INFO - Processing /opt/conda/lib/python3.8/site-packages/airflow/example_dags/example_latest_only_with_trigger.py took 0.200 seconds
[2024-05-05 09:56:07,835] {processor.py:153} INFO - Started process (PID=1630) to work on /opt/conda/lib/python3.8/site-packages/airflow/example_dags/example_latest_only_with_trigger.py
[2024-05-05 09:56:07,836] {processor.py:641} INFO - Processing file /opt/conda/lib/python3.8/site-packages/airflow/example_dags/example_latest_only_with_trigger.py for tasks to queue
[2024-05-05 09:56:07,837] {logging_mixin.py:115} INFO - [2024-05-05 09:56:07,837] {dagbag.py:508} INFO - Filling up the DagBag from /opt/conda/lib/python3.8/site-packages/airflow/example_dags/example_latest_only_with_trigger.py
[2024-05-05 09:56:07,844] {processor.py:651} INFO - DAG(s) dict_keys(['latest_only_with_trigger']) retrieved from /opt/conda/lib/python3.8/site-packages/airflow/example_dags/example_latest_only_with_trigger.py
[2024-05-05 09:56:07,978] {logging_mixin.py:115} INFO - [2024-05-05 09:56:07,978] {dag.py:2420} INFO - Sync 1 DAGs
[2024-05-05 09:56:07,990] {logging_mixin.py:115} INFO - [2024-05-05 09:56:07,989] {dag.py:2968} INFO - Setting next_dagrun for latest_only_with_trigger to 2024-05-05T05:56:07.989729+00:00, run_after=2024-05-05T09:56:07.989729+00:00
[2024-05-05 09:56:08,008] {processor.py:161} INFO - Processing /opt/conda/lib/python3.8/site-packages/airflow/example_dags/example_latest_only_with_trigger.py took 0.177 seconds
[2024-05-05 09:56:55,657] {processor.py:153} INFO - Started process (PID=1688) to work on /opt/conda/lib/python3.8/site-packages/airflow/example_dags/example_latest_only_with_trigger.py
[2024-05-05 09:56:55,659] {processor.py:641} INFO - Processing file /opt/conda/lib/python3.8/site-packages/airflow/example_dags/example_latest_only_with_trigger.py for tasks to queue
[2024-05-05 09:56:55,659] {logging_mixin.py:115} INFO - [2024-05-05 09:56:55,659] {dagbag.py:508} INFO - Filling up the DagBag from /opt/conda/lib/python3.8/site-packages/airflow/example_dags/example_latest_only_with_trigger.py
[2024-05-05 09:56:55,665] {processor.py:651} INFO - DAG(s) dict_keys(['latest_only_with_trigger']) retrieved from /opt/conda/lib/python3.8/site-packages/airflow/example_dags/example_latest_only_with_trigger.py
[2024-05-05 09:56:55,802] {logging_mixin.py:115} INFO - [2024-05-05 09:56:55,802] {dag.py:2420} INFO - Sync 1 DAGs
[2024-05-05 09:56:55,814] {logging_mixin.py:115} INFO - [2024-05-05 09:56:55,813] {dag.py:2968} INFO - Setting next_dagrun for latest_only_with_trigger to 2024-05-05T05:56:55.813748+00:00, run_after=2024-05-05T09:56:55.813748+00:00
[2024-05-05 09:56:55,833] {processor.py:161} INFO - Processing /opt/conda/lib/python3.8/site-packages/airflow/example_dags/example_latest_only_with_trigger.py took 0.179 seconds
[2024-05-05 09:57:41,794] {processor.py:153} INFO - Started process (PID=1752) to work on /opt/conda/lib/python3.8/site-packages/airflow/example_dags/example_latest_only_with_trigger.py
[2024-05-05 09:57:41,795] {processor.py:641} INFO - Processing file /opt/conda/lib/python3.8/site-packages/airflow/example_dags/example_latest_only_with_trigger.py for tasks to queue
[2024-05-05 09:57:41,796] {logging_mixin.py:115} INFO - [2024-05-05 09:57:41,796] {dagbag.py:508} INFO - Filling up the DagBag from /opt/conda/lib/python3.8/site-packages/airflow/example_dags/example_latest_only_with_trigger.py
[2024-05-05 09:57:41,801] {processor.py:651} INFO - DAG(s) dict_keys(['latest_only_with_trigger']) retrieved from /opt/conda/lib/python3.8/site-packages/airflow/example_dags/example_latest_only_with_trigger.py
[2024-05-05 09:57:41,926] {logging_mixin.py:115} INFO - [2024-05-05 09:57:41,925] {dag.py:2420} INFO - Sync 1 DAGs
[2024-05-05 09:57:41,937] {logging_mixin.py:115} INFO - [2024-05-05 09:57:41,937] {dag.py:2968} INFO - Setting next_dagrun for latest_only_with_trigger to 2024-05-05T05:57:41.937093+00:00, run_after=2024-05-05T09:57:41.937093+00:00
[2024-05-05 09:57:41,957] {processor.py:161} INFO - Processing /opt/conda/lib/python3.8/site-packages/airflow/example_dags/example_latest_only_with_trigger.py took 0.166 seconds
[2024-05-05 09:58:20,888] {processor.py:153} INFO - Started process (PID=1801) to work on /opt/conda/lib/python3.8/site-packages/airflow/example_dags/example_latest_only_with_trigger.py
[2024-05-05 09:58:20,889] {processor.py:641} INFO - Processing file /opt/conda/lib/python3.8/site-packages/airflow/example_dags/example_latest_only_with_trigger.py for tasks to queue
[2024-05-05 09:58:20,890] {logging_mixin.py:115} INFO - [2024-05-05 09:58:20,890] {dagbag.py:508} INFO - Filling up the DagBag from /opt/conda/lib/python3.8/site-packages/airflow/example_dags/example_latest_only_with_trigger.py
[2024-05-05 09:58:20,896] {processor.py:651} INFO - DAG(s) dict_keys(['latest_only_with_trigger']) retrieved from /opt/conda/lib/python3.8/site-packages/airflow/example_dags/example_latest_only_with_trigger.py
[2024-05-05 09:58:20,910] {logging_mixin.py:115} INFO - [2024-05-05 09:58:20,910] {dag.py:2420} INFO - Sync 1 DAGs
[2024-05-05 09:58:20,928] {logging_mixin.py:115} INFO - [2024-05-05 09:58:20,928] {dag.py:2968} INFO - Setting next_dagrun for latest_only_with_trigger to 2024-05-05T05:58:20.928219+00:00, run_after=2024-05-05T09:58:20.928219+00:00
[2024-05-05 09:58:20,952] {processor.py:161} INFO - Processing /opt/conda/lib/python3.8/site-packages/airflow/example_dags/example_latest_only_with_trigger.py took 0.067 seconds
[2024-05-05 09:58:59,206] {processor.py:153} INFO - Started process (PID=1862) to work on /opt/conda/lib/python3.8/site-packages/airflow/example_dags/example_latest_only_with_trigger.py
[2024-05-05 09:58:59,207] {processor.py:641} INFO - Processing file /opt/conda/lib/python3.8/site-packages/airflow/example_dags/example_latest_only_with_trigger.py for tasks to queue
[2024-05-05 09:58:59,208] {logging_mixin.py:115} INFO - [2024-05-05 09:58:59,207] {dagbag.py:508} INFO - Filling up the DagBag from /opt/conda/lib/python3.8/site-packages/airflow/example_dags/example_latest_only_with_trigger.py
[2024-05-05 09:58:59,214] {processor.py:651} INFO - DAG(s) dict_keys(['latest_only_with_trigger']) retrieved from /opt/conda/lib/python3.8/site-packages/airflow/example_dags/example_latest_only_with_trigger.py
[2024-05-05 09:58:59,230] {logging_mixin.py:115} INFO - [2024-05-05 09:58:59,230] {dag.py:2420} INFO - Sync 1 DAGs
[2024-05-05 09:58:59,249] {logging_mixin.py:115} INFO - [2024-05-05 09:58:59,249] {dag.py:2968} INFO - Setting next_dagrun for latest_only_with_trigger to 2024-05-05T05:58:59.248794+00:00, run_after=2024-05-05T09:58:59.248794+00:00
[2024-05-05 09:58:59,272] {processor.py:161} INFO - Processing /opt/conda/lib/python3.8/site-packages/airflow/example_dags/example_latest_only_with_trigger.py took 0.069 seconds
[2024-05-05 09:59:35,659] {processor.py:153} INFO - Started process (PID=1914) to work on /opt/conda/lib/python3.8/site-packages/airflow/example_dags/example_latest_only_with_trigger.py
[2024-05-05 09:59:35,661] {processor.py:641} INFO - Processing file /opt/conda/lib/python3.8/site-packages/airflow/example_dags/example_latest_only_with_trigger.py for tasks to queue
[2024-05-05 09:59:35,661] {logging_mixin.py:115} INFO - [2024-05-05 09:59:35,661] {dagbag.py:508} INFO - Filling up the DagBag from /opt/conda/lib/python3.8/site-packages/airflow/example_dags/example_latest_only_with_trigger.py
[2024-05-05 09:59:35,668] {processor.py:651} INFO - DAG(s) dict_keys(['latest_only_with_trigger']) retrieved from /opt/conda/lib/python3.8/site-packages/airflow/example_dags/example_latest_only_with_trigger.py
[2024-05-05 09:59:35,684] {logging_mixin.py:115} INFO - [2024-05-05 09:59:35,684] {dag.py:2420} INFO - Sync 1 DAGs
[2024-05-05 09:59:35,702] {logging_mixin.py:115} INFO - [2024-05-05 09:59:35,702] {dag.py:2968} INFO - Setting next_dagrun for latest_only_with_trigger to 2024-05-05T05:59:35.702339+00:00, run_after=2024-05-05T09:59:35.702339+00:00
[2024-05-05 09:59:35,745] {processor.py:161} INFO - Processing /opt/conda/lib/python3.8/site-packages/airflow/example_dags/example_latest_only_with_trigger.py took 0.089 seconds
[2024-05-05 10:00:14,130] {processor.py:153} INFO - Started process (PID=1966) to work on /opt/conda/lib/python3.8/site-packages/airflow/example_dags/example_latest_only_with_trigger.py
[2024-05-05 10:00:14,131] {processor.py:641} INFO - Processing file /opt/conda/lib/python3.8/site-packages/airflow/example_dags/example_latest_only_with_trigger.py for tasks to queue
[2024-05-05 10:00:14,132] {logging_mixin.py:115} INFO - [2024-05-05 10:00:14,132] {dagbag.py:508} INFO - Filling up the DagBag from /opt/conda/lib/python3.8/site-packages/airflow/example_dags/example_latest_only_with_trigger.py
[2024-05-05 10:00:14,138] {processor.py:651} INFO - DAG(s) dict_keys(['latest_only_with_trigger']) retrieved from /opt/conda/lib/python3.8/site-packages/airflow/example_dags/example_latest_only_with_trigger.py
[2024-05-05 10:00:14,154] {logging_mixin.py:115} INFO - [2024-05-05 10:00:14,154] {dag.py:2420} INFO - Sync 1 DAGs
[2024-05-05 10:00:14,172] {logging_mixin.py:115} INFO - [2024-05-05 10:00:14,172] {dag.py:2968} INFO - Setting next_dagrun for latest_only_with_trigger to 2024-05-05T06:00:14.172421+00:00, run_after=2024-05-05T10:00:14.172421+00:00
[2024-05-05 10:00:14,194] {processor.py:161} INFO - Processing /opt/conda/lib/python3.8/site-packages/airflow/example_dags/example_latest_only_with_trigger.py took 0.068 seconds
[2024-05-05 10:00:52,074] {processor.py:153} INFO - Started process (PID=2021) to work on /opt/conda/lib/python3.8/site-packages/airflow/example_dags/example_latest_only_with_trigger.py
[2024-05-05 10:00:52,075] {processor.py:641} INFO - Processing file /opt/conda/lib/python3.8/site-packages/airflow/example_dags/example_latest_only_with_trigger.py for tasks to queue
[2024-05-05 10:00:52,076] {logging_mixin.py:115} INFO - [2024-05-05 10:00:52,075] {dagbag.py:508} INFO - Filling up the DagBag from /opt/conda/lib/python3.8/site-packages/airflow/example_dags/example_latest_only_with_trigger.py
[2024-05-05 10:00:52,082] {processor.py:651} INFO - DAG(s) dict_keys(['latest_only_with_trigger']) retrieved from /opt/conda/lib/python3.8/site-packages/airflow/example_dags/example_latest_only_with_trigger.py
[2024-05-05 10:00:52,098] {logging_mixin.py:115} INFO - [2024-05-05 10:00:52,098] {dag.py:2420} INFO - Sync 1 DAGs
[2024-05-05 10:00:52,116] {logging_mixin.py:115} INFO - [2024-05-05 10:00:52,115] {dag.py:2968} INFO - Setting next_dagrun for latest_only_with_trigger to 2024-05-05T06:00:52.115707+00:00, run_after=2024-05-05T10:00:52.115707+00:00
[2024-05-05 10:00:52,138] {processor.py:161} INFO - Processing /opt/conda/lib/python3.8/site-packages/airflow/example_dags/example_latest_only_with_trigger.py took 0.067 seconds
[2024-05-05 10:01:29,462] {processor.py:153} INFO - Started process (PID=2075) to work on /opt/conda/lib/python3.8/site-packages/airflow/example_dags/example_latest_only_with_trigger.py
[2024-05-05 10:01:29,463] {processor.py:641} INFO - Processing file /opt/conda/lib/python3.8/site-packages/airflow/example_dags/example_latest_only_with_trigger.py for tasks to queue
[2024-05-05 10:01:29,464] {logging_mixin.py:115} INFO - [2024-05-05 10:01:29,464] {dagbag.py:508} INFO - Filling up the DagBag from /opt/conda/lib/python3.8/site-packages/airflow/example_dags/example_latest_only_with_trigger.py
[2024-05-05 10:01:29,470] {processor.py:651} INFO - DAG(s) dict_keys(['latest_only_with_trigger']) retrieved from /opt/conda/lib/python3.8/site-packages/airflow/example_dags/example_latest_only_with_trigger.py
[2024-05-05 10:01:29,486] {logging_mixin.py:115} INFO - [2024-05-05 10:01:29,486] {dag.py:2420} INFO - Sync 1 DAGs
[2024-05-05 10:01:29,504] {logging_mixin.py:115} INFO - [2024-05-05 10:01:29,504] {dag.py:2968} INFO - Setting next_dagrun for latest_only_with_trigger to 2024-05-05T06:01:29.504267+00:00, run_after=2024-05-05T10:01:29.504267+00:00
[2024-05-05 10:01:29,526] {processor.py:161} INFO - Processing /opt/conda/lib/python3.8/site-packages/airflow/example_dags/example_latest_only_with_trigger.py took 0.067 seconds
[2024-05-05 10:02:04,862] {processor.py:153} INFO - Started process (PID=2126) to work on /opt/conda/lib/python3.8/site-packages/airflow/example_dags/example_latest_only_with_trigger.py
[2024-05-05 10:02:04,863] {processor.py:641} INFO - Processing file /opt/conda/lib/python3.8/site-packages/airflow/example_dags/example_latest_only_with_trigger.py for tasks to queue
[2024-05-05 10:02:04,864] {logging_mixin.py:115} INFO - [2024-05-05 10:02:04,864] {dagbag.py:508} INFO - Filling up the DagBag from /opt/conda/lib/python3.8/site-packages/airflow/example_dags/example_latest_only_with_trigger.py
[2024-05-05 10:02:04,870] {processor.py:651} INFO - DAG(s) dict_keys(['latest_only_with_trigger']) retrieved from /opt/conda/lib/python3.8/site-packages/airflow/example_dags/example_latest_only_with_trigger.py
[2024-05-05 10:02:04,886] {logging_mixin.py:115} INFO - [2024-05-05 10:02:04,886] {dag.py:2420} INFO - Sync 1 DAGs
[2024-05-05 10:02:04,904] {logging_mixin.py:115} INFO - [2024-05-05 10:02:04,904] {dag.py:2968} INFO - Setting next_dagrun for latest_only_with_trigger to 2024-05-05T06:02:04.904265+00:00, run_after=2024-05-05T10:02:04.904265+00:00
[2024-05-05 10:02:04,927] {processor.py:161} INFO - Processing /opt/conda/lib/python3.8/site-packages/airflow/example_dags/example_latest_only_with_trigger.py took 0.069 seconds
[2024-05-05 10:02:39,830] {processor.py:153} INFO - Started process (PID=2178) to work on /opt/conda/lib/python3.8/site-packages/airflow/example_dags/example_latest_only_with_trigger.py
[2024-05-05 10:02:39,831] {processor.py:641} INFO - Processing file /opt/conda/lib/python3.8/site-packages/airflow/example_dags/example_latest_only_with_trigger.py for tasks to queue
[2024-05-05 10:02:39,832] {logging_mixin.py:115} INFO - [2024-05-05 10:02:39,832] {dagbag.py:508} INFO - Filling up the DagBag from /opt/conda/lib/python3.8/site-packages/airflow/example_dags/example_latest_only_with_trigger.py
[2024-05-05 10:02:39,838] {processor.py:651} INFO - DAG(s) dict_keys(['latest_only_with_trigger']) retrieved from /opt/conda/lib/python3.8/site-packages/airflow/example_dags/example_latest_only_with_trigger.py
[2024-05-05 10:02:39,853] {logging_mixin.py:115} INFO - [2024-05-05 10:02:39,853] {dag.py:2420} INFO - Sync 1 DAGs
[2024-05-05 10:02:39,868] {logging_mixin.py:115} INFO - [2024-05-05 10:02:39,868] {dag.py:2968} INFO - Setting next_dagrun for latest_only_with_trigger to 2024-05-05T06:02:39.868598+00:00, run_after=2024-05-05T10:02:39.868598+00:00
[2024-05-05 10:02:39,887] {processor.py:161} INFO - Processing /opt/conda/lib/python3.8/site-packages/airflow/example_dags/example_latest_only_with_trigger.py took 0.060 seconds
[2024-05-05 10:03:18,661] {processor.py:153} INFO - Started process (PID=2241) to work on /opt/conda/lib/python3.8/site-packages/airflow/example_dags/example_latest_only_with_trigger.py
[2024-05-05 10:03:18,663] {processor.py:641} INFO - Processing file /opt/conda/lib/python3.8/site-packages/airflow/example_dags/example_latest_only_with_trigger.py for tasks to queue
[2024-05-05 10:03:18,663] {logging_mixin.py:115} INFO - [2024-05-05 10:03:18,663] {dagbag.py:508} INFO - Filling up the DagBag from /opt/conda/lib/python3.8/site-packages/airflow/example_dags/example_latest_only_with_trigger.py
[2024-05-05 10:03:18,669] {processor.py:651} INFO - DAG(s) dict_keys(['latest_only_with_trigger']) retrieved from /opt/conda/lib/python3.8/site-packages/airflow/example_dags/example_latest_only_with_trigger.py
[2024-05-05 10:03:18,685] {logging_mixin.py:115} INFO - [2024-05-05 10:03:18,685] {dag.py:2420} INFO - Sync 1 DAGs
[2024-05-05 10:03:18,703] {logging_mixin.py:115} INFO - [2024-05-05 10:03:18,703] {dag.py:2968} INFO - Setting next_dagrun for latest_only_with_trigger to 2024-05-05T06:03:18.702949+00:00, run_after=2024-05-05T10:03:18.702949+00:00
[2024-05-05 10:03:18,723] {processor.py:161} INFO - Processing /opt/conda/lib/python3.8/site-packages/airflow/example_dags/example_latest_only_with_trigger.py took 0.065 seconds
[2024-05-05 10:03:53,644] {processor.py:153} INFO - Started process (PID=2291) to work on /opt/conda/lib/python3.8/site-packages/airflow/example_dags/example_latest_only_with_trigger.py
[2024-05-05 10:03:53,646] {processor.py:641} INFO - Processing file /opt/conda/lib/python3.8/site-packages/airflow/example_dags/example_latest_only_with_trigger.py for tasks to queue
[2024-05-05 10:03:53,647] {logging_mixin.py:115} INFO - [2024-05-05 10:03:53,647] {dagbag.py:508} INFO - Filling up the DagBag from /opt/conda/lib/python3.8/site-packages/airflow/example_dags/example_latest_only_with_trigger.py
[2024-05-05 10:03:53,653] {processor.py:651} INFO - DAG(s) dict_keys(['latest_only_with_trigger']) retrieved from /opt/conda/lib/python3.8/site-packages/airflow/example_dags/example_latest_only_with_trigger.py
[2024-05-05 10:03:53,670] {logging_mixin.py:115} INFO - [2024-05-05 10:03:53,670] {dag.py:2420} INFO - Sync 1 DAGs
[2024-05-05 10:03:53,688] {logging_mixin.py:115} INFO - [2024-05-05 10:03:53,688] {dag.py:2968} INFO - Setting next_dagrun for latest_only_with_trigger to 2024-05-05T06:03:53.688338+00:00, run_after=2024-05-05T10:03:53.688338+00:00
[2024-05-05 10:03:53,711] {processor.py:161} INFO - Processing /opt/conda/lib/python3.8/site-packages/airflow/example_dags/example_latest_only_with_trigger.py took 0.070 seconds
[2024-05-05 10:04:30,034] {processor.py:153} INFO - Started process (PID=2345) to work on /opt/conda/lib/python3.8/site-packages/airflow/example_dags/example_latest_only_with_trigger.py
[2024-05-05 10:04:30,035] {processor.py:641} INFO - Processing file /opt/conda/lib/python3.8/site-packages/airflow/example_dags/example_latest_only_with_trigger.py for tasks to queue
[2024-05-05 10:04:30,036] {logging_mixin.py:115} INFO - [2024-05-05 10:04:30,036] {dagbag.py:508} INFO - Filling up the DagBag from /opt/conda/lib/python3.8/site-packages/airflow/example_dags/example_latest_only_with_trigger.py
[2024-05-05 10:04:30,042] {processor.py:651} INFO - DAG(s) dict_keys(['latest_only_with_trigger']) retrieved from /opt/conda/lib/python3.8/site-packages/airflow/example_dags/example_latest_only_with_trigger.py
[2024-05-05 10:04:30,059] {logging_mixin.py:115} INFO - [2024-05-05 10:04:30,059] {dag.py:2420} INFO - Sync 1 DAGs
[2024-05-05 10:04:30,077] {logging_mixin.py:115} INFO - [2024-05-05 10:04:30,077] {dag.py:2968} INFO - Setting next_dagrun for latest_only_with_trigger to 2024-05-05T06:04:30.076938+00:00, run_after=2024-05-05T10:04:30.076938+00:00
[2024-05-05 10:04:30,099] {processor.py:161} INFO - Processing /opt/conda/lib/python3.8/site-packages/airflow/example_dags/example_latest_only_with_trigger.py took 0.068 seconds
[2024-05-05 10:05:06,458] {processor.py:153} INFO - Started process (PID=2397) to work on /opt/conda/lib/python3.8/site-packages/airflow/example_dags/example_latest_only_with_trigger.py
[2024-05-05 10:05:06,460] {processor.py:641} INFO - Processing file /opt/conda/lib/python3.8/site-packages/airflow/example_dags/example_latest_only_with_trigger.py for tasks to queue
[2024-05-05 10:05:06,460] {logging_mixin.py:115} INFO - [2024-05-05 10:05:06,460] {dagbag.py:508} INFO - Filling up the DagBag from /opt/conda/lib/python3.8/site-packages/airflow/example_dags/example_latest_only_with_trigger.py
[2024-05-05 10:05:06,466] {processor.py:651} INFO - DAG(s) dict_keys(['latest_only_with_trigger']) retrieved from /opt/conda/lib/python3.8/site-packages/airflow/example_dags/example_latest_only_with_trigger.py
[2024-05-05 10:05:06,483] {logging_mixin.py:115} INFO - [2024-05-05 10:05:06,483] {dag.py:2420} INFO - Sync 1 DAGs
[2024-05-05 10:05:06,502] {logging_mixin.py:115} INFO - [2024-05-05 10:05:06,501] {dag.py:2968} INFO - Setting next_dagrun for latest_only_with_trigger to 2024-05-05T06:05:06.501706+00:00, run_after=2024-05-05T10:05:06.501706+00:00
[2024-05-05 10:05:06,523] {processor.py:161} INFO - Processing /opt/conda/lib/python3.8/site-packages/airflow/example_dags/example_latest_only_with_trigger.py took 0.068 seconds
[2024-05-05 10:05:43,976] {processor.py:153} INFO - Started process (PID=2450) to work on /opt/conda/lib/python3.8/site-packages/airflow/example_dags/example_latest_only_with_trigger.py
[2024-05-05 10:05:43,977] {processor.py:641} INFO - Processing file /opt/conda/lib/python3.8/site-packages/airflow/example_dags/example_latest_only_with_trigger.py for tasks to queue
[2024-05-05 10:05:43,978] {logging_mixin.py:115} INFO - [2024-05-05 10:05:43,978] {dagbag.py:508} INFO - Filling up the DagBag from /opt/conda/lib/python3.8/site-packages/airflow/example_dags/example_latest_only_with_trigger.py
[2024-05-05 10:05:43,984] {processor.py:651} INFO - DAG(s) dict_keys(['latest_only_with_trigger']) retrieved from /opt/conda/lib/python3.8/site-packages/airflow/example_dags/example_latest_only_with_trigger.py
[2024-05-05 10:05:44,001] {logging_mixin.py:115} INFO - [2024-05-05 10:05:44,001] {dag.py:2420} INFO - Sync 1 DAGs
[2024-05-05 10:05:44,020] {logging_mixin.py:115} INFO - [2024-05-05 10:05:44,019] {dag.py:2968} INFO - Setting next_dagrun for latest_only_with_trigger to 2024-05-05T06:05:44.019667+00:00, run_after=2024-05-05T10:05:44.019667+00:00
[2024-05-05 10:05:44,038] {processor.py:161} INFO - Processing /opt/conda/lib/python3.8/site-packages/airflow/example_dags/example_latest_only_with_trigger.py took 0.066 seconds
[2024-05-05 10:06:21,966] {processor.py:153} INFO - Started process (PID=2512) to work on /opt/conda/lib/python3.8/site-packages/airflow/example_dags/example_latest_only_with_trigger.py
[2024-05-05 10:06:21,968] {processor.py:641} INFO - Processing file /opt/conda/lib/python3.8/site-packages/airflow/example_dags/example_latest_only_with_trigger.py for tasks to queue
[2024-05-05 10:06:21,968] {logging_mixin.py:115} INFO - [2024-05-05 10:06:21,968] {dagbag.py:508} INFO - Filling up the DagBag from /opt/conda/lib/python3.8/site-packages/airflow/example_dags/example_latest_only_with_trigger.py
[2024-05-05 10:06:21,974] {processor.py:651} INFO - DAG(s) dict_keys(['latest_only_with_trigger']) retrieved from /opt/conda/lib/python3.8/site-packages/airflow/example_dags/example_latest_only_with_trigger.py
[2024-05-05 10:06:21,989] {logging_mixin.py:115} INFO - [2024-05-05 10:06:21,988] {dag.py:2420} INFO - Sync 1 DAGs
[2024-05-05 10:06:22,003] {logging_mixin.py:115} INFO - [2024-05-05 10:06:22,003] {dag.py:2968} INFO - Setting next_dagrun for latest_only_with_trigger to 2024-05-05T06:06:22.002930+00:00, run_after=2024-05-05T10:06:22.002930+00:00
[2024-05-05 10:06:22,022] {processor.py:161} INFO - Processing /opt/conda/lib/python3.8/site-packages/airflow/example_dags/example_latest_only_with_trigger.py took 0.059 seconds
[2024-05-05 10:06:58,585] {processor.py:153} INFO - Started process (PID=2564) to work on /opt/conda/lib/python3.8/site-packages/airflow/example_dags/example_latest_only_with_trigger.py
[2024-05-05 10:06:58,587] {processor.py:641} INFO - Processing file /opt/conda/lib/python3.8/site-packages/airflow/example_dags/example_latest_only_with_trigger.py for tasks to queue
[2024-05-05 10:06:58,588] {logging_mixin.py:115} INFO - [2024-05-05 10:06:58,588] {dagbag.py:508} INFO - Filling up the DagBag from /opt/conda/lib/python3.8/site-packages/airflow/example_dags/example_latest_only_with_trigger.py
[2024-05-05 10:06:58,593] {processor.py:651} INFO - DAG(s) dict_keys(['latest_only_with_trigger']) retrieved from /opt/conda/lib/python3.8/site-packages/airflow/example_dags/example_latest_only_with_trigger.py
[2024-05-05 10:06:58,609] {logging_mixin.py:115} INFO - [2024-05-05 10:06:58,608] {dag.py:2420} INFO - Sync 1 DAGs
[2024-05-05 10:06:58,623] {logging_mixin.py:115} INFO - [2024-05-05 10:06:58,623] {dag.py:2968} INFO - Setting next_dagrun for latest_only_with_trigger to 2024-05-05T06:06:58.622994+00:00, run_after=2024-05-05T10:06:58.622994+00:00
[2024-05-05 10:06:58,642] {processor.py:161} INFO - Processing /opt/conda/lib/python3.8/site-packages/airflow/example_dags/example_latest_only_with_trigger.py took 0.059 seconds
[2024-05-05 10:07:32,743] {processor.py:153} INFO - Started process (PID=2635) to work on /opt/conda/lib/python3.8/site-packages/airflow/example_dags/example_latest_only_with_trigger.py
[2024-05-05 10:07:32,744] {processor.py:641} INFO - Processing file /opt/conda/lib/python3.8/site-packages/airflow/example_dags/example_latest_only_with_trigger.py for tasks to queue
[2024-05-05 10:07:32,745] {logging_mixin.py:115} INFO - [2024-05-05 10:07:32,745] {dagbag.py:508} INFO - Filling up the DagBag from /opt/conda/lib/python3.8/site-packages/airflow/example_dags/example_latest_only_with_trigger.py
[2024-05-05 10:07:32,750] {processor.py:651} INFO - DAG(s) dict_keys(['latest_only_with_trigger']) retrieved from /opt/conda/lib/python3.8/site-packages/airflow/example_dags/example_latest_only_with_trigger.py
[2024-05-05 10:07:32,767] {logging_mixin.py:115} INFO - [2024-05-05 10:07:32,767] {dag.py:2420} INFO - Sync 1 DAGs
[2024-05-05 10:07:32,781] {logging_mixin.py:115} INFO - [2024-05-05 10:07:32,781] {dag.py:2968} INFO - Setting next_dagrun for latest_only_with_trigger to 2024-05-05T06:07:32.781365+00:00, run_after=2024-05-05T10:07:32.781365+00:00
[2024-05-05 10:07:32,800] {processor.py:161} INFO - Processing /opt/conda/lib/python3.8/site-packages/airflow/example_dags/example_latest_only_with_trigger.py took 0.060 seconds
[2024-05-05 10:08:10,058] {processor.py:153} INFO - Started process (PID=2688) to work on /opt/conda/lib/python3.8/site-packages/airflow/example_dags/example_latest_only_with_trigger.py
[2024-05-05 10:08:10,059] {processor.py:641} INFO - Processing file /opt/conda/lib/python3.8/site-packages/airflow/example_dags/example_latest_only_with_trigger.py for tasks to queue
[2024-05-05 10:08:10,060] {logging_mixin.py:115} INFO - [2024-05-05 10:08:10,059] {dagbag.py:508} INFO - Filling up the DagBag from /opt/conda/lib/python3.8/site-packages/airflow/example_dags/example_latest_only_with_trigger.py
[2024-05-05 10:08:10,065] {processor.py:651} INFO - DAG(s) dict_keys(['latest_only_with_trigger']) retrieved from /opt/conda/lib/python3.8/site-packages/airflow/example_dags/example_latest_only_with_trigger.py
[2024-05-05 10:08:10,082] {logging_mixin.py:115} INFO - [2024-05-05 10:08:10,082] {dag.py:2420} INFO - Sync 1 DAGs
[2024-05-05 10:08:10,100] {logging_mixin.py:115} INFO - [2024-05-05 10:08:10,100] {dag.py:2968} INFO - Setting next_dagrun for latest_only_with_trigger to 2024-05-05T06:08:10.100002+00:00, run_after=2024-05-05T10:08:10.100002+00:00
[2024-05-05 10:08:10,122] {processor.py:161} INFO - Processing /opt/conda/lib/python3.8/site-packages/airflow/example_dags/example_latest_only_with_trigger.py took 0.068 seconds
[2024-05-05 10:08:49,855] {processor.py:153} INFO - Started process (PID=2750) to work on /opt/conda/lib/python3.8/site-packages/airflow/example_dags/example_latest_only_with_trigger.py
[2024-05-05 10:08:49,856] {processor.py:641} INFO - Processing file /opt/conda/lib/python3.8/site-packages/airflow/example_dags/example_latest_only_with_trigger.py for tasks to queue
[2024-05-05 10:08:49,857] {logging_mixin.py:115} INFO - [2024-05-05 10:08:49,857] {dagbag.py:508} INFO - Filling up the DagBag from /opt/conda/lib/python3.8/site-packages/airflow/example_dags/example_latest_only_with_trigger.py
[2024-05-05 10:08:49,862] {processor.py:651} INFO - DAG(s) dict_keys(['latest_only_with_trigger']) retrieved from /opt/conda/lib/python3.8/site-packages/airflow/example_dags/example_latest_only_with_trigger.py
[2024-05-05 10:08:49,877] {logging_mixin.py:115} INFO - [2024-05-05 10:08:49,877] {dag.py:2420} INFO - Sync 1 DAGs
[2024-05-05 10:08:49,891] {logging_mixin.py:115} INFO - [2024-05-05 10:08:49,891] {dag.py:2968} INFO - Setting next_dagrun for latest_only_with_trigger to 2024-05-05T06:08:49.891005+00:00, run_after=2024-05-05T10:08:49.891005+00:00
[2024-05-05 10:08:49,914] {processor.py:161} INFO - Processing /opt/conda/lib/python3.8/site-packages/airflow/example_dags/example_latest_only_with_trigger.py took 0.062 seconds
[2024-05-05 10:09:30,738] {processor.py:153} INFO - Started process (PID=2804) to work on /opt/conda/lib/python3.8/site-packages/airflow/example_dags/example_latest_only_with_trigger.py
[2024-05-05 10:09:30,740] {processor.py:641} INFO - Processing file /opt/conda/lib/python3.8/site-packages/airflow/example_dags/example_latest_only_with_trigger.py for tasks to queue
[2024-05-05 10:09:30,740] {logging_mixin.py:115} INFO - [2024-05-05 10:09:30,740] {dagbag.py:508} INFO - Filling up the DagBag from /opt/conda/lib/python3.8/site-packages/airflow/example_dags/example_latest_only_with_trigger.py
[2024-05-05 10:09:30,746] {processor.py:651} INFO - DAG(s) dict_keys(['latest_only_with_trigger']) retrieved from /opt/conda/lib/python3.8/site-packages/airflow/example_dags/example_latest_only_with_trigger.py
[2024-05-05 10:09:30,762] {logging_mixin.py:115} INFO - [2024-05-05 10:09:30,762] {dag.py:2420} INFO - Sync 1 DAGs
[2024-05-05 10:09:30,780] {logging_mixin.py:115} INFO - [2024-05-05 10:09:30,780] {dag.py:2968} INFO - Setting next_dagrun for latest_only_with_trigger to 2024-05-05T06:09:30.780431+00:00, run_after=2024-05-05T10:09:30.780431+00:00
[2024-05-05 10:09:30,800] {processor.py:161} INFO - Processing /opt/conda/lib/python3.8/site-packages/airflow/example_dags/example_latest_only_with_trigger.py took 0.065 seconds
[2024-05-05 10:10:06,390] {processor.py:153} INFO - Started process (PID=2855) to work on /opt/conda/lib/python3.8/site-packages/airflow/example_dags/example_latest_only_with_trigger.py
[2024-05-05 10:10:06,391] {processor.py:641} INFO - Processing file /opt/conda/lib/python3.8/site-packages/airflow/example_dags/example_latest_only_with_trigger.py for tasks to queue
[2024-05-05 10:10:06,392] {logging_mixin.py:115} INFO - [2024-05-05 10:10:06,392] {dagbag.py:508} INFO - Filling up the DagBag from /opt/conda/lib/python3.8/site-packages/airflow/example_dags/example_latest_only_with_trigger.py
[2024-05-05 10:10:06,398] {processor.py:651} INFO - DAG(s) dict_keys(['latest_only_with_trigger']) retrieved from /opt/conda/lib/python3.8/site-packages/airflow/example_dags/example_latest_only_with_trigger.py
[2024-05-05 10:10:06,414] {logging_mixin.py:115} INFO - [2024-05-05 10:10:06,414] {dag.py:2420} INFO - Sync 1 DAGs
[2024-05-05 10:10:06,432] {logging_mixin.py:115} INFO - [2024-05-05 10:10:06,432] {dag.py:2968} INFO - Setting next_dagrun for latest_only_with_trigger to 2024-05-05T06:10:06.431934+00:00, run_after=2024-05-05T10:10:06.431934+00:00
[2024-05-05 10:10:06,453] {processor.py:161} INFO - Processing /opt/conda/lib/python3.8/site-packages/airflow/example_dags/example_latest_only_with_trigger.py took 0.066 seconds
[2024-05-05 10:10:44,007] {processor.py:153} INFO - Started process (PID=2909) to work on /opt/conda/lib/python3.8/site-packages/airflow/example_dags/example_latest_only_with_trigger.py
[2024-05-05 10:10:44,008] {processor.py:641} INFO - Processing file /opt/conda/lib/python3.8/site-packages/airflow/example_dags/example_latest_only_with_trigger.py for tasks to queue
[2024-05-05 10:10:44,009] {logging_mixin.py:115} INFO - [2024-05-05 10:10:44,009] {dagbag.py:508} INFO - Filling up the DagBag from /opt/conda/lib/python3.8/site-packages/airflow/example_dags/example_latest_only_with_trigger.py
[2024-05-05 10:10:44,014] {processor.py:651} INFO - DAG(s) dict_keys(['latest_only_with_trigger']) retrieved from /opt/conda/lib/python3.8/site-packages/airflow/example_dags/example_latest_only_with_trigger.py
[2024-05-05 10:10:44,029] {logging_mixin.py:115} INFO - [2024-05-05 10:10:44,029] {dag.py:2420} INFO - Sync 1 DAGs
[2024-05-05 10:10:44,043] {logging_mixin.py:115} INFO - [2024-05-05 10:10:44,043] {dag.py:2968} INFO - Setting next_dagrun for latest_only_with_trigger to 2024-05-05T06:10:44.043369+00:00, run_after=2024-05-05T10:10:44.043369+00:00
[2024-05-05 10:10:44,063] {processor.py:161} INFO - Processing /opt/conda/lib/python3.8/site-packages/airflow/example_dags/example_latest_only_with_trigger.py took 0.059 seconds
[2024-05-05 10:11:18,966] {processor.py:153} INFO - Started process (PID=2961) to work on /opt/conda/lib/python3.8/site-packages/airflow/example_dags/example_latest_only_with_trigger.py
[2024-05-05 10:11:18,967] {processor.py:641} INFO - Processing file /opt/conda/lib/python3.8/site-packages/airflow/example_dags/example_latest_only_with_trigger.py for tasks to queue
[2024-05-05 10:11:18,967] {logging_mixin.py:115} INFO - [2024-05-05 10:11:18,967] {dagbag.py:508} INFO - Filling up the DagBag from /opt/conda/lib/python3.8/site-packages/airflow/example_dags/example_latest_only_with_trigger.py
[2024-05-05 10:11:18,973] {processor.py:651} INFO - DAG(s) dict_keys(['latest_only_with_trigger']) retrieved from /opt/conda/lib/python3.8/site-packages/airflow/example_dags/example_latest_only_with_trigger.py
[2024-05-05 10:11:18,988] {logging_mixin.py:115} INFO - [2024-05-05 10:11:18,988] {dag.py:2420} INFO - Sync 1 DAGs
[2024-05-05 10:11:19,002] {logging_mixin.py:115} INFO - [2024-05-05 10:11:19,002] {dag.py:2968} INFO - Setting next_dagrun for latest_only_with_trigger to 2024-05-05T06:11:19.002436+00:00, run_after=2024-05-05T10:11:19.002436+00:00
[2024-05-05 10:11:19,021] {processor.py:161} INFO - Processing /opt/conda/lib/python3.8/site-packages/airflow/example_dags/example_latest_only_with_trigger.py took 0.058 seconds
[2024-05-05 10:12:00,263] {processor.py:153} INFO - Started process (PID=3024) to work on /opt/conda/lib/python3.8/site-packages/airflow/example_dags/example_latest_only_with_trigger.py
[2024-05-05 10:12:00,264] {processor.py:641} INFO - Processing file /opt/conda/lib/python3.8/site-packages/airflow/example_dags/example_latest_only_with_trigger.py for tasks to queue
[2024-05-05 10:12:00,265] {logging_mixin.py:115} INFO - [2024-05-05 10:12:00,265] {dagbag.py:508} INFO - Filling up the DagBag from /opt/conda/lib/python3.8/site-packages/airflow/example_dags/example_latest_only_with_trigger.py
[2024-05-05 10:12:00,271] {processor.py:651} INFO - DAG(s) dict_keys(['latest_only_with_trigger']) retrieved from /opt/conda/lib/python3.8/site-packages/airflow/example_dags/example_latest_only_with_trigger.py
[2024-05-05 10:12:00,287] {logging_mixin.py:115} INFO - [2024-05-05 10:12:00,287] {dag.py:2420} INFO - Sync 1 DAGs
[2024-05-05 10:12:00,302] {logging_mixin.py:115} INFO - [2024-05-05 10:12:00,302] {dag.py:2968} INFO - Setting next_dagrun for latest_only_with_trigger to 2024-05-05T06:12:00.301977+00:00, run_after=2024-05-05T10:12:00.301977+00:00
[2024-05-05 10:12:00,319] {processor.py:161} INFO - Processing /opt/conda/lib/python3.8/site-packages/airflow/example_dags/example_latest_only_with_trigger.py took 0.060 seconds
[2024-05-05 10:12:36,554] {processor.py:153} INFO - Started process (PID=3076) to work on /opt/conda/lib/python3.8/site-packages/airflow/example_dags/example_latest_only_with_trigger.py
[2024-05-05 10:12:36,556] {processor.py:641} INFO - Processing file /opt/conda/lib/python3.8/site-packages/airflow/example_dags/example_latest_only_with_trigger.py for tasks to queue
[2024-05-05 10:12:36,556] {logging_mixin.py:115} INFO - [2024-05-05 10:12:36,556] {dagbag.py:508} INFO - Filling up the DagBag from /opt/conda/lib/python3.8/site-packages/airflow/example_dags/example_latest_only_with_trigger.py
[2024-05-05 10:12:36,562] {processor.py:651} INFO - DAG(s) dict_keys(['latest_only_with_trigger']) retrieved from /opt/conda/lib/python3.8/site-packages/airflow/example_dags/example_latest_only_with_trigger.py
[2024-05-05 10:12:36,576] {logging_mixin.py:115} INFO - [2024-05-05 10:12:36,576] {dag.py:2420} INFO - Sync 1 DAGs
[2024-05-05 10:12:36,590] {logging_mixin.py:115} INFO - [2024-05-05 10:12:36,590] {dag.py:2968} INFO - Setting next_dagrun for latest_only_with_trigger to 2024-05-05T06:12:36.590406+00:00, run_after=2024-05-05T10:12:36.590406+00:00
[2024-05-05 10:12:36,608] {processor.py:161} INFO - Processing /opt/conda/lib/python3.8/site-packages/airflow/example_dags/example_latest_only_with_trigger.py took 0.057 seconds
[2024-05-05 10:13:17,590] {processor.py:153} INFO - Started process (PID=3140) to work on /opt/conda/lib/python3.8/site-packages/airflow/example_dags/example_latest_only_with_trigger.py
[2024-05-05 10:13:17,592] {processor.py:641} INFO - Processing file /opt/conda/lib/python3.8/site-packages/airflow/example_dags/example_latest_only_with_trigger.py for tasks to queue
[2024-05-05 10:13:17,592] {logging_mixin.py:115} INFO - [2024-05-05 10:13:17,592] {dagbag.py:508} INFO - Filling up the DagBag from /opt/conda/lib/python3.8/site-packages/airflow/example_dags/example_latest_only_with_trigger.py
[2024-05-05 10:13:17,598] {processor.py:651} INFO - DAG(s) dict_keys(['latest_only_with_trigger']) retrieved from /opt/conda/lib/python3.8/site-packages/airflow/example_dags/example_latest_only_with_trigger.py
[2024-05-05 10:13:17,612] {logging_mixin.py:115} INFO - [2024-05-05 10:13:17,612] {dag.py:2420} INFO - Sync 1 DAGs
[2024-05-05 10:13:17,627] {logging_mixin.py:115} INFO - [2024-05-05 10:13:17,627] {dag.py:2968} INFO - Setting next_dagrun for latest_only_with_trigger to 2024-05-05T06:13:17.627448+00:00, run_after=2024-05-05T10:13:17.627448+00:00
[2024-05-05 10:13:17,647] {processor.py:161} INFO - Processing /opt/conda/lib/python3.8/site-packages/airflow/example_dags/example_latest_only_with_trigger.py took 0.059 seconds
[2024-05-05 10:13:59,134] {processor.py:153} INFO - Started process (PID=3195) to work on /opt/conda/lib/python3.8/site-packages/airflow/example_dags/example_latest_only_with_trigger.py
[2024-05-05 10:13:59,135] {processor.py:641} INFO - Processing file /opt/conda/lib/python3.8/site-packages/airflow/example_dags/example_latest_only_with_trigger.py for tasks to queue
[2024-05-05 10:13:59,136] {logging_mixin.py:115} INFO - [2024-05-05 10:13:59,136] {dagbag.py:508} INFO - Filling up the DagBag from /opt/conda/lib/python3.8/site-packages/airflow/example_dags/example_latest_only_with_trigger.py
[2024-05-05 10:13:59,141] {processor.py:651} INFO - DAG(s) dict_keys(['latest_only_with_trigger']) retrieved from /opt/conda/lib/python3.8/site-packages/airflow/example_dags/example_latest_only_with_trigger.py
[2024-05-05 10:13:59,156] {logging_mixin.py:115} INFO - [2024-05-05 10:13:59,155] {dag.py:2420} INFO - Sync 1 DAGs
[2024-05-05 10:13:59,170] {logging_mixin.py:115} INFO - [2024-05-05 10:13:59,170] {dag.py:2968} INFO - Setting next_dagrun for latest_only_with_trigger to 2024-05-05T06:13:59.170003+00:00, run_after=2024-05-05T10:13:59.170003+00:00
[2024-05-05 10:13:59,189] {processor.py:161} INFO - Processing /opt/conda/lib/python3.8/site-packages/airflow/example_dags/example_latest_only_with_trigger.py took 0.058 seconds
[2024-05-05 10:14:36,799] {processor.py:153} INFO - Started process (PID=3247) to work on /opt/conda/lib/python3.8/site-packages/airflow/example_dags/example_latest_only_with_trigger.py
[2024-05-05 10:14:36,800] {processor.py:641} INFO - Processing file /opt/conda/lib/python3.8/site-packages/airflow/example_dags/example_latest_only_with_trigger.py for tasks to queue
[2024-05-05 10:14:36,801] {logging_mixin.py:115} INFO - [2024-05-05 10:14:36,800] {dagbag.py:508} INFO - Filling up the DagBag from /opt/conda/lib/python3.8/site-packages/airflow/example_dags/example_latest_only_with_trigger.py
[2024-05-05 10:14:36,806] {processor.py:651} INFO - DAG(s) dict_keys(['latest_only_with_trigger']) retrieved from /opt/conda/lib/python3.8/site-packages/airflow/example_dags/example_latest_only_with_trigger.py
[2024-05-05 10:14:36,823] {logging_mixin.py:115} INFO - [2024-05-05 10:14:36,823] {dag.py:2420} INFO - Sync 1 DAGs
[2024-05-05 10:14:36,841] {logging_mixin.py:115} INFO - [2024-05-05 10:14:36,841] {dag.py:2968} INFO - Setting next_dagrun for latest_only_with_trigger to 2024-05-05T06:14:36.840894+00:00, run_after=2024-05-05T10:14:36.840894+00:00
[2024-05-05 10:14:36,861] {processor.py:161} INFO - Processing /opt/conda/lib/python3.8/site-packages/airflow/example_dags/example_latest_only_with_trigger.py took 0.065 seconds
[2024-05-05 10:15:16,251] {processor.py:153} INFO - Started process (PID=3301) to work on /opt/conda/lib/python3.8/site-packages/airflow/example_dags/example_latest_only_with_trigger.py
[2024-05-05 10:15:16,253] {processor.py:641} INFO - Processing file /opt/conda/lib/python3.8/site-packages/airflow/example_dags/example_latest_only_with_trigger.py for tasks to queue
[2024-05-05 10:15:16,254] {logging_mixin.py:115} INFO - [2024-05-05 10:15:16,253] {dagbag.py:508} INFO - Filling up the DagBag from /opt/conda/lib/python3.8/site-packages/airflow/example_dags/example_latest_only_with_trigger.py
[2024-05-05 10:15:16,260] {processor.py:651} INFO - DAG(s) dict_keys(['latest_only_with_trigger']) retrieved from /opt/conda/lib/python3.8/site-packages/airflow/example_dags/example_latest_only_with_trigger.py
[2024-05-05 10:15:16,277] {logging_mixin.py:115} INFO - [2024-05-05 10:15:16,276] {dag.py:2420} INFO - Sync 1 DAGs
[2024-05-05 10:15:16,295] {logging_mixin.py:115} INFO - [2024-05-05 10:15:16,295] {dag.py:2968} INFO - Setting next_dagrun for latest_only_with_trigger to 2024-05-05T06:15:16.294970+00:00, run_after=2024-05-05T10:15:16.294970+00:00
[2024-05-05 10:15:16,316] {processor.py:161} INFO - Processing /opt/conda/lib/python3.8/site-packages/airflow/example_dags/example_latest_only_with_trigger.py took 0.068 seconds
[2024-05-05 10:15:54,567] {processor.py:153} INFO - Started process (PID=3362) to work on /opt/conda/lib/python3.8/site-packages/airflow/example_dags/example_latest_only_with_trigger.py
[2024-05-05 10:15:54,568] {processor.py:641} INFO - Processing file /opt/conda/lib/python3.8/site-packages/airflow/example_dags/example_latest_only_with_trigger.py for tasks to queue
[2024-05-05 10:15:54,569] {logging_mixin.py:115} INFO - [2024-05-05 10:15:54,569] {dagbag.py:508} INFO - Filling up the DagBag from /opt/conda/lib/python3.8/site-packages/airflow/example_dags/example_latest_only_with_trigger.py
[2024-05-05 10:15:54,575] {processor.py:651} INFO - DAG(s) dict_keys(['latest_only_with_trigger']) retrieved from /opt/conda/lib/python3.8/site-packages/airflow/example_dags/example_latest_only_with_trigger.py
[2024-05-05 10:15:54,591] {logging_mixin.py:115} INFO - [2024-05-05 10:15:54,591] {dag.py:2420} INFO - Sync 1 DAGs
[2024-05-05 10:15:54,609] {logging_mixin.py:115} INFO - [2024-05-05 10:15:54,609] {dag.py:2968} INFO - Setting next_dagrun for latest_only_with_trigger to 2024-05-05T06:15:54.609444+00:00, run_after=2024-05-05T10:15:54.609444+00:00
[2024-05-05 10:15:54,631] {processor.py:161} INFO - Processing /opt/conda/lib/python3.8/site-packages/airflow/example_dags/example_latest_only_with_trigger.py took 0.067 seconds
[2024-05-05 10:16:31,028] {processor.py:153} INFO - Started process (PID=3423) to work on /opt/conda/lib/python3.8/site-packages/airflow/example_dags/example_latest_only_with_trigger.py
[2024-05-05 10:16:31,030] {processor.py:641} INFO - Processing file /opt/conda/lib/python3.8/site-packages/airflow/example_dags/example_latest_only_with_trigger.py for tasks to queue
[2024-05-05 10:16:31,030] {logging_mixin.py:115} INFO - [2024-05-05 10:16:31,030] {dagbag.py:508} INFO - Filling up the DagBag from /opt/conda/lib/python3.8/site-packages/airflow/example_dags/example_latest_only_with_trigger.py
[2024-05-05 10:16:31,035] {processor.py:651} INFO - DAG(s) dict_keys(['latest_only_with_trigger']) retrieved from /opt/conda/lib/python3.8/site-packages/airflow/example_dags/example_latest_only_with_trigger.py
[2024-05-05 10:16:31,049] {logging_mixin.py:115} INFO - [2024-05-05 10:16:31,049] {dag.py:2420} INFO - Sync 1 DAGs
[2024-05-05 10:16:31,063] {logging_mixin.py:115} INFO - [2024-05-05 10:16:31,063] {dag.py:2968} INFO - Setting next_dagrun for latest_only_with_trigger to 2024-05-05T06:16:31.063106+00:00, run_after=2024-05-05T10:16:31.063106+00:00
[2024-05-05 10:16:31,082] {processor.py:161} INFO - Processing /opt/conda/lib/python3.8/site-packages/airflow/example_dags/example_latest_only_with_trigger.py took 0.057 seconds
[2024-05-05 10:17:07,022] {processor.py:153} INFO - Started process (PID=3474) to work on /opt/conda/lib/python3.8/site-packages/airflow/example_dags/example_latest_only_with_trigger.py
[2024-05-05 10:17:07,024] {processor.py:641} INFO - Processing file /opt/conda/lib/python3.8/site-packages/airflow/example_dags/example_latest_only_with_trigger.py for tasks to queue
[2024-05-05 10:17:07,024] {logging_mixin.py:115} INFO - [2024-05-05 10:17:07,024] {dagbag.py:508} INFO - Filling up the DagBag from /opt/conda/lib/python3.8/site-packages/airflow/example_dags/example_latest_only_with_trigger.py
[2024-05-05 10:17:07,030] {processor.py:651} INFO - DAG(s) dict_keys(['latest_only_with_trigger']) retrieved from /opt/conda/lib/python3.8/site-packages/airflow/example_dags/example_latest_only_with_trigger.py
[2024-05-05 10:17:07,044] {logging_mixin.py:115} INFO - [2024-05-05 10:17:07,044] {dag.py:2420} INFO - Sync 1 DAGs
[2024-05-05 10:17:07,059] {logging_mixin.py:115} INFO - [2024-05-05 10:17:07,059] {dag.py:2968} INFO - Setting next_dagrun for latest_only_with_trigger to 2024-05-05T06:17:07.058856+00:00, run_after=2024-05-05T10:17:07.058856+00:00
[2024-05-05 10:17:07,076] {processor.py:161} INFO - Processing /opt/conda/lib/python3.8/site-packages/airflow/example_dags/example_latest_only_with_trigger.py took 0.057 seconds
[2024-05-05 10:17:46,086] {processor.py:153} INFO - Started process (PID=3529) to work on /opt/conda/lib/python3.8/site-packages/airflow/example_dags/example_latest_only_with_trigger.py
[2024-05-05 10:17:46,087] {processor.py:641} INFO - Processing file /opt/conda/lib/python3.8/site-packages/airflow/example_dags/example_latest_only_with_trigger.py for tasks to queue
[2024-05-05 10:17:46,087] {logging_mixin.py:115} INFO - [2024-05-05 10:17:46,087] {dagbag.py:508} INFO - Filling up the DagBag from /opt/conda/lib/python3.8/site-packages/airflow/example_dags/example_latest_only_with_trigger.py
[2024-05-05 10:17:46,093] {processor.py:651} INFO - DAG(s) dict_keys(['latest_only_with_trigger']) retrieved from /opt/conda/lib/python3.8/site-packages/airflow/example_dags/example_latest_only_with_trigger.py
[2024-05-05 10:17:46,108] {logging_mixin.py:115} INFO - [2024-05-05 10:17:46,107] {dag.py:2420} INFO - Sync 1 DAGs
[2024-05-05 10:17:46,122] {logging_mixin.py:115} INFO - [2024-05-05 10:17:46,122] {dag.py:2968} INFO - Setting next_dagrun for latest_only_with_trigger to 2024-05-05T06:17:46.122123+00:00, run_after=2024-05-05T10:17:46.122123+00:00
[2024-05-05 10:17:46,140] {processor.py:161} INFO - Processing /opt/conda/lib/python3.8/site-packages/airflow/example_dags/example_latest_only_with_trigger.py took 0.057 seconds
[2024-05-05 10:18:26,829] {processor.py:153} INFO - Started process (PID=3586) to work on /opt/conda/lib/python3.8/site-packages/airflow/example_dags/example_latest_only_with_trigger.py
[2024-05-05 10:18:26,831] {processor.py:641} INFO - Processing file /opt/conda/lib/python3.8/site-packages/airflow/example_dags/example_latest_only_with_trigger.py for tasks to queue
[2024-05-05 10:18:26,831] {logging_mixin.py:115} INFO - [2024-05-05 10:18:26,831] {dagbag.py:508} INFO - Filling up the DagBag from /opt/conda/lib/python3.8/site-packages/airflow/example_dags/example_latest_only_with_trigger.py
[2024-05-05 10:18:26,837] {processor.py:651} INFO - DAG(s) dict_keys(['latest_only_with_trigger']) retrieved from /opt/conda/lib/python3.8/site-packages/airflow/example_dags/example_latest_only_with_trigger.py
[2024-05-05 10:18:26,853] {logging_mixin.py:115} INFO - [2024-05-05 10:18:26,853] {dag.py:2420} INFO - Sync 1 DAGs
[2024-05-05 10:18:26,871] {logging_mixin.py:115} INFO - [2024-05-05 10:18:26,871] {dag.py:2968} INFO - Setting next_dagrun for latest_only_with_trigger to 2024-05-05T06:18:26.871403+00:00, run_after=2024-05-05T10:18:26.871403+00:00
[2024-05-05 10:18:26,892] {processor.py:161} INFO - Processing /opt/conda/lib/python3.8/site-packages/airflow/example_dags/example_latest_only_with_trigger.py took 0.066 seconds
