[2024-05-05 09:48:51,008] {processor.py:153} INFO - Started process (PID=946) to work on /opt/conda/lib/python3.8/site-packages/airflow/example_dags/example_kubernetes_executor.py
[2024-05-05 09:48:51,009] {processor.py:641} INFO - Processing file /opt/conda/lib/python3.8/site-packages/airflow/example_dags/example_kubernetes_executor.py for tasks to queue
[2024-05-05 09:48:51,010] {logging_mixin.py:115} INFO - [2024-05-05 09:48:51,009] {dagbag.py:508} INFO - Filling up the DagBag from /opt/conda/lib/python3.8/site-packages/airflow/example_dags/example_kubernetes_executor.py
[2024-05-05 09:48:51,026] {logging_mixin.py:115} INFO - [2024-05-05 09:48:51,026] {example_kubernetes_executor.py:39} WARNING - The example_kubernetes_executor example DAG requires the kubernetes provider. Please install it with: pip install apache-airflow[cncf.kubernetes]
[2024-05-05 09:48:51,027] {processor.py:653} WARNING - No viable dags retrieved from /opt/conda/lib/python3.8/site-packages/airflow/example_dags/example_kubernetes_executor.py
[2024-05-05 09:48:51,164] {processor.py:161} INFO - Processing /opt/conda/lib/python3.8/site-packages/airflow/example_dags/example_kubernetes_executor.py took 0.160 seconds
[2024-05-05 09:49:39,814] {processor.py:153} INFO - Started process (PID=1016) to work on /opt/conda/lib/python3.8/site-packages/airflow/example_dags/example_kubernetes_executor.py
[2024-05-05 09:49:39,816] {processor.py:641} INFO - Processing file /opt/conda/lib/python3.8/site-packages/airflow/example_dags/example_kubernetes_executor.py for tasks to queue
[2024-05-05 09:49:39,816] {logging_mixin.py:115} INFO - [2024-05-05 09:49:39,816] {dagbag.py:508} INFO - Filling up the DagBag from /opt/conda/lib/python3.8/site-packages/airflow/example_dags/example_kubernetes_executor.py
[2024-05-05 09:49:39,834] {logging_mixin.py:115} INFO - [2024-05-05 09:49:39,834] {example_kubernetes_executor.py:39} WARNING - The example_kubernetes_executor example DAG requires the kubernetes provider. Please install it with: pip install apache-airflow[cncf.kubernetes]
[2024-05-05 09:49:39,834] {processor.py:653} WARNING - No viable dags retrieved from /opt/conda/lib/python3.8/site-packages/airflow/example_dags/example_kubernetes_executor.py
[2024-05-05 09:49:39,976] {processor.py:161} INFO - Processing /opt/conda/lib/python3.8/site-packages/airflow/example_dags/example_kubernetes_executor.py took 0.164 seconds
[2024-05-05 09:50:21,342] {processor.py:153} INFO - Started process (PID=1068) to work on /opt/conda/lib/python3.8/site-packages/airflow/example_dags/example_kubernetes_executor.py
[2024-05-05 09:50:21,345] {processor.py:641} INFO - Processing file /opt/conda/lib/python3.8/site-packages/airflow/example_dags/example_kubernetes_executor.py for tasks to queue
[2024-05-05 09:50:21,345] {logging_mixin.py:115} INFO - [2024-05-05 09:50:21,345] {dagbag.py:508} INFO - Filling up the DagBag from /opt/conda/lib/python3.8/site-packages/airflow/example_dags/example_kubernetes_executor.py
[2024-05-05 09:50:21,363] {logging_mixin.py:115} INFO - [2024-05-05 09:50:21,363] {example_kubernetes_executor.py:39} WARNING - The example_kubernetes_executor example DAG requires the kubernetes provider. Please install it with: pip install apache-airflow[cncf.kubernetes]
[2024-05-05 09:50:21,363] {processor.py:653} WARNING - No viable dags retrieved from /opt/conda/lib/python3.8/site-packages/airflow/example_dags/example_kubernetes_executor.py
[2024-05-05 09:50:21,505] {processor.py:161} INFO - Processing /opt/conda/lib/python3.8/site-packages/airflow/example_dags/example_kubernetes_executor.py took 0.166 seconds
[2024-05-05 09:52:30,791] {processor.py:153} INFO - Started process (PID=1355) to work on /opt/conda/lib/python3.8/site-packages/airflow/example_dags/example_kubernetes_executor.py
[2024-05-05 09:52:30,793] {processor.py:641} INFO - Processing file /opt/conda/lib/python3.8/site-packages/airflow/example_dags/example_kubernetes_executor.py for tasks to queue
[2024-05-05 09:52:30,793] {logging_mixin.py:115} INFO - [2024-05-05 09:52:30,793] {dagbag.py:508} INFO - Filling up the DagBag from /opt/conda/lib/python3.8/site-packages/airflow/example_dags/example_kubernetes_executor.py
[2024-05-05 09:52:30,812] {logging_mixin.py:115} INFO - [2024-05-05 09:52:30,812] {example_kubernetes_executor.py:39} WARNING - The example_kubernetes_executor example DAG requires the kubernetes provider. Please install it with: pip install apache-airflow[cncf.kubernetes]
[2024-05-05 09:52:30,812] {processor.py:653} WARNING - No viable dags retrieved from /opt/conda/lib/python3.8/site-packages/airflow/example_dags/example_kubernetes_executor.py
[2024-05-05 09:52:30,941] {processor.py:161} INFO - Processing /opt/conda/lib/python3.8/site-packages/airflow/example_dags/example_kubernetes_executor.py took 0.153 seconds
[2024-05-05 09:53:18,015] {processor.py:153} INFO - Started process (PID=1416) to work on /opt/conda/lib/python3.8/site-packages/airflow/example_dags/example_kubernetes_executor.py
[2024-05-05 09:53:18,016] {processor.py:641} INFO - Processing file /opt/conda/lib/python3.8/site-packages/airflow/example_dags/example_kubernetes_executor.py for tasks to queue
[2024-05-05 09:53:18,017] {logging_mixin.py:115} INFO - [2024-05-05 09:53:18,017] {dagbag.py:508} INFO - Filling up the DagBag from /opt/conda/lib/python3.8/site-packages/airflow/example_dags/example_kubernetes_executor.py
[2024-05-05 09:53:18,142] {logging_mixin.py:115} INFO - [2024-05-05 09:53:18,142] {example_kubernetes_executor.py:39} WARNING - The example_kubernetes_executor example DAG requires the kubernetes provider. Please install it with: pip install apache-airflow[cncf.kubernetes]
[2024-05-05 09:53:18,142] {processor.py:653} WARNING - No viable dags retrieved from /opt/conda/lib/python3.8/site-packages/airflow/example_dags/example_kubernetes_executor.py
[2024-05-05 09:53:18,147] {processor.py:161} INFO - Processing /opt/conda/lib/python3.8/site-packages/airflow/example_dags/example_kubernetes_executor.py took 0.135 seconds
[2024-05-05 09:54:02,802] {processor.py:153} INFO - Started process (PID=1468) to work on /opt/conda/lib/python3.8/site-packages/airflow/example_dags/example_kubernetes_executor.py
[2024-05-05 09:54:02,803] {processor.py:641} INFO - Processing file /opt/conda/lib/python3.8/site-packages/airflow/example_dags/example_kubernetes_executor.py for tasks to queue
[2024-05-05 09:54:02,804] {logging_mixin.py:115} INFO - [2024-05-05 09:54:02,804] {dagbag.py:508} INFO - Filling up the DagBag from /opt/conda/lib/python3.8/site-packages/airflow/example_dags/example_kubernetes_executor.py
[2024-05-05 09:54:02,934] {logging_mixin.py:115} INFO - [2024-05-05 09:54:02,933] {example_kubernetes_executor.py:39} WARNING - The example_kubernetes_executor example DAG requires the kubernetes provider. Please install it with: pip install apache-airflow[cncf.kubernetes]
[2024-05-05 09:54:02,934] {processor.py:653} WARNING - No viable dags retrieved from /opt/conda/lib/python3.8/site-packages/airflow/example_dags/example_kubernetes_executor.py
[2024-05-05 09:54:02,939] {processor.py:161} INFO - Processing /opt/conda/lib/python3.8/site-packages/airflow/example_dags/example_kubernetes_executor.py took 0.140 seconds
[2024-05-05 09:54:43,462] {processor.py:153} INFO - Started process (PID=1520) to work on /opt/conda/lib/python3.8/site-packages/airflow/example_dags/example_kubernetes_executor.py
[2024-05-05 09:54:43,463] {processor.py:641} INFO - Processing file /opt/conda/lib/python3.8/site-packages/airflow/example_dags/example_kubernetes_executor.py for tasks to queue
[2024-05-05 09:54:43,464] {logging_mixin.py:115} INFO - [2024-05-05 09:54:43,464] {dagbag.py:508} INFO - Filling up the DagBag from /opt/conda/lib/python3.8/site-packages/airflow/example_dags/example_kubernetes_executor.py
[2024-05-05 09:54:43,615] {logging_mixin.py:115} INFO - [2024-05-05 09:54:43,615] {example_kubernetes_executor.py:39} WARNING - The example_kubernetes_executor example DAG requires the kubernetes provider. Please install it with: pip install apache-airflow[cncf.kubernetes]
[2024-05-05 09:54:43,615] {processor.py:653} WARNING - No viable dags retrieved from /opt/conda/lib/python3.8/site-packages/airflow/example_dags/example_kubernetes_executor.py
[2024-05-05 09:54:43,621] {processor.py:161} INFO - Processing /opt/conda/lib/python3.8/site-packages/airflow/example_dags/example_kubernetes_executor.py took 0.162 seconds
[2024-05-05 09:55:33,834] {processor.py:153} INFO - Started process (PID=1586) to work on /opt/conda/lib/python3.8/site-packages/airflow/example_dags/example_kubernetes_executor.py
[2024-05-05 09:55:33,835] {processor.py:641} INFO - Processing file /opt/conda/lib/python3.8/site-packages/airflow/example_dags/example_kubernetes_executor.py for tasks to queue
[2024-05-05 09:55:33,836] {logging_mixin.py:115} INFO - [2024-05-05 09:55:33,836] {dagbag.py:508} INFO - Filling up the DagBag from /opt/conda/lib/python3.8/site-packages/airflow/example_dags/example_kubernetes_executor.py
[2024-05-05 09:55:33,962] {logging_mixin.py:115} INFO - [2024-05-05 09:55:33,962] {example_kubernetes_executor.py:39} WARNING - The example_kubernetes_executor example DAG requires the kubernetes provider. Please install it with: pip install apache-airflow[cncf.kubernetes]
[2024-05-05 09:55:33,962] {processor.py:653} WARNING - No viable dags retrieved from /opt/conda/lib/python3.8/site-packages/airflow/example_dags/example_kubernetes_executor.py
[2024-05-05 09:55:33,967] {processor.py:161} INFO - Processing /opt/conda/lib/python3.8/site-packages/airflow/example_dags/example_kubernetes_executor.py took 0.136 seconds
[2024-05-05 09:56:22,954] {processor.py:153} INFO - Started process (PID=1644) to work on /opt/conda/lib/python3.8/site-packages/airflow/example_dags/example_kubernetes_executor.py
[2024-05-05 09:56:22,956] {processor.py:641} INFO - Processing file /opt/conda/lib/python3.8/site-packages/airflow/example_dags/example_kubernetes_executor.py for tasks to queue
[2024-05-05 09:56:22,956] {logging_mixin.py:115} INFO - [2024-05-05 09:56:22,956] {dagbag.py:508} INFO - Filling up the DagBag from /opt/conda/lib/python3.8/site-packages/airflow/example_dags/example_kubernetes_executor.py
[2024-05-05 09:56:23,091] {logging_mixin.py:115} INFO - [2024-05-05 09:56:23,091] {example_kubernetes_executor.py:39} WARNING - The example_kubernetes_executor example DAG requires the kubernetes provider. Please install it with: pip install apache-airflow[cncf.kubernetes]
[2024-05-05 09:56:23,091] {processor.py:653} WARNING - No viable dags retrieved from /opt/conda/lib/python3.8/site-packages/airflow/example_dags/example_kubernetes_executor.py
[2024-05-05 09:56:23,097] {processor.py:161} INFO - Processing /opt/conda/lib/python3.8/site-packages/airflow/example_dags/example_kubernetes_executor.py took 0.145 seconds
[2024-05-05 09:57:09,006] {processor.py:153} INFO - Started process (PID=1708) to work on /opt/conda/lib/python3.8/site-packages/airflow/example_dags/example_kubernetes_executor.py
[2024-05-05 09:57:09,007] {processor.py:641} INFO - Processing file /opt/conda/lib/python3.8/site-packages/airflow/example_dags/example_kubernetes_executor.py for tasks to queue
[2024-05-05 09:57:09,008] {logging_mixin.py:115} INFO - [2024-05-05 09:57:09,008] {dagbag.py:508} INFO - Filling up the DagBag from /opt/conda/lib/python3.8/site-packages/airflow/example_dags/example_kubernetes_executor.py
[2024-05-05 09:57:09,131] {logging_mixin.py:115} INFO - [2024-05-05 09:57:09,131] {example_kubernetes_executor.py:39} WARNING - The example_kubernetes_executor example DAG requires the kubernetes provider. Please install it with: pip install apache-airflow[cncf.kubernetes]
[2024-05-05 09:57:09,131] {processor.py:653} WARNING - No viable dags retrieved from /opt/conda/lib/python3.8/site-packages/airflow/example_dags/example_kubernetes_executor.py
[2024-05-05 09:57:09,137] {processor.py:161} INFO - Processing /opt/conda/lib/python3.8/site-packages/airflow/example_dags/example_kubernetes_executor.py took 0.134 seconds
[2024-05-05 09:57:56,250] {processor.py:153} INFO - Started process (PID=1772) to work on /opt/conda/lib/python3.8/site-packages/airflow/example_dags/example_kubernetes_executor.py
[2024-05-05 09:57:56,251] {processor.py:641} INFO - Processing file /opt/conda/lib/python3.8/site-packages/airflow/example_dags/example_kubernetes_executor.py for tasks to queue
[2024-05-05 09:57:56,251] {logging_mixin.py:115} INFO - [2024-05-05 09:57:56,251] {dagbag.py:508} INFO - Filling up the DagBag from /opt/conda/lib/python3.8/site-packages/airflow/example_dags/example_kubernetes_executor.py
[2024-05-05 09:57:56,413] {logging_mixin.py:115} INFO - [2024-05-05 09:57:56,413] {example_kubernetes_executor.py:39} WARNING - The example_kubernetes_executor example DAG requires the kubernetes provider. Please install it with: pip install apache-airflow[cncf.kubernetes]
[2024-05-05 09:57:56,413] {processor.py:653} WARNING - No viable dags retrieved from /opt/conda/lib/python3.8/site-packages/airflow/example_dags/example_kubernetes_executor.py
[2024-05-05 09:57:56,419] {processor.py:161} INFO - Processing /opt/conda/lib/python3.8/site-packages/airflow/example_dags/example_kubernetes_executor.py took 0.173 seconds
[2024-05-05 09:58:35,335] {processor.py:153} INFO - Started process (PID=1824) to work on /opt/conda/lib/python3.8/site-packages/airflow/example_dags/example_kubernetes_executor.py
[2024-05-05 09:58:35,336] {processor.py:641} INFO - Processing file /opt/conda/lib/python3.8/site-packages/airflow/example_dags/example_kubernetes_executor.py for tasks to queue
[2024-05-05 09:58:35,337] {logging_mixin.py:115} INFO - [2024-05-05 09:58:35,337] {dagbag.py:508} INFO - Filling up the DagBag from /opt/conda/lib/python3.8/site-packages/airflow/example_dags/example_kubernetes_executor.py
[2024-05-05 09:58:35,354] {logging_mixin.py:115} INFO - [2024-05-05 09:58:35,353] {example_kubernetes_executor.py:39} WARNING - The example_kubernetes_executor example DAG requires the kubernetes provider. Please install it with: pip install apache-airflow[cncf.kubernetes]
[2024-05-05 09:58:35,354] {processor.py:653} WARNING - No viable dags retrieved from /opt/conda/lib/python3.8/site-packages/airflow/example_dags/example_kubernetes_executor.py
[2024-05-05 09:58:35,364] {processor.py:161} INFO - Processing /opt/conda/lib/python3.8/site-packages/airflow/example_dags/example_kubernetes_executor.py took 0.033 seconds
[2024-05-05 09:59:18,453] {processor.py:153} INFO - Started process (PID=1882) to work on /opt/conda/lib/python3.8/site-packages/airflow/example_dags/example_kubernetes_executor.py
[2024-05-05 09:59:18,454] {processor.py:641} INFO - Processing file /opt/conda/lib/python3.8/site-packages/airflow/example_dags/example_kubernetes_executor.py for tasks to queue
[2024-05-05 09:59:18,454] {logging_mixin.py:115} INFO - [2024-05-05 09:59:18,454] {dagbag.py:508} INFO - Filling up the DagBag from /opt/conda/lib/python3.8/site-packages/airflow/example_dags/example_kubernetes_executor.py
[2024-05-05 09:59:18,469] {logging_mixin.py:115} INFO - [2024-05-05 09:59:18,469] {example_kubernetes_executor.py:39} WARNING - The example_kubernetes_executor example DAG requires the kubernetes provider. Please install it with: pip install apache-airflow[cncf.kubernetes]
[2024-05-05 09:59:18,469] {processor.py:653} WARNING - No viable dags retrieved from /opt/conda/lib/python3.8/site-packages/airflow/example_dags/example_kubernetes_executor.py
[2024-05-05 09:59:18,477] {processor.py:161} INFO - Processing /opt/conda/lib/python3.8/site-packages/airflow/example_dags/example_kubernetes_executor.py took 0.028 seconds
[2024-05-05 09:59:56,958] {processor.py:153} INFO - Started process (PID=1934) to work on /opt/conda/lib/python3.8/site-packages/airflow/example_dags/example_kubernetes_executor.py
[2024-05-05 09:59:56,960] {processor.py:641} INFO - Processing file /opt/conda/lib/python3.8/site-packages/airflow/example_dags/example_kubernetes_executor.py for tasks to queue
[2024-05-05 09:59:56,960] {logging_mixin.py:115} INFO - [2024-05-05 09:59:56,960] {dagbag.py:508} INFO - Filling up the DagBag from /opt/conda/lib/python3.8/site-packages/airflow/example_dags/example_kubernetes_executor.py
[2024-05-05 09:59:56,974] {logging_mixin.py:115} INFO - [2024-05-05 09:59:56,974] {example_kubernetes_executor.py:39} WARNING - The example_kubernetes_executor example DAG requires the kubernetes provider. Please install it with: pip install apache-airflow[cncf.kubernetes]
[2024-05-05 09:59:56,975] {processor.py:653} WARNING - No viable dags retrieved from /opt/conda/lib/python3.8/site-packages/airflow/example_dags/example_kubernetes_executor.py
[2024-05-05 09:59:56,983] {processor.py:161} INFO - Processing /opt/conda/lib/python3.8/site-packages/airflow/example_dags/example_kubernetes_executor.py took 0.028 seconds
[2024-05-05 10:00:34,114] {processor.py:153} INFO - Started process (PID=1995) to work on /opt/conda/lib/python3.8/site-packages/airflow/example_dags/example_kubernetes_executor.py
[2024-05-05 10:00:34,115] {processor.py:641} INFO - Processing file /opt/conda/lib/python3.8/site-packages/airflow/example_dags/example_kubernetes_executor.py for tasks to queue
[2024-05-05 10:00:34,116] {logging_mixin.py:115} INFO - [2024-05-05 10:00:34,116] {dagbag.py:508} INFO - Filling up the DagBag from /opt/conda/lib/python3.8/site-packages/airflow/example_dags/example_kubernetes_executor.py
[2024-05-05 10:00:34,131] {logging_mixin.py:115} INFO - [2024-05-05 10:00:34,131] {example_kubernetes_executor.py:39} WARNING - The example_kubernetes_executor example DAG requires the kubernetes provider. Please install it with: pip install apache-airflow[cncf.kubernetes]
[2024-05-05 10:00:34,131] {processor.py:653} WARNING - No viable dags retrieved from /opt/conda/lib/python3.8/site-packages/airflow/example_dags/example_kubernetes_executor.py
[2024-05-05 10:00:34,141] {processor.py:161} INFO - Processing /opt/conda/lib/python3.8/site-packages/airflow/example_dags/example_kubernetes_executor.py took 0.030 seconds
[2024-05-05 10:01:12,855] {processor.py:153} INFO - Started process (PID=2049) to work on /opt/conda/lib/python3.8/site-packages/airflow/example_dags/example_kubernetes_executor.py
[2024-05-05 10:01:12,857] {processor.py:641} INFO - Processing file /opt/conda/lib/python3.8/site-packages/airflow/example_dags/example_kubernetes_executor.py for tasks to queue
[2024-05-05 10:01:12,857] {logging_mixin.py:115} INFO - [2024-05-05 10:01:12,857] {dagbag.py:508} INFO - Filling up the DagBag from /opt/conda/lib/python3.8/site-packages/airflow/example_dags/example_kubernetes_executor.py
[2024-05-05 10:01:12,872] {logging_mixin.py:115} INFO - [2024-05-05 10:01:12,872] {example_kubernetes_executor.py:39} WARNING - The example_kubernetes_executor example DAG requires the kubernetes provider. Please install it with: pip install apache-airflow[cncf.kubernetes]
[2024-05-05 10:01:12,873] {processor.py:653} WARNING - No viable dags retrieved from /opt/conda/lib/python3.8/site-packages/airflow/example_dags/example_kubernetes_executor.py
[2024-05-05 10:01:12,883] {processor.py:161} INFO - Processing /opt/conda/lib/python3.8/site-packages/airflow/example_dags/example_kubernetes_executor.py took 0.030 seconds
[2024-05-05 10:01:47,773] {processor.py:153} INFO - Started process (PID=2101) to work on /opt/conda/lib/python3.8/site-packages/airflow/example_dags/example_kubernetes_executor.py
[2024-05-05 10:01:47,775] {processor.py:641} INFO - Processing file /opt/conda/lib/python3.8/site-packages/airflow/example_dags/example_kubernetes_executor.py for tasks to queue
[2024-05-05 10:01:47,775] {logging_mixin.py:115} INFO - [2024-05-05 10:01:47,775] {dagbag.py:508} INFO - Filling up the DagBag from /opt/conda/lib/python3.8/site-packages/airflow/example_dags/example_kubernetes_executor.py
[2024-05-05 10:01:47,789] {logging_mixin.py:115} INFO - [2024-05-05 10:01:47,789] {example_kubernetes_executor.py:39} WARNING - The example_kubernetes_executor example DAG requires the kubernetes provider. Please install it with: pip install apache-airflow[cncf.kubernetes]
[2024-05-05 10:01:47,790] {processor.py:653} WARNING - No viable dags retrieved from /opt/conda/lib/python3.8/site-packages/airflow/example_dags/example_kubernetes_executor.py
[2024-05-05 10:01:47,798] {processor.py:161} INFO - Processing /opt/conda/lib/python3.8/site-packages/airflow/example_dags/example_kubernetes_executor.py took 0.028 seconds
[2024-05-05 10:02:23,763] {processor.py:153} INFO - Started process (PID=2153) to work on /opt/conda/lib/python3.8/site-packages/airflow/example_dags/example_kubernetes_executor.py
[2024-05-05 10:02:23,764] {processor.py:641} INFO - Processing file /opt/conda/lib/python3.8/site-packages/airflow/example_dags/example_kubernetes_executor.py for tasks to queue
[2024-05-05 10:02:23,765] {logging_mixin.py:115} INFO - [2024-05-05 10:02:23,765] {dagbag.py:508} INFO - Filling up the DagBag from /opt/conda/lib/python3.8/site-packages/airflow/example_dags/example_kubernetes_executor.py
[2024-05-05 10:02:23,780] {logging_mixin.py:115} INFO - [2024-05-05 10:02:23,780] {example_kubernetes_executor.py:39} WARNING - The example_kubernetes_executor example DAG requires the kubernetes provider. Please install it with: pip install apache-airflow[cncf.kubernetes]
[2024-05-05 10:02:23,780] {processor.py:653} WARNING - No viable dags retrieved from /opt/conda/lib/python3.8/site-packages/airflow/example_dags/example_kubernetes_executor.py
[2024-05-05 10:02:23,789] {processor.py:161} INFO - Processing /opt/conda/lib/python3.8/site-packages/airflow/example_dags/example_kubernetes_executor.py took 0.029 seconds
[2024-05-05 10:03:01,634] {processor.py:153} INFO - Started process (PID=2216) to work on /opt/conda/lib/python3.8/site-packages/airflow/example_dags/example_kubernetes_executor.py
[2024-05-05 10:03:01,635] {processor.py:641} INFO - Processing file /opt/conda/lib/python3.8/site-packages/airflow/example_dags/example_kubernetes_executor.py for tasks to queue
[2024-05-05 10:03:01,636] {logging_mixin.py:115} INFO - [2024-05-05 10:03:01,636] {dagbag.py:508} INFO - Filling up the DagBag from /opt/conda/lib/python3.8/site-packages/airflow/example_dags/example_kubernetes_executor.py
[2024-05-05 10:03:01,650] {logging_mixin.py:115} INFO - [2024-05-05 10:03:01,650] {example_kubernetes_executor.py:39} WARNING - The example_kubernetes_executor example DAG requires the kubernetes provider. Please install it with: pip install apache-airflow[cncf.kubernetes]
[2024-05-05 10:03:01,650] {processor.py:653} WARNING - No viable dags retrieved from /opt/conda/lib/python3.8/site-packages/airflow/example_dags/example_kubernetes_executor.py
[2024-05-05 10:03:01,659] {processor.py:161} INFO - Processing /opt/conda/lib/python3.8/site-packages/airflow/example_dags/example_kubernetes_executor.py took 0.028 seconds
[2024-05-05 10:03:40,018] {processor.py:153} INFO - Started process (PID=2270) to work on /opt/conda/lib/python3.8/site-packages/airflow/example_dags/example_kubernetes_executor.py
[2024-05-05 10:03:40,020] {processor.py:641} INFO - Processing file /opt/conda/lib/python3.8/site-packages/airflow/example_dags/example_kubernetes_executor.py for tasks to queue
[2024-05-05 10:03:40,020] {logging_mixin.py:115} INFO - [2024-05-05 10:03:40,020] {dagbag.py:508} INFO - Filling up the DagBag from /opt/conda/lib/python3.8/site-packages/airflow/example_dags/example_kubernetes_executor.py
[2024-05-05 10:03:40,035] {logging_mixin.py:115} INFO - [2024-05-05 10:03:40,035] {example_kubernetes_executor.py:39} WARNING - The example_kubernetes_executor example DAG requires the kubernetes provider. Please install it with: pip install apache-airflow[cncf.kubernetes]
[2024-05-05 10:03:40,035] {processor.py:653} WARNING - No viable dags retrieved from /opt/conda/lib/python3.8/site-packages/airflow/example_dags/example_kubernetes_executor.py
[2024-05-05 10:03:40,044] {processor.py:161} INFO - Processing /opt/conda/lib/python3.8/site-packages/airflow/example_dags/example_kubernetes_executor.py took 0.028 seconds
[2024-05-05 10:04:16,526] {processor.py:153} INFO - Started process (PID=2322) to work on /opt/conda/lib/python3.8/site-packages/airflow/example_dags/example_kubernetes_executor.py
[2024-05-05 10:04:16,528] {processor.py:641} INFO - Processing file /opt/conda/lib/python3.8/site-packages/airflow/example_dags/example_kubernetes_executor.py for tasks to queue
[2024-05-05 10:04:16,528] {logging_mixin.py:115} INFO - [2024-05-05 10:04:16,528] {dagbag.py:508} INFO - Filling up the DagBag from /opt/conda/lib/python3.8/site-packages/airflow/example_dags/example_kubernetes_executor.py
[2024-05-05 10:04:16,543] {logging_mixin.py:115} INFO - [2024-05-05 10:04:16,543] {example_kubernetes_executor.py:39} WARNING - The example_kubernetes_executor example DAG requires the kubernetes provider. Please install it with: pip install apache-airflow[cncf.kubernetes]
[2024-05-05 10:04:16,543] {processor.py:653} WARNING - No viable dags retrieved from /opt/conda/lib/python3.8/site-packages/airflow/example_dags/example_kubernetes_executor.py
[2024-05-05 10:04:16,553] {processor.py:161} INFO - Processing /opt/conda/lib/python3.8/site-packages/airflow/example_dags/example_kubernetes_executor.py took 0.030 seconds
[2024-05-05 10:04:55,035] {processor.py:153} INFO - Started process (PID=2378) to work on /opt/conda/lib/python3.8/site-packages/airflow/example_dags/example_kubernetes_executor.py
[2024-05-05 10:04:55,036] {processor.py:641} INFO - Processing file /opt/conda/lib/python3.8/site-packages/airflow/example_dags/example_kubernetes_executor.py for tasks to queue
[2024-05-05 10:04:55,036] {logging_mixin.py:115} INFO - [2024-05-05 10:04:55,036] {dagbag.py:508} INFO - Filling up the DagBag from /opt/conda/lib/python3.8/site-packages/airflow/example_dags/example_kubernetes_executor.py
[2024-05-05 10:04:55,051] {logging_mixin.py:115} INFO - [2024-05-05 10:04:55,051] {example_kubernetes_executor.py:39} WARNING - The example_kubernetes_executor example DAG requires the kubernetes provider. Please install it with: pip install apache-airflow[cncf.kubernetes]
[2024-05-05 10:04:55,051] {processor.py:653} WARNING - No viable dags retrieved from /opt/conda/lib/python3.8/site-packages/airflow/example_dags/example_kubernetes_executor.py
[2024-05-05 10:04:55,060] {processor.py:161} INFO - Processing /opt/conda/lib/python3.8/site-packages/airflow/example_dags/example_kubernetes_executor.py took 0.028 seconds
[2024-05-05 10:05:33,782] {processor.py:153} INFO - Started process (PID=2440) to work on /opt/conda/lib/python3.8/site-packages/airflow/example_dags/example_kubernetes_executor.py
[2024-05-05 10:05:33,784] {processor.py:641} INFO - Processing file /opt/conda/lib/python3.8/site-packages/airflow/example_dags/example_kubernetes_executor.py for tasks to queue
[2024-05-05 10:05:33,784] {logging_mixin.py:115} INFO - [2024-05-05 10:05:33,784] {dagbag.py:508} INFO - Filling up the DagBag from /opt/conda/lib/python3.8/site-packages/airflow/example_dags/example_kubernetes_executor.py
[2024-05-05 10:05:33,798] {logging_mixin.py:115} INFO - [2024-05-05 10:05:33,798] {example_kubernetes_executor.py:39} WARNING - The example_kubernetes_executor example DAG requires the kubernetes provider. Please install it with: pip install apache-airflow[cncf.kubernetes]
[2024-05-05 10:05:33,798] {processor.py:653} WARNING - No viable dags retrieved from /opt/conda/lib/python3.8/site-packages/airflow/example_dags/example_kubernetes_executor.py
[2024-05-05 10:05:33,807] {processor.py:161} INFO - Processing /opt/conda/lib/python3.8/site-packages/airflow/example_dags/example_kubernetes_executor.py took 0.028 seconds
[2024-05-05 10:06:12,673] {processor.py:153} INFO - Started process (PID=2495) to work on /opt/conda/lib/python3.8/site-packages/airflow/example_dags/example_kubernetes_executor.py
[2024-05-05 10:06:12,675] {processor.py:641} INFO - Processing file /opt/conda/lib/python3.8/site-packages/airflow/example_dags/example_kubernetes_executor.py for tasks to queue
[2024-05-05 10:06:12,675] {logging_mixin.py:115} INFO - [2024-05-05 10:06:12,675] {dagbag.py:508} INFO - Filling up the DagBag from /opt/conda/lib/python3.8/site-packages/airflow/example_dags/example_kubernetes_executor.py
[2024-05-05 10:06:12,690] {logging_mixin.py:115} INFO - [2024-05-05 10:06:12,690] {example_kubernetes_executor.py:39} WARNING - The example_kubernetes_executor example DAG requires the kubernetes provider. Please install it with: pip install apache-airflow[cncf.kubernetes]
[2024-05-05 10:06:12,690] {processor.py:653} WARNING - No viable dags retrieved from /opt/conda/lib/python3.8/site-packages/airflow/example_dags/example_kubernetes_executor.py
[2024-05-05 10:06:12,701] {processor.py:161} INFO - Processing /opt/conda/lib/python3.8/site-packages/airflow/example_dags/example_kubernetes_executor.py took 0.031 seconds
[2024-05-05 10:06:48,861] {processor.py:153} INFO - Started process (PID=2546) to work on /opt/conda/lib/python3.8/site-packages/airflow/example_dags/example_kubernetes_executor.py
[2024-05-05 10:06:48,863] {processor.py:641} INFO - Processing file /opt/conda/lib/python3.8/site-packages/airflow/example_dags/example_kubernetes_executor.py for tasks to queue
[2024-05-05 10:06:48,863] {logging_mixin.py:115} INFO - [2024-05-05 10:06:48,863] {dagbag.py:508} INFO - Filling up the DagBag from /opt/conda/lib/python3.8/site-packages/airflow/example_dags/example_kubernetes_executor.py
[2024-05-05 10:06:48,877] {logging_mixin.py:115} INFO - [2024-05-05 10:06:48,877] {example_kubernetes_executor.py:39} WARNING - The example_kubernetes_executor example DAG requires the kubernetes provider. Please install it with: pip install apache-airflow[cncf.kubernetes]
[2024-05-05 10:06:48,878] {processor.py:653} WARNING - No viable dags retrieved from /opt/conda/lib/python3.8/site-packages/airflow/example_dags/example_kubernetes_executor.py
[2024-05-05 10:06:48,887] {processor.py:161} INFO - Processing /opt/conda/lib/python3.8/site-packages/airflow/example_dags/example_kubernetes_executor.py took 0.028 seconds
[2024-05-05 10:07:23,763] {processor.py:153} INFO - Started process (PID=2618) to work on /opt/conda/lib/python3.8/site-packages/airflow/example_dags/example_kubernetes_executor.py
[2024-05-05 10:07:23,765] {processor.py:641} INFO - Processing file /opt/conda/lib/python3.8/site-packages/airflow/example_dags/example_kubernetes_executor.py for tasks to queue
[2024-05-05 10:07:23,765] {logging_mixin.py:115} INFO - [2024-05-05 10:07:23,765] {dagbag.py:508} INFO - Filling up the DagBag from /opt/conda/lib/python3.8/site-packages/airflow/example_dags/example_kubernetes_executor.py
[2024-05-05 10:07:23,780] {logging_mixin.py:115} INFO - [2024-05-05 10:07:23,780] {example_kubernetes_executor.py:39} WARNING - The example_kubernetes_executor example DAG requires the kubernetes provider. Please install it with: pip install apache-airflow[cncf.kubernetes]
[2024-05-05 10:07:23,780] {processor.py:653} WARNING - No viable dags retrieved from /opt/conda/lib/python3.8/site-packages/airflow/example_dags/example_kubernetes_executor.py
[2024-05-05 10:07:23,791] {processor.py:161} INFO - Processing /opt/conda/lib/python3.8/site-packages/airflow/example_dags/example_kubernetes_executor.py took 0.031 seconds
[2024-05-05 10:08:01,845] {processor.py:153} INFO - Started process (PID=2679) to work on /opt/conda/lib/python3.8/site-packages/airflow/example_dags/example_kubernetes_executor.py
[2024-05-05 10:08:01,847] {processor.py:641} INFO - Processing file /opt/conda/lib/python3.8/site-packages/airflow/example_dags/example_kubernetes_executor.py for tasks to queue
[2024-05-05 10:08:01,847] {logging_mixin.py:115} INFO - [2024-05-05 10:08:01,847] {dagbag.py:508} INFO - Filling up the DagBag from /opt/conda/lib/python3.8/site-packages/airflow/example_dags/example_kubernetes_executor.py
[2024-05-05 10:08:01,861] {logging_mixin.py:115} INFO - [2024-05-05 10:08:01,861] {example_kubernetes_executor.py:39} WARNING - The example_kubernetes_executor example DAG requires the kubernetes provider. Please install it with: pip install apache-airflow[cncf.kubernetes]
[2024-05-05 10:08:01,861] {processor.py:653} WARNING - No viable dags retrieved from /opt/conda/lib/python3.8/site-packages/airflow/example_dags/example_kubernetes_executor.py
[2024-05-05 10:08:01,870] {processor.py:161} INFO - Processing /opt/conda/lib/python3.8/site-packages/airflow/example_dags/example_kubernetes_executor.py took 0.028 seconds
[2024-05-05 10:08:37,126] {processor.py:153} INFO - Started process (PID=2731) to work on /opt/conda/lib/python3.8/site-packages/airflow/example_dags/example_kubernetes_executor.py
[2024-05-05 10:08:37,127] {processor.py:641} INFO - Processing file /opt/conda/lib/python3.8/site-packages/airflow/example_dags/example_kubernetes_executor.py for tasks to queue
[2024-05-05 10:08:37,128] {logging_mixin.py:115} INFO - [2024-05-05 10:08:37,128] {dagbag.py:508} INFO - Filling up the DagBag from /opt/conda/lib/python3.8/site-packages/airflow/example_dags/example_kubernetes_executor.py
[2024-05-05 10:08:37,143] {logging_mixin.py:115} INFO - [2024-05-05 10:08:37,143] {example_kubernetes_executor.py:39} WARNING - The example_kubernetes_executor example DAG requires the kubernetes provider. Please install it with: pip install apache-airflow[cncf.kubernetes]
[2024-05-05 10:08:37,143] {processor.py:653} WARNING - No viable dags retrieved from /opt/conda/lib/python3.8/site-packages/airflow/example_dags/example_kubernetes_executor.py
[2024-05-05 10:08:37,153] {processor.py:161} INFO - Processing /opt/conda/lib/python3.8/site-packages/airflow/example_dags/example_kubernetes_executor.py took 0.031 seconds
[2024-05-05 10:09:24,679] {processor.py:153} INFO - Started process (PID=2798) to work on /opt/conda/lib/python3.8/site-packages/airflow/example_dags/example_kubernetes_executor.py
[2024-05-05 10:09:24,680] {processor.py:641} INFO - Processing file /opt/conda/lib/python3.8/site-packages/airflow/example_dags/example_kubernetes_executor.py for tasks to queue
[2024-05-05 10:09:24,681] {logging_mixin.py:115} INFO - [2024-05-05 10:09:24,681] {dagbag.py:508} INFO - Filling up the DagBag from /opt/conda/lib/python3.8/site-packages/airflow/example_dags/example_kubernetes_executor.py
[2024-05-05 10:09:24,696] {logging_mixin.py:115} INFO - [2024-05-05 10:09:24,695] {example_kubernetes_executor.py:39} WARNING - The example_kubernetes_executor example DAG requires the kubernetes provider. Please install it with: pip install apache-airflow[cncf.kubernetes]
[2024-05-05 10:09:24,696] {processor.py:653} WARNING - No viable dags retrieved from /opt/conda/lib/python3.8/site-packages/airflow/example_dags/example_kubernetes_executor.py
[2024-05-05 10:09:24,705] {processor.py:161} INFO - Processing /opt/conda/lib/python3.8/site-packages/airflow/example_dags/example_kubernetes_executor.py took 0.029 seconds
[2024-05-05 10:10:01,638] {processor.py:153} INFO - Started process (PID=2850) to work on /opt/conda/lib/python3.8/site-packages/airflow/example_dags/example_kubernetes_executor.py
[2024-05-05 10:10:01,639] {processor.py:641} INFO - Processing file /opt/conda/lib/python3.8/site-packages/airflow/example_dags/example_kubernetes_executor.py for tasks to queue
[2024-05-05 10:10:01,640] {logging_mixin.py:115} INFO - [2024-05-05 10:10:01,640] {dagbag.py:508} INFO - Filling up the DagBag from /opt/conda/lib/python3.8/site-packages/airflow/example_dags/example_kubernetes_executor.py
[2024-05-05 10:10:01,654] {logging_mixin.py:115} INFO - [2024-05-05 10:10:01,654] {example_kubernetes_executor.py:39} WARNING - The example_kubernetes_executor example DAG requires the kubernetes provider. Please install it with: pip install apache-airflow[cncf.kubernetes]
[2024-05-05 10:10:01,654] {processor.py:653} WARNING - No viable dags retrieved from /opt/conda/lib/python3.8/site-packages/airflow/example_dags/example_kubernetes_executor.py
[2024-05-05 10:10:01,663] {processor.py:161} INFO - Processing /opt/conda/lib/python3.8/site-packages/airflow/example_dags/example_kubernetes_executor.py took 0.028 seconds
[2024-05-05 10:10:40,566] {processor.py:153} INFO - Started process (PID=2906) to work on /opt/conda/lib/python3.8/site-packages/airflow/example_dags/example_kubernetes_executor.py
[2024-05-05 10:10:40,568] {processor.py:641} INFO - Processing file /opt/conda/lib/python3.8/site-packages/airflow/example_dags/example_kubernetes_executor.py for tasks to queue
[2024-05-05 10:10:40,568] {logging_mixin.py:115} INFO - [2024-05-05 10:10:40,568] {dagbag.py:508} INFO - Filling up the DagBag from /opt/conda/lib/python3.8/site-packages/airflow/example_dags/example_kubernetes_executor.py
[2024-05-05 10:10:40,583] {logging_mixin.py:115} INFO - [2024-05-05 10:10:40,583] {example_kubernetes_executor.py:39} WARNING - The example_kubernetes_executor example DAG requires the kubernetes provider. Please install it with: pip install apache-airflow[cncf.kubernetes]
[2024-05-05 10:10:40,583] {processor.py:653} WARNING - No viable dags retrieved from /opt/conda/lib/python3.8/site-packages/airflow/example_dags/example_kubernetes_executor.py
[2024-05-05 10:10:40,594] {processor.py:161} INFO - Processing /opt/conda/lib/python3.8/site-packages/airflow/example_dags/example_kubernetes_executor.py took 0.030 seconds
[2024-05-05 10:11:15,494] {processor.py:153} INFO - Started process (PID=2958) to work on /opt/conda/lib/python3.8/site-packages/airflow/example_dags/example_kubernetes_executor.py
[2024-05-05 10:11:15,496] {processor.py:641} INFO - Processing file /opt/conda/lib/python3.8/site-packages/airflow/example_dags/example_kubernetes_executor.py for tasks to queue
[2024-05-05 10:11:15,496] {logging_mixin.py:115} INFO - [2024-05-05 10:11:15,496] {dagbag.py:508} INFO - Filling up the DagBag from /opt/conda/lib/python3.8/site-packages/airflow/example_dags/example_kubernetes_executor.py
[2024-05-05 10:11:15,512] {logging_mixin.py:115} INFO - [2024-05-05 10:11:15,512] {example_kubernetes_executor.py:39} WARNING - The example_kubernetes_executor example DAG requires the kubernetes provider. Please install it with: pip install apache-airflow[cncf.kubernetes]
[2024-05-05 10:11:15,512] {processor.py:653} WARNING - No viable dags retrieved from /opt/conda/lib/python3.8/site-packages/airflow/example_dags/example_kubernetes_executor.py
[2024-05-05 10:11:15,522] {processor.py:161} INFO - Processing /opt/conda/lib/python3.8/site-packages/airflow/example_dags/example_kubernetes_executor.py took 0.031 seconds
[2024-05-05 10:11:53,971] {processor.py:153} INFO - Started process (PID=3010) to work on /opt/conda/lib/python3.8/site-packages/airflow/example_dags/example_kubernetes_executor.py
[2024-05-05 10:11:53,972] {processor.py:641} INFO - Processing file /opt/conda/lib/python3.8/site-packages/airflow/example_dags/example_kubernetes_executor.py for tasks to queue
[2024-05-05 10:11:53,973] {logging_mixin.py:115} INFO - [2024-05-05 10:11:53,973] {dagbag.py:508} INFO - Filling up the DagBag from /opt/conda/lib/python3.8/site-packages/airflow/example_dags/example_kubernetes_executor.py
[2024-05-05 10:11:53,987] {logging_mixin.py:115} INFO - [2024-05-05 10:11:53,987] {example_kubernetes_executor.py:39} WARNING - The example_kubernetes_executor example DAG requires the kubernetes provider. Please install it with: pip install apache-airflow[cncf.kubernetes]
[2024-05-05 10:11:53,988] {processor.py:653} WARNING - No viable dags retrieved from /opt/conda/lib/python3.8/site-packages/airflow/example_dags/example_kubernetes_executor.py
[2024-05-05 10:11:53,997] {processor.py:161} INFO - Processing /opt/conda/lib/python3.8/site-packages/airflow/example_dags/example_kubernetes_executor.py took 0.030 seconds
[2024-05-05 10:12:30,235] {processor.py:153} INFO - Started process (PID=3062) to work on /opt/conda/lib/python3.8/site-packages/airflow/example_dags/example_kubernetes_executor.py
[2024-05-05 10:12:30,237] {processor.py:641} INFO - Processing file /opt/conda/lib/python3.8/site-packages/airflow/example_dags/example_kubernetes_executor.py for tasks to queue
[2024-05-05 10:12:30,237] {logging_mixin.py:115} INFO - [2024-05-05 10:12:30,237] {dagbag.py:508} INFO - Filling up the DagBag from /opt/conda/lib/python3.8/site-packages/airflow/example_dags/example_kubernetes_executor.py
[2024-05-05 10:12:30,250] {logging_mixin.py:115} INFO - [2024-05-05 10:12:30,250] {example_kubernetes_executor.py:39} WARNING - The example_kubernetes_executor example DAG requires the kubernetes provider. Please install it with: pip install apache-airflow[cncf.kubernetes]
[2024-05-05 10:12:30,251] {processor.py:653} WARNING - No viable dags retrieved from /opt/conda/lib/python3.8/site-packages/airflow/example_dags/example_kubernetes_executor.py
[2024-05-05 10:12:30,258] {processor.py:161} INFO - Processing /opt/conda/lib/python3.8/site-packages/airflow/example_dags/example_kubernetes_executor.py took 0.026 seconds
[2024-05-05 10:13:09,703] {processor.py:153} INFO - Started process (PID=3124) to work on /opt/conda/lib/python3.8/site-packages/airflow/example_dags/example_kubernetes_executor.py
[2024-05-05 10:13:09,705] {processor.py:641} INFO - Processing file /opt/conda/lib/python3.8/site-packages/airflow/example_dags/example_kubernetes_executor.py for tasks to queue
[2024-05-05 10:13:09,706] {logging_mixin.py:115} INFO - [2024-05-05 10:13:09,706] {dagbag.py:508} INFO - Filling up the DagBag from /opt/conda/lib/python3.8/site-packages/airflow/example_dags/example_kubernetes_executor.py
[2024-05-05 10:13:09,721] {logging_mixin.py:115} INFO - [2024-05-05 10:13:09,721] {example_kubernetes_executor.py:39} WARNING - The example_kubernetes_executor example DAG requires the kubernetes provider. Please install it with: pip install apache-airflow[cncf.kubernetes]
[2024-05-05 10:13:09,722] {processor.py:653} WARNING - No viable dags retrieved from /opt/conda/lib/python3.8/site-packages/airflow/example_dags/example_kubernetes_executor.py
[2024-05-05 10:13:09,732] {processor.py:161} INFO - Processing /opt/conda/lib/python3.8/site-packages/airflow/example_dags/example_kubernetes_executor.py took 0.032 seconds
[2024-05-05 10:13:45,954] {processor.py:153} INFO - Started process (PID=3176) to work on /opt/conda/lib/python3.8/site-packages/airflow/example_dags/example_kubernetes_executor.py
[2024-05-05 10:13:45,955] {processor.py:641} INFO - Processing file /opt/conda/lib/python3.8/site-packages/airflow/example_dags/example_kubernetes_executor.py for tasks to queue
[2024-05-05 10:13:45,956] {logging_mixin.py:115} INFO - [2024-05-05 10:13:45,956] {dagbag.py:508} INFO - Filling up the DagBag from /opt/conda/lib/python3.8/site-packages/airflow/example_dags/example_kubernetes_executor.py
[2024-05-05 10:13:45,971] {logging_mixin.py:115} INFO - [2024-05-05 10:13:45,971] {example_kubernetes_executor.py:39} WARNING - The example_kubernetes_executor example DAG requires the kubernetes provider. Please install it with: pip install apache-airflow[cncf.kubernetes]
[2024-05-05 10:13:45,971] {processor.py:653} WARNING - No viable dags retrieved from /opt/conda/lib/python3.8/site-packages/airflow/example_dags/example_kubernetes_executor.py
[2024-05-05 10:13:45,981] {processor.py:161} INFO - Processing /opt/conda/lib/python3.8/site-packages/airflow/example_dags/example_kubernetes_executor.py took 0.031 seconds
[2024-05-05 10:14:29,258] {processor.py:153} INFO - Started process (PID=3240) to work on /opt/conda/lib/python3.8/site-packages/airflow/example_dags/example_kubernetes_executor.py
[2024-05-05 10:14:29,259] {processor.py:641} INFO - Processing file /opt/conda/lib/python3.8/site-packages/airflow/example_dags/example_kubernetes_executor.py for tasks to queue
[2024-05-05 10:14:29,260] {logging_mixin.py:115} INFO - [2024-05-05 10:14:29,260] {dagbag.py:508} INFO - Filling up the DagBag from /opt/conda/lib/python3.8/site-packages/airflow/example_dags/example_kubernetes_executor.py
[2024-05-05 10:14:29,275] {logging_mixin.py:115} INFO - [2024-05-05 10:14:29,275] {example_kubernetes_executor.py:39} WARNING - The example_kubernetes_executor example DAG requires the kubernetes provider. Please install it with: pip install apache-airflow[cncf.kubernetes]
[2024-05-05 10:14:29,275] {processor.py:653} WARNING - No viable dags retrieved from /opt/conda/lib/python3.8/site-packages/airflow/example_dags/example_kubernetes_executor.py
[2024-05-05 10:14:29,284] {processor.py:161} INFO - Processing /opt/conda/lib/python3.8/site-packages/airflow/example_dags/example_kubernetes_executor.py took 0.029 seconds
[2024-05-05 10:15:09,111] {processor.py:153} INFO - Started process (PID=3294) to work on /opt/conda/lib/python3.8/site-packages/airflow/example_dags/example_kubernetes_executor.py
[2024-05-05 10:15:09,112] {processor.py:641} INFO - Processing file /opt/conda/lib/python3.8/site-packages/airflow/example_dags/example_kubernetes_executor.py for tasks to queue
[2024-05-05 10:15:09,113] {logging_mixin.py:115} INFO - [2024-05-05 10:15:09,113] {dagbag.py:508} INFO - Filling up the DagBag from /opt/conda/lib/python3.8/site-packages/airflow/example_dags/example_kubernetes_executor.py
[2024-05-05 10:15:09,128] {logging_mixin.py:115} INFO - [2024-05-05 10:15:09,128] {example_kubernetes_executor.py:39} WARNING - The example_kubernetes_executor example DAG requires the kubernetes provider. Please install it with: pip install apache-airflow[cncf.kubernetes]
[2024-05-05 10:15:09,128] {processor.py:653} WARNING - No viable dags retrieved from /opt/conda/lib/python3.8/site-packages/airflow/example_dags/example_kubernetes_executor.py
[2024-05-05 10:15:09,138] {processor.py:161} INFO - Processing /opt/conda/lib/python3.8/site-packages/airflow/example_dags/example_kubernetes_executor.py took 0.031 seconds
[2024-05-05 10:15:48,243] {processor.py:153} INFO - Started process (PID=3348) to work on /opt/conda/lib/python3.8/site-packages/airflow/example_dags/example_kubernetes_executor.py
[2024-05-05 10:15:48,244] {processor.py:641} INFO - Processing file /opt/conda/lib/python3.8/site-packages/airflow/example_dags/example_kubernetes_executor.py for tasks to queue
[2024-05-05 10:15:48,245] {logging_mixin.py:115} INFO - [2024-05-05 10:15:48,245] {dagbag.py:508} INFO - Filling up the DagBag from /opt/conda/lib/python3.8/site-packages/airflow/example_dags/example_kubernetes_executor.py
[2024-05-05 10:15:48,259] {logging_mixin.py:115} INFO - [2024-05-05 10:15:48,259] {example_kubernetes_executor.py:39} WARNING - The example_kubernetes_executor example DAG requires the kubernetes provider. Please install it with: pip install apache-airflow[cncf.kubernetes]
[2024-05-05 10:15:48,259] {processor.py:653} WARNING - No viable dags retrieved from /opt/conda/lib/python3.8/site-packages/airflow/example_dags/example_kubernetes_executor.py
[2024-05-05 10:15:48,268] {processor.py:161} INFO - Processing /opt/conda/lib/python3.8/site-packages/airflow/example_dags/example_kubernetes_executor.py took 0.028 seconds
[2024-05-05 10:16:25,711] {processor.py:153} INFO - Started process (PID=3409) to work on /opt/conda/lib/python3.8/site-packages/airflow/example_dags/example_kubernetes_executor.py
[2024-05-05 10:16:25,712] {processor.py:641} INFO - Processing file /opt/conda/lib/python3.8/site-packages/airflow/example_dags/example_kubernetes_executor.py for tasks to queue
[2024-05-05 10:16:25,713] {logging_mixin.py:115} INFO - [2024-05-05 10:16:25,712] {dagbag.py:508} INFO - Filling up the DagBag from /opt/conda/lib/python3.8/site-packages/airflow/example_dags/example_kubernetes_executor.py
[2024-05-05 10:16:25,726] {logging_mixin.py:115} INFO - [2024-05-05 10:16:25,726] {example_kubernetes_executor.py:39} WARNING - The example_kubernetes_executor example DAG requires the kubernetes provider. Please install it with: pip install apache-airflow[cncf.kubernetes]
[2024-05-05 10:16:25,727] {processor.py:653} WARNING - No viable dags retrieved from /opt/conda/lib/python3.8/site-packages/airflow/example_dags/example_kubernetes_executor.py
[2024-05-05 10:16:25,735] {processor.py:161} INFO - Processing /opt/conda/lib/python3.8/site-packages/airflow/example_dags/example_kubernetes_executor.py took 0.028 seconds
[2024-05-05 10:17:01,475] {processor.py:153} INFO - Started process (PID=3461) to work on /opt/conda/lib/python3.8/site-packages/airflow/example_dags/example_kubernetes_executor.py
[2024-05-05 10:17:01,476] {processor.py:641} INFO - Processing file /opt/conda/lib/python3.8/site-packages/airflow/example_dags/example_kubernetes_executor.py for tasks to queue
[2024-05-05 10:17:01,477] {logging_mixin.py:115} INFO - [2024-05-05 10:17:01,476] {dagbag.py:508} INFO - Filling up the DagBag from /opt/conda/lib/python3.8/site-packages/airflow/example_dags/example_kubernetes_executor.py
[2024-05-05 10:17:01,491] {logging_mixin.py:115} INFO - [2024-05-05 10:17:01,491] {example_kubernetes_executor.py:39} WARNING - The example_kubernetes_executor example DAG requires the kubernetes provider. Please install it with: pip install apache-airflow[cncf.kubernetes]
[2024-05-05 10:17:01,492] {processor.py:653} WARNING - No viable dags retrieved from /opt/conda/lib/python3.8/site-packages/airflow/example_dags/example_kubernetes_executor.py
[2024-05-05 10:17:01,501] {processor.py:161} INFO - Processing /opt/conda/lib/python3.8/site-packages/airflow/example_dags/example_kubernetes_executor.py took 0.029 seconds
[2024-05-05 10:17:40,895] {processor.py:153} INFO - Started process (PID=3524) to work on /opt/conda/lib/python3.8/site-packages/airflow/example_dags/example_kubernetes_executor.py
[2024-05-05 10:17:40,897] {processor.py:641} INFO - Processing file /opt/conda/lib/python3.8/site-packages/airflow/example_dags/example_kubernetes_executor.py for tasks to queue
[2024-05-05 10:17:40,897] {logging_mixin.py:115} INFO - [2024-05-05 10:17:40,897] {dagbag.py:508} INFO - Filling up the DagBag from /opt/conda/lib/python3.8/site-packages/airflow/example_dags/example_kubernetes_executor.py
[2024-05-05 10:17:40,911] {logging_mixin.py:115} INFO - [2024-05-05 10:17:40,911] {example_kubernetes_executor.py:39} WARNING - The example_kubernetes_executor example DAG requires the kubernetes provider. Please install it with: pip install apache-airflow[cncf.kubernetes]
[2024-05-05 10:17:40,911] {processor.py:653} WARNING - No viable dags retrieved from /opt/conda/lib/python3.8/site-packages/airflow/example_dags/example_kubernetes_executor.py
[2024-05-05 10:17:40,920] {processor.py:161} INFO - Processing /opt/conda/lib/python3.8/site-packages/airflow/example_dags/example_kubernetes_executor.py took 0.028 seconds
[2024-05-05 10:18:22,171] {processor.py:153} INFO - Started process (PID=3581) to work on /opt/conda/lib/python3.8/site-packages/airflow/example_dags/example_kubernetes_executor.py
[2024-05-05 10:18:22,172] {processor.py:641} INFO - Processing file /opt/conda/lib/python3.8/site-packages/airflow/example_dags/example_kubernetes_executor.py for tasks to queue
[2024-05-05 10:18:22,173] {logging_mixin.py:115} INFO - [2024-05-05 10:18:22,173] {dagbag.py:508} INFO - Filling up the DagBag from /opt/conda/lib/python3.8/site-packages/airflow/example_dags/example_kubernetes_executor.py
[2024-05-05 10:18:22,188] {logging_mixin.py:115} INFO - [2024-05-05 10:18:22,188] {example_kubernetes_executor.py:39} WARNING - The example_kubernetes_executor example DAG requires the kubernetes provider. Please install it with: pip install apache-airflow[cncf.kubernetes]
[2024-05-05 10:18:22,188] {processor.py:653} WARNING - No viable dags retrieved from /opt/conda/lib/python3.8/site-packages/airflow/example_dags/example_kubernetes_executor.py
[2024-05-05 10:18:22,198] {processor.py:161} INFO - Processing /opt/conda/lib/python3.8/site-packages/airflow/example_dags/example_kubernetes_executor.py took 0.030 seconds
