[2024-05-05 09:48:34,764] {processor.py:153} INFO - Started process (PID=934) to work on /opt/conda/lib/python3.8/site-packages/airflow/example_dags/example_sla_dag.py
[2024-05-05 09:48:34,764] {processor.py:641} INFO - Processing file /opt/conda/lib/python3.8/site-packages/airflow/example_dags/example_sla_dag.py for tasks to queue
[2024-05-05 09:48:34,765] {logging_mixin.py:115} INFO - [2024-05-05 09:48:34,765] {dagbag.py:508} INFO - Filling up the DagBag from /opt/conda/lib/python3.8/site-packages/airflow/example_dags/example_sla_dag.py
[2024-05-05 09:48:34,917] {processor.py:651} INFO - DAG(s) dict_keys(['example_sla_dag']) retrieved from /opt/conda/lib/python3.8/site-packages/airflow/example_dags/example_sla_dag.py
[2024-05-05 09:48:34,984] {logging_mixin.py:115} INFO - [2024-05-05 09:48:34,984] {manager.py:508} INFO - Created Permission View: can read on DAG:example_sla_dag
[2024-05-05 09:48:35,003] {logging_mixin.py:115} INFO - [2024-05-05 09:48:35,002] {manager.py:508} INFO - Created Permission View: can edit on DAG:example_sla_dag
[2024-05-05 09:48:35,018] {logging_mixin.py:115} INFO - [2024-05-05 09:48:35,018] {manager.py:508} INFO - Created Permission View: can delete on DAG:example_sla_dag
[2024-05-05 09:48:35,018] {logging_mixin.py:115} INFO - [2024-05-05 09:48:35,018] {dag.py:2420} INFO - Sync 1 DAGs
[2024-05-05 09:48:35,024] {logging_mixin.py:115} INFO - [2024-05-05 09:48:35,024] {dag.py:2439} INFO - Creating ORM DAG for example_sla_dag
[2024-05-05 09:48:35,036] {logging_mixin.py:115} INFO - [2024-05-05 09:48:35,035] {dag.py:2968} INFO - Setting next_dagrun for example_sla_dag to 2024-05-05T09:46:00+00:00, run_after=2024-05-05T09:48:00+00:00
[2024-05-05 09:48:35,059] {processor.py:161} INFO - Processing /opt/conda/lib/python3.8/site-packages/airflow/example_dags/example_sla_dag.py took 0.299 seconds
[2024-05-05 09:49:20,365] {processor.py:153} INFO - Started process (PID=986) to work on /opt/conda/lib/python3.8/site-packages/airflow/example_dags/example_sla_dag.py
[2024-05-05 09:49:20,367] {processor.py:641} INFO - Processing file /opt/conda/lib/python3.8/site-packages/airflow/example_dags/example_sla_dag.py for tasks to queue
[2024-05-05 09:49:20,367] {logging_mixin.py:115} INFO - [2024-05-05 09:49:20,367] {dagbag.py:508} INFO - Filling up the DagBag from /opt/conda/lib/python3.8/site-packages/airflow/example_dags/example_sla_dag.py
[2024-05-05 09:49:20,500] {processor.py:651} INFO - DAG(s) dict_keys(['example_sla_dag']) retrieved from /opt/conda/lib/python3.8/site-packages/airflow/example_dags/example_sla_dag.py
[2024-05-05 09:49:20,508] {logging_mixin.py:115} INFO - [2024-05-05 09:49:20,508] {dag.py:2420} INFO - Sync 1 DAGs
[2024-05-05 09:49:20,522] {logging_mixin.py:115} INFO - [2024-05-05 09:49:20,522] {dag.py:2968} INFO - Setting next_dagrun for example_sla_dag to 2024-05-05T09:46:00+00:00, run_after=2024-05-05T09:48:00+00:00
[2024-05-05 09:49:20,543] {processor.py:161} INFO - Processing /opt/conda/lib/python3.8/site-packages/airflow/example_dags/example_sla_dag.py took 0.181 seconds
[2024-05-05 09:50:04,980] {processor.py:153} INFO - Started process (PID=1038) to work on /opt/conda/lib/python3.8/site-packages/airflow/example_dags/example_sla_dag.py
[2024-05-05 09:50:04,981] {processor.py:641} INFO - Processing file /opt/conda/lib/python3.8/site-packages/airflow/example_dags/example_sla_dag.py for tasks to queue
[2024-05-05 09:50:04,982] {logging_mixin.py:115} INFO - [2024-05-05 09:50:04,982] {dagbag.py:508} INFO - Filling up the DagBag from /opt/conda/lib/python3.8/site-packages/airflow/example_dags/example_sla_dag.py
[2024-05-05 09:50:05,136] {processor.py:651} INFO - DAG(s) dict_keys(['example_sla_dag']) retrieved from /opt/conda/lib/python3.8/site-packages/airflow/example_dags/example_sla_dag.py
[2024-05-05 09:50:05,146] {logging_mixin.py:115} INFO - [2024-05-05 09:50:05,145] {dag.py:2420} INFO - Sync 1 DAGs
[2024-05-05 09:50:05,159] {logging_mixin.py:115} INFO - [2024-05-05 09:50:05,159] {dag.py:2968} INFO - Setting next_dagrun for example_sla_dag to 2024-05-05T09:48:00+00:00, run_after=2024-05-05T09:50:00+00:00
[2024-05-05 09:50:05,342] {processor.py:161} INFO - Processing /opt/conda/lib/python3.8/site-packages/airflow/example_dags/example_sla_dag.py took 0.366 seconds
[2024-05-05 09:52:16,414] {processor.py:153} INFO - Started process (PID=1343) to work on /opt/conda/lib/python3.8/site-packages/airflow/example_dags/example_sla_dag.py
[2024-05-05 09:52:16,416] {processor.py:641} INFO - Processing file /opt/conda/lib/python3.8/site-packages/airflow/example_dags/example_sla_dag.py for tasks to queue
[2024-05-05 09:52:16,416] {logging_mixin.py:115} INFO - [2024-05-05 09:52:16,416] {dagbag.py:508} INFO - Filling up the DagBag from /opt/conda/lib/python3.8/site-packages/airflow/example_dags/example_sla_dag.py
[2024-05-05 09:52:16,552] {processor.py:651} INFO - DAG(s) dict_keys(['example_sla_dag']) retrieved from /opt/conda/lib/python3.8/site-packages/airflow/example_dags/example_sla_dag.py
[2024-05-05 09:52:16,563] {logging_mixin.py:115} INFO - [2024-05-05 09:52:16,562] {dag.py:2420} INFO - Sync 1 DAGs
[2024-05-05 09:52:16,578] {logging_mixin.py:115} INFO - [2024-05-05 09:52:16,578] {dag.py:2968} INFO - Setting next_dagrun for example_sla_dag to 2024-05-05T09:50:00+00:00, run_after=2024-05-05T09:52:00+00:00
[2024-05-05 09:52:16,617] {processor.py:161} INFO - Processing /opt/conda/lib/python3.8/site-packages/airflow/example_dags/example_sla_dag.py took 0.206 seconds
[2024-05-05 09:53:01,286] {processor.py:153} INFO - Started process (PID=1395) to work on /opt/conda/lib/python3.8/site-packages/airflow/example_dags/example_sla_dag.py
[2024-05-05 09:53:01,287] {processor.py:641} INFO - Processing file /opt/conda/lib/python3.8/site-packages/airflow/example_dags/example_sla_dag.py for tasks to queue
[2024-05-05 09:53:01,288] {logging_mixin.py:115} INFO - [2024-05-05 09:53:01,288] {dagbag.py:508} INFO - Filling up the DagBag from /opt/conda/lib/python3.8/site-packages/airflow/example_dags/example_sla_dag.py
[2024-05-05 09:53:01,417] {processor.py:651} INFO - DAG(s) dict_keys(['example_sla_dag']) retrieved from /opt/conda/lib/python3.8/site-packages/airflow/example_dags/example_sla_dag.py
[2024-05-05 09:53:01,426] {logging_mixin.py:115} INFO - [2024-05-05 09:53:01,426] {dag.py:2420} INFO - Sync 1 DAGs
[2024-05-05 09:53:01,440] {logging_mixin.py:115} INFO - [2024-05-05 09:53:01,440] {dag.py:2968} INFO - Setting next_dagrun for example_sla_dag to 2024-05-05T09:50:00+00:00, run_after=2024-05-05T09:52:00+00:00
[2024-05-05 09:53:01,458] {processor.py:161} INFO - Processing /opt/conda/lib/python3.8/site-packages/airflow/example_dags/example_sla_dag.py took 0.175 seconds
[2024-05-05 09:53:45,883] {processor.py:153} INFO - Started process (PID=1447) to work on /opt/conda/lib/python3.8/site-packages/airflow/example_dags/example_sla_dag.py
[2024-05-05 09:53:45,884] {processor.py:641} INFO - Processing file /opt/conda/lib/python3.8/site-packages/airflow/example_dags/example_sla_dag.py for tasks to queue
[2024-05-05 09:53:45,885] {logging_mixin.py:115} INFO - [2024-05-05 09:53:45,884] {dagbag.py:508} INFO - Filling up the DagBag from /opt/conda/lib/python3.8/site-packages/airflow/example_dags/example_sla_dag.py
[2024-05-05 09:53:46,013] {processor.py:651} INFO - DAG(s) dict_keys(['example_sla_dag']) retrieved from /opt/conda/lib/python3.8/site-packages/airflow/example_dags/example_sla_dag.py
[2024-05-05 09:53:46,022] {logging_mixin.py:115} INFO - [2024-05-05 09:53:46,022] {dag.py:2420} INFO - Sync 1 DAGs
[2024-05-05 09:53:46,036] {logging_mixin.py:115} INFO - [2024-05-05 09:53:46,035] {dag.py:2968} INFO - Setting next_dagrun for example_sla_dag to 2024-05-05T09:50:00+00:00, run_after=2024-05-05T09:52:00+00:00
[2024-05-05 09:53:46,054] {processor.py:161} INFO - Processing /opt/conda/lib/python3.8/site-packages/airflow/example_dags/example_sla_dag.py took 0.174 seconds
[2024-05-05 09:54:27,838] {processor.py:153} INFO - Started process (PID=1499) to work on /opt/conda/lib/python3.8/site-packages/airflow/example_dags/example_sla_dag.py
[2024-05-05 09:54:27,839] {processor.py:641} INFO - Processing file /opt/conda/lib/python3.8/site-packages/airflow/example_dags/example_sla_dag.py for tasks to queue
[2024-05-05 09:54:27,840] {logging_mixin.py:115} INFO - [2024-05-05 09:54:27,839] {dagbag.py:508} INFO - Filling up the DagBag from /opt/conda/lib/python3.8/site-packages/airflow/example_dags/example_sla_dag.py
[2024-05-05 09:54:27,992] {processor.py:651} INFO - DAG(s) dict_keys(['example_sla_dag']) retrieved from /opt/conda/lib/python3.8/site-packages/airflow/example_dags/example_sla_dag.py
[2024-05-05 09:54:28,001] {logging_mixin.py:115} INFO - [2024-05-05 09:54:28,001] {dag.py:2420} INFO - Sync 1 DAGs
[2024-05-05 09:54:28,015] {logging_mixin.py:115} INFO - [2024-05-05 09:54:28,015] {dag.py:2968} INFO - Setting next_dagrun for example_sla_dag to 2024-05-05T09:52:00+00:00, run_after=2024-05-05T09:54:00+00:00
[2024-05-05 09:54:28,036] {processor.py:161} INFO - Processing /opt/conda/lib/python3.8/site-packages/airflow/example_dags/example_sla_dag.py took 0.202 seconds
[2024-05-05 09:55:12,938] {processor.py:153} INFO - Started process (PID=1560) to work on /opt/conda/lib/python3.8/site-packages/airflow/example_dags/example_sla_dag.py
[2024-05-05 09:55:12,940] {processor.py:641} INFO - Processing file /opt/conda/lib/python3.8/site-packages/airflow/example_dags/example_sla_dag.py for tasks to queue
[2024-05-05 09:55:12,940] {logging_mixin.py:115} INFO - [2024-05-05 09:55:12,940] {dagbag.py:508} INFO - Filling up the DagBag from /opt/conda/lib/python3.8/site-packages/airflow/example_dags/example_sla_dag.py
[2024-05-05 09:55:13,073] {processor.py:651} INFO - DAG(s) dict_keys(['example_sla_dag']) retrieved from /opt/conda/lib/python3.8/site-packages/airflow/example_dags/example_sla_dag.py
[2024-05-05 09:55:13,081] {logging_mixin.py:115} INFO - [2024-05-05 09:55:13,081] {dag.py:2420} INFO - Sync 1 DAGs
[2024-05-05 09:55:13,095] {logging_mixin.py:115} INFO - [2024-05-05 09:55:13,095] {dag.py:2968} INFO - Setting next_dagrun for example_sla_dag to 2024-05-05T09:52:00+00:00, run_after=2024-05-05T09:54:00+00:00
[2024-05-05 09:55:13,113] {processor.py:161} INFO - Processing /opt/conda/lib/python3.8/site-packages/airflow/example_dags/example_sla_dag.py took 0.178 seconds
[2024-05-05 09:55:50,962] {processor.py:153} INFO - Started process (PID=1609) to work on /opt/conda/lib/python3.8/site-packages/airflow/example_dags/example_sla_dag.py
[2024-05-05 09:55:50,963] {processor.py:641} INFO - Processing file /opt/conda/lib/python3.8/site-packages/airflow/example_dags/example_sla_dag.py for tasks to queue
[2024-05-05 09:55:50,964] {logging_mixin.py:115} INFO - [2024-05-05 09:55:50,964] {dagbag.py:508} INFO - Filling up the DagBag from /opt/conda/lib/python3.8/site-packages/airflow/example_dags/example_sla_dag.py
[2024-05-05 09:55:51,131] {processor.py:651} INFO - DAG(s) dict_keys(['example_sla_dag']) retrieved from /opt/conda/lib/python3.8/site-packages/airflow/example_dags/example_sla_dag.py
[2024-05-05 09:55:51,141] {logging_mixin.py:115} INFO - [2024-05-05 09:55:51,141] {dag.py:2420} INFO - Sync 1 DAGs
[2024-05-05 09:55:51,157] {logging_mixin.py:115} INFO - [2024-05-05 09:55:51,157] {dag.py:2968} INFO - Setting next_dagrun for example_sla_dag to 2024-05-05T09:52:00+00:00, run_after=2024-05-05T09:54:00+00:00
[2024-05-05 09:55:51,175] {processor.py:161} INFO - Processing /opt/conda/lib/python3.8/site-packages/airflow/example_dags/example_sla_dag.py took 0.217 seconds
[2024-05-05 09:56:30,690] {processor.py:153} INFO - Started process (PID=1659) to work on /opt/conda/lib/python3.8/site-packages/airflow/example_dags/example_sla_dag.py
[2024-05-05 09:56:30,692] {processor.py:641} INFO - Processing file /opt/conda/lib/python3.8/site-packages/airflow/example_dags/example_sla_dag.py for tasks to queue
[2024-05-05 09:56:30,692] {logging_mixin.py:115} INFO - [2024-05-05 09:56:30,692] {dagbag.py:508} INFO - Filling up the DagBag from /opt/conda/lib/python3.8/site-packages/airflow/example_dags/example_sla_dag.py
[2024-05-05 09:56:30,854] {processor.py:651} INFO - DAG(s) dict_keys(['example_sla_dag']) retrieved from /opt/conda/lib/python3.8/site-packages/airflow/example_dags/example_sla_dag.py
[2024-05-05 09:56:30,865] {logging_mixin.py:115} INFO - [2024-05-05 09:56:30,865] {dag.py:2420} INFO - Sync 1 DAGs
[2024-05-05 09:56:30,884] {logging_mixin.py:115} INFO - [2024-05-05 09:56:30,884] {dag.py:2968} INFO - Setting next_dagrun for example_sla_dag to 2024-05-05T09:54:00+00:00, run_after=2024-05-05T09:56:00+00:00
[2024-05-05 09:56:30,906] {processor.py:161} INFO - Processing /opt/conda/lib/python3.8/site-packages/airflow/example_dags/example_sla_dag.py took 0.219 seconds
[2024-05-05 09:57:18,174] {processor.py:153} INFO - Started process (PID=1723) to work on /opt/conda/lib/python3.8/site-packages/airflow/example_dags/example_sla_dag.py
[2024-05-05 09:57:18,175] {processor.py:641} INFO - Processing file /opt/conda/lib/python3.8/site-packages/airflow/example_dags/example_sla_dag.py for tasks to queue
[2024-05-05 09:57:18,176] {logging_mixin.py:115} INFO - [2024-05-05 09:57:18,176] {dagbag.py:508} INFO - Filling up the DagBag from /opt/conda/lib/python3.8/site-packages/airflow/example_dags/example_sla_dag.py
[2024-05-05 09:57:18,307] {processor.py:651} INFO - DAG(s) dict_keys(['example_sla_dag']) retrieved from /opt/conda/lib/python3.8/site-packages/airflow/example_dags/example_sla_dag.py
[2024-05-05 09:57:18,316] {logging_mixin.py:115} INFO - [2024-05-05 09:57:18,316] {dag.py:2420} INFO - Sync 1 DAGs
[2024-05-05 09:57:18,329] {logging_mixin.py:115} INFO - [2024-05-05 09:57:18,329] {dag.py:2968} INFO - Setting next_dagrun for example_sla_dag to 2024-05-05T09:54:00+00:00, run_after=2024-05-05T09:56:00+00:00
[2024-05-05 09:57:18,347] {processor.py:161} INFO - Processing /opt/conda/lib/python3.8/site-packages/airflow/example_dags/example_sla_dag.py took 0.176 seconds
[2024-05-05 09:58:06,738] {processor.py:153} INFO - Started process (PID=1781) to work on /opt/conda/lib/python3.8/site-packages/airflow/example_dags/example_sla_dag.py
[2024-05-05 09:58:06,739] {processor.py:641} INFO - Processing file /opt/conda/lib/python3.8/site-packages/airflow/example_dags/example_sla_dag.py for tasks to queue
[2024-05-05 09:58:06,740] {logging_mixin.py:115} INFO - [2024-05-05 09:58:06,739] {dagbag.py:508} INFO - Filling up the DagBag from /opt/conda/lib/python3.8/site-packages/airflow/example_dags/example_sla_dag.py
[2024-05-05 09:58:06,888] {processor.py:651} INFO - DAG(s) dict_keys(['example_sla_dag']) retrieved from /opt/conda/lib/python3.8/site-packages/airflow/example_dags/example_sla_dag.py
[2024-05-05 09:58:06,897] {logging_mixin.py:115} INFO - [2024-05-05 09:58:06,897] {dag.py:2420} INFO - Sync 1 DAGs
[2024-05-05 09:58:06,911] {logging_mixin.py:115} INFO - [2024-05-05 09:58:06,911] {dag.py:2968} INFO - Setting next_dagrun for example_sla_dag to 2024-05-05T09:56:00+00:00, run_after=2024-05-05T09:58:00+00:00
[2024-05-05 09:58:06,928] {processor.py:161} INFO - Processing /opt/conda/lib/python3.8/site-packages/airflow/example_dags/example_sla_dag.py took 0.193 seconds
[2024-05-05 09:58:44,478] {processor.py:153} INFO - Started process (PID=1833) to work on /opt/conda/lib/python3.8/site-packages/airflow/example_dags/example_sla_dag.py
[2024-05-05 09:58:44,479] {processor.py:641} INFO - Processing file /opt/conda/lib/python3.8/site-packages/airflow/example_dags/example_sla_dag.py for tasks to queue
[2024-05-05 09:58:44,480] {logging_mixin.py:115} INFO - [2024-05-05 09:58:44,480] {dagbag.py:508} INFO - Filling up the DagBag from /opt/conda/lib/python3.8/site-packages/airflow/example_dags/example_sla_dag.py
[2024-05-05 09:58:44,498] {processor.py:651} INFO - DAG(s) dict_keys(['example_sla_dag']) retrieved from /opt/conda/lib/python3.8/site-packages/airflow/example_dags/example_sla_dag.py
[2024-05-05 09:58:44,513] {logging_mixin.py:115} INFO - [2024-05-05 09:58:44,513] {dag.py:2420} INFO - Sync 1 DAGs
[2024-05-05 09:58:44,534] {logging_mixin.py:115} INFO - [2024-05-05 09:58:44,534] {dag.py:2968} INFO - Setting next_dagrun for example_sla_dag to 2024-05-05T09:56:00+00:00, run_after=2024-05-05T09:58:00+00:00
[2024-05-05 09:58:44,555] {processor.py:161} INFO - Processing /opt/conda/lib/python3.8/site-packages/airflow/example_dags/example_sla_dag.py took 0.080 seconds
[2024-05-05 09:59:20,760] {processor.py:153} INFO - Started process (PID=1884) to work on /opt/conda/lib/python3.8/site-packages/airflow/example_dags/example_sla_dag.py
[2024-05-05 09:59:20,761] {processor.py:641} INFO - Processing file /opt/conda/lib/python3.8/site-packages/airflow/example_dags/example_sla_dag.py for tasks to queue
[2024-05-05 09:59:20,761] {logging_mixin.py:115} INFO - [2024-05-05 09:59:20,761] {dagbag.py:508} INFO - Filling up the DagBag from /opt/conda/lib/python3.8/site-packages/airflow/example_dags/example_sla_dag.py
[2024-05-05 09:59:20,781] {processor.py:651} INFO - DAG(s) dict_keys(['example_sla_dag']) retrieved from /opt/conda/lib/python3.8/site-packages/airflow/example_dags/example_sla_dag.py
[2024-05-05 09:59:20,794] {logging_mixin.py:115} INFO - [2024-05-05 09:59:20,794] {dag.py:2420} INFO - Sync 1 DAGs
[2024-05-05 09:59:20,811] {logging_mixin.py:115} INFO - [2024-05-05 09:59:20,811] {dag.py:2968} INFO - Setting next_dagrun for example_sla_dag to 2024-05-05T09:56:00+00:00, run_after=2024-05-05T09:58:00+00:00
[2024-05-05 09:59:20,841] {processor.py:161} INFO - Processing /opt/conda/lib/python3.8/site-packages/airflow/example_dags/example_sla_dag.py took 0.085 seconds
[2024-05-05 10:00:00,274] {processor.py:153} INFO - Started process (PID=1945) to work on /opt/conda/lib/python3.8/site-packages/airflow/example_dags/example_sla_dag.py
[2024-05-05 10:00:00,276] {processor.py:641} INFO - Processing file /opt/conda/lib/python3.8/site-packages/airflow/example_dags/example_sla_dag.py for tasks to queue
[2024-05-05 10:00:00,276] {logging_mixin.py:115} INFO - [2024-05-05 10:00:00,276] {dagbag.py:508} INFO - Filling up the DagBag from /opt/conda/lib/python3.8/site-packages/airflow/example_dags/example_sla_dag.py
[2024-05-05 10:00:00,293] {processor.py:651} INFO - DAG(s) dict_keys(['example_sla_dag']) retrieved from /opt/conda/lib/python3.8/site-packages/airflow/example_dags/example_sla_dag.py
[2024-05-05 10:00:00,306] {logging_mixin.py:115} INFO - [2024-05-05 10:00:00,306] {dag.py:2420} INFO - Sync 1 DAGs
[2024-05-05 10:00:00,322] {logging_mixin.py:115} INFO - [2024-05-05 10:00:00,322] {dag.py:2968} INFO - Setting next_dagrun for example_sla_dag to 2024-05-05T09:58:00+00:00, run_after=2024-05-05T10:00:00+00:00
[2024-05-05 10:00:00,340] {processor.py:161} INFO - Processing /opt/conda/lib/python3.8/site-packages/airflow/example_dags/example_sla_dag.py took 0.069 seconds
[2024-05-05 10:00:35,310] {processor.py:153} INFO - Started process (PID=1997) to work on /opt/conda/lib/python3.8/site-packages/airflow/example_dags/example_sla_dag.py
[2024-05-05 10:00:35,312] {processor.py:641} INFO - Processing file /opt/conda/lib/python3.8/site-packages/airflow/example_dags/example_sla_dag.py for tasks to queue
[2024-05-05 10:00:35,312] {logging_mixin.py:115} INFO - [2024-05-05 10:00:35,312] {dagbag.py:508} INFO - Filling up the DagBag from /opt/conda/lib/python3.8/site-packages/airflow/example_dags/example_sla_dag.py
[2024-05-05 10:00:35,332] {processor.py:651} INFO - DAG(s) dict_keys(['example_sla_dag']) retrieved from /opt/conda/lib/python3.8/site-packages/airflow/example_dags/example_sla_dag.py
[2024-05-05 10:00:35,348] {logging_mixin.py:115} INFO - [2024-05-05 10:00:35,348] {dag.py:2420} INFO - Sync 1 DAGs
[2024-05-05 10:00:35,368] {logging_mixin.py:115} INFO - [2024-05-05 10:00:35,368] {dag.py:2968} INFO - Setting next_dagrun for example_sla_dag to 2024-05-05T09:58:00+00:00, run_after=2024-05-05T10:00:00+00:00
[2024-05-05 10:00:35,386] {processor.py:161} INFO - Processing /opt/conda/lib/python3.8/site-packages/airflow/example_dags/example_sla_dag.py took 0.079 seconds
[2024-05-05 10:01:11,114] {processor.py:153} INFO - Started process (PID=2047) to work on /opt/conda/lib/python3.8/site-packages/airflow/example_dags/example_sla_dag.py
[2024-05-05 10:01:11,116] {processor.py:641} INFO - Processing file /opt/conda/lib/python3.8/site-packages/airflow/example_dags/example_sla_dag.py for tasks to queue
[2024-05-05 10:01:11,116] {logging_mixin.py:115} INFO - [2024-05-05 10:01:11,116] {dagbag.py:508} INFO - Filling up the DagBag from /opt/conda/lib/python3.8/site-packages/airflow/example_dags/example_sla_dag.py
[2024-05-05 10:01:11,133] {processor.py:651} INFO - DAG(s) dict_keys(['example_sla_dag']) retrieved from /opt/conda/lib/python3.8/site-packages/airflow/example_dags/example_sla_dag.py
[2024-05-05 10:01:11,146] {logging_mixin.py:115} INFO - [2024-05-05 10:01:11,146] {dag.py:2420} INFO - Sync 1 DAGs
[2024-05-05 10:01:11,162] {logging_mixin.py:115} INFO - [2024-05-05 10:01:11,162] {dag.py:2968} INFO - Setting next_dagrun for example_sla_dag to 2024-05-05T09:58:00+00:00, run_after=2024-05-05T10:00:00+00:00
[2024-05-05 10:01:11,181] {processor.py:161} INFO - Processing /opt/conda/lib/python3.8/site-packages/airflow/example_dags/example_sla_dag.py took 0.070 seconds
[2024-05-05 10:01:46,093] {processor.py:153} INFO - Started process (PID=2099) to work on /opt/conda/lib/python3.8/site-packages/airflow/example_dags/example_sla_dag.py
[2024-05-05 10:01:46,095] {processor.py:641} INFO - Processing file /opt/conda/lib/python3.8/site-packages/airflow/example_dags/example_sla_dag.py for tasks to queue
[2024-05-05 10:01:46,095] {logging_mixin.py:115} INFO - [2024-05-05 10:01:46,095] {dagbag.py:508} INFO - Filling up the DagBag from /opt/conda/lib/python3.8/site-packages/airflow/example_dags/example_sla_dag.py
[2024-05-05 10:01:46,112] {processor.py:651} INFO - DAG(s) dict_keys(['example_sla_dag']) retrieved from /opt/conda/lib/python3.8/site-packages/airflow/example_dags/example_sla_dag.py
[2024-05-05 10:01:46,125] {logging_mixin.py:115} INFO - [2024-05-05 10:01:46,125] {dag.py:2420} INFO - Sync 1 DAGs
[2024-05-05 10:01:46,141] {logging_mixin.py:115} INFO - [2024-05-05 10:01:46,141] {dag.py:2968} INFO - Setting next_dagrun for example_sla_dag to 2024-05-05T09:58:00+00:00, run_after=2024-05-05T10:00:00+00:00
[2024-05-05 10:01:46,162] {processor.py:161} INFO - Processing /opt/conda/lib/python3.8/site-packages/airflow/example_dags/example_sla_dag.py took 0.072 seconds
[2024-05-05 10:02:20,335] {processor.py:153} INFO - Started process (PID=2150) to work on /opt/conda/lib/python3.8/site-packages/airflow/example_dags/example_sla_dag.py
[2024-05-05 10:02:20,336] {processor.py:641} INFO - Processing file /opt/conda/lib/python3.8/site-packages/airflow/example_dags/example_sla_dag.py for tasks to queue
[2024-05-05 10:02:20,337] {logging_mixin.py:115} INFO - [2024-05-05 10:02:20,337] {dagbag.py:508} INFO - Filling up the DagBag from /opt/conda/lib/python3.8/site-packages/airflow/example_dags/example_sla_dag.py
[2024-05-05 10:02:20,354] {processor.py:651} INFO - DAG(s) dict_keys(['example_sla_dag']) retrieved from /opt/conda/lib/python3.8/site-packages/airflow/example_dags/example_sla_dag.py
[2024-05-05 10:02:20,367] {logging_mixin.py:115} INFO - [2024-05-05 10:02:20,367] {dag.py:2420} INFO - Sync 1 DAGs
[2024-05-05 10:02:20,382] {logging_mixin.py:115} INFO - [2024-05-05 10:02:20,382] {dag.py:2968} INFO - Setting next_dagrun for example_sla_dag to 2024-05-05T10:00:00+00:00, run_after=2024-05-05T10:02:00+00:00
[2024-05-05 10:02:20,401] {processor.py:161} INFO - Processing /opt/conda/lib/python3.8/site-packages/airflow/example_dags/example_sla_dag.py took 0.070 seconds
[2024-05-05 10:02:54,727] {processor.py:153} INFO - Started process (PID=2201) to work on /opt/conda/lib/python3.8/site-packages/airflow/example_dags/example_sla_dag.py
[2024-05-05 10:02:54,729] {processor.py:641} INFO - Processing file /opt/conda/lib/python3.8/site-packages/airflow/example_dags/example_sla_dag.py for tasks to queue
[2024-05-05 10:02:54,729] {logging_mixin.py:115} INFO - [2024-05-05 10:02:54,729] {dagbag.py:508} INFO - Filling up the DagBag from /opt/conda/lib/python3.8/site-packages/airflow/example_dags/example_sla_dag.py
[2024-05-05 10:02:54,748] {processor.py:651} INFO - DAG(s) dict_keys(['example_sla_dag']) retrieved from /opt/conda/lib/python3.8/site-packages/airflow/example_dags/example_sla_dag.py
[2024-05-05 10:02:54,764] {logging_mixin.py:115} INFO - [2024-05-05 10:02:54,764] {dag.py:2420} INFO - Sync 1 DAGs
[2024-05-05 10:02:54,785] {logging_mixin.py:115} INFO - [2024-05-05 10:02:54,785] {dag.py:2968} INFO - Setting next_dagrun for example_sla_dag to 2024-05-05T10:00:00+00:00, run_after=2024-05-05T10:02:00+00:00
[2024-05-05 10:02:54,804] {processor.py:161} INFO - Processing /opt/conda/lib/python3.8/site-packages/airflow/example_dags/example_sla_dag.py took 0.080 seconds
[2024-05-05 10:03:28,607] {processor.py:153} INFO - Started process (PID=2251) to work on /opt/conda/lib/python3.8/site-packages/airflow/example_dags/example_sla_dag.py
[2024-05-05 10:03:28,608] {processor.py:641} INFO - Processing file /opt/conda/lib/python3.8/site-packages/airflow/example_dags/example_sla_dag.py for tasks to queue
[2024-05-05 10:03:28,609] {logging_mixin.py:115} INFO - [2024-05-05 10:03:28,609] {dagbag.py:508} INFO - Filling up the DagBag from /opt/conda/lib/python3.8/site-packages/airflow/example_dags/example_sla_dag.py
[2024-05-05 10:03:28,626] {processor.py:651} INFO - DAG(s) dict_keys(['example_sla_dag']) retrieved from /opt/conda/lib/python3.8/site-packages/airflow/example_dags/example_sla_dag.py
[2024-05-05 10:03:28,639] {logging_mixin.py:115} INFO - [2024-05-05 10:03:28,639] {dag.py:2420} INFO - Sync 1 DAGs
[2024-05-05 10:03:28,658] {logging_mixin.py:115} INFO - [2024-05-05 10:03:28,658] {dag.py:2968} INFO - Setting next_dagrun for example_sla_dag to 2024-05-05T10:00:00+00:00, run_after=2024-05-05T10:02:00+00:00
[2024-05-05 10:03:28,677] {processor.py:161} INFO - Processing /opt/conda/lib/python3.8/site-packages/airflow/example_dags/example_sla_dag.py took 0.073 seconds
[2024-05-05 10:04:04,419] {processor.py:153} INFO - Started process (PID=2303) to work on /opt/conda/lib/python3.8/site-packages/airflow/example_dags/example_sla_dag.py
[2024-05-05 10:04:04,420] {processor.py:641} INFO - Processing file /opt/conda/lib/python3.8/site-packages/airflow/example_dags/example_sla_dag.py for tasks to queue
[2024-05-05 10:04:04,421] {logging_mixin.py:115} INFO - [2024-05-05 10:04:04,421] {dagbag.py:508} INFO - Filling up the DagBag from /opt/conda/lib/python3.8/site-packages/airflow/example_dags/example_sla_dag.py
[2024-05-05 10:04:04,440] {processor.py:651} INFO - DAG(s) dict_keys(['example_sla_dag']) retrieved from /opt/conda/lib/python3.8/site-packages/airflow/example_dags/example_sla_dag.py
[2024-05-05 10:04:04,455] {logging_mixin.py:115} INFO - [2024-05-05 10:04:04,455] {dag.py:2420} INFO - Sync 1 DAGs
[2024-05-05 10:04:04,481] {logging_mixin.py:115} INFO - [2024-05-05 10:04:04,481] {dag.py:2968} INFO - Setting next_dagrun for example_sla_dag to 2024-05-05T10:02:00+00:00, run_after=2024-05-05T10:04:00+00:00
[2024-05-05 10:04:04,502] {processor.py:161} INFO - Processing /opt/conda/lib/python3.8/site-packages/airflow/example_dags/example_sla_dag.py took 0.087 seconds
[2024-05-05 10:04:39,194] {processor.py:153} INFO - Started process (PID=2355) to work on /opt/conda/lib/python3.8/site-packages/airflow/example_dags/example_sla_dag.py
[2024-05-05 10:04:39,195] {processor.py:641} INFO - Processing file /opt/conda/lib/python3.8/site-packages/airflow/example_dags/example_sla_dag.py for tasks to queue
[2024-05-05 10:04:39,196] {logging_mixin.py:115} INFO - [2024-05-05 10:04:39,196] {dagbag.py:508} INFO - Filling up the DagBag from /opt/conda/lib/python3.8/site-packages/airflow/example_dags/example_sla_dag.py
[2024-05-05 10:04:39,215] {processor.py:651} INFO - DAG(s) dict_keys(['example_sla_dag']) retrieved from /opt/conda/lib/python3.8/site-packages/airflow/example_dags/example_sla_dag.py
[2024-05-05 10:04:39,230] {logging_mixin.py:115} INFO - [2024-05-05 10:04:39,230] {dag.py:2420} INFO - Sync 1 DAGs
[2024-05-05 10:04:39,253] {logging_mixin.py:115} INFO - [2024-05-05 10:04:39,253] {dag.py:2968} INFO - Setting next_dagrun for example_sla_dag to 2024-05-05T10:02:00+00:00, run_after=2024-05-05T10:04:00+00:00
[2024-05-05 10:04:39,271] {processor.py:161} INFO - Processing /opt/conda/lib/python3.8/site-packages/airflow/example_dags/example_sla_dag.py took 0.081 seconds
[2024-05-05 10:05:17,142] {processor.py:153} INFO - Started process (PID=2416) to work on /opt/conda/lib/python3.8/site-packages/airflow/example_dags/example_sla_dag.py
[2024-05-05 10:05:17,143] {processor.py:641} INFO - Processing file /opt/conda/lib/python3.8/site-packages/airflow/example_dags/example_sla_dag.py for tasks to queue
[2024-05-05 10:05:17,144] {logging_mixin.py:115} INFO - [2024-05-05 10:05:17,144] {dagbag.py:508} INFO - Filling up the DagBag from /opt/conda/lib/python3.8/site-packages/airflow/example_dags/example_sla_dag.py
[2024-05-05 10:05:17,163] {processor.py:651} INFO - DAG(s) dict_keys(['example_sla_dag']) retrieved from /opt/conda/lib/python3.8/site-packages/airflow/example_dags/example_sla_dag.py
[2024-05-05 10:05:17,178] {logging_mixin.py:115} INFO - [2024-05-05 10:05:17,178] {dag.py:2420} INFO - Sync 1 DAGs
[2024-05-05 10:05:17,203] {logging_mixin.py:115} INFO - [2024-05-05 10:05:17,203] {dag.py:2968} INFO - Setting next_dagrun for example_sla_dag to 2024-05-05T10:02:00+00:00, run_after=2024-05-05T10:04:00+00:00
[2024-05-05 10:05:17,223] {processor.py:161} INFO - Processing /opt/conda/lib/python3.8/site-packages/airflow/example_dags/example_sla_dag.py took 0.085 seconds
[2024-05-05 10:05:49,667] {processor.py:153} INFO - Started process (PID=2464) to work on /opt/conda/lib/python3.8/site-packages/airflow/example_dags/example_sla_dag.py
[2024-05-05 10:05:49,668] {processor.py:641} INFO - Processing file /opt/conda/lib/python3.8/site-packages/airflow/example_dags/example_sla_dag.py for tasks to queue
[2024-05-05 10:05:49,668] {logging_mixin.py:115} INFO - [2024-05-05 10:05:49,668] {dagbag.py:508} INFO - Filling up the DagBag from /opt/conda/lib/python3.8/site-packages/airflow/example_dags/example_sla_dag.py
[2024-05-05 10:05:49,687] {processor.py:651} INFO - DAG(s) dict_keys(['example_sla_dag']) retrieved from /opt/conda/lib/python3.8/site-packages/airflow/example_dags/example_sla_dag.py
[2024-05-05 10:05:49,702] {logging_mixin.py:115} INFO - [2024-05-05 10:05:49,702] {dag.py:2420} INFO - Sync 1 DAGs
[2024-05-05 10:05:49,728] {logging_mixin.py:115} INFO - [2024-05-05 10:05:49,728] {dag.py:2968} INFO - Setting next_dagrun for example_sla_dag to 2024-05-05T10:02:00+00:00, run_after=2024-05-05T10:04:00+00:00
[2024-05-05 10:05:49,749] {processor.py:161} INFO - Processing /opt/conda/lib/python3.8/site-packages/airflow/example_dags/example_sla_dag.py took 0.085 seconds
[2024-05-05 10:06:20,826] {processor.py:153} INFO - Started process (PID=2511) to work on /opt/conda/lib/python3.8/site-packages/airflow/example_dags/example_sla_dag.py
[2024-05-05 10:06:20,828] {processor.py:641} INFO - Processing file /opt/conda/lib/python3.8/site-packages/airflow/example_dags/example_sla_dag.py for tasks to queue
[2024-05-05 10:06:20,828] {logging_mixin.py:115} INFO - [2024-05-05 10:06:20,828] {dagbag.py:508} INFO - Filling up the DagBag from /opt/conda/lib/python3.8/site-packages/airflow/example_dags/example_sla_dag.py
[2024-05-05 10:06:20,846] {processor.py:651} INFO - DAG(s) dict_keys(['example_sla_dag']) retrieved from /opt/conda/lib/python3.8/site-packages/airflow/example_dags/example_sla_dag.py
[2024-05-05 10:06:20,858] {logging_mixin.py:115} INFO - [2024-05-05 10:06:20,858] {dag.py:2420} INFO - Sync 1 DAGs
[2024-05-05 10:06:20,878] {logging_mixin.py:115} INFO - [2024-05-05 10:06:20,877] {dag.py:2968} INFO - Setting next_dagrun for example_sla_dag to 2024-05-05T10:04:00+00:00, run_after=2024-05-05T10:06:00+00:00
[2024-05-05 10:06:20,896] {processor.py:161} INFO - Processing /opt/conda/lib/python3.8/site-packages/airflow/example_dags/example_sla_dag.py took 0.072 seconds
[2024-05-05 10:06:57,447] {processor.py:153} INFO - Started process (PID=2563) to work on /opt/conda/lib/python3.8/site-packages/airflow/example_dags/example_sla_dag.py
[2024-05-05 10:06:57,448] {processor.py:641} INFO - Processing file /opt/conda/lib/python3.8/site-packages/airflow/example_dags/example_sla_dag.py for tasks to queue
[2024-05-05 10:06:57,449] {logging_mixin.py:115} INFO - [2024-05-05 10:06:57,449] {dagbag.py:508} INFO - Filling up the DagBag from /opt/conda/lib/python3.8/site-packages/airflow/example_dags/example_sla_dag.py
[2024-05-05 10:06:57,466] {processor.py:651} INFO - DAG(s) dict_keys(['example_sla_dag']) retrieved from /opt/conda/lib/python3.8/site-packages/airflow/example_dags/example_sla_dag.py
[2024-05-05 10:06:57,479] {logging_mixin.py:115} INFO - [2024-05-05 10:06:57,479] {dag.py:2420} INFO - Sync 1 DAGs
[2024-05-05 10:06:57,498] {logging_mixin.py:115} INFO - [2024-05-05 10:06:57,498] {dag.py:2968} INFO - Setting next_dagrun for example_sla_dag to 2024-05-05T10:04:00+00:00, run_after=2024-05-05T10:06:00+00:00
[2024-05-05 10:06:57,516] {processor.py:161} INFO - Processing /opt/conda/lib/python3.8/site-packages/airflow/example_dags/example_sla_dag.py took 0.072 seconds
[2024-05-05 10:07:31,598] {processor.py:153} INFO - Started process (PID=2634) to work on /opt/conda/lib/python3.8/site-packages/airflow/example_dags/example_sla_dag.py
[2024-05-05 10:07:31,600] {processor.py:641} INFO - Processing file /opt/conda/lib/python3.8/site-packages/airflow/example_dags/example_sla_dag.py for tasks to queue
[2024-05-05 10:07:31,600] {logging_mixin.py:115} INFO - [2024-05-05 10:07:31,600] {dagbag.py:508} INFO - Filling up the DagBag from /opt/conda/lib/python3.8/site-packages/airflow/example_dags/example_sla_dag.py
[2024-05-05 10:07:31,619] {processor.py:651} INFO - DAG(s) dict_keys(['example_sla_dag']) retrieved from /opt/conda/lib/python3.8/site-packages/airflow/example_dags/example_sla_dag.py
[2024-05-05 10:07:31,634] {logging_mixin.py:115} INFO - [2024-05-05 10:07:31,634] {dag.py:2420} INFO - Sync 1 DAGs
[2024-05-05 10:07:31,660] {logging_mixin.py:115} INFO - [2024-05-05 10:07:31,660] {dag.py:2968} INFO - Setting next_dagrun for example_sla_dag to 2024-05-05T10:04:00+00:00, run_after=2024-05-05T10:06:00+00:00
[2024-05-05 10:07:31,680] {processor.py:161} INFO - Processing /opt/conda/lib/python3.8/site-packages/airflow/example_dags/example_sla_dag.py took 0.085 seconds
[2024-05-05 10:08:04,890] {processor.py:153} INFO - Started process (PID=2683) to work on /opt/conda/lib/python3.8/site-packages/airflow/example_dags/example_sla_dag.py
[2024-05-05 10:08:04,892] {processor.py:641} INFO - Processing file /opt/conda/lib/python3.8/site-packages/airflow/example_dags/example_sla_dag.py for tasks to queue
[2024-05-05 10:08:04,892] {logging_mixin.py:115} INFO - [2024-05-05 10:08:04,892] {dagbag.py:508} INFO - Filling up the DagBag from /opt/conda/lib/python3.8/site-packages/airflow/example_dags/example_sla_dag.py
[2024-05-05 10:08:04,911] {processor.py:651} INFO - DAG(s) dict_keys(['example_sla_dag']) retrieved from /opt/conda/lib/python3.8/site-packages/airflow/example_dags/example_sla_dag.py
[2024-05-05 10:08:04,926] {logging_mixin.py:115} INFO - [2024-05-05 10:08:04,926] {dag.py:2420} INFO - Sync 1 DAGs
[2024-05-05 10:08:04,947] {logging_mixin.py:115} INFO - [2024-05-05 10:08:04,947] {dag.py:2968} INFO - Setting next_dagrun for example_sla_dag to 2024-05-05T10:06:00+00:00, run_after=2024-05-05T10:08:00+00:00
[2024-05-05 10:08:04,967] {processor.py:161} INFO - Processing /opt/conda/lib/python3.8/site-packages/airflow/example_dags/example_sla_dag.py took 0.080 seconds
[2024-05-05 10:08:41,335] {processor.py:153} INFO - Started process (PID=2735) to work on /opt/conda/lib/python3.8/site-packages/airflow/example_dags/example_sla_dag.py
[2024-05-05 10:08:41,337] {processor.py:641} INFO - Processing file /opt/conda/lib/python3.8/site-packages/airflow/example_dags/example_sla_dag.py for tasks to queue
[2024-05-05 10:08:41,337] {logging_mixin.py:115} INFO - [2024-05-05 10:08:41,337] {dagbag.py:508} INFO - Filling up the DagBag from /opt/conda/lib/python3.8/site-packages/airflow/example_dags/example_sla_dag.py
[2024-05-05 10:08:41,357] {processor.py:651} INFO - DAG(s) dict_keys(['example_sla_dag']) retrieved from /opt/conda/lib/python3.8/site-packages/airflow/example_dags/example_sla_dag.py
[2024-05-05 10:08:41,372] {logging_mixin.py:115} INFO - [2024-05-05 10:08:41,372] {dag.py:2420} INFO - Sync 1 DAGs
[2024-05-05 10:08:41,393] {logging_mixin.py:115} INFO - [2024-05-05 10:08:41,393] {dag.py:2968} INFO - Setting next_dagrun for example_sla_dag to 2024-05-05T10:06:00+00:00, run_after=2024-05-05T10:08:00+00:00
[2024-05-05 10:08:41,806] {processor.py:161} INFO - Processing /opt/conda/lib/python3.8/site-packages/airflow/example_dags/example_sla_dag.py took 0.474 seconds
[2024-05-05 10:09:21,759] {processor.py:153} INFO - Started process (PID=2794) to work on /opt/conda/lib/python3.8/site-packages/airflow/example_dags/example_sla_dag.py
[2024-05-05 10:09:21,760] {processor.py:641} INFO - Processing file /opt/conda/lib/python3.8/site-packages/airflow/example_dags/example_sla_dag.py for tasks to queue
[2024-05-05 10:09:21,761] {logging_mixin.py:115} INFO - [2024-05-05 10:09:21,761] {dagbag.py:508} INFO - Filling up the DagBag from /opt/conda/lib/python3.8/site-packages/airflow/example_dags/example_sla_dag.py
[2024-05-05 10:09:21,778] {processor.py:651} INFO - DAG(s) dict_keys(['example_sla_dag']) retrieved from /opt/conda/lib/python3.8/site-packages/airflow/example_dags/example_sla_dag.py
[2024-05-05 10:09:21,791] {logging_mixin.py:115} INFO - [2024-05-05 10:09:21,791] {dag.py:2420} INFO - Sync 1 DAGs
[2024-05-05 10:09:21,807] {logging_mixin.py:115} INFO - [2024-05-05 10:09:21,807] {dag.py:2968} INFO - Setting next_dagrun for example_sla_dag to 2024-05-05T10:06:00+00:00, run_after=2024-05-05T10:08:00+00:00
[2024-05-05 10:09:21,825] {processor.py:161} INFO - Processing /opt/conda/lib/python3.8/site-packages/airflow/example_dags/example_sla_dag.py took 0.069 seconds
[2024-05-05 10:09:57,366] {processor.py:153} INFO - Started process (PID=2846) to work on /opt/conda/lib/python3.8/site-packages/airflow/example_dags/example_sla_dag.py
[2024-05-05 10:09:57,367] {processor.py:641} INFO - Processing file /opt/conda/lib/python3.8/site-packages/airflow/example_dags/example_sla_dag.py for tasks to queue
[2024-05-05 10:09:57,368] {logging_mixin.py:115} INFO - [2024-05-05 10:09:57,368] {dagbag.py:508} INFO - Filling up the DagBag from /opt/conda/lib/python3.8/site-packages/airflow/example_dags/example_sla_dag.py
[2024-05-05 10:09:57,386] {processor.py:651} INFO - DAG(s) dict_keys(['example_sla_dag']) retrieved from /opt/conda/lib/python3.8/site-packages/airflow/example_dags/example_sla_dag.py
[2024-05-05 10:09:57,398] {logging_mixin.py:115} INFO - [2024-05-05 10:09:57,398] {dag.py:2420} INFO - Sync 1 DAGs
[2024-05-05 10:09:57,414] {logging_mixin.py:115} INFO - [2024-05-05 10:09:57,414] {dag.py:2968} INFO - Setting next_dagrun for example_sla_dag to 2024-05-05T10:06:00+00:00, run_after=2024-05-05T10:08:00+00:00
[2024-05-05 10:09:57,432] {processor.py:161} INFO - Processing /opt/conda/lib/python3.8/site-packages/airflow/example_dags/example_sla_dag.py took 0.069 seconds
[2024-05-05 10:10:32,534] {processor.py:153} INFO - Started process (PID=2897) to work on /opt/conda/lib/python3.8/site-packages/airflow/example_dags/example_sla_dag.py
[2024-05-05 10:10:32,535] {processor.py:641} INFO - Processing file /opt/conda/lib/python3.8/site-packages/airflow/example_dags/example_sla_dag.py for tasks to queue
[2024-05-05 10:10:32,535] {logging_mixin.py:115} INFO - [2024-05-05 10:10:32,535] {dagbag.py:508} INFO - Filling up the DagBag from /opt/conda/lib/python3.8/site-packages/airflow/example_dags/example_sla_dag.py
[2024-05-05 10:10:32,553] {processor.py:651} INFO - DAG(s) dict_keys(['example_sla_dag']) retrieved from /opt/conda/lib/python3.8/site-packages/airflow/example_dags/example_sla_dag.py
[2024-05-05 10:10:32,566] {logging_mixin.py:115} INFO - [2024-05-05 10:10:32,566] {dag.py:2420} INFO - Sync 1 DAGs
[2024-05-05 10:10:32,582] {logging_mixin.py:115} INFO - [2024-05-05 10:10:32,582] {dag.py:2968} INFO - Setting next_dagrun for example_sla_dag to 2024-05-05T10:08:00+00:00, run_after=2024-05-05T10:10:00+00:00
[2024-05-05 10:10:32,601] {processor.py:161} INFO - Processing /opt/conda/lib/python3.8/site-packages/airflow/example_dags/example_sla_dag.py took 0.071 seconds
[2024-05-05 10:11:07,442] {processor.py:153} INFO - Started process (PID=2949) to work on /opt/conda/lib/python3.8/site-packages/airflow/example_dags/example_sla_dag.py
[2024-05-05 10:11:07,443] {processor.py:641} INFO - Processing file /opt/conda/lib/python3.8/site-packages/airflow/example_dags/example_sla_dag.py for tasks to queue
[2024-05-05 10:11:07,444] {logging_mixin.py:115} INFO - [2024-05-05 10:11:07,444] {dagbag.py:508} INFO - Filling up the DagBag from /opt/conda/lib/python3.8/site-packages/airflow/example_dags/example_sla_dag.py
[2024-05-05 10:11:07,461] {processor.py:651} INFO - DAG(s) dict_keys(['example_sla_dag']) retrieved from /opt/conda/lib/python3.8/site-packages/airflow/example_dags/example_sla_dag.py
[2024-05-05 10:11:07,474] {logging_mixin.py:115} INFO - [2024-05-05 10:11:07,474] {dag.py:2420} INFO - Sync 1 DAGs
[2024-05-05 10:11:07,490] {logging_mixin.py:115} INFO - [2024-05-05 10:11:07,490] {dag.py:2968} INFO - Setting next_dagrun for example_sla_dag to 2024-05-05T10:08:00+00:00, run_after=2024-05-05T10:10:00+00:00
[2024-05-05 10:11:07,510] {processor.py:161} INFO - Processing /opt/conda/lib/python3.8/site-packages/airflow/example_dags/example_sla_dag.py took 0.071 seconds
[2024-05-05 10:11:41,262] {processor.py:153} INFO - Started process (PID=2998) to work on /opt/conda/lib/python3.8/site-packages/airflow/example_dags/example_sla_dag.py
[2024-05-05 10:11:41,262] {processor.py:641} INFO - Processing file /opt/conda/lib/python3.8/site-packages/airflow/example_dags/example_sla_dag.py for tasks to queue
[2024-05-05 10:11:41,263] {logging_mixin.py:115} INFO - [2024-05-05 10:11:41,263] {dagbag.py:508} INFO - Filling up the DagBag from /opt/conda/lib/python3.8/site-packages/airflow/example_dags/example_sla_dag.py
[2024-05-05 10:11:41,282] {processor.py:651} INFO - DAG(s) dict_keys(['example_sla_dag']) retrieved from /opt/conda/lib/python3.8/site-packages/airflow/example_dags/example_sla_dag.py
[2024-05-05 10:11:41,297] {logging_mixin.py:115} INFO - [2024-05-05 10:11:41,297] {dag.py:2420} INFO - Sync 1 DAGs
[2024-05-05 10:11:41,314] {logging_mixin.py:115} INFO - [2024-05-05 10:11:41,314] {dag.py:2968} INFO - Setting next_dagrun for example_sla_dag to 2024-05-05T10:08:00+00:00, run_after=2024-05-05T10:10:00+00:00
[2024-05-05 10:11:41,332] {processor.py:161} INFO - Processing /opt/conda/lib/python3.8/site-packages/airflow/example_dags/example_sla_dag.py took 0.073 seconds
[2024-05-05 10:12:19,891] {processor.py:153} INFO - Started process (PID=3051) to work on /opt/conda/lib/python3.8/site-packages/airflow/example_dags/example_sla_dag.py
[2024-05-05 10:12:19,893] {processor.py:641} INFO - Processing file /opt/conda/lib/python3.8/site-packages/airflow/example_dags/example_sla_dag.py for tasks to queue
[2024-05-05 10:12:19,893] {logging_mixin.py:115} INFO - [2024-05-05 10:12:19,893] {dagbag.py:508} INFO - Filling up the DagBag from /opt/conda/lib/python3.8/site-packages/airflow/example_dags/example_sla_dag.py
[2024-05-05 10:12:19,913] {processor.py:651} INFO - DAG(s) dict_keys(['example_sla_dag']) retrieved from /opt/conda/lib/python3.8/site-packages/airflow/example_dags/example_sla_dag.py
[2024-05-05 10:12:19,928] {logging_mixin.py:115} INFO - [2024-05-05 10:12:19,928] {dag.py:2420} INFO - Sync 1 DAGs
[2024-05-05 10:12:19,950] {logging_mixin.py:115} INFO - [2024-05-05 10:12:19,950] {dag.py:2968} INFO - Setting next_dagrun for example_sla_dag to 2024-05-05T10:10:00+00:00, run_after=2024-05-05T10:12:00+00:00
[2024-05-05 10:12:19,970] {processor.py:161} INFO - Processing /opt/conda/lib/python3.8/site-packages/airflow/example_dags/example_sla_dag.py took 0.082 seconds
[2024-05-05 10:12:52,510] {processor.py:153} INFO - Started process (PID=3100) to work on /opt/conda/lib/python3.8/site-packages/airflow/example_dags/example_sla_dag.py
[2024-05-05 10:12:52,510] {processor.py:641} INFO - Processing file /opt/conda/lib/python3.8/site-packages/airflow/example_dags/example_sla_dag.py for tasks to queue
[2024-05-05 10:12:52,510] {logging_mixin.py:115} INFO - [2024-05-05 10:12:52,510] {dagbag.py:508} INFO - Filling up the DagBag from /opt/conda/lib/python3.8/site-packages/airflow/example_dags/example_sla_dag.py
[2024-05-05 10:12:52,527] {processor.py:651} INFO - DAG(s) dict_keys(['example_sla_dag']) retrieved from /opt/conda/lib/python3.8/site-packages/airflow/example_dags/example_sla_dag.py
[2024-05-05 10:12:52,539] {logging_mixin.py:115} INFO - [2024-05-05 10:12:52,539] {dag.py:2420} INFO - Sync 1 DAGs
[2024-05-05 10:12:52,556] {logging_mixin.py:115} INFO - [2024-05-05 10:12:52,555] {dag.py:2968} INFO - Setting next_dagrun for example_sla_dag to 2024-05-05T10:10:00+00:00, run_after=2024-05-05T10:12:00+00:00
[2024-05-05 10:12:52,575] {processor.py:161} INFO - Processing /opt/conda/lib/python3.8/site-packages/airflow/example_dags/example_sla_dag.py took 0.068 seconds
[2024-05-05 10:13:31,787] {processor.py:153} INFO - Started process (PID=3154) to work on /opt/conda/lib/python3.8/site-packages/airflow/example_dags/example_sla_dag.py
[2024-05-05 10:13:31,788] {processor.py:641} INFO - Processing file /opt/conda/lib/python3.8/site-packages/airflow/example_dags/example_sla_dag.py for tasks to queue
[2024-05-05 10:13:31,789] {logging_mixin.py:115} INFO - [2024-05-05 10:13:31,789] {dagbag.py:508} INFO - Filling up the DagBag from /opt/conda/lib/python3.8/site-packages/airflow/example_dags/example_sla_dag.py
[2024-05-05 10:13:31,806] {processor.py:651} INFO - DAG(s) dict_keys(['example_sla_dag']) retrieved from /opt/conda/lib/python3.8/site-packages/airflow/example_dags/example_sla_dag.py
[2024-05-05 10:13:31,819] {logging_mixin.py:115} INFO - [2024-05-05 10:13:31,819] {dag.py:2420} INFO - Sync 1 DAGs
[2024-05-05 10:13:31,835] {logging_mixin.py:115} INFO - [2024-05-05 10:13:31,835] {dag.py:2968} INFO - Setting next_dagrun for example_sla_dag to 2024-05-05T10:10:00+00:00, run_after=2024-05-05T10:12:00+00:00
[2024-05-05 10:13:31,852] {processor.py:161} INFO - Processing /opt/conda/lib/python3.8/site-packages/airflow/example_dags/example_sla_dag.py took 0.069 seconds
[2024-05-05 10:14:09,447] {processor.py:153} INFO - Started process (PID=3205) to work on /opt/conda/lib/python3.8/site-packages/airflow/example_dags/example_sla_dag.py
[2024-05-05 10:14:09,448] {processor.py:641} INFO - Processing file /opt/conda/lib/python3.8/site-packages/airflow/example_dags/example_sla_dag.py for tasks to queue
[2024-05-05 10:14:09,449] {logging_mixin.py:115} INFO - [2024-05-05 10:14:09,449] {dagbag.py:508} INFO - Filling up the DagBag from /opt/conda/lib/python3.8/site-packages/airflow/example_dags/example_sla_dag.py
[2024-05-05 10:14:09,469] {processor.py:651} INFO - DAG(s) dict_keys(['example_sla_dag']) retrieved from /opt/conda/lib/python3.8/site-packages/airflow/example_dags/example_sla_dag.py
[2024-05-05 10:14:09,484] {logging_mixin.py:115} INFO - [2024-05-05 10:14:09,484] {dag.py:2420} INFO - Sync 1 DAGs
[2024-05-05 10:14:09,504] {logging_mixin.py:115} INFO - [2024-05-05 10:14:09,504] {dag.py:2968} INFO - Setting next_dagrun for example_sla_dag to 2024-05-05T10:12:00+00:00, run_after=2024-05-05T10:14:00+00:00
[2024-05-05 10:14:09,526] {processor.py:161} INFO - Processing /opt/conda/lib/python3.8/site-packages/airflow/example_dags/example_sla_dag.py took 0.083 seconds
[2024-05-05 10:14:43,870] {processor.py:153} INFO - Started process (PID=3254) to work on /opt/conda/lib/python3.8/site-packages/airflow/example_dags/example_sla_dag.py
[2024-05-05 10:14:43,871] {processor.py:641} INFO - Processing file /opt/conda/lib/python3.8/site-packages/airflow/example_dags/example_sla_dag.py for tasks to queue
[2024-05-05 10:14:43,872] {logging_mixin.py:115} INFO - [2024-05-05 10:14:43,871] {dagbag.py:508} INFO - Filling up the DagBag from /opt/conda/lib/python3.8/site-packages/airflow/example_dags/example_sla_dag.py
[2024-05-05 10:14:43,891] {processor.py:651} INFO - DAG(s) dict_keys(['example_sla_dag']) retrieved from /opt/conda/lib/python3.8/site-packages/airflow/example_dags/example_sla_dag.py
[2024-05-05 10:14:43,906] {logging_mixin.py:115} INFO - [2024-05-05 10:14:43,906] {dag.py:2420} INFO - Sync 1 DAGs
[2024-05-05 10:14:43,928] {logging_mixin.py:115} INFO - [2024-05-05 10:14:43,928] {dag.py:2968} INFO - Setting next_dagrun for example_sla_dag to 2024-05-05T10:12:00+00:00, run_after=2024-05-05T10:14:00+00:00
[2024-05-05 10:14:43,951] {processor.py:161} INFO - Processing /opt/conda/lib/python3.8/site-packages/airflow/example_dags/example_sla_dag.py took 0.084 seconds
[2024-05-05 10:15:23,746] {processor.py:153} INFO - Started process (PID=3316) to work on /opt/conda/lib/python3.8/site-packages/airflow/example_dags/example_sla_dag.py
[2024-05-05 10:15:23,747] {processor.py:641} INFO - Processing file /opt/conda/lib/python3.8/site-packages/airflow/example_dags/example_sla_dag.py for tasks to queue
[2024-05-05 10:15:23,748] {logging_mixin.py:115} INFO - [2024-05-05 10:15:23,748] {dagbag.py:508} INFO - Filling up the DagBag from /opt/conda/lib/python3.8/site-packages/airflow/example_dags/example_sla_dag.py
[2024-05-05 10:15:23,767] {processor.py:651} INFO - DAG(s) dict_keys(['example_sla_dag']) retrieved from /opt/conda/lib/python3.8/site-packages/airflow/example_dags/example_sla_dag.py
[2024-05-05 10:15:23,782] {logging_mixin.py:115} INFO - [2024-05-05 10:15:23,782] {dag.py:2420} INFO - Sync 1 DAGs
[2024-05-05 10:15:23,803] {logging_mixin.py:115} INFO - [2024-05-05 10:15:23,803] {dag.py:2968} INFO - Setting next_dagrun for example_sla_dag to 2024-05-05T10:12:00+00:00, run_after=2024-05-05T10:14:00+00:00
[2024-05-05 10:15:23,823] {processor.py:161} INFO - Processing /opt/conda/lib/python3.8/site-packages/airflow/example_dags/example_sla_dag.py took 0.081 seconds
[2024-05-05 10:16:01,590] {processor.py:153} INFO - Started process (PID=3377) to work on /opt/conda/lib/python3.8/site-packages/airflow/example_dags/example_sla_dag.py
[2024-05-05 10:16:01,591] {processor.py:641} INFO - Processing file /opt/conda/lib/python3.8/site-packages/airflow/example_dags/example_sla_dag.py for tasks to queue
[2024-05-05 10:16:01,592] {logging_mixin.py:115} INFO - [2024-05-05 10:16:01,592] {dagbag.py:508} INFO - Filling up the DagBag from /opt/conda/lib/python3.8/site-packages/airflow/example_dags/example_sla_dag.py
[2024-05-05 10:16:01,611] {processor.py:651} INFO - DAG(s) dict_keys(['example_sla_dag']) retrieved from /opt/conda/lib/python3.8/site-packages/airflow/example_dags/example_sla_dag.py
[2024-05-05 10:16:01,626] {logging_mixin.py:115} INFO - [2024-05-05 10:16:01,626] {dag.py:2420} INFO - Sync 1 DAGs
[2024-05-05 10:16:01,644] {logging_mixin.py:115} INFO - [2024-05-05 10:16:01,644] {dag.py:2968} INFO - Setting next_dagrun for example_sla_dag to 2024-05-05T10:14:00+00:00, run_after=2024-05-05T10:16:00+00:00
[2024-05-05 10:16:01,663] {processor.py:161} INFO - Processing /opt/conda/lib/python3.8/site-packages/airflow/example_dags/example_sla_dag.py took 0.077 seconds
[2024-05-05 10:16:37,158] {processor.py:153} INFO - Started process (PID=3429) to work on /opt/conda/lib/python3.8/site-packages/airflow/example_dags/example_sla_dag.py
[2024-05-05 10:16:37,160] {processor.py:641} INFO - Processing file /opt/conda/lib/python3.8/site-packages/airflow/example_dags/example_sla_dag.py for tasks to queue
[2024-05-05 10:16:37,160] {logging_mixin.py:115} INFO - [2024-05-05 10:16:37,160] {dagbag.py:508} INFO - Filling up the DagBag from /opt/conda/lib/python3.8/site-packages/airflow/example_dags/example_sla_dag.py
[2024-05-05 10:16:37,177] {processor.py:651} INFO - DAG(s) dict_keys(['example_sla_dag']) retrieved from /opt/conda/lib/python3.8/site-packages/airflow/example_dags/example_sla_dag.py
[2024-05-05 10:16:37,190] {logging_mixin.py:115} INFO - [2024-05-05 10:16:37,190] {dag.py:2420} INFO - Sync 1 DAGs
[2024-05-05 10:16:37,206] {logging_mixin.py:115} INFO - [2024-05-05 10:16:37,206] {dag.py:2968} INFO - Setting next_dagrun for example_sla_dag to 2024-05-05T10:14:00+00:00, run_after=2024-05-05T10:16:00+00:00
[2024-05-05 10:16:37,224] {processor.py:161} INFO - Processing /opt/conda/lib/python3.8/site-packages/airflow/example_dags/example_sla_dag.py took 0.069 seconds
[2024-05-05 10:17:13,734] {processor.py:153} INFO - Started process (PID=3481) to work on /opt/conda/lib/python3.8/site-packages/airflow/example_dags/example_sla_dag.py
[2024-05-05 10:17:13,736] {processor.py:641} INFO - Processing file /opt/conda/lib/python3.8/site-packages/airflow/example_dags/example_sla_dag.py for tasks to queue
[2024-05-05 10:17:13,736] {logging_mixin.py:115} INFO - [2024-05-05 10:17:13,736] {dagbag.py:508} INFO - Filling up the DagBag from /opt/conda/lib/python3.8/site-packages/airflow/example_dags/example_sla_dag.py
[2024-05-05 10:17:13,753] {processor.py:651} INFO - DAG(s) dict_keys(['example_sla_dag']) retrieved from /opt/conda/lib/python3.8/site-packages/airflow/example_dags/example_sla_dag.py
[2024-05-05 10:17:13,766] {logging_mixin.py:115} INFO - [2024-05-05 10:17:13,766] {dag.py:2420} INFO - Sync 1 DAGs
[2024-05-05 10:17:13,781] {logging_mixin.py:115} INFO - [2024-05-05 10:17:13,781] {dag.py:2968} INFO - Setting next_dagrun for example_sla_dag to 2024-05-05T10:14:00+00:00, run_after=2024-05-05T10:16:00+00:00
[2024-05-05 10:17:13,799] {processor.py:161} INFO - Processing /opt/conda/lib/python3.8/site-packages/airflow/example_dags/example_sla_dag.py took 0.068 seconds
[2024-05-05 10:17:54,658] {processor.py:153} INFO - Started process (PID=3536) to work on /opt/conda/lib/python3.8/site-packages/airflow/example_dags/example_sla_dag.py
[2024-05-05 10:17:54,660] {processor.py:641} INFO - Processing file /opt/conda/lib/python3.8/site-packages/airflow/example_dags/example_sla_dag.py for tasks to queue
[2024-05-05 10:17:54,660] {logging_mixin.py:115} INFO - [2024-05-05 10:17:54,660] {dagbag.py:508} INFO - Filling up the DagBag from /opt/conda/lib/python3.8/site-packages/airflow/example_dags/example_sla_dag.py
[2024-05-05 10:17:54,678] {processor.py:651} INFO - DAG(s) dict_keys(['example_sla_dag']) retrieved from /opt/conda/lib/python3.8/site-packages/airflow/example_dags/example_sla_dag.py
[2024-05-05 10:17:54,690] {logging_mixin.py:115} INFO - [2024-05-05 10:17:54,690] {dag.py:2420} INFO - Sync 1 DAGs
[2024-05-05 10:17:54,706] {logging_mixin.py:115} INFO - [2024-05-05 10:17:54,706] {dag.py:2968} INFO - Setting next_dagrun for example_sla_dag to 2024-05-05T10:14:00+00:00, run_after=2024-05-05T10:16:00+00:00
[2024-05-05 10:17:54,724] {processor.py:161} INFO - Processing /opt/conda/lib/python3.8/site-packages/airflow/example_dags/example_sla_dag.py took 0.069 seconds
[2024-05-05 10:18:33,054] {processor.py:153} INFO - Started process (PID=3592) to work on /opt/conda/lib/python3.8/site-packages/airflow/example_dags/example_sla_dag.py
[2024-05-05 10:18:33,055] {processor.py:641} INFO - Processing file /opt/conda/lib/python3.8/site-packages/airflow/example_dags/example_sla_dag.py for tasks to queue
[2024-05-05 10:18:33,055] {logging_mixin.py:115} INFO - [2024-05-05 10:18:33,055] {dagbag.py:508} INFO - Filling up the DagBag from /opt/conda/lib/python3.8/site-packages/airflow/example_dags/example_sla_dag.py
[2024-05-05 10:18:33,073] {processor.py:651} INFO - DAG(s) dict_keys(['example_sla_dag']) retrieved from /opt/conda/lib/python3.8/site-packages/airflow/example_dags/example_sla_dag.py
[2024-05-05 10:18:33,086] {logging_mixin.py:115} INFO - [2024-05-05 10:18:33,086] {dag.py:2420} INFO - Sync 1 DAGs
[2024-05-05 10:18:33,102] {logging_mixin.py:115} INFO - [2024-05-05 10:18:33,101] {dag.py:2968} INFO - Setting next_dagrun for example_sla_dag to 2024-05-05T10:16:00+00:00, run_after=2024-05-05T10:18:00+00:00
[2024-05-05 10:18:33,120] {processor.py:161} INFO - Processing /opt/conda/lib/python3.8/site-packages/airflow/example_dags/example_sla_dag.py took 0.069 seconds
