[2024-05-05 09:48:49,494] {processor.py:153} INFO - Started process (PID=945) to work on /opt/conda/lib/python3.8/site-packages/airflow/example_dags/tutorial.py
[2024-05-05 09:48:49,495] {processor.py:641} INFO - Processing file /opt/conda/lib/python3.8/site-packages/airflow/example_dags/tutorial.py for tasks to queue
[2024-05-05 09:48:49,495] {logging_mixin.py:115} INFO - [2024-05-05 09:48:49,495] {dagbag.py:508} INFO - Filling up the DagBag from /opt/conda/lib/python3.8/site-packages/airflow/example_dags/tutorial.py
[2024-05-05 09:48:49,501] {processor.py:651} INFO - DAG(s) dict_keys(['tutorial']) retrieved from /opt/conda/lib/python3.8/site-packages/airflow/example_dags/tutorial.py
[2024-05-05 09:48:49,711] {logging_mixin.py:115} INFO - [2024-05-05 09:48:49,711] {manager.py:508} INFO - Created Permission View: can read on DAG:tutorial
[2024-05-05 09:48:49,730] {logging_mixin.py:115} INFO - [2024-05-05 09:48:49,730] {manager.py:508} INFO - Created Permission View: can edit on DAG:tutorial
[2024-05-05 09:48:49,751] {logging_mixin.py:115} INFO - [2024-05-05 09:48:49,751] {manager.py:508} INFO - Created Permission View: can delete on DAG:tutorial
[2024-05-05 09:48:49,751] {logging_mixin.py:115} INFO - [2024-05-05 09:48:49,751] {dag.py:2420} INFO - Sync 1 DAGs
[2024-05-05 09:48:49,757] {logging_mixin.py:115} INFO - [2024-05-05 09:48:49,757] {dag.py:2439} INFO - Creating ORM DAG for tutorial
[2024-05-05 09:48:49,765] {logging_mixin.py:115} INFO - [2024-05-05 09:48:49,764] {dag.py:2968} INFO - Setting next_dagrun for tutorial to 2024-05-04T09:48:49.764792+00:00, run_after=2024-05-05T09:48:49.764792+00:00
[2024-05-05 09:48:49,793] {processor.py:161} INFO - Processing /opt/conda/lib/python3.8/site-packages/airflow/example_dags/tutorial.py took 0.301 seconds
[2024-05-05 09:49:38,522] {processor.py:153} INFO - Started process (PID=1015) to work on /opt/conda/lib/python3.8/site-packages/airflow/example_dags/tutorial.py
[2024-05-05 09:49:38,523] {processor.py:641} INFO - Processing file /opt/conda/lib/python3.8/site-packages/airflow/example_dags/tutorial.py for tasks to queue
[2024-05-05 09:49:38,524] {logging_mixin.py:115} INFO - [2024-05-05 09:49:38,524] {dagbag.py:508} INFO - Filling up the DagBag from /opt/conda/lib/python3.8/site-packages/airflow/example_dags/tutorial.py
[2024-05-05 09:49:38,530] {processor.py:651} INFO - DAG(s) dict_keys(['tutorial']) retrieved from /opt/conda/lib/python3.8/site-packages/airflow/example_dags/tutorial.py
[2024-05-05 09:49:38,548] {logging_mixin.py:115} INFO - [2024-05-05 09:49:38,548] {dag.py:2420} INFO - Sync 1 DAGs
[2024-05-05 09:49:38,683] {logging_mixin.py:115} INFO - [2024-05-05 09:49:38,683] {dag.py:2968} INFO - Setting next_dagrun for tutorial to 2024-05-04T09:49:38.683073+00:00, run_after=2024-05-05T09:49:38.683073+00:00
[2024-05-05 09:49:38,706] {processor.py:161} INFO - Processing /opt/conda/lib/python3.8/site-packages/airflow/example_dags/tutorial.py took 0.187 seconds
[2024-05-05 09:50:20,106] {processor.py:153} INFO - Started process (PID=1067) to work on /opt/conda/lib/python3.8/site-packages/airflow/example_dags/tutorial.py
[2024-05-05 09:50:20,107] {processor.py:641} INFO - Processing file /opt/conda/lib/python3.8/site-packages/airflow/example_dags/tutorial.py for tasks to queue
[2024-05-05 09:50:20,107] {logging_mixin.py:115} INFO - [2024-05-05 09:50:20,107] {dagbag.py:508} INFO - Filling up the DagBag from /opt/conda/lib/python3.8/site-packages/airflow/example_dags/tutorial.py
[2024-05-05 09:50:20,113] {processor.py:651} INFO - DAG(s) dict_keys(['tutorial']) retrieved from /opt/conda/lib/python3.8/site-packages/airflow/example_dags/tutorial.py
[2024-05-05 09:50:20,129] {logging_mixin.py:115} INFO - [2024-05-05 09:50:20,129] {dag.py:2420} INFO - Sync 1 DAGs
[2024-05-05 09:50:20,252] {logging_mixin.py:115} INFO - [2024-05-05 09:50:20,251] {dag.py:2968} INFO - Setting next_dagrun for tutorial to 2024-05-04T09:50:20.251732+00:00, run_after=2024-05-05T09:50:20.251732+00:00
[2024-05-05 09:50:20,285] {processor.py:161} INFO - Processing /opt/conda/lib/python3.8/site-packages/airflow/example_dags/tutorial.py took 0.182 seconds
[2024-05-05 09:52:29,530] {processor.py:153} INFO - Started process (PID=1354) to work on /opt/conda/lib/python3.8/site-packages/airflow/example_dags/tutorial.py
[2024-05-05 09:52:29,531] {processor.py:641} INFO - Processing file /opt/conda/lib/python3.8/site-packages/airflow/example_dags/tutorial.py for tasks to queue
[2024-05-05 09:52:29,532] {logging_mixin.py:115} INFO - [2024-05-05 09:52:29,532] {dagbag.py:508} INFO - Filling up the DagBag from /opt/conda/lib/python3.8/site-packages/airflow/example_dags/tutorial.py
[2024-05-05 09:52:29,537] {processor.py:651} INFO - DAG(s) dict_keys(['tutorial']) retrieved from /opt/conda/lib/python3.8/site-packages/airflow/example_dags/tutorial.py
[2024-05-05 09:52:29,553] {logging_mixin.py:115} INFO - [2024-05-05 09:52:29,553] {dag.py:2420} INFO - Sync 1 DAGs
[2024-05-05 09:52:29,674] {logging_mixin.py:115} INFO - [2024-05-05 09:52:29,674] {dag.py:2968} INFO - Setting next_dagrun for tutorial to 2024-05-04T09:52:29.674032+00:00, run_after=2024-05-05T09:52:29.674032+00:00
[2024-05-05 09:52:29,753] {processor.py:161} INFO - Processing /opt/conda/lib/python3.8/site-packages/airflow/example_dags/tutorial.py took 0.226 seconds
[2024-05-05 09:53:16,767] {processor.py:153} INFO - Started process (PID=1415) to work on /opt/conda/lib/python3.8/site-packages/airflow/example_dags/tutorial.py
[2024-05-05 09:53:16,769] {processor.py:641} INFO - Processing file /opt/conda/lib/python3.8/site-packages/airflow/example_dags/tutorial.py for tasks to queue
[2024-05-05 09:53:16,769] {logging_mixin.py:115} INFO - [2024-05-05 09:53:16,769] {dagbag.py:508} INFO - Filling up the DagBag from /opt/conda/lib/python3.8/site-packages/airflow/example_dags/tutorial.py
[2024-05-05 09:53:16,775] {processor.py:651} INFO - DAG(s) dict_keys(['tutorial']) retrieved from /opt/conda/lib/python3.8/site-packages/airflow/example_dags/tutorial.py
[2024-05-05 09:53:16,925] {logging_mixin.py:115} INFO - [2024-05-05 09:53:16,925] {dag.py:2420} INFO - Sync 1 DAGs
[2024-05-05 09:53:16,936] {logging_mixin.py:115} INFO - [2024-05-05 09:53:16,936] {dag.py:2968} INFO - Setting next_dagrun for tutorial to 2024-05-04T09:53:16.936641+00:00, run_after=2024-05-05T09:53:16.936641+00:00
[2024-05-05 09:53:16,955] {processor.py:161} INFO - Processing /opt/conda/lib/python3.8/site-packages/airflow/example_dags/tutorial.py took 0.191 seconds
[2024-05-05 09:54:01,546] {processor.py:153} INFO - Started process (PID=1467) to work on /opt/conda/lib/python3.8/site-packages/airflow/example_dags/tutorial.py
[2024-05-05 09:54:01,548] {processor.py:641} INFO - Processing file /opt/conda/lib/python3.8/site-packages/airflow/example_dags/tutorial.py for tasks to queue
[2024-05-05 09:54:01,548] {logging_mixin.py:115} INFO - [2024-05-05 09:54:01,548] {dagbag.py:508} INFO - Filling up the DagBag from /opt/conda/lib/python3.8/site-packages/airflow/example_dags/tutorial.py
[2024-05-05 09:54:01,554] {processor.py:651} INFO - DAG(s) dict_keys(['tutorial']) retrieved from /opt/conda/lib/python3.8/site-packages/airflow/example_dags/tutorial.py
[2024-05-05 09:54:01,676] {logging_mixin.py:115} INFO - [2024-05-05 09:54:01,676] {dag.py:2420} INFO - Sync 1 DAGs
[2024-05-05 09:54:01,688] {logging_mixin.py:115} INFO - [2024-05-05 09:54:01,688] {dag.py:2968} INFO - Setting next_dagrun for tutorial to 2024-05-04T09:54:01.687916+00:00, run_after=2024-05-05T09:54:01.687916+00:00
[2024-05-05 09:54:01,707] {processor.py:161} INFO - Processing /opt/conda/lib/python3.8/site-packages/airflow/example_dags/tutorial.py took 0.164 seconds
[2024-05-05 09:54:42,198] {processor.py:153} INFO - Started process (PID=1519) to work on /opt/conda/lib/python3.8/site-packages/airflow/example_dags/tutorial.py
[2024-05-05 09:54:42,199] {processor.py:641} INFO - Processing file /opt/conda/lib/python3.8/site-packages/airflow/example_dags/tutorial.py for tasks to queue
[2024-05-05 09:54:42,199] {logging_mixin.py:115} INFO - [2024-05-05 09:54:42,199] {dagbag.py:508} INFO - Filling up the DagBag from /opt/conda/lib/python3.8/site-packages/airflow/example_dags/tutorial.py
[2024-05-05 09:54:42,205] {processor.py:651} INFO - DAG(s) dict_keys(['tutorial']) retrieved from /opt/conda/lib/python3.8/site-packages/airflow/example_dags/tutorial.py
[2024-05-05 09:54:42,326] {logging_mixin.py:115} INFO - [2024-05-05 09:54:42,326] {dag.py:2420} INFO - Sync 1 DAGs
[2024-05-05 09:54:42,338] {logging_mixin.py:115} INFO - [2024-05-05 09:54:42,338] {dag.py:2968} INFO - Setting next_dagrun for tutorial to 2024-05-04T09:54:42.337933+00:00, run_after=2024-05-05T09:54:42.337933+00:00
[2024-05-05 09:54:42,356] {processor.py:161} INFO - Processing /opt/conda/lib/python3.8/site-packages/airflow/example_dags/tutorial.py took 0.161 seconds
[2024-05-05 09:55:32,591] {processor.py:153} INFO - Started process (PID=1585) to work on /opt/conda/lib/python3.8/site-packages/airflow/example_dags/tutorial.py
[2024-05-05 09:55:32,592] {processor.py:641} INFO - Processing file /opt/conda/lib/python3.8/site-packages/airflow/example_dags/tutorial.py for tasks to queue
[2024-05-05 09:55:32,593] {logging_mixin.py:115} INFO - [2024-05-05 09:55:32,593] {dagbag.py:508} INFO - Filling up the DagBag from /opt/conda/lib/python3.8/site-packages/airflow/example_dags/tutorial.py
[2024-05-05 09:55:32,598] {processor.py:651} INFO - DAG(s) dict_keys(['tutorial']) retrieved from /opt/conda/lib/python3.8/site-packages/airflow/example_dags/tutorial.py
[2024-05-05 09:55:32,723] {logging_mixin.py:115} INFO - [2024-05-05 09:55:32,723] {dag.py:2420} INFO - Sync 1 DAGs
[2024-05-05 09:55:32,734] {logging_mixin.py:115} INFO - [2024-05-05 09:55:32,734] {dag.py:2968} INFO - Setting next_dagrun for tutorial to 2024-05-04T09:55:32.734507+00:00, run_after=2024-05-05T09:55:32.734507+00:00
[2024-05-05 09:55:32,754] {processor.py:161} INFO - Processing /opt/conda/lib/python3.8/site-packages/airflow/example_dags/tutorial.py took 0.166 seconds
[2024-05-05 09:56:21,690] {processor.py:153} INFO - Started process (PID=1643) to work on /opt/conda/lib/python3.8/site-packages/airflow/example_dags/tutorial.py
[2024-05-05 09:56:21,692] {processor.py:641} INFO - Processing file /opt/conda/lib/python3.8/site-packages/airflow/example_dags/tutorial.py for tasks to queue
[2024-05-05 09:56:21,692] {logging_mixin.py:115} INFO - [2024-05-05 09:56:21,692] {dagbag.py:508} INFO - Filling up the DagBag from /opt/conda/lib/python3.8/site-packages/airflow/example_dags/tutorial.py
[2024-05-05 09:56:21,698] {processor.py:651} INFO - DAG(s) dict_keys(['tutorial']) retrieved from /opt/conda/lib/python3.8/site-packages/airflow/example_dags/tutorial.py
[2024-05-05 09:56:21,818] {logging_mixin.py:115} INFO - [2024-05-05 09:56:21,818] {dag.py:2420} INFO - Sync 1 DAGs
[2024-05-05 09:56:21,829] {logging_mixin.py:115} INFO - [2024-05-05 09:56:21,829] {dag.py:2968} INFO - Setting next_dagrun for tutorial to 2024-05-04T09:56:21.829296+00:00, run_after=2024-05-05T09:56:21.829296+00:00
[2024-05-05 09:56:21,847] {processor.py:161} INFO - Processing /opt/conda/lib/python3.8/site-packages/airflow/example_dags/tutorial.py took 0.160 seconds
[2024-05-05 09:57:07,738] {processor.py:153} INFO - Started process (PID=1707) to work on /opt/conda/lib/python3.8/site-packages/airflow/example_dags/tutorial.py
[2024-05-05 09:57:07,740] {processor.py:641} INFO - Processing file /opt/conda/lib/python3.8/site-packages/airflow/example_dags/tutorial.py for tasks to queue
[2024-05-05 09:57:07,740] {logging_mixin.py:115} INFO - [2024-05-05 09:57:07,740] {dagbag.py:508} INFO - Filling up the DagBag from /opt/conda/lib/python3.8/site-packages/airflow/example_dags/tutorial.py
[2024-05-05 09:57:07,746] {processor.py:651} INFO - DAG(s) dict_keys(['tutorial']) retrieved from /opt/conda/lib/python3.8/site-packages/airflow/example_dags/tutorial.py
[2024-05-05 09:57:07,869] {logging_mixin.py:115} INFO - [2024-05-05 09:57:07,869] {dag.py:2420} INFO - Sync 1 DAGs
[2024-05-05 09:57:07,881] {logging_mixin.py:115} INFO - [2024-05-05 09:57:07,881] {dag.py:2968} INFO - Setting next_dagrun for tutorial to 2024-05-04T09:57:07.881193+00:00, run_after=2024-05-05T09:57:07.881193+00:00
[2024-05-05 09:57:07,899] {processor.py:161} INFO - Processing /opt/conda/lib/python3.8/site-packages/airflow/example_dags/tutorial.py took 0.164 seconds
[2024-05-05 09:57:55,010] {processor.py:153} INFO - Started process (PID=1771) to work on /opt/conda/lib/python3.8/site-packages/airflow/example_dags/tutorial.py
[2024-05-05 09:57:55,011] {processor.py:641} INFO - Processing file /opt/conda/lib/python3.8/site-packages/airflow/example_dags/tutorial.py for tasks to queue
[2024-05-05 09:57:55,012] {logging_mixin.py:115} INFO - [2024-05-05 09:57:55,012] {dagbag.py:508} INFO - Filling up the DagBag from /opt/conda/lib/python3.8/site-packages/airflow/example_dags/tutorial.py
[2024-05-05 09:57:55,017] {processor.py:651} INFO - DAG(s) dict_keys(['tutorial']) retrieved from /opt/conda/lib/python3.8/site-packages/airflow/example_dags/tutorial.py
[2024-05-05 09:57:55,144] {logging_mixin.py:115} INFO - [2024-05-05 09:57:55,144] {dag.py:2420} INFO - Sync 1 DAGs
[2024-05-05 09:57:55,155] {logging_mixin.py:115} INFO - [2024-05-05 09:57:55,155] {dag.py:2968} INFO - Setting next_dagrun for tutorial to 2024-05-04T09:57:55.155709+00:00, run_after=2024-05-05T09:57:55.155709+00:00
[2024-05-05 09:57:55,176] {processor.py:161} INFO - Processing /opt/conda/lib/python3.8/site-packages/airflow/example_dags/tutorial.py took 0.169 seconds
[2024-05-05 09:58:34,218] {processor.py:153} INFO - Started process (PID=1823) to work on /opt/conda/lib/python3.8/site-packages/airflow/example_dags/tutorial.py
[2024-05-05 09:58:34,219] {processor.py:641} INFO - Processing file /opt/conda/lib/python3.8/site-packages/airflow/example_dags/tutorial.py for tasks to queue
[2024-05-05 09:58:34,220] {logging_mixin.py:115} INFO - [2024-05-05 09:58:34,220] {dagbag.py:508} INFO - Filling up the DagBag from /opt/conda/lib/python3.8/site-packages/airflow/example_dags/tutorial.py
[2024-05-05 09:58:34,226] {processor.py:651} INFO - DAG(s) dict_keys(['tutorial']) retrieved from /opt/conda/lib/python3.8/site-packages/airflow/example_dags/tutorial.py
[2024-05-05 09:58:34,241] {logging_mixin.py:115} INFO - [2024-05-05 09:58:34,241] {dag.py:2420} INFO - Sync 1 DAGs
[2024-05-05 09:58:34,259] {logging_mixin.py:115} INFO - [2024-05-05 09:58:34,259] {dag.py:2968} INFO - Setting next_dagrun for tutorial to 2024-05-04T09:58:34.258799+00:00, run_after=2024-05-05T09:58:34.258799+00:00
[2024-05-05 09:58:34,280] {processor.py:161} INFO - Processing /opt/conda/lib/python3.8/site-packages/airflow/example_dags/tutorial.py took 0.065 seconds
[2024-05-05 09:59:12,142] {processor.py:153} INFO - Started process (PID=1875) to work on /opt/conda/lib/python3.8/site-packages/airflow/example_dags/tutorial.py
[2024-05-05 09:59:12,143] {processor.py:641} INFO - Processing file /opt/conda/lib/python3.8/site-packages/airflow/example_dags/tutorial.py for tasks to queue
[2024-05-05 09:59:12,144] {logging_mixin.py:115} INFO - [2024-05-05 09:59:12,143] {dagbag.py:508} INFO - Filling up the DagBag from /opt/conda/lib/python3.8/site-packages/airflow/example_dags/tutorial.py
[2024-05-05 09:59:12,149] {processor.py:651} INFO - DAG(s) dict_keys(['tutorial']) retrieved from /opt/conda/lib/python3.8/site-packages/airflow/example_dags/tutorial.py
[2024-05-05 09:59:12,164] {logging_mixin.py:115} INFO - [2024-05-05 09:59:12,164] {dag.py:2420} INFO - Sync 1 DAGs
[2024-05-05 09:59:12,178] {logging_mixin.py:115} INFO - [2024-05-05 09:59:12,178] {dag.py:2968} INFO - Setting next_dagrun for tutorial to 2024-05-04T09:59:12.178133+00:00, run_after=2024-05-05T09:59:12.178133+00:00
[2024-05-05 09:59:12,198] {processor.py:161} INFO - Processing /opt/conda/lib/python3.8/site-packages/airflow/example_dags/tutorial.py took 0.059 seconds
[2024-05-05 09:59:49,527] {processor.py:153} INFO - Started process (PID=1927) to work on /opt/conda/lib/python3.8/site-packages/airflow/example_dags/tutorial.py
[2024-05-05 09:59:49,528] {processor.py:641} INFO - Processing file /opt/conda/lib/python3.8/site-packages/airflow/example_dags/tutorial.py for tasks to queue
[2024-05-05 09:59:49,528] {logging_mixin.py:115} INFO - [2024-05-05 09:59:49,528] {dagbag.py:508} INFO - Filling up the DagBag from /opt/conda/lib/python3.8/site-packages/airflow/example_dags/tutorial.py
[2024-05-05 09:59:49,534] {processor.py:651} INFO - DAG(s) dict_keys(['tutorial']) retrieved from /opt/conda/lib/python3.8/site-packages/airflow/example_dags/tutorial.py
[2024-05-05 09:59:49,549] {logging_mixin.py:115} INFO - [2024-05-05 09:59:49,548] {dag.py:2420} INFO - Sync 1 DAGs
[2024-05-05 09:59:49,563] {logging_mixin.py:115} INFO - [2024-05-05 09:59:49,563] {dag.py:2968} INFO - Setting next_dagrun for tutorial to 2024-05-04T09:59:49.562939+00:00, run_after=2024-05-05T09:59:49.562939+00:00
[2024-05-05 09:59:49,583] {processor.py:161} INFO - Processing /opt/conda/lib/python3.8/site-packages/airflow/example_dags/tutorial.py took 0.059 seconds
[2024-05-05 10:00:28,470] {processor.py:153} INFO - Started process (PID=1981) to work on /opt/conda/lib/python3.8/site-packages/airflow/example_dags/tutorial.py
[2024-05-05 10:00:28,472] {processor.py:641} INFO - Processing file /opt/conda/lib/python3.8/site-packages/airflow/example_dags/tutorial.py for tasks to queue
[2024-05-05 10:00:28,473] {logging_mixin.py:115} INFO - [2024-05-05 10:00:28,472] {dagbag.py:508} INFO - Filling up the DagBag from /opt/conda/lib/python3.8/site-packages/airflow/example_dags/tutorial.py
[2024-05-05 10:00:28,479] {processor.py:651} INFO - DAG(s) dict_keys(['tutorial']) retrieved from /opt/conda/lib/python3.8/site-packages/airflow/example_dags/tutorial.py
[2024-05-05 10:00:28,494] {logging_mixin.py:115} INFO - [2024-05-05 10:00:28,494] {dag.py:2420} INFO - Sync 1 DAGs
[2024-05-05 10:00:28,512] {logging_mixin.py:115} INFO - [2024-05-05 10:00:28,512] {dag.py:2968} INFO - Setting next_dagrun for tutorial to 2024-05-04T10:00:28.512244+00:00, run_after=2024-05-05T10:00:28.512244+00:00
[2024-05-05 10:00:28,537] {processor.py:161} INFO - Processing /opt/conda/lib/python3.8/site-packages/airflow/example_dags/tutorial.py took 0.069 seconds
[2024-05-05 10:01:06,507] {processor.py:153} INFO - Started process (PID=2043) to work on /opt/conda/lib/python3.8/site-packages/airflow/example_dags/tutorial.py
[2024-05-05 10:01:06,509] {processor.py:641} INFO - Processing file /opt/conda/lib/python3.8/site-packages/airflow/example_dags/tutorial.py for tasks to queue
[2024-05-05 10:01:06,509] {logging_mixin.py:115} INFO - [2024-05-05 10:01:06,509] {dagbag.py:508} INFO - Filling up the DagBag from /opt/conda/lib/python3.8/site-packages/airflow/example_dags/tutorial.py
[2024-05-05 10:01:06,515] {processor.py:651} INFO - DAG(s) dict_keys(['tutorial']) retrieved from /opt/conda/lib/python3.8/site-packages/airflow/example_dags/tutorial.py
[2024-05-05 10:01:06,531] {logging_mixin.py:115} INFO - [2024-05-05 10:01:06,531] {dag.py:2420} INFO - Sync 1 DAGs
[2024-05-05 10:01:06,549] {logging_mixin.py:115} INFO - [2024-05-05 10:01:06,549] {dag.py:2968} INFO - Setting next_dagrun for tutorial to 2024-05-04T10:01:06.549315+00:00, run_after=2024-05-05T10:01:06.549315+00:00
[2024-05-05 10:01:06,571] {processor.py:161} INFO - Processing /opt/conda/lib/python3.8/site-packages/airflow/example_dags/tutorial.py took 0.067 seconds
[2024-05-05 10:01:44,231] {processor.py:153} INFO - Started process (PID=2097) to work on /opt/conda/lib/python3.8/site-packages/airflow/example_dags/tutorial.py
[2024-05-05 10:01:44,235] {processor.py:641} INFO - Processing file /opt/conda/lib/python3.8/site-packages/airflow/example_dags/tutorial.py for tasks to queue
[2024-05-05 10:01:44,235] {logging_mixin.py:115} INFO - [2024-05-05 10:01:44,235] {dagbag.py:508} INFO - Filling up the DagBag from /opt/conda/lib/python3.8/site-packages/airflow/example_dags/tutorial.py
[2024-05-05 10:01:44,241] {processor.py:651} INFO - DAG(s) dict_keys(['tutorial']) retrieved from /opt/conda/lib/python3.8/site-packages/airflow/example_dags/tutorial.py
[2024-05-05 10:01:44,257] {logging_mixin.py:115} INFO - [2024-05-05 10:01:44,257] {dag.py:2420} INFO - Sync 1 DAGs
[2024-05-05 10:01:44,275] {logging_mixin.py:115} INFO - [2024-05-05 10:01:44,275] {dag.py:2968} INFO - Setting next_dagrun for tutorial to 2024-05-04T10:01:44.274798+00:00, run_after=2024-05-05T10:01:44.274798+00:00
[2024-05-05 10:01:44,296] {processor.py:161} INFO - Processing /opt/conda/lib/python3.8/site-packages/airflow/example_dags/tutorial.py took 0.068 seconds
[2024-05-05 10:02:22,610] {processor.py:153} INFO - Started process (PID=2152) to work on /opt/conda/lib/python3.8/site-packages/airflow/example_dags/tutorial.py
[2024-05-05 10:02:22,612] {processor.py:641} INFO - Processing file /opt/conda/lib/python3.8/site-packages/airflow/example_dags/tutorial.py for tasks to queue
[2024-05-05 10:02:22,612] {logging_mixin.py:115} INFO - [2024-05-05 10:02:22,612] {dagbag.py:508} INFO - Filling up the DagBag from /opt/conda/lib/python3.8/site-packages/airflow/example_dags/tutorial.py
[2024-05-05 10:02:22,618] {processor.py:651} INFO - DAG(s) dict_keys(['tutorial']) retrieved from /opt/conda/lib/python3.8/site-packages/airflow/example_dags/tutorial.py
[2024-05-05 10:02:22,634] {logging_mixin.py:115} INFO - [2024-05-05 10:02:22,634] {dag.py:2420} INFO - Sync 1 DAGs
[2024-05-05 10:02:22,652] {logging_mixin.py:115} INFO - [2024-05-05 10:02:22,652] {dag.py:2968} INFO - Setting next_dagrun for tutorial to 2024-05-04T10:02:22.652381+00:00, run_after=2024-05-05T10:02:22.652381+00:00
[2024-05-05 10:02:22,674] {processor.py:161} INFO - Processing /opt/conda/lib/python3.8/site-packages/airflow/example_dags/tutorial.py took 0.067 seconds
[2024-05-05 10:02:56,479] {processor.py:153} INFO - Started process (PID=2203) to work on /opt/conda/lib/python3.8/site-packages/airflow/example_dags/tutorial.py
[2024-05-05 10:02:56,481] {processor.py:641} INFO - Processing file /opt/conda/lib/python3.8/site-packages/airflow/example_dags/tutorial.py for tasks to queue
[2024-05-05 10:02:56,481] {logging_mixin.py:115} INFO - [2024-05-05 10:02:56,481] {dagbag.py:508} INFO - Filling up the DagBag from /opt/conda/lib/python3.8/site-packages/airflow/example_dags/tutorial.py
[2024-05-05 10:02:56,488] {processor.py:651} INFO - DAG(s) dict_keys(['tutorial']) retrieved from /opt/conda/lib/python3.8/site-packages/airflow/example_dags/tutorial.py
[2024-05-05 10:02:56,504] {logging_mixin.py:115} INFO - [2024-05-05 10:02:56,504] {dag.py:2420} INFO - Sync 1 DAGs
[2024-05-05 10:02:56,522] {logging_mixin.py:115} INFO - [2024-05-05 10:02:56,522] {dag.py:2968} INFO - Setting next_dagrun for tutorial to 2024-05-04T10:02:56.522373+00:00, run_after=2024-05-05T10:02:56.522373+00:00
[2024-05-05 10:02:56,543] {processor.py:161} INFO - Processing /opt/conda/lib/python3.8/site-packages/airflow/example_dags/tutorial.py took 0.067 seconds
[2024-05-05 10:03:31,734] {processor.py:153} INFO - Started process (PID=2254) to work on /opt/conda/lib/python3.8/site-packages/airflow/example_dags/tutorial.py
[2024-05-05 10:03:31,735] {processor.py:641} INFO - Processing file /opt/conda/lib/python3.8/site-packages/airflow/example_dags/tutorial.py for tasks to queue
[2024-05-05 10:03:31,735] {logging_mixin.py:115} INFO - [2024-05-05 10:03:31,735] {dagbag.py:508} INFO - Filling up the DagBag from /opt/conda/lib/python3.8/site-packages/airflow/example_dags/tutorial.py
[2024-05-05 10:03:31,741] {processor.py:651} INFO - DAG(s) dict_keys(['tutorial']) retrieved from /opt/conda/lib/python3.8/site-packages/airflow/example_dags/tutorial.py
[2024-05-05 10:03:31,757] {logging_mixin.py:115} INFO - [2024-05-05 10:03:31,757] {dag.py:2420} INFO - Sync 1 DAGs
[2024-05-05 10:03:31,775] {logging_mixin.py:115} INFO - [2024-05-05 10:03:31,775] {dag.py:2968} INFO - Setting next_dagrun for tutorial to 2024-05-04T10:03:31.775027+00:00, run_after=2024-05-05T10:03:31.775027+00:00
[2024-05-05 10:03:31,797] {processor.py:161} INFO - Processing /opt/conda/lib/python3.8/site-packages/airflow/example_dags/tutorial.py took 0.066 seconds
[2024-05-05 10:04:07,835] {processor.py:153} INFO - Started process (PID=2306) to work on /opt/conda/lib/python3.8/site-packages/airflow/example_dags/tutorial.py
[2024-05-05 10:04:07,836] {processor.py:641} INFO - Processing file /opt/conda/lib/python3.8/site-packages/airflow/example_dags/tutorial.py for tasks to queue
[2024-05-05 10:04:07,836] {logging_mixin.py:115} INFO - [2024-05-05 10:04:07,836] {dagbag.py:508} INFO - Filling up the DagBag from /opt/conda/lib/python3.8/site-packages/airflow/example_dags/tutorial.py
[2024-05-05 10:04:07,842] {processor.py:651} INFO - DAG(s) dict_keys(['tutorial']) retrieved from /opt/conda/lib/python3.8/site-packages/airflow/example_dags/tutorial.py
[2024-05-05 10:04:07,856] {logging_mixin.py:115} INFO - [2024-05-05 10:04:07,856] {dag.py:2420} INFO - Sync 1 DAGs
[2024-05-05 10:04:07,871] {logging_mixin.py:115} INFO - [2024-05-05 10:04:07,871] {dag.py:2968} INFO - Setting next_dagrun for tutorial to 2024-05-04T10:04:07.870780+00:00, run_after=2024-05-05T10:04:07.870780+00:00
[2024-05-05 10:04:07,890] {processor.py:161} INFO - Processing /opt/conda/lib/python3.8/site-packages/airflow/example_dags/tutorial.py took 0.059 seconds
[2024-05-05 10:04:42,655] {processor.py:153} INFO - Started process (PID=2358) to work on /opt/conda/lib/python3.8/site-packages/airflow/example_dags/tutorial.py
[2024-05-05 10:04:42,656] {processor.py:641} INFO - Processing file /opt/conda/lib/python3.8/site-packages/airflow/example_dags/tutorial.py for tasks to queue
[2024-05-05 10:04:42,657] {logging_mixin.py:115} INFO - [2024-05-05 10:04:42,657] {dagbag.py:508} INFO - Filling up the DagBag from /opt/conda/lib/python3.8/site-packages/airflow/example_dags/tutorial.py
[2024-05-05 10:04:42,662] {processor.py:651} INFO - DAG(s) dict_keys(['tutorial']) retrieved from /opt/conda/lib/python3.8/site-packages/airflow/example_dags/tutorial.py
[2024-05-05 10:04:42,678] {logging_mixin.py:115} INFO - [2024-05-05 10:04:42,678] {dag.py:2420} INFO - Sync 1 DAGs
[2024-05-05 10:04:42,696] {logging_mixin.py:115} INFO - [2024-05-05 10:04:42,696] {dag.py:2968} INFO - Setting next_dagrun for tutorial to 2024-05-04T10:04:42.696418+00:00, run_after=2024-05-05T10:04:42.696418+00:00
[2024-05-05 10:04:42,717] {processor.py:161} INFO - Processing /opt/conda/lib/python3.8/site-packages/airflow/example_dags/tutorial.py took 0.066 seconds
[2024-05-05 10:05:20,175] {processor.py:153} INFO - Started process (PID=2419) to work on /opt/conda/lib/python3.8/site-packages/airflow/example_dags/tutorial.py
[2024-05-05 10:05:20,176] {processor.py:641} INFO - Processing file /opt/conda/lib/python3.8/site-packages/airflow/example_dags/tutorial.py for tasks to queue
[2024-05-05 10:05:20,177] {logging_mixin.py:115} INFO - [2024-05-05 10:05:20,177] {dagbag.py:508} INFO - Filling up the DagBag from /opt/conda/lib/python3.8/site-packages/airflow/example_dags/tutorial.py
[2024-05-05 10:05:20,182] {processor.py:651} INFO - DAG(s) dict_keys(['tutorial']) retrieved from /opt/conda/lib/python3.8/site-packages/airflow/example_dags/tutorial.py
[2024-05-05 10:05:20,199] {logging_mixin.py:115} INFO - [2024-05-05 10:05:20,198] {dag.py:2420} INFO - Sync 1 DAGs
[2024-05-05 10:05:20,213] {logging_mixin.py:115} INFO - [2024-05-05 10:05:20,213] {dag.py:2968} INFO - Setting next_dagrun for tutorial to 2024-05-04T10:05:20.212965+00:00, run_after=2024-05-05T10:05:20.212965+00:00
[2024-05-05 10:05:20,232] {processor.py:161} INFO - Processing /opt/conda/lib/python3.8/site-packages/airflow/example_dags/tutorial.py took 0.060 seconds
[2024-05-05 10:05:59,431] {processor.py:153} INFO - Started process (PID=2474) to work on /opt/conda/lib/python3.8/site-packages/airflow/example_dags/tutorial.py
[2024-05-05 10:05:59,432] {processor.py:641} INFO - Processing file /opt/conda/lib/python3.8/site-packages/airflow/example_dags/tutorial.py for tasks to queue
[2024-05-05 10:05:59,433] {logging_mixin.py:115} INFO - [2024-05-05 10:05:59,433] {dagbag.py:508} INFO - Filling up the DagBag from /opt/conda/lib/python3.8/site-packages/airflow/example_dags/tutorial.py
[2024-05-05 10:05:59,438] {processor.py:651} INFO - DAG(s) dict_keys(['tutorial']) retrieved from /opt/conda/lib/python3.8/site-packages/airflow/example_dags/tutorial.py
[2024-05-05 10:05:59,452] {logging_mixin.py:115} INFO - [2024-05-05 10:05:59,452] {dag.py:2420} INFO - Sync 1 DAGs
[2024-05-05 10:05:59,466] {logging_mixin.py:115} INFO - [2024-05-05 10:05:59,466] {dag.py:2968} INFO - Setting next_dagrun for tutorial to 2024-05-04T10:05:59.466653+00:00, run_after=2024-05-05T10:05:59.466653+00:00
[2024-05-05 10:05:59,485] {processor.py:161} INFO - Processing /opt/conda/lib/python3.8/site-packages/airflow/example_dags/tutorial.py took 0.057 seconds
[2024-05-05 10:06:40,550] {processor.py:153} INFO - Started process (PID=2538) to work on /opt/conda/lib/python3.8/site-packages/airflow/example_dags/tutorial.py
[2024-05-05 10:06:40,552] {processor.py:641} INFO - Processing file /opt/conda/lib/python3.8/site-packages/airflow/example_dags/tutorial.py for tasks to queue
[2024-05-05 10:06:40,552] {logging_mixin.py:115} INFO - [2024-05-05 10:06:40,552] {dagbag.py:508} INFO - Filling up the DagBag from /opt/conda/lib/python3.8/site-packages/airflow/example_dags/tutorial.py
[2024-05-05 10:06:40,558] {processor.py:651} INFO - DAG(s) dict_keys(['tutorial']) retrieved from /opt/conda/lib/python3.8/site-packages/airflow/example_dags/tutorial.py
[2024-05-05 10:06:40,574] {logging_mixin.py:115} INFO - [2024-05-05 10:06:40,574] {dag.py:2420} INFO - Sync 1 DAGs
[2024-05-05 10:06:40,592] {logging_mixin.py:115} INFO - [2024-05-05 10:06:40,592] {dag.py:2968} INFO - Setting next_dagrun for tutorial to 2024-05-04T10:06:40.592246+00:00, run_after=2024-05-05T10:06:40.592246+00:00
[2024-05-05 10:06:40,613] {processor.py:161} INFO - Processing /opt/conda/lib/python3.8/site-packages/airflow/example_dags/tutorial.py took 0.066 seconds
[2024-05-05 10:07:18,439] {processor.py:153} INFO - Started process (PID=2612) to work on /opt/conda/lib/python3.8/site-packages/airflow/example_dags/tutorial.py
[2024-05-05 10:07:18,440] {processor.py:641} INFO - Processing file /opt/conda/lib/python3.8/site-packages/airflow/example_dags/tutorial.py for tasks to queue
[2024-05-05 10:07:18,440] {logging_mixin.py:115} INFO - [2024-05-05 10:07:18,440] {dagbag.py:508} INFO - Filling up the DagBag from /opt/conda/lib/python3.8/site-packages/airflow/example_dags/tutorial.py
[2024-05-05 10:07:18,446] {processor.py:651} INFO - DAG(s) dict_keys(['tutorial']) retrieved from /opt/conda/lib/python3.8/site-packages/airflow/example_dags/tutorial.py
[2024-05-05 10:07:18,462] {logging_mixin.py:115} INFO - [2024-05-05 10:07:18,462] {dag.py:2420} INFO - Sync 1 DAGs
[2024-05-05 10:07:18,480] {logging_mixin.py:115} INFO - [2024-05-05 10:07:18,480] {dag.py:2968} INFO - Setting next_dagrun for tutorial to 2024-05-04T10:07:18.480318+00:00, run_after=2024-05-05T10:07:18.480318+00:00
[2024-05-05 10:07:18,501] {processor.py:161} INFO - Processing /opt/conda/lib/python3.8/site-packages/airflow/example_dags/tutorial.py took 0.065 seconds
[2024-05-05 10:07:54,190] {processor.py:153} INFO - Started process (PID=2664) to work on /opt/conda/lib/python3.8/site-packages/airflow/example_dags/tutorial.py
[2024-05-05 10:07:54,191] {processor.py:641} INFO - Processing file /opt/conda/lib/python3.8/site-packages/airflow/example_dags/tutorial.py for tasks to queue
[2024-05-05 10:07:54,192] {logging_mixin.py:115} INFO - [2024-05-05 10:07:54,192] {dagbag.py:508} INFO - Filling up the DagBag from /opt/conda/lib/python3.8/site-packages/airflow/example_dags/tutorial.py
[2024-05-05 10:07:54,197] {processor.py:651} INFO - DAG(s) dict_keys(['tutorial']) retrieved from /opt/conda/lib/python3.8/site-packages/airflow/example_dags/tutorial.py
[2024-05-05 10:07:54,214] {logging_mixin.py:115} INFO - [2024-05-05 10:07:54,213] {dag.py:2420} INFO - Sync 1 DAGs
[2024-05-05 10:07:54,232] {logging_mixin.py:115} INFO - [2024-05-05 10:07:54,231] {dag.py:2968} INFO - Setting next_dagrun for tutorial to 2024-05-04T10:07:54.231635+00:00, run_after=2024-05-05T10:07:54.231635+00:00
[2024-05-05 10:07:54,252] {processor.py:161} INFO - Processing /opt/conda/lib/python3.8/site-packages/airflow/example_dags/tutorial.py took 0.066 seconds
[2024-05-05 10:08:29,538] {processor.py:153} INFO - Started process (PID=2716) to work on /opt/conda/lib/python3.8/site-packages/airflow/example_dags/tutorial.py
[2024-05-05 10:08:29,539] {processor.py:641} INFO - Processing file /opt/conda/lib/python3.8/site-packages/airflow/example_dags/tutorial.py for tasks to queue
[2024-05-05 10:08:29,540] {logging_mixin.py:115} INFO - [2024-05-05 10:08:29,539] {dagbag.py:508} INFO - Filling up the DagBag from /opt/conda/lib/python3.8/site-packages/airflow/example_dags/tutorial.py
[2024-05-05 10:08:29,545] {processor.py:651} INFO - DAG(s) dict_keys(['tutorial']) retrieved from /opt/conda/lib/python3.8/site-packages/airflow/example_dags/tutorial.py
[2024-05-05 10:08:29,561] {logging_mixin.py:115} INFO - [2024-05-05 10:08:29,561] {dag.py:2420} INFO - Sync 1 DAGs
[2024-05-05 10:08:29,579] {logging_mixin.py:115} INFO - [2024-05-05 10:08:29,579] {dag.py:2968} INFO - Setting next_dagrun for tutorial to 2024-05-04T10:08:29.579319+00:00, run_after=2024-05-05T10:08:29.579319+00:00
[2024-05-05 10:08:29,600] {processor.py:161} INFO - Processing /opt/conda/lib/python3.8/site-packages/airflow/example_dags/tutorial.py took 0.066 seconds
[2024-05-05 10:09:13,350] {processor.py:153} INFO - Started process (PID=2779) to work on /opt/conda/lib/python3.8/site-packages/airflow/example_dags/tutorial.py
[2024-05-05 10:09:13,352] {processor.py:641} INFO - Processing file /opt/conda/lib/python3.8/site-packages/airflow/example_dags/tutorial.py for tasks to queue
[2024-05-05 10:09:13,352] {logging_mixin.py:115} INFO - [2024-05-05 10:09:13,352] {dagbag.py:508} INFO - Filling up the DagBag from /opt/conda/lib/python3.8/site-packages/airflow/example_dags/tutorial.py
[2024-05-05 10:09:13,358] {processor.py:651} INFO - DAG(s) dict_keys(['tutorial']) retrieved from /opt/conda/lib/python3.8/site-packages/airflow/example_dags/tutorial.py
[2024-05-05 10:09:13,374] {logging_mixin.py:115} INFO - [2024-05-05 10:09:13,374] {dag.py:2420} INFO - Sync 1 DAGs
[2024-05-05 10:09:13,392] {logging_mixin.py:115} INFO - [2024-05-05 10:09:13,392] {dag.py:2968} INFO - Setting next_dagrun for tutorial to 2024-05-04T10:09:13.391886+00:00, run_after=2024-05-05T10:09:13.391886+00:00
[2024-05-05 10:09:13,414] {processor.py:161} INFO - Processing /opt/conda/lib/python3.8/site-packages/airflow/example_dags/tutorial.py took 0.066 seconds
[2024-05-05 10:09:51,629] {processor.py:153} INFO - Started process (PID=2840) to work on /opt/conda/lib/python3.8/site-packages/airflow/example_dags/tutorial.py
[2024-05-05 10:09:51,630] {processor.py:641} INFO - Processing file /opt/conda/lib/python3.8/site-packages/airflow/example_dags/tutorial.py for tasks to queue
[2024-05-05 10:09:51,631] {logging_mixin.py:115} INFO - [2024-05-05 10:09:51,631] {dagbag.py:508} INFO - Filling up the DagBag from /opt/conda/lib/python3.8/site-packages/airflow/example_dags/tutorial.py
[2024-05-05 10:09:51,636] {processor.py:651} INFO - DAG(s) dict_keys(['tutorial']) retrieved from /opt/conda/lib/python3.8/site-packages/airflow/example_dags/tutorial.py
[2024-05-05 10:09:51,651] {logging_mixin.py:115} INFO - [2024-05-05 10:09:51,651] {dag.py:2420} INFO - Sync 1 DAGs
[2024-05-05 10:09:51,665] {logging_mixin.py:115} INFO - [2024-05-05 10:09:51,665] {dag.py:2968} INFO - Setting next_dagrun for tutorial to 2024-05-04T10:09:51.665587+00:00, run_after=2024-05-05T10:09:51.665587+00:00
[2024-05-05 10:09:51,684] {processor.py:161} INFO - Processing /opt/conda/lib/python3.8/site-packages/airflow/example_dags/tutorial.py took 0.058 seconds
[2024-05-05 10:10:26,722] {processor.py:153} INFO - Started process (PID=2892) to work on /opt/conda/lib/python3.8/site-packages/airflow/example_dags/tutorial.py
[2024-05-05 10:10:26,724] {processor.py:641} INFO - Processing file /opt/conda/lib/python3.8/site-packages/airflow/example_dags/tutorial.py for tasks to queue
[2024-05-05 10:10:26,724] {logging_mixin.py:115} INFO - [2024-05-05 10:10:26,724] {dagbag.py:508} INFO - Filling up the DagBag from /opt/conda/lib/python3.8/site-packages/airflow/example_dags/tutorial.py
[2024-05-05 10:10:26,730] {processor.py:651} INFO - DAG(s) dict_keys(['tutorial']) retrieved from /opt/conda/lib/python3.8/site-packages/airflow/example_dags/tutorial.py
[2024-05-05 10:10:26,746] {logging_mixin.py:115} INFO - [2024-05-05 10:10:26,746] {dag.py:2420} INFO - Sync 1 DAGs
[2024-05-05 10:10:26,762] {logging_mixin.py:115} INFO - [2024-05-05 10:10:26,762] {dag.py:2968} INFO - Setting next_dagrun for tutorial to 2024-05-04T10:10:26.762464+00:00, run_after=2024-05-05T10:10:26.762464+00:00
[2024-05-05 10:10:26,781] {processor.py:161} INFO - Processing /opt/conda/lib/python3.8/site-packages/airflow/example_dags/tutorial.py took 0.062 seconds
[2024-05-05 10:11:03,421] {processor.py:153} INFO - Started process (PID=2944) to work on /opt/conda/lib/python3.8/site-packages/airflow/example_dags/tutorial.py
[2024-05-05 10:11:03,423] {processor.py:641} INFO - Processing file /opt/conda/lib/python3.8/site-packages/airflow/example_dags/tutorial.py for tasks to queue
[2024-05-05 10:11:03,423] {logging_mixin.py:115} INFO - [2024-05-05 10:11:03,423] {dagbag.py:508} INFO - Filling up the DagBag from /opt/conda/lib/python3.8/site-packages/airflow/example_dags/tutorial.py
[2024-05-05 10:11:03,428] {processor.py:651} INFO - DAG(s) dict_keys(['tutorial']) retrieved from /opt/conda/lib/python3.8/site-packages/airflow/example_dags/tutorial.py
[2024-05-05 10:11:03,443] {logging_mixin.py:115} INFO - [2024-05-05 10:11:03,443] {dag.py:2420} INFO - Sync 1 DAGs
[2024-05-05 10:11:03,457] {logging_mixin.py:115} INFO - [2024-05-05 10:11:03,457] {dag.py:2968} INFO - Setting next_dagrun for tutorial to 2024-05-04T10:11:03.457662+00:00, run_after=2024-05-05T10:11:03.457662+00:00
[2024-05-05 10:11:03,477] {processor.py:161} INFO - Processing /opt/conda/lib/python3.8/site-packages/airflow/example_dags/tutorial.py took 0.059 seconds
[2024-05-05 10:11:44,720] {processor.py:153} INFO - Started process (PID=3001) to work on /opt/conda/lib/python3.8/site-packages/airflow/example_dags/tutorial.py
[2024-05-05 10:11:44,722] {processor.py:641} INFO - Processing file /opt/conda/lib/python3.8/site-packages/airflow/example_dags/tutorial.py for tasks to queue
[2024-05-05 10:11:44,722] {logging_mixin.py:115} INFO - [2024-05-05 10:11:44,722] {dagbag.py:508} INFO - Filling up the DagBag from /opt/conda/lib/python3.8/site-packages/airflow/example_dags/tutorial.py
[2024-05-05 10:11:44,728] {processor.py:651} INFO - DAG(s) dict_keys(['tutorial']) retrieved from /opt/conda/lib/python3.8/site-packages/airflow/example_dags/tutorial.py
[2024-05-05 10:11:44,744] {logging_mixin.py:115} INFO - [2024-05-05 10:11:44,744] {dag.py:2420} INFO - Sync 1 DAGs
[2024-05-05 10:11:44,761] {logging_mixin.py:115} INFO - [2024-05-05 10:11:44,761] {dag.py:2968} INFO - Setting next_dagrun for tutorial to 2024-05-04T10:11:44.761454+00:00, run_after=2024-05-05T10:11:44.761454+00:00
[2024-05-05 10:11:44,784] {processor.py:161} INFO - Processing /opt/conda/lib/python3.8/site-packages/airflow/example_dags/tutorial.py took 0.067 seconds
[2024-05-05 10:12:22,726] {processor.py:153} INFO - Started process (PID=3054) to work on /opt/conda/lib/python3.8/site-packages/airflow/example_dags/tutorial.py
[2024-05-05 10:12:22,727] {processor.py:641} INFO - Processing file /opt/conda/lib/python3.8/site-packages/airflow/example_dags/tutorial.py for tasks to queue
[2024-05-05 10:12:22,727] {logging_mixin.py:115} INFO - [2024-05-05 10:12:22,727] {dagbag.py:508} INFO - Filling up the DagBag from /opt/conda/lib/python3.8/site-packages/airflow/example_dags/tutorial.py
[2024-05-05 10:12:22,733] {processor.py:651} INFO - DAG(s) dict_keys(['tutorial']) retrieved from /opt/conda/lib/python3.8/site-packages/airflow/example_dags/tutorial.py
[2024-05-05 10:12:22,748] {logging_mixin.py:115} INFO - [2024-05-05 10:12:22,747] {dag.py:2420} INFO - Sync 1 DAGs
[2024-05-05 10:12:22,762] {logging_mixin.py:115} INFO - [2024-05-05 10:12:22,762] {dag.py:2968} INFO - Setting next_dagrun for tutorial to 2024-05-04T10:12:22.762136+00:00, run_after=2024-05-05T10:12:22.762136+00:00
[2024-05-05 10:12:22,786] {processor.py:161} INFO - Processing /opt/conda/lib/python3.8/site-packages/airflow/example_dags/tutorial.py took 0.063 seconds
[2024-05-05 10:13:00,543] {processor.py:153} INFO - Started process (PID=3108) to work on /opt/conda/lib/python3.8/site-packages/airflow/example_dags/tutorial.py
[2024-05-05 10:13:00,544] {processor.py:641} INFO - Processing file /opt/conda/lib/python3.8/site-packages/airflow/example_dags/tutorial.py for tasks to queue
[2024-05-05 10:13:00,545] {logging_mixin.py:115} INFO - [2024-05-05 10:13:00,545] {dagbag.py:508} INFO - Filling up the DagBag from /opt/conda/lib/python3.8/site-packages/airflow/example_dags/tutorial.py
[2024-05-05 10:13:00,551] {processor.py:651} INFO - DAG(s) dict_keys(['tutorial']) retrieved from /opt/conda/lib/python3.8/site-packages/airflow/example_dags/tutorial.py
[2024-05-05 10:13:00,568] {logging_mixin.py:115} INFO - [2024-05-05 10:13:00,568] {dag.py:2420} INFO - Sync 1 DAGs
[2024-05-05 10:13:00,583] {logging_mixin.py:115} INFO - [2024-05-05 10:13:00,583] {dag.py:2968} INFO - Setting next_dagrun for tutorial to 2024-05-04T10:13:00.583682+00:00, run_after=2024-05-05T10:13:00.583682+00:00
[2024-05-05 10:13:00,675] {processor.py:161} INFO - Processing /opt/conda/lib/python3.8/site-packages/airflow/example_dags/tutorial.py took 0.136 seconds
[2024-05-05 10:13:39,050] {processor.py:153} INFO - Started process (PID=3169) to work on /opt/conda/lib/python3.8/site-packages/airflow/example_dags/tutorial.py
[2024-05-05 10:13:39,051] {processor.py:641} INFO - Processing file /opt/conda/lib/python3.8/site-packages/airflow/example_dags/tutorial.py for tasks to queue
[2024-05-05 10:13:39,052] {logging_mixin.py:115} INFO - [2024-05-05 10:13:39,051] {dagbag.py:508} INFO - Filling up the DagBag from /opt/conda/lib/python3.8/site-packages/airflow/example_dags/tutorial.py
[2024-05-05 10:13:39,057] {processor.py:651} INFO - DAG(s) dict_keys(['tutorial']) retrieved from /opt/conda/lib/python3.8/site-packages/airflow/example_dags/tutorial.py
[2024-05-05 10:13:39,073] {logging_mixin.py:115} INFO - [2024-05-05 10:13:39,073] {dag.py:2420} INFO - Sync 1 DAGs
[2024-05-05 10:13:39,091] {logging_mixin.py:115} INFO - [2024-05-05 10:13:39,091] {dag.py:2968} INFO - Setting next_dagrun for tutorial to 2024-05-04T10:13:39.091567+00:00, run_after=2024-05-05T10:13:39.091567+00:00
[2024-05-05 10:13:39,113] {processor.py:161} INFO - Processing /opt/conda/lib/python3.8/site-packages/airflow/example_dags/tutorial.py took 0.067 seconds
[2024-05-05 10:14:20,963] {processor.py:153} INFO - Started process (PID=3224) to work on /opt/conda/lib/python3.8/site-packages/airflow/example_dags/tutorial.py
[2024-05-05 10:14:20,964] {processor.py:641} INFO - Processing file /opt/conda/lib/python3.8/site-packages/airflow/example_dags/tutorial.py for tasks to queue
[2024-05-05 10:14:20,965] {logging_mixin.py:115} INFO - [2024-05-05 10:14:20,965] {dagbag.py:508} INFO - Filling up the DagBag from /opt/conda/lib/python3.8/site-packages/airflow/example_dags/tutorial.py
[2024-05-05 10:14:20,970] {processor.py:651} INFO - DAG(s) dict_keys(['tutorial']) retrieved from /opt/conda/lib/python3.8/site-packages/airflow/example_dags/tutorial.py
[2024-05-05 10:14:20,986] {logging_mixin.py:115} INFO - [2024-05-05 10:14:20,986] {dag.py:2420} INFO - Sync 1 DAGs
[2024-05-05 10:14:21,004] {logging_mixin.py:115} INFO - [2024-05-05 10:14:21,004] {dag.py:2968} INFO - Setting next_dagrun for tutorial to 2024-05-04T10:14:21.004415+00:00, run_after=2024-05-05T10:14:21.004415+00:00
[2024-05-05 10:14:21,025] {processor.py:161} INFO - Processing /opt/conda/lib/python3.8/site-packages/airflow/example_dags/tutorial.py took 0.065 seconds
[2024-05-05 10:15:00,111] {processor.py:153} INFO - Started process (PID=3285) to work on /opt/conda/lib/python3.8/site-packages/airflow/example_dags/tutorial.py
[2024-05-05 10:15:00,112] {processor.py:641} INFO - Processing file /opt/conda/lib/python3.8/site-packages/airflow/example_dags/tutorial.py for tasks to queue
[2024-05-05 10:15:00,113] {logging_mixin.py:115} INFO - [2024-05-05 10:15:00,113] {dagbag.py:508} INFO - Filling up the DagBag from /opt/conda/lib/python3.8/site-packages/airflow/example_dags/tutorial.py
[2024-05-05 10:15:00,118] {processor.py:651} INFO - DAG(s) dict_keys(['tutorial']) retrieved from /opt/conda/lib/python3.8/site-packages/airflow/example_dags/tutorial.py
[2024-05-05 10:15:00,133] {logging_mixin.py:115} INFO - [2024-05-05 10:15:00,133] {dag.py:2420} INFO - Sync 1 DAGs
[2024-05-05 10:15:00,147] {logging_mixin.py:115} INFO - [2024-05-05 10:15:00,147] {dag.py:2968} INFO - Setting next_dagrun for tutorial to 2024-05-04T10:15:00.147165+00:00, run_after=2024-05-05T10:15:00.147165+00:00
[2024-05-05 10:15:00,165] {processor.py:161} INFO - Processing /opt/conda/lib/python3.8/site-packages/airflow/example_dags/tutorial.py took 0.058 seconds
[2024-05-05 10:15:39,223] {processor.py:153} INFO - Started process (PID=3339) to work on /opt/conda/lib/python3.8/site-packages/airflow/example_dags/tutorial.py
[2024-05-05 10:15:39,224] {processor.py:641} INFO - Processing file /opt/conda/lib/python3.8/site-packages/airflow/example_dags/tutorial.py for tasks to queue
[2024-05-05 10:15:39,225] {logging_mixin.py:115} INFO - [2024-05-05 10:15:39,225] {dagbag.py:508} INFO - Filling up the DagBag from /opt/conda/lib/python3.8/site-packages/airflow/example_dags/tutorial.py
[2024-05-05 10:15:39,230] {processor.py:651} INFO - DAG(s) dict_keys(['tutorial']) retrieved from /opt/conda/lib/python3.8/site-packages/airflow/example_dags/tutorial.py
[2024-05-05 10:15:39,245] {logging_mixin.py:115} INFO - [2024-05-05 10:15:39,245] {dag.py:2420} INFO - Sync 1 DAGs
[2024-05-05 10:15:39,259] {logging_mixin.py:115} INFO - [2024-05-05 10:15:39,259] {dag.py:2968} INFO - Setting next_dagrun for tutorial to 2024-05-04T10:15:39.259299+00:00, run_after=2024-05-05T10:15:39.259299+00:00
[2024-05-05 10:15:39,278] {processor.py:161} INFO - Processing /opt/conda/lib/python3.8/site-packages/airflow/example_dags/tutorial.py took 0.058 seconds
[2024-05-05 10:16:17,681] {processor.py:153} INFO - Started process (PID=3393) to work on /opt/conda/lib/python3.8/site-packages/airflow/example_dags/tutorial.py
[2024-05-05 10:16:17,682] {processor.py:641} INFO - Processing file /opt/conda/lib/python3.8/site-packages/airflow/example_dags/tutorial.py for tasks to queue
[2024-05-05 10:16:17,683] {logging_mixin.py:115} INFO - [2024-05-05 10:16:17,683] {dagbag.py:508} INFO - Filling up the DagBag from /opt/conda/lib/python3.8/site-packages/airflow/example_dags/tutorial.py
[2024-05-05 10:16:17,688] {processor.py:651} INFO - DAG(s) dict_keys(['tutorial']) retrieved from /opt/conda/lib/python3.8/site-packages/airflow/example_dags/tutorial.py
[2024-05-05 10:16:17,703] {logging_mixin.py:115} INFO - [2024-05-05 10:16:17,703] {dag.py:2420} INFO - Sync 1 DAGs
[2024-05-05 10:16:17,717] {logging_mixin.py:115} INFO - [2024-05-05 10:16:17,717] {dag.py:2968} INFO - Setting next_dagrun for tutorial to 2024-05-04T10:16:17.717452+00:00, run_after=2024-05-05T10:16:17.717452+00:00
[2024-05-05 10:16:17,736] {processor.py:161} INFO - Processing /opt/conda/lib/python3.8/site-packages/airflow/example_dags/tutorial.py took 0.058 seconds
[2024-05-05 10:16:53,619] {processor.py:153} INFO - Started process (PID=3445) to work on /opt/conda/lib/python3.8/site-packages/airflow/example_dags/tutorial.py
[2024-05-05 10:16:53,620] {processor.py:641} INFO - Processing file /opt/conda/lib/python3.8/site-packages/airflow/example_dags/tutorial.py for tasks to queue
[2024-05-05 10:16:53,621] {logging_mixin.py:115} INFO - [2024-05-05 10:16:53,621] {dagbag.py:508} INFO - Filling up the DagBag from /opt/conda/lib/python3.8/site-packages/airflow/example_dags/tutorial.py
[2024-05-05 10:16:53,627] {processor.py:651} INFO - DAG(s) dict_keys(['tutorial']) retrieved from /opt/conda/lib/python3.8/site-packages/airflow/example_dags/tutorial.py
[2024-05-05 10:16:53,642] {logging_mixin.py:115} INFO - [2024-05-05 10:16:53,642] {dag.py:2420} INFO - Sync 1 DAGs
[2024-05-05 10:16:53,656] {logging_mixin.py:115} INFO - [2024-05-05 10:16:53,656] {dag.py:2968} INFO - Setting next_dagrun for tutorial to 2024-05-04T10:16:53.656580+00:00, run_after=2024-05-05T10:16:53.656580+00:00
[2024-05-05 10:16:53,675] {processor.py:161} INFO - Processing /opt/conda/lib/python3.8/site-packages/airflow/example_dags/tutorial.py took 0.060 seconds
[2024-05-05 10:17:31,959] {processor.py:153} INFO - Started process (PID=3508) to work on /opt/conda/lib/python3.8/site-packages/airflow/example_dags/tutorial.py
[2024-05-05 10:17:31,960] {processor.py:641} INFO - Processing file /opt/conda/lib/python3.8/site-packages/airflow/example_dags/tutorial.py for tasks to queue
[2024-05-05 10:17:31,961] {logging_mixin.py:115} INFO - [2024-05-05 10:17:31,961] {dagbag.py:508} INFO - Filling up the DagBag from /opt/conda/lib/python3.8/site-packages/airflow/example_dags/tutorial.py
[2024-05-05 10:17:31,966] {processor.py:651} INFO - DAG(s) dict_keys(['tutorial']) retrieved from /opt/conda/lib/python3.8/site-packages/airflow/example_dags/tutorial.py
[2024-05-05 10:17:31,981] {logging_mixin.py:115} INFO - [2024-05-05 10:17:31,980] {dag.py:2420} INFO - Sync 1 DAGs
[2024-05-05 10:17:31,995] {logging_mixin.py:115} INFO - [2024-05-05 10:17:31,995] {dag.py:2968} INFO - Setting next_dagrun for tutorial to 2024-05-04T10:17:31.995071+00:00, run_after=2024-05-05T10:17:31.995071+00:00
[2024-05-05 10:17:32,013] {processor.py:161} INFO - Processing /opt/conda/lib/python3.8/site-packages/airflow/example_dags/tutorial.py took 0.057 seconds
[2024-05-05 10:18:11,691] {processor.py:153} INFO - Started process (PID=3568) to work on /opt/conda/lib/python3.8/site-packages/airflow/example_dags/tutorial.py
[2024-05-05 10:18:11,693] {processor.py:641} INFO - Processing file /opt/conda/lib/python3.8/site-packages/airflow/example_dags/tutorial.py for tasks to queue
[2024-05-05 10:18:11,693] {logging_mixin.py:115} INFO - [2024-05-05 10:18:11,693] {dagbag.py:508} INFO - Filling up the DagBag from /opt/conda/lib/python3.8/site-packages/airflow/example_dags/tutorial.py
[2024-05-05 10:18:11,699] {processor.py:651} INFO - DAG(s) dict_keys(['tutorial']) retrieved from /opt/conda/lib/python3.8/site-packages/airflow/example_dags/tutorial.py
[2024-05-05 10:18:11,715] {logging_mixin.py:115} INFO - [2024-05-05 10:18:11,715] {dag.py:2420} INFO - Sync 1 DAGs
[2024-05-05 10:18:11,732] {logging_mixin.py:115} INFO - [2024-05-05 10:18:11,732] {dag.py:2968} INFO - Setting next_dagrun for tutorial to 2024-05-04T10:18:11.732607+00:00, run_after=2024-05-05T10:18:11.732607+00:00
[2024-05-05 10:18:11,754] {processor.py:161} INFO - Processing /opt/conda/lib/python3.8/site-packages/airflow/example_dags/tutorial.py took 0.066 seconds
[2024-05-05 10:18:47,535] {processor.py:153} INFO - Started process (PID=3624) to work on /opt/conda/lib/python3.8/site-packages/airflow/example_dags/tutorial.py
[2024-05-05 10:18:47,536] {processor.py:641} INFO - Processing file /opt/conda/lib/python3.8/site-packages/airflow/example_dags/tutorial.py for tasks to queue
[2024-05-05 10:18:47,537] {logging_mixin.py:115} INFO - [2024-05-05 10:18:47,537] {dagbag.py:508} INFO - Filling up the DagBag from /opt/conda/lib/python3.8/site-packages/airflow/example_dags/tutorial.py
[2024-05-05 10:18:47,542] {processor.py:651} INFO - DAG(s) dict_keys(['tutorial']) retrieved from /opt/conda/lib/python3.8/site-packages/airflow/example_dags/tutorial.py
[2024-05-05 10:18:47,558] {logging_mixin.py:115} INFO - [2024-05-05 10:18:47,558] {dag.py:2420} INFO - Sync 1 DAGs
[2024-05-05 10:18:47,576] {logging_mixin.py:115} INFO - [2024-05-05 10:18:47,576] {dag.py:2968} INFO - Setting next_dagrun for tutorial to 2024-05-04T10:18:47.576188+00:00, run_after=2024-05-05T10:18:47.576188+00:00
[2024-05-05 10:18:47,597] {processor.py:161} INFO - Processing /opt/conda/lib/python3.8/site-packages/airflow/example_dags/tutorial.py took 0.066 seconds
