[2024-05-06 08:00:32,853] {taskinstance.py:1179} INFO - Dependencies all met for <TaskInstance: Lead_scoring_inference_pipeline.checking_model_prediction_ratio scheduled__2024-05-06T07:00:00+00:00 [queued]>
[2024-05-06 08:00:32,858] {taskinstance.py:1179} INFO - Dependencies all met for <TaskInstance: Lead_scoring_inference_pipeline.checking_model_prediction_ratio scheduled__2024-05-06T07:00:00+00:00 [queued]>
[2024-05-06 08:00:32,858] {taskinstance.py:1376} INFO - 
--------------------------------------------------------------------------------
[2024-05-06 08:00:32,858] {taskinstance.py:1377} INFO - Starting attempt 1 of 2
[2024-05-06 08:00:32,858] {taskinstance.py:1378} INFO - 
--------------------------------------------------------------------------------
[2024-05-06 08:00:32,876] {taskinstance.py:1397} INFO - Executing <Task(PythonOperator): checking_model_prediction_ratio> on 2024-05-06 07:00:00+00:00
[2024-05-06 08:00:32,882] {standard_task_runner.py:52} INFO - Started process 26323 to run task
[2024-05-06 08:00:32,884] {standard_task_runner.py:79} INFO - Running: ['airflow', 'tasks', 'run', 'Lead_scoring_inference_pipeline', 'checking_model_prediction_ratio', 'scheduled__2024-05-06T07:00:00+00:00', '--job-id', '91', '--raw', '--subdir', 'DAGS_FOLDER/Lead_scoring_inference_pipeline/.ipynb_checkpoints/lead_scoring_inference_pipeline-checkpoint.py', '--cfg-path', '/tmp/tmp4v0nfyg1', '--error-file', '/tmp/tmpfo3q6ija']
[2024-05-06 08:00:32,885] {standard_task_runner.py:80} INFO - Job 91: Subtask checking_model_prediction_ratio
[2024-05-06 08:00:32,928] {task_command.py:371} INFO - Running <TaskInstance: Lead_scoring_inference_pipeline.checking_model_prediction_ratio scheduled__2024-05-06T07:00:00+00:00 [running]> on host 9eefda8bbe39
[2024-05-06 08:00:33,091] {taskinstance.py:1589} INFO - Exporting the following env vars:
AIRFLOW_CTX_DAG_OWNER=airflow
AIRFLOW_CTX_DAG_ID=Lead_scoring_inference_pipeline
AIRFLOW_CTX_TASK_ID=checking_model_prediction_ratio
AIRFLOW_CTX_EXECUTION_DATE=2024-05-06T07:00:00+00:00
AIRFLOW_CTX_TRY_NUMBER=1
AIRFLOW_CTX_DAG_RUN_ID=scheduled__2024-05-06T07:00:00+00:00
[2024-05-06 08:00:37,104] {python.py:173} INFO - Done. Returned value was: None
[2024-05-06 08:00:37,109] {taskinstance.py:1415} INFO - Marking task as SUCCESS. dag_id=Lead_scoring_inference_pipeline, task_id=checking_model_prediction_ratio, execution_date=20240506T070000, start_date=20240506T080032, end_date=20240506T080037
[2024-05-06 08:00:37,152] {local_task_job.py:156} INFO - Task exited with return code 0
[2024-05-06 08:00:37,193] {local_task_job.py:273} INFO - 0 downstream tasks scheduled from follow-on schedule check
