[2024-05-06 05:09:48,887] {taskinstance.py:1179} INFO - Dependencies all met for <TaskInstance: Lead_Scoring_Data_Engineering_Pipeline.mapping_interactions manual__2024-05-06T05:09:28.085168+00:00 [queued]>
[2024-05-06 05:09:48,891] {taskinstance.py:1179} INFO - Dependencies all met for <TaskInstance: Lead_Scoring_Data_Engineering_Pipeline.mapping_interactions manual__2024-05-06T05:09:28.085168+00:00 [queued]>
[2024-05-06 05:09:48,891] {taskinstance.py:1376} INFO - 
--------------------------------------------------------------------------------
[2024-05-06 05:09:48,891] {taskinstance.py:1377} INFO - Starting attempt 1 of 2
[2024-05-06 05:09:48,891] {taskinstance.py:1378} INFO - 
--------------------------------------------------------------------------------
[2024-05-06 05:09:48,914] {taskinstance.py:1397} INFO - Executing <Task(PythonOperator): mapping_interactions> on 2024-05-06 05:09:28.085168+00:00
[2024-05-06 05:09:48,918] {standard_task_runner.py:52} INFO - Started process 3876 to run task
[2024-05-06 05:09:48,921] {standard_task_runner.py:79} INFO - Running: ['airflow', 'tasks', 'run', 'Lead_Scoring_Data_Engineering_Pipeline', 'mapping_interactions', 'manual__2024-05-06T05:09:28.085168+00:00', '--job-id', '45', '--raw', '--subdir', 'DAGS_FOLDER/Lead_scoring_data_pipeline/.ipynb_checkpoints/lead_scoring_data_pipeline-checkpoint.py', '--cfg-path', '/tmp/tmptscz48n1', '--error-file', '/tmp/tmpp2csn2ue']
[2024-05-06 05:09:48,921] {standard_task_runner.py:80} INFO - Job 45: Subtask mapping_interactions
[2024-05-06 05:09:48,960] {task_command.py:371} INFO - Running <TaskInstance: Lead_Scoring_Data_Engineering_Pipeline.mapping_interactions manual__2024-05-06T05:09:28.085168+00:00 [running]> on host 9eefda8bbe39
[2024-05-06 05:09:49,014] {taskinstance.py:1589} INFO - Exporting the following env vars:
AIRFLOW_CTX_DAG_OWNER=airflow
AIRFLOW_CTX_DAG_ID=Lead_Scoring_Data_Engineering_Pipeline
AIRFLOW_CTX_TASK_ID=mapping_interactions
AIRFLOW_CTX_EXECUTION_DATE=2024-05-06T05:09:28.085168+00:00
AIRFLOW_CTX_TRY_NUMBER=1
AIRFLOW_CTX_DAG_RUN_ID=manual__2024-05-06T05:09:28.085168+00:00
[2024-05-06 05:09:49,015] {logging_mixin.py:115} INFO - saving into model_input
[2024-05-06 05:09:49,018] {python.py:173} INFO - Done. Returned value was: None
[2024-05-06 05:09:49,022] {taskinstance.py:1415} INFO - Marking task as SUCCESS. dag_id=Lead_Scoring_Data_Engineering_Pipeline, task_id=mapping_interactions, execution_date=20240506T050928, start_date=20240506T050948, end_date=20240506T050949
[2024-05-06 05:09:49,052] {local_task_job.py:156} INFO - Task exited with return code 0
[2024-05-06 05:09:49,092] {local_task_job.py:273} INFO - 1 downstream tasks scheduled from follow-on schedule check
