[2024-05-06 06:21:09,744] {taskinstance.py:1179} INFO - Dependencies all met for <TaskInstance: Lead_scoring_inference_pipeline.encoding_categorical_variables manual__2024-05-06T06:21:06.646161+00:00 [queued]>
[2024-05-06 06:21:09,748] {taskinstance.py:1179} INFO - Dependencies all met for <TaskInstance: Lead_scoring_inference_pipeline.encoding_categorical_variables manual__2024-05-06T06:21:06.646161+00:00 [queued]>
[2024-05-06 06:21:09,749] {taskinstance.py:1376} INFO - 
--------------------------------------------------------------------------------
[2024-05-06 06:21:09,749] {taskinstance.py:1377} INFO - Starting attempt 1 of 2
[2024-05-06 06:21:09,749] {taskinstance.py:1378} INFO - 
--------------------------------------------------------------------------------
[2024-05-06 06:21:09,767] {taskinstance.py:1397} INFO - Executing <Task(PythonOperator): encoding_categorical_variables> on 2024-05-06 06:21:06.646161+00:00
[2024-05-06 06:21:09,773] {standard_task_runner.py:52} INFO - Started process 12174 to run task
[2024-05-06 06:21:09,775] {standard_task_runner.py:79} INFO - Running: ['airflow', 'tasks', 'run', 'Lead_scoring_inference_pipeline', 'encoding_categorical_variables', 'manual__2024-05-06T06:21:06.646161+00:00', '--job-id', '80', '--raw', '--subdir', 'DAGS_FOLDER/Lead_scoring_inference_pipeline/.ipynb_checkpoints/lead_scoring_inference_pipeline-checkpoint.py', '--cfg-path', '/tmp/tmpewtjibhl', '--error-file', '/tmp/tmpo0y3a20h']
[2024-05-06 06:21:09,776] {standard_task_runner.py:80} INFO - Job 80: Subtask encoding_categorical_variables
[2024-05-06 06:21:09,816] {task_command.py:371} INFO - Running <TaskInstance: Lead_scoring_inference_pipeline.encoding_categorical_variables manual__2024-05-06T06:21:06.646161+00:00 [running]> on host 9eefda8bbe39
[2024-05-06 06:21:09,979] {taskinstance.py:1589} INFO - Exporting the following env vars:
AIRFLOW_CTX_DAG_OWNER=airflow
AIRFLOW_CTX_DAG_ID=Lead_scoring_inference_pipeline
AIRFLOW_CTX_TASK_ID=encoding_categorical_variables
AIRFLOW_CTX_EXECUTION_DATE=2024-05-06T06:21:06.646161+00:00
AIRFLOW_CTX_TRY_NUMBER=1
AIRFLOW_CTX_DAG_RUN_ID=manual__2024-05-06T06:21:06.646161+00:00
[2024-05-06 06:21:14,543] {python.py:173} INFO - Done. Returned value was: None
[2024-05-06 06:21:14,550] {taskinstance.py:1415} INFO - Marking task as SUCCESS. dag_id=Lead_scoring_inference_pipeline, task_id=encoding_categorical_variables, execution_date=20240506T062106, start_date=20240506T062109, end_date=20240506T062114
[2024-05-06 06:21:14,606] {local_task_job.py:156} INFO - Task exited with return code 0
[2024-05-06 06:21:14,679] {local_task_job.py:273} INFO - 1 downstream tasks scheduled from follow-on schedule check
